[
log_version=6.0
server_name=ERS Reporting Server
server_version=6.4.5.430
jbre_version=5.5.14.1010
customer_name=메디젠휴먼케어
user.dir=C:\WINDOWS\system32
os.name=Windows 10
os.version=10.0
java.version=1.8.0_275
java.vm.version=25.275-b01
java.vm.vendor=ojdkbuild
java.vm.name=OpenJDK 64-Bit Server VM
java.home=C:\Java\java-1.8.0-openjdk-1.8.0.275-1\jre
java.class.path=C:\Program Files\Apache Software Foundation\apache-tomcat-8.5.50\webapps\ReportingServer\bin\ers-daemon.jar;C:\Program Files\Apache Software Foundation\apache-tomcat-8.5.50\webapps\ReportingServer\bin\ers-common.jar;C:\Program Files\Apache Software Foundation\apache-tomcat-8.5.50\webapps\ReportingServer\bin\jetty\ant-1.6.5.jar;C:\Program Files\Apache Software Foundation\apache-tomcat-8.5.50\webapps\ReportingServer\bin\jetty\core-3.1.1.jar;C:\Program Files\Apache Software Foundation\apache-tomcat-8.5.50\webapps\ReportingServer\bin\jetty\jetty-6.1.26.jar;C:\Program Files\Apache Software Foundation\apache-tomcat-8.5.50\webapps\ReportingServer\bin\jetty\jetty-util-6.1.26.jar;C:\Program Files\Apache Software Foundation\apache-tomcat-8.5.50\webapps\ReportingServer\bin\jetty\jsp-2.1-glassfish-2.1.v20091210.jar;C:\Program Files\Apache Software Foundation\apache-tomcat-8.5.50\webapps\ReportingServer\bin\jetty\jsp-2.1-jetty-6.1.26.jar;C:\Program Files\Apache Software Foundation\apache-tomcat-8.5.50\webapps\ReportingServer\bin\jetty\jsp-api-2.1-glassfish-2.1.v20091210.jar;C:\Program Files\Apache Software Foundation\apache-tomcat-8.5.50\webapps\ReportingServer\bin\jetty\servlet-api-2.5-20081211.jar
file.encoding=EUC_KR
user.language=ko
]

[2022-08-16 09:25:41.479][DEBUG][20220816092539341][INIT] create ServerSideRD - 1764|12(ms),null,
[2022-08-16 09:25:42.231][DEBUG][20220816092539341][OPEN] before CMFileOpen - 0|699|1|0|0(ms),C:\Program Files\Apache Software Foundation\apache-tomcat-8.5.50\webapps\ReportingServer\mrd\AccRecPrt.mrd,
[2022-08-16 09:25:43.328][DEBUG][20220816092539341][OPEN] before processForHaveDBConnectInfo - 6|1070|0|15(ms),C:\Program Files\Apache Software Foundation\apache-tomcat-8.5.50\webapps\ReportingServer\mrd\AccRecPrt.mrd,
[2022-08-16 09:25:43.810][DEBUG][20220816092539341][DBService] Datasource Connection(0) - 3(ms),C:\Program Files\Apache Software Foundation\apache-tomcat-8.5.50\webapps\ReportingServer\mrd\AccRecPrt.mrd,
[2022-08-16 09:25:43.821][DEBUG][20220816092539341][DBService] Datasource Select Query[ret:0 time:0 query: null],C:\Program Files\Apache Software Foundation\apache-tomcat-8.5.50\webapps\ReportingServer\mrd\AccRecPrt.mrd,
[2022-08-16 09:25:43.842][ERROR][20220816092539341]요청한 XML Data를 가져오는데 오류가 발생 하였습니다.,C:\Program Files\Apache Software Foundation\apache-tomcat-8.5.50\webapps\ReportingServer\mrd\AccRecPrt.mrd,
java.io.IOException: ErrorCode - 0218 DSFile: prepareReader: filename=C:\Program Files\Apache Software Foundation\apache-tomcat-8.5.50\webapps\ReportingServer\mrd\AccRecPrt.txt : C:\Program Files\Apache Software Foundation\apache-tomcat-8.5.50\webapps\ReportingServer\mrd\AccRecPrt.txt (지정된 파일을 찾을 수 없습니다)
	at m2soft.javard.xml.XmlDSFile.prepareInputStream(XmlDSFile.java:232)
	at m2soft.javard.xml.XmlDSFile.hrcFetch(XmlDSFile.java:277)
	at m2soft.javard.datasource.hrcQUERY.Fetch(hrcQUERY.java:287)
	at m2soft.javard.mrd.AbstractDBService.hrqFetch(AbstractDBService.java:1100)
	at m2soft.javard.mrd.AbstractDBService.fetch(AbstractDBService.java:133)
	at m2soft.javard.mrd.ReportGenerator._MakeReport(ReportGenerator.java:4201)
	at m2soft.javard.mrd.ReportGenerator._BeforeMakeReport(ReportGenerator.java:10403)
	at m2soft.javard.mrd.ReportGenerator.processForHaveDBConnectInfo(ReportGenerator.java:12736)
	at m2soft.javard.mrd.ReportGenerator._OpenFile(ReportGenerator.java:12656)
	at m2soft.javard.mrd.ReportGenerator.CMFileOpen(ReportGenerator.java:13877)
	at m2soft.javard.mrd.ReportController.openFile(ReportController.java:536)
	at m2soft.javard.export.MMLExporter.openSingleDocument(MMLExporter.java:137)
	at m2soft.javard.export.MMLExporter.openDocument(MMLExporter.java:108)
	at m2soft.javard.export.StreamExporter.open(StreamExporter.java:29)
	at m2soft.javard.mrd.ReportGenerator.writeStream(ReportGenerator.java:12509)
	at m2soft.javard.mrd.ReportController.writeMmlDocument(ReportController.java:3442)
	at m2soft.javard.gui.RdCtrl.writeMmlDocument(RdCtrl.java:833)
	at m2soft.ers.report.core.viewer.MultiViewerForHtml5.processSingleReport(MultiViewerForHtml5.java:167)
	at m2soft.ers.report.core.viewer.MultiViewerForHtml5.reportSingleRequest(MultiViewerForHtml5.java:55)
	at m2soft.ers.handler.html5.Html5SingleRequestHandler.report(Html5SingleRequestHandler.java:44)
	at m2soft.ers.handler.html5.Html5SingleRequestHandler.process(Html5SingleRequestHandler.java:23)
	at m2soft.ers.report.core.handler.HandlerSet.process(HandlerSet.java:90)
	at m2soft.ers.report.core.executer.Executer.run(Executer.java:60)
[2022-08-16 09:25:43.844][ERROR][20220816092539341]ErrorCode - 0218 DSFile: prepareReader: filename=C:\Program Files\Apache Software Foundation\apache-tomcat-8.5.50\webapps\ReportingServer\mrd\AccRecPrt.txt : C:\Program Files\Apache Software Foundation\apache-tomcat-8.5.50\webapps\ReportingServer\mrd\AccRecPrt.txt (지정된 파일을 찾을 수 없습니다),C:\Program Files\Apache Software Foundation\apache-tomcat-8.5.50\webapps\ReportingServer\mrd\AccRecPrt.mrd,
[2022-08-16 09:25:43.845][DEBUG][20220816092539341][DBService] Datasource Fetch Data [ret:-1 time:21 page:0 name: SerialID:5 count:0],C:\Program Files\Apache Software Foundation\apache-tomcat-8.5.50\webapps\ReportingServer\mrd\AccRecPrt.mrd,
[2022-08-16 09:25:52.374][DEBUG][20220816092552362][INIT] create ServerSideRD - 3|0(ms),null,
[2022-08-16 09:25:52.386][DEBUG][20220816092552362][OPEN] before CMFileOpen - 0|8|1|0|0(ms),C:\Program Files\Apache Software Foundation\apache-tomcat-8.5.50\webapps\ReportingServer\mrd\AccRecPrt.mrd,
[2022-08-16 09:25:52.415][DEBUG][20220816092552362][OPEN] before processForHaveDBConnectInfo - 2|25|0|0(ms),C:\Program Files\Apache Software Foundation\apache-tomcat-8.5.50\webapps\ReportingServer\mrd\AccRecPrt.mrd,
[2022-08-16 09:25:52.470][DEBUG][20220816092552362][DBService] Datasource Connection(0) - 0(ms),C:\Program Files\Apache Software Foundation\apache-tomcat-8.5.50\webapps\ReportingServer\mrd\AccRecPrt.mrd,
[2022-08-16 09:25:52.471][DEBUG][20220816092552362][DBService] Datasource Select Query[ret:0 time:0 query: null],C:\Program Files\Apache Software Foundation\apache-tomcat-8.5.50\webapps\ReportingServer\mrd\AccRecPrt.mrd,
[2022-08-16 09:25:52.473][ERROR][20220816092552362]요청한 XML Data를 가져오는데 오류가 발생 하였습니다.,C:\Program Files\Apache Software Foundation\apache-tomcat-8.5.50\webapps\ReportingServer\mrd\AccRecPrt.mrd,
java.io.IOException: ErrorCode - 0218 DSFile: prepareReader: filename=C:\Program Files\Apache Software Foundation\apache-tomcat-8.5.50\webapps\ReportingServer\mrd\AccRecPrt.txt : C:\Program Files\Apache Software Foundation\apache-tomcat-8.5.50\webapps\ReportingServer\mrd\AccRecPrt.txt (지정된 파일을 찾을 수 없습니다)
	at m2soft.javard.xml.XmlDSFile.prepareInputStream(XmlDSFile.java:232)
	at m2soft.javard.xml.XmlDSFile.hrcFetch(XmlDSFile.java:277)
	at m2soft.javard.datasource.hrcQUERY.Fetch(hrcQUERY.java:287)
	at m2soft.javard.mrd.AbstractDBService.hrqFetch(AbstractDBService.java:1100)
	at m2soft.javard.mrd.AbstractDBService.fetch(AbstractDBService.java:133)
	at m2soft.javard.mrd.ReportGenerator._MakeReport(ReportGenerator.java:4201)
	at m2soft.javard.mrd.ReportGenerator._BeforeMakeReport(ReportGenerator.java:10403)
	at m2soft.javard.mrd.ReportGenerator.processForHaveDBConnectInfo(ReportGenerator.java:12736)
	at m2soft.javard.mrd.ReportGenerator._OpenFile(ReportGenerator.java:12656)
	at m2soft.javard.mrd.ReportGenerator.CMFileOpen(ReportGenerator.java:13877)
	at m2soft.javard.mrd.ReportController.openFile(ReportController.java:536)
	at m2soft.javard.export.MMLExporter.openSingleDocument(MMLExporter.java:137)
	at m2soft.javard.export.MMLExporter.openDocument(MMLExporter.java:108)
	at m2soft.javard.export.StreamExporter.open(StreamExporter.java:29)
	at m2soft.javard.mrd.ReportGenerator.writeStream(ReportGenerator.java:12509)
	at m2soft.javard.mrd.ReportController.writeMmlDocument(ReportController.java:3442)
	at m2soft.javard.gui.RdCtrl.writeMmlDocument(RdCtrl.java:833)
	at m2soft.ers.report.core.viewer.MultiViewerForHtml5.processSingleReport(MultiViewerForHtml5.java:167)
	at m2soft.ers.report.core.viewer.MultiViewerForHtml5.reportSingleRequest(MultiViewerForHtml5.java:55)
	at m2soft.ers.handler.html5.Html5SingleRequestHandler.report(Html5SingleRequestHandler.java:44)
	at m2soft.ers.handler.html5.Html5SingleRequestHandler.process(Html5SingleRequestHandler.java:23)
	at m2soft.ers.report.core.handler.HandlerSet.process(HandlerSet.java:90)
	at m2soft.ers.report.core.executer.Executer.run(Executer.java:60)
[2022-08-16 09:25:52.475][ERROR][20220816092552362]ErrorCode - 0218 DSFile: prepareReader: filename=C:\Program Files\Apache Software Foundation\apache-tomcat-8.5.50\webapps\ReportingServer\mrd\AccRecPrt.txt : C:\Program Files\Apache Software Foundation\apache-tomcat-8.5.50\webapps\ReportingServer\mrd\AccRecPrt.txt (지정된 파일을 찾을 수 없습니다),C:\Program Files\Apache Software Foundation\apache-tomcat-8.5.50\webapps\ReportingServer\mrd\AccRecPrt.mrd,
[2022-08-16 09:25:52.475][DEBUG][20220816092552362][DBService] Datasource Fetch Data [ret:-1 time:3 page:0 name: SerialID:14 count:0],C:\Program Files\Apache Software Foundation\apache-tomcat-8.5.50\webapps\ReportingServer\mrd\AccRecPrt.mrd,
[2022-08-16 09:27:22.329][DEBUG][20220816092722324][INIT] create ServerSideRD - 1|0(ms),null,
[2022-08-16 09:27:22.341][DEBUG][20220816092722324][OPEN] before CMFileOpen - 0|10|0|0|0(ms),C:\Program Files\Apache Software Foundation\apache-tomcat-8.5.50\webapps\ReportingServer\mrd\AccRecPrt.mrd,
[2022-08-16 09:27:22.363][DEBUG][20220816092722324][OPEN] before processForHaveDBConnectInfo - 0|21|0|0(ms),C:\Program Files\Apache Software Foundation\apache-tomcat-8.5.50\webapps\ReportingServer\mrd\AccRecPrt.mrd,
[2022-08-16 09:27:22.383][DEBUG][20220816092722324][DBService] Datasource Connection(0) - 0(ms),C:\Program Files\Apache Software Foundation\apache-tomcat-8.5.50\webapps\ReportingServer\mrd\AccRecPrt.mrd,
[2022-08-16 09:27:22.384][DEBUG][20220816092722324][DBService] Datasource Select Query[ret:0 time:0 query: null],C:\Program Files\Apache Software Foundation\apache-tomcat-8.5.50\webapps\ReportingServer\mrd\AccRecPrt.mrd,
[2022-08-16 09:27:22.386][ERROR][20220816092722324]요청한 XML Data를 가져오는데 오류가 발생 하였습니다.,C:\Program Files\Apache Software Foundation\apache-tomcat-8.5.50\webapps\ReportingServer\mrd\AccRecPrt.mrd,
java.io.IOException: ErrorCode - 0218 DSFile: prepareReader: filename=C:\Program Files\Apache Software Foundation\apache-tomcat-8.5.50\webapps\ReportingServer\mrd\AccRecPrt.txt : C:\Program Files\Apache Software Foundation\apache-tomcat-8.5.50\webapps\ReportingServer\mrd\AccRecPrt.txt (지정된 파일을 찾을 수 없습니다)
	at m2soft.javard.xml.XmlDSFile.prepareInputStream(XmlDSFile.java:232)
	at m2soft.javard.xml.XmlDSFile.hrcFetch(XmlDSFile.java:277)
	at m2soft.javard.datasource.hrcQUERY.Fetch(hrcQUERY.java:287)
	at m2soft.javard.mrd.AbstractDBService.hrqFetch(AbstractDBService.java:1100)
	at m2soft.javard.mrd.AbstractDBService.fetch(AbstractDBService.java:133)
	at m2soft.javard.mrd.ReportGenerator._MakeReport(ReportGenerator.java:4201)
	at m2soft.javard.mrd.ReportGenerator._BeforeMakeReport(ReportGenerator.java:10403)
	at m2soft.javard.mrd.ReportGenerator.processForHaveDBConnectInfo(ReportGenerator.java:12736)
	at m2soft.javard.mrd.ReportGenerator._OpenFile(ReportGenerator.java:12656)
	at m2soft.javard.mrd.ReportGenerator.CMFileOpen(ReportGenerator.java:13877)
	at m2soft.javard.mrd.ReportController.openFile(ReportController.java:536)
	at m2soft.javard.export.MMLExporter.openSingleDocument(MMLExporter.java:137)
	at m2soft.javard.export.MMLExporter.openDocument(MMLExporter.java:108)
	at m2soft.javard.export.StreamExporter.open(StreamExporter.java:29)
	at m2soft.javard.mrd.ReportGenerator.writeStream(ReportGenerator.java:12509)
	at m2soft.javard.mrd.ReportController.writeMmlDocument(ReportController.java:3442)
	at m2soft.javard.gui.RdCtrl.writeMmlDocument(RdCtrl.java:833)
	at m2soft.ers.report.core.viewer.MultiViewerForHtml5.processSingleReport(MultiViewerForHtml5.java:167)
	at m2soft.ers.report.core.viewer.MultiViewerForHtml5.reportSingleRequest(MultiViewerForHtml5.java:55)
	at m2soft.ers.handler.html5.Html5SingleRequestHandler.report(Html5SingleRequestHandler.java:44)
	at m2soft.ers.handler.html5.Html5SingleRequestHandler.process(Html5SingleRequestHandler.java:23)
	at m2soft.ers.report.core.handler.HandlerSet.process(HandlerSet.java:90)
	at m2soft.ers.report.core.executer.Executer.run(Executer.java:60)
[2022-08-16 09:27:22.387][ERROR][20220816092722324]ErrorCode - 0218 DSFile: prepareReader: filename=C:\Program Files\Apache Software Foundation\apache-tomcat-8.5.50\webapps\ReportingServer\mrd\AccRecPrt.txt : C:\Program Files\Apache Software Foundation\apache-tomcat-8.5.50\webapps\ReportingServer\mrd\AccRecPrt.txt (지정된 파일을 찾을 수 없습니다),C:\Program Files\Apache Software Foundation\apache-tomcat-8.5.50\webapps\ReportingServer\mrd\AccRecPrt.mrd,
[2022-08-16 09:27:22.387][DEBUG][20220816092722324][DBService] Datasource Fetch Data [ret:-1 time:3 page:0 name: SerialID:23 count:0],C:\Program Files\Apache Software Foundation\apache-tomcat-8.5.50\webapps\ReportingServer\mrd\AccRecPrt.mrd,
[2022-08-16 09:29:02.280][DEBUG][20220816092902270][INIT] create ServerSideRD - 2|0(ms),null,
[2022-08-16 09:29:02.292][DEBUG][20220816092902270][OPEN] before CMFileOpen - 0|8|0|0|0(ms),C:\Program Files\Apache Software Foundation\apache-tomcat-8.5.50\webapps\ReportingServer\mrd\AccRecPrt.mrd,
[2022-08-16 09:29:02.319][DEBUG][20220816092902270][OPEN] before processForHaveDBConnectInfo - 1|24|0|0(ms),C:\Program Files\Apache Software Foundation\apache-tomcat-8.5.50\webapps\ReportingServer\mrd\AccRecPrt.mrd,
[2022-08-16 09:29:02.351][DEBUG][20220816092902270][DBService] Datasource Connection(0) - 0(ms),C:\Program Files\Apache Software Foundation\apache-tomcat-8.5.50\webapps\ReportingServer\mrd\AccRecPrt.mrd,
[2022-08-16 09:29:02.354][DEBUG][20220816092902270][DBService] Datasource Select Query[ret:0 time:0 query: null],C:\Program Files\Apache Software Foundation\apache-tomcat-8.5.50\webapps\ReportingServer\mrd\AccRecPrt.mrd,
[2022-08-16 09:29:04.726][DEBUG][20220816092902270][OPEN] before XmlDataLinker Thread - 1104|1266(ms),C:\Program Files\Apache Software Foundation\apache-tomcat-8.5.50\webapps\ReportingServer\mrd\AccRecPrt.mrd,
[2022-08-16 09:29:04.818][DEBUG][20220816092902270][DBService] Datasource Fetch Data [ret:0 time:2464 page:0 name: SerialID:32 count:30],C:\Program Files\Apache Software Foundation\apache-tomcat-8.5.50\webapps\ReportingServer\mrd\AccRecPrt.mrd,
[2022-08-16 09:29:04.909][DEBUG][20220816092902270][DBService] Datasource Fetch Data [ret:0 time:0 page:2 name: SerialID:34 count:20],C:\Program Files\Apache Software Foundation\apache-tomcat-8.5.50\webapps\ReportingServer\mrd\AccRecPrt.mrd,
[2022-08-16 09:29:27.351][DEBUG][20220816092927335][INIT] create ServerSideRD - 7|0(ms),null,
[2022-08-16 09:29:27.367][DEBUG][20220816092927335][OPEN] before CMFileOpen - 0|10|1|0|0(ms),C:\Program Files\Apache Software Foundation\apache-tomcat-8.5.50\webapps\ReportingServer\mrd\AccRecPrt.mrd,
[2022-08-16 09:29:27.381][DEBUG][20220816092927335][OPEN] before processForHaveDBConnectInfo - 2|11|0|0(ms),C:\Program Files\Apache Software Foundation\apache-tomcat-8.5.50\webapps\ReportingServer\mrd\AccRecPrt.mrd,
[2022-08-16 09:29:27.415][DEBUG][20220816092927335][DBService] Datasource Connection(0) - 0(ms),C:\Program Files\Apache Software Foundation\apache-tomcat-8.5.50\webapps\ReportingServer\mrd\AccRecPrt.mrd,
[2022-08-16 09:29:27.416][DEBUG][20220816092927335][DBService] Datasource Select Query[ret:0 time:0 query: null],C:\Program Files\Apache Software Foundation\apache-tomcat-8.5.50\webapps\ReportingServer\mrd\AccRecPrt.mrd,
[2022-08-16 09:29:27.474][DEBUG][20220816092927335][OPEN] before XmlDataLinker Thread - 9|47(ms),C:\Program Files\Apache Software Foundation\apache-tomcat-8.5.50\webapps\ReportingServer\mrd\AccRecPrt.mrd,
[2022-08-16 09:29:27.522][DEBUG][20220816092927335][DBService] Datasource Fetch Data [ret:0 time:105 page:0 name: SerialID:43 count:30],C:\Program Files\Apache Software Foundation\apache-tomcat-8.5.50\webapps\ReportingServer\mrd\AccRecPrt.mrd,
[2022-08-16 09:29:27.649][DEBUG][20220816092927335][DBService] Datasource Fetch Data [ret:0 time:0 page:2 name: SerialID:45 count:20],C:\Program Files\Apache Software Foundation\apache-tomcat-8.5.50\webapps\ReportingServer\mrd\AccRecPrt.mrd,
[2022-08-16 09:30:07.016][DEBUG][20220816093007006][INIT] create ServerSideRD - 4|0(ms),null,
[2022-08-16 09:30:07.026][DEBUG][20220816093007006][OPEN] before CMFileOpen - 0|7|0|0|0(ms),C:\Program Files\Apache Software Foundation\apache-tomcat-8.5.50\webapps\ReportingServer\mrd\AccRecPrt.mrd,
[2022-08-16 09:30:07.042][DEBUG][20220816093007006][OPEN] before processForHaveDBConnectInfo - 2|11|0|0(ms),C:\Program Files\Apache Software Foundation\apache-tomcat-8.5.50\webapps\ReportingServer\mrd\AccRecPrt.mrd,
[2022-08-16 09:30:07.103][DEBUG][20220816093007006][DBService] Datasource Connection(0) - 0(ms),C:\Program Files\Apache Software Foundation\apache-tomcat-8.5.50\webapps\ReportingServer\mrd\AccRecPrt.mrd,
[2022-08-16 09:30:07.104][DEBUG][20220816093007006][DBService] Datasource Select Query[ret:0 time:0 query: null],C:\Program Files\Apache Software Foundation\apache-tomcat-8.5.50\webapps\ReportingServer\mrd\AccRecPrt.mrd,
[2022-08-16 09:30:07.158][DEBUG][20220816093007006][OPEN] before XmlDataLinker Thread - 4|48(ms),C:\Program Files\Apache Software Foundation\apache-tomcat-8.5.50\webapps\ReportingServer\mrd\AccRecPrt.mrd,
[2022-08-16 09:30:07.201][DEBUG][20220816093007006][DBService] Datasource Fetch Data [ret:0 time:94 page:0 name: SerialID:54 count:30],C:\Program Files\Apache Software Foundation\apache-tomcat-8.5.50\webapps\ReportingServer\mrd\AccRecPrt.mrd,
[2022-08-16 09:30:07.386][DEBUG][20220816093007006][DBService] Datasource Fetch Data [ret:0 time:0 page:2 name: SerialID:56 count:20],C:\Program Files\Apache Software Foundation\apache-tomcat-8.5.50\webapps\ReportingServer\mrd\AccRecPrt.mrd,
[2022-08-16 09:30:21.017][DEBUG][20220816093021011][INIT] create ServerSideRD - 1|0(ms),null,
[2022-08-16 09:30:21.024][DEBUG][20220816093021011][OPEN] before CMFileOpen - 0|4|0|0|0(ms),C:\Program Files\Apache Software Foundation\apache-tomcat-8.5.50\webapps\ReportingServer\mrd\AccRecPrt.mrd,
[2022-08-16 09:30:21.031][DEBUG][20220816093021011][OPEN] before processForHaveDBConnectInfo - 1|4|0|0(ms),C:\Program Files\Apache Software Foundation\apache-tomcat-8.5.50\webapps\ReportingServer\mrd\AccRecPrt.mrd,
[2022-08-16 09:30:21.041][DEBUG][20220816093021011][DBService] Datasource Connection(0) - 0(ms),C:\Program Files\Apache Software Foundation\apache-tomcat-8.5.50\webapps\ReportingServer\mrd\AccRecPrt.mrd,
[2022-08-16 09:30:21.041][DEBUG][20220816093021011][DBService] Datasource Select Query[ret:0 time:0 query: null],C:\Program Files\Apache Software Foundation\apache-tomcat-8.5.50\webapps\ReportingServer\mrd\AccRecPrt.mrd,
[2022-08-16 09:30:21.060][DEBUG][20220816093021011][OPEN] before XmlDataLinker Thread - 2|16(ms),C:\Program Files\Apache Software Foundation\apache-tomcat-8.5.50\webapps\ReportingServer\mrd\AccRecPrt.mrd,
[2022-08-16 09:30:21.069][DEBUG][20220816093021011][DBService] Datasource Fetch Data [ret:0 time:27 page:0 name: SerialID:65 count:30],C:\Program Files\Apache Software Foundation\apache-tomcat-8.5.50\webapps\ReportingServer\mrd\AccRecPrt.mrd,
[2022-08-16 09:30:21.116][DEBUG][20220816093021011][DBService] Datasource Fetch Data [ret:0 time:0 page:2 name: SerialID:67 count:20],C:\Program Files\Apache Software Foundation\apache-tomcat-8.5.50\webapps\ReportingServer\mrd\AccRecPrt.mrd,
[2022-08-16 09:30:22.199][DEBUG][20220816093022192][INIT] create ServerSideRD - 2|0(ms),null,
[2022-08-16 09:30:22.206][DEBUG][20220816093022192][OPEN] before CMFileOpen - 0|4|0|0|0(ms),C:\Program Files\Apache Software Foundation\apache-tomcat-8.5.50\webapps\ReportingServer\mrd\AccRecPrt.mrd,
[2022-08-16 09:30:22.213][DEBUG][20220816093022192][OPEN] before processForHaveDBConnectInfo - 1|5|0|0(ms),C:\Program Files\Apache Software Foundation\apache-tomcat-8.5.50\webapps\ReportingServer\mrd\AccRecPrt.mrd,
[2022-08-16 09:30:22.219][DEBUG][20220816093022192][DBService] Datasource Connection(0) - 0(ms),C:\Program Files\Apache Software Foundation\apache-tomcat-8.5.50\webapps\ReportingServer\mrd\AccRecPrt.mrd,
[2022-08-16 09:30:22.219][DEBUG][20220816093022192][DBService] Datasource Select Query[ret:0 time:0 query: null],C:\Program Files\Apache Software Foundation\apache-tomcat-8.5.50\webapps\ReportingServer\mrd\AccRecPrt.mrd,
[2022-08-16 09:30:22.235][DEBUG][20220816093022192][OPEN] before XmlDataLinker Thread - 1|14(ms),C:\Program Files\Apache Software Foundation\apache-tomcat-8.5.50\webapps\ReportingServer\mrd\AccRecPrt.mrd,
[2022-08-16 09:30:22.245][DEBUG][20220816093022192][DBService] Datasource Fetch Data [ret:0 time:26 page:0 name: SerialID:76 count:30],C:\Program Files\Apache Software Foundation\apache-tomcat-8.5.50\webapps\ReportingServer\mrd\AccRecPrt.mrd,
[2022-08-16 09:30:22.293][DEBUG][20220816093022192][DBService] Datasource Fetch Data [ret:0 time:0 page:2 name: SerialID:78 count:20],C:\Program Files\Apache Software Foundation\apache-tomcat-8.5.50\webapps\ReportingServer\mrd\AccRecPrt.mrd,
[2022-08-16 09:30:22.936][DEBUG][20220816093022931][INIT] create ServerSideRD - 2|0(ms),null,
[2022-08-16 09:30:22.943][DEBUG][20220816093022931][OPEN] before CMFileOpen - 0|5|0|0|0(ms),C:\Program Files\Apache Software Foundation\apache-tomcat-8.5.50\webapps\ReportingServer\mrd\AccRecPrt.mrd,
[2022-08-16 09:30:22.948][DEBUG][20220816093022931][OPEN] before processForHaveDBConnectInfo - 1|2|0|0(ms),C:\Program Files\Apache Software Foundation\apache-tomcat-8.5.50\webapps\ReportingServer\mrd\AccRecPrt.mrd,
[2022-08-16 09:30:22.953][DEBUG][20220816093022931][DBService] Datasource Connection(0) - 0(ms),C:\Program Files\Apache Software Foundation\apache-tomcat-8.5.50\webapps\ReportingServer\mrd\AccRecPrt.mrd,
[2022-08-16 09:30:22.953][DEBUG][20220816093022931][DBService] Datasource Select Query[ret:0 time:0 query: null],C:\Program Files\Apache Software Foundation\apache-tomcat-8.5.50\webapps\ReportingServer\mrd\AccRecPrt.mrd,
[2022-08-16 09:30:22.967][DEBUG][20220816093022931][OPEN] before XmlDataLinker Thread - 4|10(ms),C:\Program Files\Apache Software Foundation\apache-tomcat-8.5.50\webapps\ReportingServer\mrd\AccRecPrt.mrd,
[2022-08-16 09:30:22.974][DEBUG][20220816093022931][DBService] Datasource Fetch Data [ret:0 time:21 page:0 name: SerialID:87 count:30],C:\Program Files\Apache Software Foundation\apache-tomcat-8.5.50\webapps\ReportingServer\mrd\AccRecPrt.mrd,
[2022-08-16 09:30:23.031][DEBUG][20220816093022931][DBService] Datasource Fetch Data [ret:0 time:0 page:2 name: SerialID:89 count:20],C:\Program Files\Apache Software Foundation\apache-tomcat-8.5.50\webapps\ReportingServer\mrd\AccRecPrt.mrd,
[2022-08-16 09:30:33.826][DEBUG][20220816093033816][INIT] create ServerSideRD - 3|0(ms),null,
[2022-08-16 09:30:33.836][DEBUG][20220816093033816][OPEN] before CMFileOpen - 0|8|0|0|0(ms),C:\Program Files\Apache Software Foundation\apache-tomcat-8.5.50\webapps\ReportingServer\mrd\AccRecPrt.mrd,
[2022-08-16 09:30:33.849][DEBUG][20220816093033816][OPEN] before processForHaveDBConnectInfo - 2|10|0|0(ms),C:\Program Files\Apache Software Foundation\apache-tomcat-8.5.50\webapps\ReportingServer\mrd\AccRecPrt.mrd,
[2022-08-16 09:30:33.867][DEBUG][20220816093033816][DBService] Datasource Connection(0) - 0(ms),C:\Program Files\Apache Software Foundation\apache-tomcat-8.5.50\webapps\ReportingServer\mrd\AccRecPrt.mrd,
[2022-08-16 09:30:33.869][DEBUG][20220816093033816][DBService] Datasource Select Query[ret:0 time:0 query: null],C:\Program Files\Apache Software Foundation\apache-tomcat-8.5.50\webapps\ReportingServer\mrd\AccRecPrt.mrd,
[2022-08-16 09:30:33.909][DEBUG][20220816093033816][OPEN] before XmlDataLinker Thread - 8|31(ms),C:\Program Files\Apache Software Foundation\apache-tomcat-8.5.50\webapps\ReportingServer\mrd\AccRecPrt.mrd,
[2022-08-16 09:30:33.918][DEBUG][20220816093033816][DBService] Datasource Fetch Data [ret:0 time:47 page:0 name: SerialID:98 count:30],C:\Program Files\Apache Software Foundation\apache-tomcat-8.5.50\webapps\ReportingServer\mrd\AccRecPrt.mrd,
[2022-08-16 09:30:33.997][DEBUG][20220816093033816][DBService] Datasource Fetch Data [ret:0 time:0 page:2 name: SerialID:100 count:20],C:\Program Files\Apache Software Foundation\apache-tomcat-8.5.50\webapps\ReportingServer\mrd\AccRecPrt.mrd,
[2022-08-16 09:30:49.259][DEBUG][20220816093049252][INIT] create ServerSideRD - 3|0(ms),null,
[2022-08-16 09:30:49.270][DEBUG][20220816093049252][OPEN] before CMFileOpen - 0|8|1|0|0(ms),C:\Program Files\Apache Software Foundation\apache-tomcat-8.5.50\webapps\ReportingServer\mrd\AccRecPrt.mrd,
[2022-08-16 09:30:49.280][DEBUG][20220816093049252][OPEN] before processForHaveDBConnectInfo - 1|8|0|0(ms),C:\Program Files\Apache Software Foundation\apache-tomcat-8.5.50\webapps\ReportingServer\mrd\AccRecPrt.mrd,
[2022-08-16 09:30:49.292][DEBUG][20220816093049252][DBService] Datasource Connection(0) - 0(ms),C:\Program Files\Apache Software Foundation\apache-tomcat-8.5.50\webapps\ReportingServer\mrd\AccRecPrt.mrd,
[2022-08-16 09:30:49.292][DEBUG][20220816093049252][DBService] Datasource Select Query[ret:0 time:0 query: null],C:\Program Files\Apache Software Foundation\apache-tomcat-8.5.50\webapps\ReportingServer\mrd\AccRecPrt.mrd,
[2022-08-16 09:30:49.314][DEBUG][20220816093049252][OPEN] before XmlDataLinker Thread - 3|18(ms),C:\Program Files\Apache Software Foundation\apache-tomcat-8.5.50\webapps\ReportingServer\mrd\AccRecPrt.mrd,
[2022-08-16 09:30:49.326][DEBUG][20220816093049252][DBService] Datasource Fetch Data [ret:0 time:34 page:0 name: SerialID:109 count:30],C:\Program Files\Apache Software Foundation\apache-tomcat-8.5.50\webapps\ReportingServer\mrd\AccRecPrt.mrd,
[2022-08-16 09:30:49.391][DEBUG][20220816093049252][DBService] Datasource Fetch Data [ret:0 time:0 page:2 name: SerialID:111 count:20],C:\Program Files\Apache Software Foundation\apache-tomcat-8.5.50\webapps\ReportingServer\mrd\AccRecPrt.mrd,
[2022-08-16 09:31:15.586][DEBUG][20220816093115514][INIT] create ServerSideRD - 2|0(ms),null,
[2022-08-16 09:31:15.661][DEBUG][20220816093115514][OPEN] before CMFileOpen - 0|71|0|0|0(ms),C:\Program Files\Apache Software Foundation\apache-tomcat-8.5.50\webapps\ReportingServer\mrd\AccRecPrt.mrd,
[2022-08-16 09:31:15.677][DEBUG][20220816093115514][OPEN] before processForHaveDBConnectInfo - 1|13|0|0(ms),C:\Program Files\Apache Software Foundation\apache-tomcat-8.5.50\webapps\ReportingServer\mrd\AccRecPrt.mrd,
[2022-08-16 09:31:15.698][DEBUG][20220816093115514][DBService] Datasource Connection(0) - 0(ms),C:\Program Files\Apache Software Foundation\apache-tomcat-8.5.50\webapps\ReportingServer\mrd\AccRecPrt.mrd,
[2022-08-16 09:31:15.699][DEBUG][20220816093115514][DBService] Datasource Select Query[ret:0 time:0 query: null],C:\Program Files\Apache Software Foundation\apache-tomcat-8.5.50\webapps\ReportingServer\mrd\AccRecPrt.mrd,
[2022-08-16 09:31:15.735][DEBUG][20220816093115514][OPEN] before XmlDataLinker Thread - 5|29(ms),C:\Program Files\Apache Software Foundation\apache-tomcat-8.5.50\webapps\ReportingServer\mrd\AccRecPrt.mrd,
[2022-08-16 09:31:15.750][DEBUG][20220816093115514][DBService] Datasource Fetch Data [ret:0 time:51 page:0 name: SerialID:120 count:30],C:\Program Files\Apache Software Foundation\apache-tomcat-8.5.50\webapps\ReportingServer\mrd\AccRecPrt.mrd,
[2022-08-16 09:31:15.817][DEBUG][20220816093115514][DBService] Datasource Fetch Data [ret:0 time:0 page:2 name: SerialID:122 count:20],C:\Program Files\Apache Software Foundation\apache-tomcat-8.5.50\webapps\ReportingServer\mrd\AccRecPrt.mrd,
[2022-08-16 09:31:34.610][DEBUG][20220816093115514][SAVE][PDF] open: 12556, swapin: 45, save: 1921(totPg:5,longestPg:2,longestTime:1105), close: 3539, total: 18584(ms),C:\Program Files\Apache Software Foundation\apache-tomcat-8.5.50\webapps\ReportingServer\mrd\AccRecPrt.mrd,
[2022-08-16 09:31:58.608][DEBUG][20220816093158603][INIT] create ServerSideRD - 2|0(ms),null,
[2022-08-16 09:31:58.616][DEBUG][20220816093158603][OPEN] before CMFileOpen - 0|5|0|0|0(ms),C:\Program Files\Apache Software Foundation\apache-tomcat-8.5.50\webapps\ReportingServer\mrd\AccRecPrt.mrd,
[2022-08-16 09:31:58.622][DEBUG][20220816093158603][OPEN] before processForHaveDBConnectInfo - 1|4|0|0(ms),C:\Program Files\Apache Software Foundation\apache-tomcat-8.5.50\webapps\ReportingServer\mrd\AccRecPrt.mrd,
[2022-08-16 09:31:58.630][DEBUG][20220816093158603][DBService] Datasource Connection(0) - 0(ms),C:\Program Files\Apache Software Foundation\apache-tomcat-8.5.50\webapps\ReportingServer\mrd\AccRecPrt.mrd,
[2022-08-16 09:31:58.631][DEBUG][20220816093158603][DBService] Datasource Select Query[ret:0 time:0 query: null],C:\Program Files\Apache Software Foundation\apache-tomcat-8.5.50\webapps\ReportingServer\mrd\AccRecPrt.mrd,
[2022-08-16 09:31:58.642][DEBUG][20220816093158603][OPEN] before XmlDataLinker Thread - 2|9(ms),C:\Program Files\Apache Software Foundation\apache-tomcat-8.5.50\webapps\ReportingServer\mrd\AccRecPrt.mrd,
[2022-08-16 09:31:58.648][DEBUG][20220816093158603][DBService] Datasource Fetch Data [ret:0 time:16 page:0 name: SerialID:131 count:30],C:\Program Files\Apache Software Foundation\apache-tomcat-8.5.50\webapps\ReportingServer\mrd\AccRecPrt.mrd,
[2022-08-16 09:31:58.687][DEBUG][20220816093158603][DBService] Datasource Fetch Data [ret:0 time:1 page:2 name: SerialID:133 count:20],C:\Program Files\Apache Software Foundation\apache-tomcat-8.5.50\webapps\ReportingServer\mrd\AccRecPrt.mrd,
[2022-08-16 09:31:59.969][DEBUG][20220816093159964][INIT] create ServerSideRD - 2|0(ms),null,
[2022-08-16 09:31:59.976][DEBUG][20220816093159964][OPEN] before CMFileOpen - 0|6|0|0|0(ms),C:\Program Files\Apache Software Foundation\apache-tomcat-8.5.50\webapps\ReportingServer\mrd\AccRecPrt.mrd,
[2022-08-16 09:31:59.981][DEBUG][20220816093159964][OPEN] before processForHaveDBConnectInfo - 0|3|0|0(ms),C:\Program Files\Apache Software Foundation\apache-tomcat-8.5.50\webapps\ReportingServer\mrd\AccRecPrt.mrd,
[2022-08-16 09:31:59.984][DEBUG][20220816093159964][DBService] Datasource Connection(0) - 0(ms),C:\Program Files\Apache Software Foundation\apache-tomcat-8.5.50\webapps\ReportingServer\mrd\AccRecPrt.mrd,
[2022-08-16 09:31:59.984][DEBUG][20220816093159964][DBService] Datasource Select Query[ret:0 time:0 query: null],C:\Program Files\Apache Software Foundation\apache-tomcat-8.5.50\webapps\ReportingServer\mrd\AccRecPrt.mrd,
[2022-08-16 09:31:59.997][DEBUG][20220816093159964][OPEN] before XmlDataLinker Thread - 1|11(ms),C:\Program Files\Apache Software Foundation\apache-tomcat-8.5.50\webapps\ReportingServer\mrd\AccRecPrt.mrd,
[2022-08-16 09:32:00.000][DEBUG][20220816093159964][DBService] Datasource Fetch Data [ret:0 time:16 page:0 name: SerialID:142 count:30],C:\Program Files\Apache Software Foundation\apache-tomcat-8.5.50\webapps\ReportingServer\mrd\AccRecPrt.mrd,
[2022-08-16 09:32:00.032][DEBUG][20220816093159964][DBService] Datasource Fetch Data [ret:0 time:0 page:2 name: SerialID:144 count:20],C:\Program Files\Apache Software Foundation\apache-tomcat-8.5.50\webapps\ReportingServer\mrd\AccRecPrt.mrd,
[2022-08-16 09:32:02.498][DEBUG][20220816093159964][SAVE][PDF] open: 0, swapin: 9, save: 99(totPg:5,longestPg:3,longestTime:29), close: 2303, total: 2423(ms),C:\Program Files\Apache Software Foundation\apache-tomcat-8.5.50\webapps\ReportingServer\mrd\AccRecPrt.mrd,
[2022-08-16 09:32:09.778][DEBUG][20220816093209771][INIT] create ServerSideRD - 2|0(ms),null,
[2022-08-16 09:32:09.786][DEBUG][20220816093209771][OPEN] before CMFileOpen - 0|5|1|0|0(ms),C:\Program Files\Apache Software Foundation\apache-tomcat-8.5.50\webapps\ReportingServer\mrd\AccRecPrt.mrd,
[2022-08-16 09:32:09.792][DEBUG][20220816093209771][OPEN] before processForHaveDBConnectInfo - 1|4|0|0(ms),C:\Program Files\Apache Software Foundation\apache-tomcat-8.5.50\webapps\ReportingServer\mrd\AccRecPrt.mrd,
[2022-08-16 09:32:09.799][DEBUG][20220816093209771][DBService] Datasource Connection(0) - 0(ms),C:\Program Files\Apache Software Foundation\apache-tomcat-8.5.50\webapps\ReportingServer\mrd\AccRecPrt.mrd,
[2022-08-16 09:32:09.800][DEBUG][20220816093209771][DBService] Datasource Select Query[ret:0 time:0 query: null],C:\Program Files\Apache Software Foundation\apache-tomcat-8.5.50\webapps\ReportingServer\mrd\AccRecPrt.mrd,
[2022-08-16 09:32:09.812][DEBUG][20220816093209771][OPEN] before XmlDataLinker Thread - 2|9(ms),C:\Program Files\Apache Software Foundation\apache-tomcat-8.5.50\webapps\ReportingServer\mrd\AccRecPrt.mrd,
[2022-08-16 09:32:09.826][DEBUG][20220816093209771][DBService] Datasource Fetch Data [ret:0 time:26 page:0 name: SerialID:153 count:30],C:\Program Files\Apache Software Foundation\apache-tomcat-8.5.50\webapps\ReportingServer\mrd\AccRecPrt.mrd,
[2022-08-16 09:32:09.847][DEBUG][20220816093209771][DBService] Datasource Fetch Data [ret:0 time:0 page:2 name: SerialID:155 count:20],C:\Program Files\Apache Software Foundation\apache-tomcat-8.5.50\webapps\ReportingServer\mrd\AccRecPrt.mrd,
[2022-08-16 09:32:11.824][DEBUG][20220816093211820][INIT] create ServerSideRD - 2|0(ms),null,
[2022-08-16 09:32:11.828][DEBUG][20220816093211820][OPEN] before CMFileOpen - 0|3|0|0|0(ms),C:\Program Files\Apache Software Foundation\apache-tomcat-8.5.50\webapps\ReportingServer\mrd\AccRecPrt.mrd,
[2022-08-16 09:32:11.832][DEBUG][20220816093211820][OPEN] before processForHaveDBConnectInfo - 0|3|0|0(ms),C:\Program Files\Apache Software Foundation\apache-tomcat-8.5.50\webapps\ReportingServer\mrd\AccRecPrt.mrd,
[2022-08-16 09:32:11.836][DEBUG][20220816093211820][DBService] Datasource Connection(0) - 0(ms),C:\Program Files\Apache Software Foundation\apache-tomcat-8.5.50\webapps\ReportingServer\mrd\AccRecPrt.mrd,
[2022-08-16 09:32:11.836][DEBUG][20220816093211820][DBService] Datasource Select Query[ret:0 time:0 query: null],C:\Program Files\Apache Software Foundation\apache-tomcat-8.5.50\webapps\ReportingServer\mrd\AccRecPrt.mrd,
[2022-08-16 09:32:11.848][DEBUG][20220816093211820][OPEN] before XmlDataLinker Thread - 1|10(ms),C:\Program Files\Apache Software Foundation\apache-tomcat-8.5.50\webapps\ReportingServer\mrd\AccRecPrt.mrd,
[2022-08-16 09:32:11.851][DEBUG][20220816093211820][DBService] Datasource Fetch Data [ret:0 time:15 page:0 name: SerialID:164 count:30],C:\Program Files\Apache Software Foundation\apache-tomcat-8.5.50\webapps\ReportingServer\mrd\AccRecPrt.mrd,
[2022-08-16 09:32:11.881][DEBUG][20220816093211820][DBService] Datasource Fetch Data [ret:0 time:0 page:2 name: SerialID:166 count:20],C:\Program Files\Apache Software Foundation\apache-tomcat-8.5.50\webapps\ReportingServer\mrd\AccRecPrt.mrd,
[2022-08-16 09:32:14.395][DEBUG][20220816093211820][SAVE][PDF] open: 0, swapin: 12, save: 98(totPg:5,longestPg:4,longestTime:55), close: 2377, total: 2497(ms),C:\Program Files\Apache Software Foundation\apache-tomcat-8.5.50\webapps\ReportingServer\mrd\AccRecPrt.mrd,
[2022-08-16 09:32:26.959][DEBUG][20220816093226953][INIT] create ServerSideRD - 2|0(ms),null,
[2022-08-16 09:32:26.966][DEBUG][20220816093226953][OPEN] before CMFileOpen - 0|6|0|0|0(ms),C:\Program Files\Apache Software Foundation\apache-tomcat-8.5.50\webapps\ReportingServer\mrd\AccRecPrt.mrd,
[2022-08-16 09:32:26.976][DEBUG][20220816093226953][OPEN] before processForHaveDBConnectInfo - 2|6|0|0(ms),C:\Program Files\Apache Software Foundation\apache-tomcat-8.5.50\webapps\ReportingServer\mrd\AccRecPrt.mrd,
[2022-08-16 09:32:26.986][DEBUG][20220816093226953][DBService] Datasource Connection(0) - 0(ms),C:\Program Files\Apache Software Foundation\apache-tomcat-8.5.50\webapps\ReportingServer\mrd\AccRecPrt.mrd,
[2022-08-16 09:32:26.986][DEBUG][20220816093226953][DBService] Datasource Select Query[ret:0 time:0 query: null],C:\Program Files\Apache Software Foundation\apache-tomcat-8.5.50\webapps\ReportingServer\mrd\AccRecPrt.mrd,
[2022-08-16 09:32:27.018][DEBUG][20220816093226953][OPEN] before XmlDataLinker Thread - 1|29(ms),C:\Program Files\Apache Software Foundation\apache-tomcat-8.5.50\webapps\ReportingServer\mrd\AccRecPrt.mrd,
[2022-08-16 09:32:27.033][DEBUG][20220816093226953][DBService] Datasource Fetch Data [ret:0 time:45 page:0 name: SerialID:175 count:30],C:\Program Files\Apache Software Foundation\apache-tomcat-8.5.50\webapps\ReportingServer\mrd\AccRecPrt.mrd,
[2022-08-16 09:32:27.067][DEBUG][20220816093226953][DBService] Datasource Fetch Data [ret:0 time:0 page:2 name: SerialID:177 count:20],C:\Program Files\Apache Software Foundation\apache-tomcat-8.5.50\webapps\ReportingServer\mrd\AccRecPrt.mrd,
