[
log_version=6.0
server_name=ERS Reporting Server
server_version=6.4.5.430
jbre_version=5.5.14.1010
customer_name=¸ÞµðÁ¨ÈÞ¸ÕÄÉ¾î
user.dir=C:\Program Files\Apache Software Foundation\apache-tomcat-8.5.50
os.name=Windows 10
os.version=10.0
java.version=1.8.0_275
java.vm.version=25.275-b01
java.vm.vendor=ojdkbuild
java.vm.name=OpenJDK 64-Bit Server VM
java.home=C:\Java\java-1.8.0-openjdk-1.8.0.275-1\jre
java.class.path=C:\Program Files\Apache Software Foundation\apache-tomcat-8.5.50\bin\bootstrap.jar;C:\Program Files\Apache Software Foundation\apache-tomcat-8.5.50\bin\tomcat-juli.jar
file.encoding=MS949
user.language=ko
]

[2022-08-05 11:14:52.684][DEBUG][20220805111452666][INIT] create ServerSideRD - 3|0(ms),null,
[2022-08-05 11:14:52.689][DEBUG][20220805111452666][OPEN] before CMFileOpen - 0|3|0|0|0(ms),C:\Program Files\Apache Software Foundation\apache-tomcat-8.5.50\webapps\ReportingServer\mrd\sample7.mrd,
[2022-08-05 11:14:52.696][DEBUG][20220805111452666][OPEN] before processForHaveDBConnectInfo - 1|5|0|0(ms),C:\Program Files\Apache Software Foundation\apache-tomcat-8.5.50\webapps\ReportingServer\mrd\sample7.mrd,
[2022-08-05 11:14:52.702][DEBUG][20220805111452666][DBService] Datasource Connection(0) - 2(ms),C:\Program Files\Apache Software Foundation\apache-tomcat-8.5.50\webapps\ReportingServer\mrd\sample7.mrd,
[2022-08-05 11:14:52.702][DEBUG][20220805111452666][DBService] Datasource Select Query[ret:0 time:0 query: null],C:\Program Files\Apache Software Foundation\apache-tomcat-8.5.50\webapps\ReportingServer\mrd\sample7.mrd,
[2022-08-05 11:14:52.702][DEBUG][20220805111452666][OPEN] before _MakeReport - 0|4|2|0(ms),C:\Program Files\Apache Software Foundation\apache-tomcat-8.5.50\webapps\ReportingServer\mrd\sample7.mrd,
[2022-08-05 11:14:52.705][DEBUG][20220805111452666][DBService] Datasource Fetch Data [ret:0 time:2 page:0 name: SerialID:115 count:18],C:\Program Files\Apache Software Foundation\apache-tomcat-8.5.50\webapps\ReportingServer\mrd\sample7.mrd,
[2022-08-05 11:14:52.824][DEBUG][20220805111452666][DBService] Datasource Disconnection(0) - 0(ms),C:\Program Files\Apache Software Foundation\apache-tomcat-8.5.50\webapps\ReportingServer\mrd\sample7.mrd,
