[
log_version=6.0
server_name=ERS Reporting Server
server_version=6.4.5.430
jbre_version=5.5.14.1010
customer_name=¸ÞµðÁ¨ÈÞ¸ÕÄÉ¾î
user.dir=C:\Program Files\Apache Software Foundation\apache-tomcat-8.5.50
os.name=Windows 10
os.version=10.0
java.version=1.8.0_275
java.vm.version=25.275-b01
java.vm.vendor=ojdkbuild
java.vm.name=OpenJDK 64-Bit Server VM
java.home=C:\Java\java-1.8.0-openjdk-1.8.0.275-1\jre
java.class.path=C:\Program Files\Apache Software Foundation\apache-tomcat-8.5.50\bin\bootstrap.jar;C:\Program Files\Apache Software Foundation\apache-tomcat-8.5.50\bin\tomcat-juli.jar
file.encoding=MS949
user.language=ko
]

[2022-08-08 13:53:31.299][20220808135330842][RequestInfo]
rdid=20220808135330842
status=3
message=null
lastAccessTime=2022-08-08 13:53:30.839
mrd_param=/rfn [http://localhost:8081/ReportingServer/mrd/sample.txt]
opcode=701
request_uri=http://0:0:0:0:0:0:0:1:8081/ReportingServer
finish_time=20220808135331
finish_milli_time=1659934411295
start_time=20220808135330
protocol=sync
remote_ip=0:0:0:0:0:0:0:1
scheduler_execute_step=Post Processing
runtime_param=
mrd_plain_param=
elapsed_time=0.453 (sec)
mmlVersion=0
start_milli_time=1659934410842
mrd_data=
user_agent=Mozilla/5.0 (Windows NT 10.0; Win64; x64) AppleWebKit/537.36 (KHTML, like Gecko) Chrome/104.0.0.0 Safari/537.36
mrd_path=http://localhost:8081/ReportingServer/mrd/sample.mrd

[2022-08-08 13:54:48.150][20220808135447893][RequestInfo]
rdid=20220808135447893
status=3
message=null
lastAccessTime=2022-08-08 13:54:47.892
mrd_param=/rfn [http://localhost:8081/ReportingServer/mrd/sample.txt]
opcode=700
request_uri=http://0:0:0:0:0:0:0:1:8081/ReportingServer
finish_time=20220808135448
finish_milli_time=1659934488149
start_time=20220808135447
protocol=sync
remote_ip=0:0:0:0:0:0:0:1
scheduler_execute_step=Post Processing
runtime_param=
mrd_plain_param=
elapsed_time=0.256 (sec)
mmlVersion=0
start_milli_time=1659934487893
mrd_data=
user_agent=Mozilla/5.0 (Windows NT 10.0; Win64; x64) AppleWebKit/537.36 (KHTML, like Gecko) Chrome/104.0.0.0 Safari/537.36
mrd_path=http://localhost:8081/ReportingServer/mrd/sample.mrd

[2022-08-08 13:54:50.250][20220808135449669][RequestInfo]
rdid=20220808135449669
status=3
message=null
lastAccessTime=2022-08-08 13:54:49.669
mrd_param=/rfn [http://localhost:8081/ReportingServer/mrd/sample.txt] /rformcurformat [? #,###] /rformnumformat [#,###.###] /rbrowserlocale [ko]
export_type=doc
opcode=500
request_uri=http://0:0:0:0:0:0:0:1:8081/ReportingServer
file_r_path=2022/08/08/20220808135449669.doc
finish_time=20220808135450
finish_milli_time=1659934490250
start_time=20220808135449
protocol=sync
remote_ip=0:0:0:0:0:0:0:1
scheduler_execute_step=Post Processing
export_page=18
elapsed_time=0.581 (sec)
start_milli_time=1659934489669
crownix-client=html5viewer
user_agent=Mozilla/5.0 (Windows NT 10.0; Win64; x64) AppleWebKit/537.36 (KHTML, like Gecko) Chrome/104.0.0.0 Safari/537.36
mrd_path=http://localhost:8081/ReportingServer/mrd/sample.mrd
file_a_path=C:/Program Files/Apache Software Foundation/apache-tomcat-8.5.50/webapps/ReportingServer/report/2022/08/08/20220808135449669.doc

[2022-08-08 13:59:38.985][20220808135938674][RequestInfo]
rdid=20220808135938674
status=3
message=null
lastAccessTime=2022-08-08 13:59:38.674
mrd_param=/rfn [http://localhost:8081/ReportingServer/mrd/sample.txt]
opcode=700
request_uri=http://0:0:0:0:0:0:0:1:8081/ReportingServer
finish_time=20220808135938
finish_milli_time=1659934778985
start_time=20220808135938
protocol=sync
remote_ip=0:0:0:0:0:0:0:1
scheduler_execute_step=Post Processing
runtime_param=
mrd_plain_param=
elapsed_time=0.311 (sec)
mmlVersion=0
start_milli_time=1659934778674
mrd_data=
user_agent=Mozilla/5.0 (Windows NT 10.0; Win64; x64) AppleWebKit/537.36 (KHTML, like Gecko) Chrome/104.0.0.0 Safari/537.36
mrd_path=http://localhost:8081/ReportingServer/mrd/sample.mrd

[2022-08-08 13:59:40.749][20220808135940368][RequestInfo]
rdid=20220808135940368
status=3
message=null
lastAccessTime=2022-08-08 13:59:40.368
mrd_param=/rfn [http://localhost:8081/ReportingServer/mrd/sample.txt] /rformcurformat [? #,###] /rformnumformat [#,###.###] /rbrowserlocale [ko]
export_type=doc
opcode=500
request_uri=http://0:0:0:0:0:0:0:1:8081/ReportingServer
file_r_path=2022/08/08/20220808135940368.doc
finish_time=20220808135940
finish_milli_time=1659934780749
start_time=20220808135940
protocol=sync
remote_ip=0:0:0:0:0:0:0:1
scheduler_execute_step=Post Processing
export_page=18
elapsed_time=0.381 (sec)
start_milli_time=1659934780368
crownix-client=html5viewer
user_agent=Mozilla/5.0 (Windows NT 10.0; Win64; x64) AppleWebKit/537.36 (KHTML, like Gecko) Chrome/104.0.0.0 Safari/537.36
mrd_path=http://localhost:8081/ReportingServer/mrd/sample.mrd
file_a_path=C:/Program Files/Apache Software Foundation/apache-tomcat-8.5.50/webapps/ReportingServer/report/2022/08/08/20220808135940368.doc

[2022-08-08 13:59:46.800][20220808135944293][RequestInfo]
rdid=20220808135944293
status=3
message=null
lastAccessTime=2022-08-08 13:59:44.293
mrd_param=/rfn [http://localhost:8081/ReportingServer/mrd/sample.txt] /rformcurformat [? #,###] /rformnumformat [#,###.###] /rbrowserlocale [ko]
export_type=ppt
opcode=500
request_uri=http://0:0:0:0:0:0:0:1:8081/ReportingServer
file_r_path=2022/08/08/20220808135944293.ppt
finish_time=20220808135946
finish_milli_time=1659934786799
start_time=20220808135944
protocol=sync
remote_ip=0:0:0:0:0:0:0:1
scheduler_execute_step=Post Processing
export_page=18
elapsed_time=2.506 (sec)
start_milli_time=1659934784293
crownix-client=html5viewer
user_agent=Mozilla/5.0 (Windows NT 10.0; Win64; x64) AppleWebKit/537.36 (KHTML, like Gecko) Chrome/104.0.0.0 Safari/537.36
mrd_path=http://localhost:8081/ReportingServer/mrd/sample.mrd
file_a_path=C:/Program Files/Apache Software Foundation/apache-tomcat-8.5.50/webapps/ReportingServer/report/2022/08/08/20220808135944293.ppt

[2022-08-08 13:59:59.114][20220808135958819][RequestInfo]
rdid=20220808135958819
status=3
message=null
lastAccessTime=2022-08-08 13:59:58.819
mrd_param=/rfn [http://localhost:8081/ReportingServer/mrd/sample.txt]
opcode=700
request_uri=http://0:0:0:0:0:0:0:1:8081/ReportingServer
finish_time=20220808135959
finish_milli_time=1659934799114
start_time=20220808135958
protocol=sync
remote_ip=0:0:0:0:0:0:0:1
scheduler_execute_step=Post Processing
runtime_param=
mrd_plain_param=
elapsed_time=0.295 (sec)
mmlVersion=0
start_milli_time=1659934798819
mrd_data=
user_agent=Mozilla/5.0 (Windows NT 10.0; Win64; x64) AppleWebKit/537.36 (KHTML, like Gecko) Chrome/104.0.0.0 Safari/537.36
mrd_path=http://localhost:8081/ReportingServer/mrd/sample.mrd

[2022-08-08 14:00:01.985][20220808140000757][RequestInfo]
rdid=20220808140000757
status=3
message=null
lastAccessTime=2022-08-08 14:00:00.757
mrd_param=/rfn [http://localhost:8081/ReportingServer/mrd/sample.txt] /rformcurformat [? #,###] /rformnumformat [#,###.###] /rbrowserlocale [ko]
export_type=pdf
opcode=500
request_uri=http://0:0:0:0:0:0:0:1:8081/ReportingServer
file_r_path=2022/08/08/20220808140000757.pdf
finish_time=20220808140001
finish_milli_time=1659934801985
start_time=20220808140000
protocol=sync
remote_ip=0:0:0:0:0:0:0:1
scheduler_execute_step=Post Processing
export_page=18
elapsed_time=1.228 (sec)
start_milli_time=1659934800757
crownix-client=html5viewer
user_agent=Mozilla/5.0 (Windows NT 10.0; Win64; x64) AppleWebKit/537.36 (KHTML, like Gecko) Chrome/104.0.0.0 Safari/537.36
mrd_path=http://localhost:8081/ReportingServer/mrd/sample.mrd
file_a_path=C:/Program Files/Apache Software Foundation/apache-tomcat-8.5.50/webapps/ReportingServer/report/2022/08/08/20220808140000757.pdf

[2022-08-08 14:00:07.151][20220808140006835][RequestInfo]
rdid=20220808140006835
status=3
message=null
lastAccessTime=2022-08-08 14:00:06.835
mrd_param=/rfn [http://localhost:8081/ReportingServer/mrd/sample.txt]
opcode=700
request_uri=http://0:0:0:0:0:0:0:1:8081/ReportingServer
finish_time=20220808140007
finish_milli_time=1659934807151
start_time=20220808140006
protocol=sync
remote_ip=0:0:0:0:0:0:0:1
scheduler_execute_step=Post Processing
runtime_param=
mrd_plain_param=
elapsed_time=0.316 (sec)
mmlVersion=0
start_milli_time=1659934806835
mrd_data=
user_agent=Mozilla/5.0 (Windows NT 10.0; Win64; x64) AppleWebKit/537.36 (KHTML, like Gecko) Chrome/104.0.0.0 Safari/537.36
mrd_path=http://localhost:8081/ReportingServer/mrd/sample.mrd

[2022-08-08 14:00:12.052][20220808140010095][RequestInfo]
rdid=20220808140010095
status=3
message=null
lastAccessTime=2022-08-08 14:00:10.095
mrd_param=/rfn [http://localhost:8081/ReportingServer/mrd/sample.txt] /rformcurformat [? #,###] /rformnumformat [#,###.###] /rbrowserlocale [ko]
export_type=pdf
opcode=500
request_uri=http://0:0:0:0:0:0:0:1:8081/ReportingServer
file_r_path=2022/08/08/20220808140010095.pdf
finish_time=20220808140012
finish_milli_time=1659934812052
start_time=20220808140010
protocol=sync
remote_ip=0:0:0:0:0:0:0:1
scheduler_execute_step=Post Processing
export_page=18
elapsed_time=1.957 (sec)
start_milli_time=1659934810095
crownix-client=html5viewer
user_agent=Mozilla/5.0 (Windows NT 10.0; Win64; x64) AppleWebKit/537.36 (KHTML, like Gecko) Chrome/104.0.0.0 Safari/537.36
mrd_path=http://localhost:8081/ReportingServer/mrd/sample.mrd
file_a_path=C:/Program Files/Apache Software Foundation/apache-tomcat-8.5.50/webapps/ReportingServer/report/2022/08/08/20220808140010095.pdf

[2022-08-08 14:00:32.184][20220808140031815][RequestInfo]
rdid=20220808140031815
status=3
message=null
lastAccessTime=2022-08-08 14:00:31.815
mrd_param=/rfn [http://localhost:8081/ReportingServer/mrd/sample.txt]
opcode=701
request_uri=http://0:0:0:0:0:0:0:1:8081/ReportingServer
finish_time=20220808140032
finish_milli_time=1659934832184
start_time=20220808140031
protocol=sync
remote_ip=0:0:0:0:0:0:0:1
scheduler_execute_step=Post Processing
runtime_param=
mrd_plain_param=
elapsed_time=0.368 (sec)
mmlVersion=0
start_milli_time=1659934831816
mrd_data=
user_agent=Mozilla/5.0 (Windows NT 10.0; Win64; x64) AppleWebKit/537.36 (KHTML, like Gecko) Chrome/104.0.0.0 Safari/537.36
mrd_path=http://localhost:8081/ReportingServer/mrd/sample.mrd

[2022-08-08 14:02:07.777][20220808140207468][RequestInfo]
rdid=20220808140207468
status=3
message=null
lastAccessTime=2022-08-08 14:02:07.468
mrd_param=/rfn [http://localhost:8081/ReportingServer/mrd/sample.txt]
opcode=700
request_uri=http://0:0:0:0:0:0:0:1:8081/ReportingServer
finish_time=20220808140207
finish_milli_time=1659934927777
start_time=20220808140207
protocol=sync
remote_ip=0:0:0:0:0:0:0:1
scheduler_execute_step=Post Processing
runtime_param=
mrd_plain_param=
elapsed_time=0.309 (sec)
mmlVersion=0
start_milli_time=1659934927468
mrd_data=
user_agent=Mozilla/5.0 (Windows NT 10.0; Win64; x64) AppleWebKit/537.36 (KHTML, like Gecko) Chrome/104.0.0.0 Safari/537.36
mrd_path=http://localhost:8081/ReportingServer/mrd/sample.mrd

[2022-08-08 14:02:18.942][20220808140218603][RequestInfo]
rdid=20220808140218603
status=3
message=null
lastAccessTime=2022-08-08 14:02:18.603
mrd_param=/rfn [http://localhost:8081/ReportingServer/mrd/sample.txt]
opcode=700
request_uri=http://0:0:0:0:0:0:0:1:8081/ReportingServer
finish_time=20220808140218
finish_milli_time=1659934938942
start_time=20220808140218
protocol=sync
remote_ip=0:0:0:0:0:0:0:1
scheduler_execute_step=Post Processing
runtime_param=
mrd_plain_param=
elapsed_time=0.339 (sec)
mmlVersion=0
start_milli_time=1659934938603
mrd_data=
user_agent=Mozilla/5.0 (Windows NT 10.0; Win64; x64) AppleWebKit/537.36 (KHTML, like Gecko) Chrome/104.0.0.0 Safari/537.36
mrd_path=http://localhost:8081/ReportingServer/mrd/sample.mrd

[2022-08-08 14:02:31.546][20220808140231175][RequestInfo]
rdid=20220808140231175
status=3
message=null
lastAccessTime=2022-08-08 14:02:31.175
mrd_param=/rfn [http://localhost:8081/ReportingServer/mrd/sample.txt]
opcode=700
request_uri=http://0:0:0:0:0:0:0:1:8081/ReportingServer
finish_time=20220808140231
finish_milli_time=1659934951546
start_time=20220808140231
protocol=sync
remote_ip=0:0:0:0:0:0:0:1
scheduler_execute_step=Post Processing
runtime_param=
mrd_plain_param=
elapsed_time=0.371 (sec)
mmlVersion=0
start_milli_time=1659934951175
mrd_data=
user_agent=Mozilla/5.0 (Windows NT 10.0; Win64; x64) AppleWebKit/537.36 (KHTML, like Gecko) Chrome/104.0.0.0 Safari/537.36
mrd_path=http://localhost:8081/ReportingServer/mrd/sample.mrd

[2022-08-08 14:14:04.250][20220808141403956][RequestInfo]
rdid=20220808141403956
status=3
message=null
lastAccessTime=2022-08-08 14:14:03.956
mrd_param=/rfn [http://localhost:8081/ReportingServer/mrd/sample.txt]
opcode=700
request_uri=http://0:0:0:0:0:0:0:1:8081/ReportingServer
finish_time=20220808141404
finish_milli_time=1659935644250
start_time=20220808141403
protocol=sync
remote_ip=0:0:0:0:0:0:0:1
scheduler_execute_step=Post Processing
runtime_param=
mrd_plain_param=
elapsed_time=0.294 (sec)
mmlVersion=0
start_milli_time=1659935643956
mrd_data=
user_agent=Mozilla/5.0 (Windows NT 10.0; Win64; x64) AppleWebKit/537.36 (KHTML, like Gecko) Chrome/104.0.0.0 Safari/537.36
mrd_path=http://localhost:8081/ReportingServer/mrd/sample.mrd

[2022-08-08 14:14:11.484][20220808141410315][RequestInfo]
rdid=20220808141410315
status=3
message=null
lastAccessTime=2022-08-08 14:14:10.315
mrd_param=/rpdfprintdialog /rfn [http://localhost:8081/ReportingServer/mrd/sample.txt] /rformcurformat [? #,###] /rformnumformat [#,###.###] /rbrowserlocale [ko]
export_type=pdf
opcode=500
request_uri=http://0:0:0:0:0:0:0:1:8081/ReportingServer
file_r_path=2022/08/08/20220808141410315.pdf
finish_time=20220808141411
finish_milli_time=1659935651484
start_time=20220808141410
protocol=sync
remote_ip=0:0:0:0:0:0:0:1
scheduler_execute_step=Post Processing
export_page=18
elapsed_time=1.169 (sec)
start_milli_time=1659935650315
crownix-client=html5viewer
user_agent=Mozilla/5.0 (Windows NT 10.0; Win64; x64) AppleWebKit/537.36 (KHTML, like Gecko) Chrome/104.0.0.0 Safari/537.36
mrd_path=http://localhost:8081/ReportingServer/mrd/sample.mrd
file_a_path=C:/Program Files/Apache Software Foundation/apache-tomcat-8.5.50/webapps/ReportingServer/report/2022/08/08/20220808141410315.pdf

[2022-08-08 14:14:24.015][20220808141423735][RequestInfo]
rdid=20220808141423735
status=3
message=null
lastAccessTime=2022-08-08 14:14:23.735
mrd_param=/rfn [http://localhost:8081/ReportingServer/mrd/sample.txt]
opcode=700
request_uri=http://0:0:0:0:0:0:0:1:8081/ReportingServer
finish_time=20220808141424
finish_milli_time=1659935664014
start_time=20220808141423
protocol=sync
remote_ip=0:0:0:0:0:0:0:1
scheduler_execute_step=Post Processing
runtime_param=
mrd_plain_param=
elapsed_time=0.279 (sec)
mmlVersion=0
start_milli_time=1659935663735
mrd_data=
user_agent=Mozilla/5.0 (Windows NT 10.0; Win64; x64) AppleWebKit/537.36 (KHTML, like Gecko) Chrome/104.0.0.0 Safari/537.36
mrd_path=http://localhost:8081/ReportingServer/mrd/sample.mrd

[2022-08-08 14:14:33.346][20220808141432994][RequestInfo]
rdid=20220808141432994
status=3
message=null
lastAccessTime=2022-08-08 14:14:32.994
mrd_param=/rfn [http://localhost:8081/ReportingServer/mrd/sample.txt]
opcode=700
request_uri=http://0:0:0:0:0:0:0:1:8081/ReportingServer
finish_time=20220808141433
finish_milli_time=1659935673346
start_time=20220808141432
protocol=sync
remote_ip=0:0:0:0:0:0:0:1
scheduler_execute_step=Post Processing
runtime_param=
mrd_plain_param=
elapsed_time=0.352 (sec)
mmlVersion=0
start_milli_time=1659935672994
mrd_data=
user_agent=Mozilla/5.0 (Windows NT 10.0; Win64; x64) AppleWebKit/537.36 (KHTML, like Gecko) Chrome/104.0.0.0 Safari/537.36
mrd_path=http://localhost:8081/ReportingServer/mrd/sample.mrd

[2022-08-08 14:14:45.028][20220808141444626][RequestInfo]
rdid=20220808141444626
status=3
message=null
lastAccessTime=2022-08-08 14:14:44.626
mrd_param=/rfn [http://localhost:8081/ReportingServer/mrd/sample.txt]
opcode=700
request_uri=http://0:0:0:0:0:0:0:1:8081/ReportingServer
finish_time=20220808141445
finish_milli_time=1659935685028
start_time=20220808141444
protocol=sync
remote_ip=0:0:0:0:0:0:0:1
scheduler_execute_step=Post Processing
runtime_param=
mrd_plain_param=
elapsed_time=0.402 (sec)
mmlVersion=0
start_milli_time=1659935684626
mrd_data=
user_agent=Mozilla/5.0 (Windows NT 10.0; Win64; x64) AppleWebKit/537.36 (KHTML, like Gecko) Chrome/104.0.0.0 Safari/537.36
mrd_path=http://localhost:8081/ReportingServer/mrd/sample.mrd

[2022-08-08 14:18:34.036][20220808141833800][RequestInfo]
rdid=20220808141833800
status=3
message=null
lastAccessTime=2022-08-08 14:18:33.800
mrd_param=/rfn [http://localhost:8081/ReportingServer/mrd/sample.txt]
opcode=700
request_uri=http://0:0:0:0:0:0:0:1:8081/ReportingServer
finish_time=20220808141834
finish_milli_time=1659935914036
start_time=20220808141833
protocol=sync
remote_ip=0:0:0:0:0:0:0:1
scheduler_execute_step=Post Processing
runtime_param=
mrd_plain_param=
elapsed_time=0.236 (sec)
mmlVersion=0
start_milli_time=1659935913800
mrd_data=
user_agent=Mozilla/5.0 (Windows NT 10.0; Win64; x64) AppleWebKit/537.36 (KHTML, like Gecko) Chrome/104.0.0.0 Safari/537.36
mrd_path=http://localhost:8081/ReportingServer/mrd/sample.mrd

[2022-08-08 14:25:46.455][20220808142546212][RequestInfo]
rdid=20220808142546212
status=3
message=null
lastAccessTime=2022-08-08 14:25:46.212
mrd_param=/rfn [http://localhost:8081/ReportingServer/mrd/sample.txt]
opcode=700
request_uri=http://0:0:0:0:0:0:0:1:8081/ReportingServer
finish_time=20220808142546
finish_milli_time=1659936346455
start_time=20220808142546
protocol=sync
remote_ip=0:0:0:0:0:0:0:1
scheduler_execute_step=Post Processing
runtime_param=
mrd_plain_param=
elapsed_time=0.243 (sec)
mmlVersion=0
start_milli_time=1659936346212
mrd_data=
user_agent=Mozilla/5.0 (Windows NT 10.0; Win64; x64) AppleWebKit/537.36 (KHTML, like Gecko) Chrome/104.0.0.0 Safari/537.36
mrd_path=http://localhost:8081/ReportingServer/mrd/sample.mrd

[2022-08-08 14:26:30.915][20220808142630532][RequestInfo]
rdid=20220808142630532
status=3
message=null
lastAccessTime=2022-08-08 14:26:30.531
mrd_param=/rfn [http://localhost:8081/ReportingServer/mrd/sample.txt]
opcode=700
request_uri=http://0:0:0:0:0:0:0:1:8081/ReportingServer
finish_time=20220808142630
finish_milli_time=1659936390915
start_time=20220808142630
protocol=sync
remote_ip=0:0:0:0:0:0:0:1
scheduler_execute_step=Post Processing
runtime_param=
mrd_plain_param=
elapsed_time=0.383 (sec)
mmlVersion=0
start_milli_time=1659936390532
mrd_data=
user_agent=Mozilla/5.0 (Windows NT 10.0; Win64; x64) AppleWebKit/537.36 (KHTML, like Gecko) Chrome/104.0.0.0 Safari/537.36
mrd_path=http://localhost:8081/ReportingServer/mrd/sample.mrd

[2022-08-08 14:26:54.167][20220808142653864][RequestInfo]
rdid=20220808142653864
status=3
message=null
lastAccessTime=2022-08-08 14:26:53.864
mrd_param=/rfn [http://localhost:8081/ReportingServer/mrd/sample.txt]
opcode=700
request_uri=http://0:0:0:0:0:0:0:1:8081/ReportingServer
finish_time=20220808142654
finish_milli_time=1659936414167
start_time=20220808142653
protocol=sync
remote_ip=0:0:0:0:0:0:0:1
scheduler_execute_step=Post Processing
runtime_param=
mrd_plain_param=
elapsed_time=0.303 (sec)
mmlVersion=0
start_milli_time=1659936413864
mrd_data=
user_agent=Mozilla/5.0 (Windows NT 10.0; Win64; x64) AppleWebKit/537.36 (KHTML, like Gecko) Chrome/104.0.0.0 Safari/537.36
mrd_path=http://localhost:8081/ReportingServer/mrd/sample.mrd

[2022-08-08 14:30:35.278][20220808143034945][RequestInfo]
rdid=20220808143034945
status=3
message=null
lastAccessTime=2022-08-08 14:30:34.944
mrd_param=/rfn [http://localhost:8081/ReportingServer/mrd/sample.txt]
opcode=700
request_uri=http://0:0:0:0:0:0:0:1:8081/ReportingServer
finish_time=20220808143035
finish_milli_time=1659936635278
start_time=20220808143034
protocol=sync
remote_ip=0:0:0:0:0:0:0:1
scheduler_execute_step=Post Processing
runtime_param=
mrd_plain_param=
elapsed_time=0.333 (sec)
mmlVersion=0
start_milli_time=1659936634945
mrd_data=
user_agent=Mozilla/5.0 (Windows NT 10.0; Win64; x64) AppleWebKit/537.36 (KHTML, like Gecko) Chrome/104.0.0.0 Safari/537.36
mrd_path=http://localhost:8081/ReportingServer/mrd/sample.mrd

[2022-08-08 14:30:48.683][20220808143048414][RequestInfo]
rdid=20220808143048414
status=3
message=null
lastAccessTime=2022-08-08 14:30:48.413
mrd_param=/rfn [http://localhost:8081/ReportingServer/mrd/sample.txt]
opcode=700
request_uri=http://0:0:0:0:0:0:0:1:8081/ReportingServer
finish_time=20220808143048
finish_milli_time=1659936648683
start_time=20220808143048
protocol=sync
remote_ip=0:0:0:0:0:0:0:1
scheduler_execute_step=Post Processing
runtime_param=
mrd_plain_param=
elapsed_time=0.269 (sec)
mmlVersion=0
start_milli_time=1659936648414
mrd_data=
user_agent=Mozilla/5.0 (Windows NT 10.0; Win64; x64) AppleWebKit/537.36 (KHTML, like Gecko) Chrome/104.0.0.0 Safari/537.36
mrd_path=http://localhost:8081/ReportingServer/mrd/sample.mrd

[2022-08-08 14:32:26.565][20220808143226285][RequestInfo]
rdid=20220808143226285
status=3
message=null
lastAccessTime=2022-08-08 14:32:26.285
mrd_param=/rfn [http://localhost:8081/ReportingServer/mrd/sample.txt]
opcode=700
request_uri=http://0:0:0:0:0:0:0:1:8081/ReportingServer
finish_time=20220808143226
finish_milli_time=1659936746565
start_time=20220808143226
protocol=sync
remote_ip=0:0:0:0:0:0:0:1
scheduler_execute_step=Post Processing
runtime_param=
mrd_plain_param=
elapsed_time=0.28 (sec)
mmlVersion=0
start_milli_time=1659936746285
mrd_data=
user_agent=Mozilla/5.0 (Windows NT 10.0; Win64; x64) AppleWebKit/537.36 (KHTML, like Gecko) Chrome/104.0.0.0 Safari/537.36
mrd_path=http://localhost:8081/ReportingServer/mrd/sample.mrd

[2022-08-08 14:32:28.542][20220808143228173][RequestInfo]
rdid=20220808143228173
status=3
message=null
lastAccessTime=2022-08-08 14:32:28.173
mrd_param=/rfn [http://localhost:8081/ReportingServer/mrd/sample.txt] /rformcurformat [? #,###] /rformnumformat [#,###.###] /rbrowserlocale [ko]
export_type=doc
opcode=500
request_uri=http://0:0:0:0:0:0:0:1:8081/ReportingServer
file_r_path=2022/08/08/20220808143228173.doc
finish_time=20220808143228
finish_milli_time=1659936748542
start_time=20220808143228
protocol=sync
remote_ip=0:0:0:0:0:0:0:1
scheduler_execute_step=Post Processing
export_page=18
elapsed_time=0.369 (sec)
start_milli_time=1659936748173
crownix-client=html5viewer
user_agent=Mozilla/5.0 (Windows NT 10.0; Win64; x64) AppleWebKit/537.36 (KHTML, like Gecko) Chrome/104.0.0.0 Safari/537.36
mrd_path=http://localhost:8081/ReportingServer/mrd/sample.mrd
file_a_path=C:/Program Files/Apache Software Foundation/apache-tomcat-8.5.50/webapps/ReportingServer/report/2022/08/08/20220808143228173.doc

[2022-08-08 14:32:36.830][20220808143235741][RequestInfo]
rdid=20220808143235741
status=3
message=null
lastAccessTime=2022-08-08 14:32:35.740
mrd_param=/rfn [http://localhost:8081/ReportingServer/mrd/sample.txt] /rformcurformat [? #,###] /rformnumformat [#,###.###] /rbrowserlocale [ko]
export_type=pdf
opcode=500
request_uri=http://0:0:0:0:0:0:0:1:8081/ReportingServer
file_r_path=2022/08/08/20220808143235741.pdf
finish_time=20220808143236
finish_milli_time=1659936756830
start_time=20220808143235
protocol=sync
remote_ip=0:0:0:0:0:0:0:1
scheduler_execute_step=Post Processing
export_page=18
elapsed_time=1.089 (sec)
start_milli_time=1659936755741
crownix-client=html5viewer
user_agent=Mozilla/5.0 (Windows NT 10.0; Win64; x64) AppleWebKit/537.36 (KHTML, like Gecko) Chrome/104.0.0.0 Safari/537.36
mrd_path=http://localhost:8081/ReportingServer/mrd/sample.mrd
file_a_path=C:/Program Files/Apache Software Foundation/apache-tomcat-8.5.50/webapps/ReportingServer/report/2022/08/08/20220808143235741.pdf

[2022-08-08 14:36:17.119][20220808143615468][RequestInfo]
rdid=20220808143615468
status=3
message=null
lastAccessTime=2022-08-08 14:36:15.468
mrd_param=/rfn [http://localhost:8081/ReportingServer/mrd/sample.txt] /rformcurformat [? #,###] /rformnumformat [#,###.###] /rbrowserlocale [ko]
export_type=pdf
opcode=500
request_uri=http://0:0:0:0:0:0:0:1:8081/ReportingServer
file_r_path=2022/08/08/20220808143615468.pdf
finish_time=20220808143617
finish_milli_time=1659936977119
start_time=20220808143615
protocol=sync
remote_ip=0:0:0:0:0:0:0:1
scheduler_execute_step=Post Processing
export_page=18
elapsed_time=1.651 (sec)
start_milli_time=1659936975468
crownix-client=html5viewer
user_agent=Mozilla/5.0 (Windows NT 10.0; Win64; x64) AppleWebKit/537.36 (KHTML, like Gecko) Chrome/104.0.0.0 Safari/537.36
mrd_path=http://localhost:8081/ReportingServer/mrd/sample.mrd
file_a_path=C:/Program Files/Apache Software Foundation/apache-tomcat-8.5.50/webapps/ReportingServer/report/2022/08/08/20220808143615468.pdf

[2022-08-08 14:40:44.114][20220808144043738][RequestInfo]
rdid=20220808144043738
status=3
message=null
lastAccessTime=2022-08-08 14:40:43.738
mrd_param=/rfn [http://localhost:8081/ReportingServer/mrd/sample.txt]
opcode=700
request_uri=http://0:0:0:0:0:0:0:1:8081/ReportingServer
finish_time=20220808144044
finish_milli_time=1659937244114
start_time=20220808144043
protocol=sync
remote_ip=0:0:0:0:0:0:0:1
scheduler_execute_step=Post Processing
runtime_param=
mrd_plain_param=
elapsed_time=0.376 (sec)
mmlVersion=0
start_milli_time=1659937243738
mrd_data=
user_agent=Mozilla/5.0 (Windows NT 10.0; Win64; x64) AppleWebKit/537.36 (KHTML, like Gecko) Chrome/104.0.0.0 Safari/537.36
mrd_path=http://localhost:8081/ReportingServer/mrd/sample.mrd

[2022-08-08 14:41:02.328][20220808144102030][RequestInfo]
rdid=20220808144102030
status=3
message=null
lastAccessTime=2022-08-08 14:41:02.029
mrd_param=/rfn [http://localhost:8081/ReportingServer/mrd/sample.txt]
opcode=700
request_uri=http://0:0:0:0:0:0:0:1:8081/ReportingServer
finish_time=20220808144102
finish_milli_time=1659937262328
start_time=20220808144102
protocol=sync
remote_ip=0:0:0:0:0:0:0:1
scheduler_execute_step=Post Processing
runtime_param=
mrd_plain_param=
elapsed_time=0.298 (sec)
mmlVersion=0
start_milli_time=1659937262030
mrd_data=
user_agent=Mozilla/5.0 (Windows NT 10.0; Win64; x64) AppleWebKit/537.36 (KHTML, like Gecko) Chrome/104.0.0.0 Safari/537.36
mrd_path=http://localhost:8081/ReportingServer/mrd/sample.mrd

[2022-08-08 14:42:17.459][20220808144217048][RequestInfo]
rdid=20220808144217048
status=3
message=null
lastAccessTime=2022-08-08 14:42:17.048
mrd_param=/rfn [http://localhost:8081/ReportingServer/mrd/sample.txt]
opcode=700
request_uri=http://0:0:0:0:0:0:0:1:8081/ReportingServer
finish_time=20220808144217
finish_milli_time=1659937337458
start_time=20220808144217
protocol=sync
remote_ip=0:0:0:0:0:0:0:1
scheduler_execute_step=Post Processing
runtime_param=
mrd_plain_param=
elapsed_time=0.41 (sec)
mmlVersion=0
start_milli_time=1659937337048
mrd_data=
user_agent=Mozilla/5.0 (Windows NT 10.0; Win64; x64) AppleWebKit/537.36 (KHTML, like Gecko) Chrome/104.0.0.0 Safari/537.36
mrd_path=http://localhost:8081/ReportingServer/mrd/sample.mrd

[2022-08-08 14:42:28.473][20220808144228035][RequestInfo]
rdid=20220808144228035
status=3
message=null
lastAccessTime=2022-08-08 14:42:28.035
mrd_param=/rfn [http://localhost:8081/ReportingServer/mrd/sample.txt]
opcode=700
request_uri=http://0:0:0:0:0:0:0:1:8081/ReportingServer
finish_time=20220808144228
finish_milli_time=1659937348473
start_time=20220808144228
protocol=sync
remote_ip=0:0:0:0:0:0:0:1
scheduler_execute_step=Post Processing
runtime_param=
mrd_plain_param=
elapsed_time=0.438 (sec)
mmlVersion=0
start_milli_time=1659937348035
mrd_data=
user_agent=Mozilla/5.0 (Windows NT 10.0; Win64; x64) AppleWebKit/537.36 (KHTML, like Gecko) Chrome/104.0.0.0 Safari/537.36
mrd_path=http://localhost:8081/ReportingServer/mrd/sample.mrd

[2022-08-08 14:42:30.117][20220808144229638][RequestInfo]
rdid=20220808144229638
status=3
message=null
lastAccessTime=2022-08-08 14:42:29.637
mrd_param=/rfn [http://localhost:8081/ReportingServer/mrd/sample.txt]
opcode=700
request_uri=http://0:0:0:0:0:0:0:1:8081/ReportingServer
finish_time=20220808144230
finish_milli_time=1659937350116
start_time=20220808144229
protocol=sync
remote_ip=0:0:0:0:0:0:0:1
scheduler_execute_step=Post Processing
runtime_param=
mrd_plain_param=
elapsed_time=0.478 (sec)
mmlVersion=0
start_milli_time=1659937349638
mrd_data=
user_agent=Mozilla/5.0 (Windows NT 10.0; Win64; x64) AppleWebKit/537.36 (KHTML, like Gecko) Chrome/104.0.0.0 Safari/537.36
mrd_path=http://localhost:8081/ReportingServer/mrd/sample.mrd

[2022-08-08 14:42:41.197][20220808144240793][RequestInfo]
rdid=20220808144240793
status=3
message=null
lastAccessTime=2022-08-08 14:42:40.793
mrd_param=/rfn [http://localhost:8081/ReportingServer/mrd/sample.txt]
opcode=700
request_uri=http://0:0:0:0:0:0:0:1:8081/ReportingServer
finish_time=20220808144241
finish_milli_time=1659937361197
start_time=20220808144240
protocol=sync
remote_ip=0:0:0:0:0:0:0:1
scheduler_execute_step=Post Processing
runtime_param=
mrd_plain_param=
elapsed_time=0.404 (sec)
mmlVersion=0
start_milli_time=1659937360793
mrd_data=
user_agent=Mozilla/5.0 (Windows NT 10.0; Win64; x64) AppleWebKit/537.36 (KHTML, like Gecko) Chrome/104.0.0.0 Safari/537.36
mrd_path=http://localhost:8081/ReportingServer/mrd/sample.mrd

[2022-08-08 14:44:40.478][20220808144440110][RequestInfo]
rdid=20220808144440110
status=3
message=null
lastAccessTime=2022-08-08 14:44:40.110
mrd_param=/rfn [http://localhost:8081/ReportingServer/mrd/sample.txt]
opcode=700
request_uri=http://0:0:0:0:0:0:0:1:8081/ReportingServer
finish_time=20220808144440
finish_milli_time=1659937480478
start_time=20220808144440
protocol=sync
remote_ip=0:0:0:0:0:0:0:1
scheduler_execute_step=Post Processing
runtime_param=
mrd_plain_param=
elapsed_time=0.368 (sec)
mmlVersion=0
start_milli_time=1659937480110
mrd_data=
user_agent=Mozilla/5.0 (Windows NT 10.0; Win64; x64) AppleWebKit/537.36 (KHTML, like Gecko) Chrome/104.0.0.0 Safari/537.36
mrd_path=http://localhost:8081/ReportingServer/mrd/sample.mrd

[2022-08-08 14:44:44.104][20220808144443668][RequestInfo]
rdid=20220808144443668
status=3
message=null
lastAccessTime=2022-08-08 14:44:43.668
mrd_param=/rfn [http://localhost:8081/ReportingServer/mrd/sample.txt] /rformcurformat [? #,###] /rformnumformat [#,###.###] /rbrowserlocale [ko]
export_type=doc
opcode=500
request_uri=http://0:0:0:0:0:0:0:1:8081/ReportingServer
file_r_path=2022/08/08/20220808144443668.doc
finish_time=20220808144444
finish_milli_time=1659937484104
start_time=20220808144443
protocol=sync
remote_ip=0:0:0:0:0:0:0:1
scheduler_execute_step=Post Processing
export_page=18
elapsed_time=0.436 (sec)
start_milli_time=1659937483668
crownix-client=html5viewer
user_agent=Mozilla/5.0 (Windows NT 10.0; Win64; x64) AppleWebKit/537.36 (KHTML, like Gecko) Chrome/104.0.0.0 Safari/537.36
mrd_path=http://localhost:8081/ReportingServer/mrd/sample.mrd
file_a_path=C:/Program Files/Apache Software Foundation/apache-tomcat-8.5.50/webapps/ReportingServer/report/2022/08/08/20220808144443668.doc

[2022-08-08 14:44:48.996][20220808144447833][RequestInfo]
rdid=20220808144447833
status=3
message=null
lastAccessTime=2022-08-08 14:44:47.833
mrd_param=/rfn [http://localhost:8081/ReportingServer/mrd/sample.txt] /rformcurformat [? #,###] /rformnumformat [#,###.###] /rbrowserlocale [ko]
export_type=pdf
opcode=500
request_uri=http://0:0:0:0:0:0:0:1:8081/ReportingServer
file_r_path=2022/08/08/20220808144447833.pdf
finish_time=20220808144448
finish_milli_time=1659937488996
start_time=20220808144447
protocol=sync
remote_ip=0:0:0:0:0:0:0:1
scheduler_execute_step=Post Processing
export_page=18
elapsed_time=1.162 (sec)
start_milli_time=1659937487834
crownix-client=html5viewer
user_agent=Mozilla/5.0 (Windows NT 10.0; Win64; x64) AppleWebKit/537.36 (KHTML, like Gecko) Chrome/104.0.0.0 Safari/537.36
mrd_path=http://localhost:8081/ReportingServer/mrd/sample.mrd
file_a_path=C:/Program Files/Apache Software Foundation/apache-tomcat-8.5.50/webapps/ReportingServer/report/2022/08/08/20220808144447833.pdf

[2022-08-08 14:45:01.531][20220808144501142][RequestInfo]
rdid=20220808144501142
status=3
message=null
lastAccessTime=2022-08-08 14:45:01.142
mrd_param=/rfn [http://localhost:8081/ReportingServer/mrd/sample.txt]
opcode=700
request_uri=http://0:0:0:0:0:0:0:1:8081/ReportingServer
finish_time=20220808144501
finish_milli_time=1659937501531
start_time=20220808144501
protocol=sync
remote_ip=0:0:0:0:0:0:0:1
scheduler_execute_step=Post Processing
runtime_param=
mrd_plain_param=
elapsed_time=0.389 (sec)
mmlVersion=0
start_milli_time=1659937501142
mrd_data=
user_agent=Mozilla/5.0 (Windows NT 10.0; Win64; x64) AppleWebKit/537.36 (KHTML, like Gecko) Chrome/104.0.0.0 Safari/537.36
mrd_path=http://localhost:8081/ReportingServer/mrd/sample.mrd

[2022-08-08 14:45:04.561][20220808144502812][RequestInfo]
rdid=20220808144502812
status=3
message=null
lastAccessTime=2022-08-08 14:45:02.812
mrd_param=/rfn [http://localhost:8081/ReportingServer/mrd/sample.txt] /rformcurformat [? #,###] /rformnumformat [#,###.###] /rbrowserlocale [ko]
export_type=pdf
opcode=500
request_uri=http://0:0:0:0:0:0:0:1:8081/ReportingServer
file_r_path=2022/08/08/20220808144502812.pdf
finish_time=20220808144504
finish_milli_time=1659937504561
start_time=20220808144502
protocol=sync
remote_ip=0:0:0:0:0:0:0:1
scheduler_execute_step=Post Processing
export_page=18
elapsed_time=1.749 (sec)
start_milli_time=1659937502812
crownix-client=html5viewer
user_agent=Mozilla/5.0 (Windows NT 10.0; Win64; x64) AppleWebKit/537.36 (KHTML, like Gecko) Chrome/104.0.0.0 Safari/537.36
mrd_path=http://localhost:8081/ReportingServer/mrd/sample.mrd
file_a_path=C:/Program Files/Apache Software Foundation/apache-tomcat-8.5.50/webapps/ReportingServer/report/2022/08/08/20220808144502812.pdf

[2022-08-08 14:45:20.904][20220808144520528][RequestInfo]
rdid=20220808144520528
status=3
message=null
lastAccessTime=2022-08-08 14:45:20.527
mrd_param=/rfn [http://localhost:8081/ReportingServer/mrd/sample.txt]
opcode=700
request_uri=http://0:0:0:0:0:0:0:1:8081/ReportingServer
finish_time=20220808144520
finish_milli_time=1659937520904
start_time=20220808144520
protocol=sync
remote_ip=0:0:0:0:0:0:0:1
scheduler_execute_step=Post Processing
runtime_param=
mrd_plain_param=
elapsed_time=0.376 (sec)
mmlVersion=0
start_milli_time=1659937520528
mrd_data=
user_agent=Mozilla/5.0 (Windows NT 10.0; Win64; x64) AppleWebKit/537.36 (KHTML, like Gecko) Chrome/104.0.0.0 Safari/537.36
mrd_path=http://localhost:8081/ReportingServer/mrd/sample.mrd

[2022-08-08 14:45:23.585][20220808144522097][RequestInfo]
rdid=20220808144522097
status=3
message=null
lastAccessTime=2022-08-08 14:45:22.096
mrd_param=/rfn [http://localhost:8081/ReportingServer/mrd/sample.txt] /rformcurformat [? #,###] /rformnumformat [#,###.###] /rbrowserlocale [ko]
export_type=pdf
opcode=500
request_uri=http://0:0:0:0:0:0:0:1:8081/ReportingServer
file_r_path=2022/08/08/20220808144522097.pdf
finish_time=20220808144523
finish_milli_time=1659937523585
start_time=20220808144522
protocol=sync
remote_ip=0:0:0:0:0:0:0:1
scheduler_execute_step=Post Processing
export_page=18
elapsed_time=1.488 (sec)
start_milli_time=1659937522097
crownix-client=html5viewer
user_agent=Mozilla/5.0 (Windows NT 10.0; Win64; x64) AppleWebKit/537.36 (KHTML, like Gecko) Chrome/104.0.0.0 Safari/537.36
mrd_path=http://localhost:8081/ReportingServer/mrd/sample.mrd
file_a_path=C:/Program Files/Apache Software Foundation/apache-tomcat-8.5.50/webapps/ReportingServer/report/2022/08/08/20220808144522097.pdf

[2022-08-08 14:45:34.759][20220808144534470][RequestInfo]
rdid=20220808144534470
status=3
message=null
lastAccessTime=2022-08-08 14:45:34.470
mrd_param=/rfn [http://localhost:8081/ReportingServer/mrd/sample.txt]
opcode=700
request_uri=http://0:0:0:0:0:0:0:1:8081/ReportingServer
finish_time=20220808144534
finish_milli_time=1659937534759
start_time=20220808144534
protocol=sync
remote_ip=0:0:0:0:0:0:0:1
scheduler_execute_step=Post Processing
runtime_param=
mrd_plain_param=
elapsed_time=0.289 (sec)
mmlVersion=0
start_milli_time=1659937534470
mrd_data=
user_agent=Mozilla/5.0 (Windows NT 10.0; Win64; x64) AppleWebKit/537.36 (KHTML, like Gecko) Chrome/104.0.0.0 Safari/537.36
mrd_path=http://localhost:8081/ReportingServer/mrd/sample.mrd

[2022-08-08 14:45:37.686][20220808144536392][RequestInfo]
rdid=20220808144536392
status=3
message=null
lastAccessTime=2022-08-08 14:45:36.392
mrd_param=/rfn [http://localhost:8081/ReportingServer/mrd/sample.txt] /rformcurformat [? #,###] /rformnumformat [#,###.###] /rbrowserlocale [ko]
export_type=pdf
opcode=500
request_uri=http://0:0:0:0:0:0:0:1:8081/ReportingServer
file_r_path=2022/08/08/20220808144536392.pdf
finish_time=20220808144537
finish_milli_time=1659937537686
start_time=20220808144536
protocol=sync
remote_ip=0:0:0:0:0:0:0:1
scheduler_execute_step=Post Processing
export_page=18
elapsed_time=1.294 (sec)
start_milli_time=1659937536392
crownix-client=html5viewer
user_agent=Mozilla/5.0 (Windows NT 10.0; Win64; x64) AppleWebKit/537.36 (KHTML, like Gecko) Chrome/104.0.0.0 Safari/537.36
mrd_path=http://localhost:8081/ReportingServer/mrd/sample.mrd
file_a_path=C:/Program Files/Apache Software Foundation/apache-tomcat-8.5.50/webapps/ReportingServer/report/2022/08/08/20220808144536392.pdf

[2022-08-08 14:45:48.506][20220808144548221][RequestInfo]
rdid=20220808144548221
status=3
message=null
lastAccessTime=2022-08-08 14:45:48.221
mrd_param=/rfn [http://localhost:8081/ReportingServer/mrd/sample.txt]
opcode=700
request_uri=http://0:0:0:0:0:0:0:1:8081/ReportingServer
finish_time=20220808144548
finish_milli_time=1659937548506
start_time=20220808144548
protocol=sync
remote_ip=0:0:0:0:0:0:0:1
scheduler_execute_step=Post Processing
runtime_param=
mrd_plain_param=
elapsed_time=0.285 (sec)
mmlVersion=0
start_milli_time=1659937548221
mrd_data=
user_agent=Mozilla/5.0 (Windows NT 10.0; Win64; x64) AppleWebKit/537.36 (KHTML, like Gecko) Chrome/104.0.0.0 Safari/537.36
mrd_path=http://localhost:8081/ReportingServer/mrd/sample.mrd

[2022-08-08 14:45:51.279][20220808144549664][RequestInfo]
rdid=20220808144549664
status=3
message=null
lastAccessTime=2022-08-08 14:45:49.664
mrd_param=/rfn [http://localhost:8081/ReportingServer/mrd/sample.txt] /rformcurformat [? #,###] /rformnumformat [#,###.###] /rbrowserlocale [ko]
export_type=pdf
opcode=500
request_uri=http://0:0:0:0:0:0:0:1:8081/ReportingServer
file_r_path=2022/08/08/20220808144549664.pdf
finish_time=20220808144551
finish_milli_time=1659937551279
start_time=20220808144549
protocol=sync
remote_ip=0:0:0:0:0:0:0:1
scheduler_execute_step=Post Processing
export_page=18
elapsed_time=1.615 (sec)
start_milli_time=1659937549664
crownix-client=html5viewer
user_agent=Mozilla/5.0 (Windows NT 10.0; Win64; x64) AppleWebKit/537.36 (KHTML, like Gecko) Chrome/104.0.0.0 Safari/537.36
mrd_path=http://localhost:8081/ReportingServer/mrd/sample.mrd
file_a_path=C:/Program Files/Apache Software Foundation/apache-tomcat-8.5.50/webapps/ReportingServer/report/2022/08/08/20220808144549664.pdf

[2022-08-08 14:46:06.050][20220808144605665][RequestInfo]
rdid=20220808144605665
status=3
message=null
lastAccessTime=2022-08-08 14:46:05.665
mrd_param=/rfn [http://localhost:8081/ReportingServer/mrd/sample.txt]
opcode=700
request_uri=http://0:0:0:0:0:0:0:1:8081/ReportingServer
finish_time=20220808144606
finish_milli_time=1659937566050
start_time=20220808144605
protocol=sync
remote_ip=0:0:0:0:0:0:0:1
scheduler_execute_step=Post Processing
runtime_param=
mrd_plain_param=
elapsed_time=0.385 (sec)
mmlVersion=0
start_milli_time=1659937565665
mrd_data=
user_agent=Mozilla/5.0 (Windows NT 10.0; Win64; x64) AppleWebKit/537.36 (KHTML, like Gecko) Chrome/104.0.0.0 Safari/537.36
mrd_path=http://localhost:8081/ReportingServer/mrd/sample.mrd

[2022-08-08 14:46:09.006][20220808144607479][RequestInfo]
rdid=20220808144607479
status=3
message=null
lastAccessTime=2022-08-08 14:46:07.479
mrd_param=/rfn [http://localhost:8081/ReportingServer/mrd/sample.txt] /rformcurformat [? #,###] /rformnumformat [#,###.###] /rbrowserlocale [ko]
export_type=pdf
opcode=500
request_uri=http://0:0:0:0:0:0:0:1:8081/ReportingServer
file_r_path=2022/08/08/20220808144607479.pdf
finish_time=20220808144609
finish_milli_time=1659937569006
start_time=20220808144607
protocol=sync
remote_ip=0:0:0:0:0:0:0:1
scheduler_execute_step=Post Processing
export_page=18
elapsed_time=1.527 (sec)
start_milli_time=1659937567479
crownix-client=html5viewer
user_agent=Mozilla/5.0 (Windows NT 10.0; Win64; x64) AppleWebKit/537.36 (KHTML, like Gecko) Chrome/104.0.0.0 Safari/537.36
mrd_path=http://localhost:8081/ReportingServer/mrd/sample.mrd
file_a_path=C:/Program Files/Apache Software Foundation/apache-tomcat-8.5.50/webapps/ReportingServer/report/2022/08/08/20220808144607479.pdf

[2022-08-08 14:46:21.202][20220808144620456][RequestInfo]
rdid=20220808144620456
status=3
message=null
lastAccessTime=2022-08-08 14:46:20.456
mrd_param=/rfn [http://localhost:8081/ReportingServer/mrd/sample.txt]
opcode=700
request_uri=http://0:0:0:0:0:0:0:1:8081/ReportingServer
finish_time=20220808144621
finish_milli_time=1659937581202
start_time=20220808144620
protocol=sync
remote_ip=0:0:0:0:0:0:0:1
scheduler_execute_step=Post Processing
runtime_param=
mrd_plain_param=
elapsed_time=0.746 (sec)
mmlVersion=0
start_milli_time=1659937580456
mrd_data=
user_agent=Mozilla/5.0 (Windows NT 10.0; Win64; x64) AppleWebKit/537.36 (KHTML, like Gecko) Chrome/104.0.0.0 Safari/537.36
mrd_path=http://localhost:8081/ReportingServer/mrd/sample.mrd

[2022-08-08 14:46:23.100][20220808144622766][RequestInfo]
rdid=20220808144622766
status=3
message=null
lastAccessTime=2022-08-08 14:46:22.765
mrd_param=/rfn [http://localhost:8081/ReportingServer/mrd/sample.txt] /rformcurformat [? #,###] /rformnumformat [#,###.###] /rbrowserlocale [ko]
export_type=doc
opcode=500
request_uri=http://0:0:0:0:0:0:0:1:8081/ReportingServer
file_r_path=2022/08/08/20220808144622766.doc
finish_time=20220808144623
finish_milli_time=1659937583100
start_time=20220808144622
protocol=sync
remote_ip=0:0:0:0:0:0:0:1
scheduler_execute_step=Post Processing
export_page=18
elapsed_time=0.334 (sec)
start_milli_time=1659937582766
crownix-client=html5viewer
user_agent=Mozilla/5.0 (Windows NT 10.0; Win64; x64) AppleWebKit/537.36 (KHTML, like Gecko) Chrome/104.0.0.0 Safari/537.36
mrd_path=http://localhost:8081/ReportingServer/mrd/sample.mrd
file_a_path=C:/Program Files/Apache Software Foundation/apache-tomcat-8.5.50/webapps/ReportingServer/report/2022/08/08/20220808144622766.doc

[2022-08-08 14:51:03.716][20220808145103412][RequestInfo]
rdid=20220808145103412
status=3
message=null
lastAccessTime=2022-08-08 14:51:03.411
mrd_param=/rfn [http://localhost:8081/ReportingServer/mrd/sample.txt]
opcode=700
request_uri=http://0:0:0:0:0:0:0:1:8081/ReportingServer
finish_time=20220808145103
finish_milli_time=1659937863715
start_time=20220808145103
protocol=sync
remote_ip=0:0:0:0:0:0:0:1
scheduler_execute_step=Post Processing
runtime_param=
mrd_plain_param=
elapsed_time=0.303 (sec)
mmlVersion=0
start_milli_time=1659937863412
mrd_data=
user_agent=Mozilla/5.0 (Windows NT 10.0; Win64; x64) AppleWebKit/537.36 (KHTML, like Gecko) Chrome/104.0.0.0 Safari/537.36
mrd_path=http://localhost:8081/ReportingServer/mrd/sample.mrd

[2022-08-08 14:51:07.589][20220808145106264][RequestInfo]
rdid=20220808145106264
status=3
message=null
lastAccessTime=2022-08-08 14:51:06.264
mrd_param=/rfn [http://localhost:8081/ReportingServer/mrd/sample.txt] /rformcurformat [? #,###] /rformnumformat [#,###.###] /rbrowserlocale [ko]
export_type=pdf
opcode=500
request_uri=http://0:0:0:0:0:0:0:1:8081/ReportingServer
file_r_path=2022/08/08/20220808145106264.pdf
finish_time=20220808145107
finish_milli_time=1659937867588
start_time=20220808145106
protocol=sync
remote_ip=0:0:0:0:0:0:0:1
scheduler_execute_step=Post Processing
export_page=18
elapsed_time=1.324 (sec)
start_milli_time=1659937866264
crownix-client=html5viewer
user_agent=Mozilla/5.0 (Windows NT 10.0; Win64; x64) AppleWebKit/537.36 (KHTML, like Gecko) Chrome/104.0.0.0 Safari/537.36
mrd_path=http://localhost:8081/ReportingServer/mrd/sample.mrd
file_a_path=C:/Program Files/Apache Software Foundation/apache-tomcat-8.5.50/webapps/ReportingServer/report/2022/08/08/20220808145106264.pdf

[2022-08-08 14:51:19.430][20220808145118237][RequestInfo]
rdid=20220808145118237
status=3
message=null
lastAccessTime=2022-08-08 14:51:18.237
mrd_param=/rfn [http://localhost:8081/ReportingServer/mrd/sample.txt] /rformcurformat [? #,###] /rformnumformat [#,###.###] /rbrowserlocale [ko]
export_type=pdf
opcode=500
request_uri=http://0:0:0:0:0:0:0:1:8081/ReportingServer
file_r_path=2022/08/08/20220808145118237.pdf
finish_time=20220808145119
finish_milli_time=1659937879430
start_time=20220808145118
protocol=sync
remote_ip=0:0:0:0:0:0:0:1
scheduler_execute_step=Post Processing
export_page=18
elapsed_time=1.193 (sec)
start_milli_time=1659937878237
crownix-client=html5viewer
user_agent=Mozilla/5.0 (Windows NT 10.0; Win64; x64) AppleWebKit/537.36 (KHTML, like Gecko) Chrome/104.0.0.0 Safari/537.36
mrd_path=http://localhost:8081/ReportingServer/mrd/sample.mrd
file_a_path=C:/Program Files/Apache Software Foundation/apache-tomcat-8.5.50/webapps/ReportingServer/report/2022/08/08/20220808145118237.pdf

[2022-08-08 14:51:45.104][20220808145144748][RequestInfo]
rdid=20220808145144748
status=3
message=null
lastAccessTime=2022-08-08 14:51:44.748
mrd_param=/rfn [http://localhost:8081/ReportingServer/mrd/sample.txt]
opcode=700
request_uri=http://0:0:0:0:0:0:0:1:8081/ReportingServer
finish_time=20220808145145
finish_milli_time=1659937905103
start_time=20220808145144
protocol=sync
remote_ip=0:0:0:0:0:0:0:1
scheduler_execute_step=Post Processing
runtime_param=
mrd_plain_param=
elapsed_time=0.355 (sec)
mmlVersion=0
start_milli_time=1659937904748
mrd_data=
user_agent=Mozilla/5.0 (Windows NT 10.0; Win64; x64) AppleWebKit/537.36 (KHTML, like Gecko) Chrome/104.0.0.0 Safari/537.36
mrd_path=http://localhost:8081/ReportingServer/mrd/sample.mrd

[2022-08-08 14:51:48.176][20220808145146464][RequestInfo]
rdid=20220808145146464
status=3
message=null
lastAccessTime=2022-08-08 14:51:46.463
mrd_param=/rfn [http://localhost:8081/ReportingServer/mrd/sample.txt] /rformcurformat [? #,###] /rformnumformat [#,###.###] /rbrowserlocale [ko]
export_type=pdf
opcode=500
request_uri=http://0:0:0:0:0:0:0:1:8081/ReportingServer
file_r_path=2022/08/08/20220808145146464.pdf
finish_time=20220808145148
finish_milli_time=1659937908176
start_time=20220808145146
protocol=sync
remote_ip=0:0:0:0:0:0:0:1
scheduler_execute_step=Post Processing
export_page=18
elapsed_time=1.712 (sec)
start_milli_time=1659937906464
crownix-client=html5viewer
user_agent=Mozilla/5.0 (Windows NT 10.0; Win64; x64) AppleWebKit/537.36 (KHTML, like Gecko) Chrome/104.0.0.0 Safari/537.36
mrd_path=http://localhost:8081/ReportingServer/mrd/sample.mrd
file_a_path=C:/Program Files/Apache Software Foundation/apache-tomcat-8.5.50/webapps/ReportingServer/report/2022/08/08/20220808145146464.pdf

[2022-08-08 14:52:02.030][20220808145201605][RequestInfo]
rdid=20220808145201605
status=3
message=null
lastAccessTime=2022-08-08 14:52:01.604
mrd_param=/rfn [http://localhost:8081/ReportingServer/mrd/sample.txt]
opcode=700
request_uri=http://0:0:0:0:0:0:0:1:8081/ReportingServer
finish_time=20220808145202
finish_milli_time=1659937922030
start_time=20220808145201
protocol=sync
remote_ip=0:0:0:0:0:0:0:1
scheduler_execute_step=Post Processing
runtime_param=
mrd_plain_param=
elapsed_time=0.425 (sec)
mmlVersion=0
start_milli_time=1659937921605
mrd_data=
user_agent=Mozilla/5.0 (Windows NT 10.0; Win64; x64) AppleWebKit/537.36 (KHTML, like Gecko) Chrome/104.0.0.0 Safari/537.36
mrd_path=http://localhost:8081/ReportingServer/mrd/sample.mrd

[2022-08-08 14:52:04.319][20220808145203902][RequestInfo]
rdid=20220808145203902
status=3
message=null
lastAccessTime=2022-08-08 14:52:03.902
mrd_param=/rfn [http://localhost:8081/ReportingServer/mrd/sample.txt]
opcode=700
request_uri=http://0:0:0:0:0:0:0:1:8081/ReportingServer
finish_time=20220808145204
finish_milli_time=1659937924319
start_time=20220808145203
protocol=sync
remote_ip=0:0:0:0:0:0:0:1
scheduler_execute_step=Post Processing
runtime_param=
mrd_plain_param=
elapsed_time=0.417 (sec)
mmlVersion=0
start_milli_time=1659937923902
mrd_data=
user_agent=Mozilla/5.0 (Windows NT 10.0; Win64; x64) AppleWebKit/537.36 (KHTML, like Gecko) Chrome/104.0.0.0 Safari/537.36
mrd_path=http://localhost:8081/ReportingServer/mrd/sample.mrd

[2022-08-08 14:52:26.513][20220808145226122][RequestInfo]
rdid=20220808145226122
status=3
message=null
lastAccessTime=2022-08-08 14:52:26.121
mrd_param=/rfn [http://localhost:8081/ReportingServer/mrd/sample.txt]
opcode=700
request_uri=http://0:0:0:0:0:0:0:1:8081/ReportingServer
finish_time=20220808145226
finish_milli_time=1659937946513
start_time=20220808145226
protocol=sync
remote_ip=0:0:0:0:0:0:0:1
scheduler_execute_step=Post Processing
runtime_param=
mrd_plain_param=
elapsed_time=0.391 (sec)
mmlVersion=0
start_milli_time=1659937946122
mrd_data=
user_agent=Mozilla/5.0 (Windows NT 10.0; Win64; x64) AppleWebKit/537.36 (KHTML, like Gecko) Chrome/104.0.0.0 Safari/537.36
mrd_path=http://localhost:8081/ReportingServer/mrd/sample.mrd

[2022-08-08 14:53:53.776][20220808145353509][RequestInfo]
rdid=20220808145353509
status=3
message=null
lastAccessTime=2022-08-08 14:53:53.509
mrd_param=/rfn [http://localhost:8081/ReportingServer/mrd/sample.txt]
opcode=700
request_uri=http://0:0:0:0:0:0:0:1:8081/ReportingServer
finish_time=20220808145353
finish_milli_time=1659938033776
start_time=20220808145353
protocol=sync
remote_ip=0:0:0:0:0:0:0:1
scheduler_execute_step=Post Processing
runtime_param=
mrd_plain_param=
elapsed_time=0.267 (sec)
mmlVersion=0
start_milli_time=1659938033509
mrd_data=
user_agent=Mozilla/5.0 (Windows NT 10.0; Win64; x64) AppleWebKit/537.36 (KHTML, like Gecko) Chrome/104.0.0.0 Safari/537.36
mrd_path=http://localhost:8081/ReportingServer/mrd/sample.mrd

[2022-08-08 14:54:01.777][20220808145400605][RequestInfo]
rdid=20220808145400605
status=3
message=null
lastAccessTime=2022-08-08 14:54:00.604
mrd_param=/rfn [http://localhost:8081/ReportingServer/mrd/sample.txt] /rformcurformat [? #,###] /rformnumformat [#,###.###] /rbrowserlocale [ko]
export_type=pdf
opcode=500
request_uri=http://0:0:0:0:0:0:0:1:8081/ReportingServer
file_r_path=2022/08/08/20220808145400605.pdf
finish_time=20220808145401
finish_milli_time=1659938041777
start_time=20220808145400
protocol=sync
remote_ip=0:0:0:0:0:0:0:1
scheduler_execute_step=Post Processing
export_page=18
elapsed_time=1.172 (sec)
start_milli_time=1659938040605
crownix-client=html5viewer
user_agent=Mozilla/5.0 (Windows NT 10.0; Win64; x64) AppleWebKit/537.36 (KHTML, like Gecko) Chrome/104.0.0.0 Safari/537.36
mrd_path=http://localhost:8081/ReportingServer/mrd/sample.mrd
file_a_path=C:/Program Files/Apache Software Foundation/apache-tomcat-8.5.50/webapps/ReportingServer/report/2022/08/08/20220808145400605.pdf

[2022-08-08 14:56:16.961][20220808145616700][RequestInfo]
rdid=20220808145616700
status=3
message=null
lastAccessTime=2022-08-08 14:56:16.700
mrd_param=/rfn [http://localhost:8081/ReportingServer/mrd/sample.txt]
opcode=700
request_uri=http://0:0:0:0:0:0:0:1:8081/ReportingServer
finish_time=20220808145616
finish_milli_time=1659938176960
start_time=20220808145616
protocol=sync
remote_ip=0:0:0:0:0:0:0:1
scheduler_execute_step=Post Processing
runtime_param=
mrd_plain_param=
elapsed_time=0.26 (sec)
mmlVersion=0
start_milli_time=1659938176700
mrd_data=
user_agent=Mozilla/5.0 (Windows NT 10.0; Win64; x64) AppleWebKit/537.36 (KHTML, like Gecko) Chrome/104.0.0.0 Safari/537.36
mrd_path=http://localhost:8081/ReportingServer/mrd/sample.mrd

[2022-08-08 14:56:19.647][20220808145618295][RequestInfo]
rdid=20220808145618295
status=3
message=null
lastAccessTime=2022-08-08 14:56:18.295
mrd_param=/rfn [http://localhost:8081/ReportingServer/mrd/sample.txt] /rformcurformat [? #,###] /rformnumformat [#,###.###] /rbrowserlocale [ko]
export_type=pdf
opcode=500
request_uri=http://0:0:0:0:0:0:0:1:8081/ReportingServer
file_r_path=2022/08/08/20220808145618295.pdf
finish_time=20220808145619
finish_milli_time=1659938179647
start_time=20220808145618
protocol=sync
remote_ip=0:0:0:0:0:0:0:1
scheduler_execute_step=Post Processing
export_page=18
elapsed_time=1.352 (sec)
start_milli_time=1659938178295
crownix-client=html5viewer
user_agent=Mozilla/5.0 (Windows NT 10.0; Win64; x64) AppleWebKit/537.36 (KHTML, like Gecko) Chrome/104.0.0.0 Safari/537.36
mrd_path=http://localhost:8081/ReportingServer/mrd/sample.mrd
file_a_path=C:/Program Files/Apache Software Foundation/apache-tomcat-8.5.50/webapps/ReportingServer/report/2022/08/08/20220808145618295.pdf

[2022-08-08 14:58:03.622][20220808145803274][RequestInfo]
rdid=20220808145803274
status=3
message=null
lastAccessTime=2022-08-08 14:58:03.274
mrd_param=/rfn [http://localhost:8081/ReportingServer/mrd/sample.txt]
opcode=700
request_uri=http://0:0:0:0:0:0:0:1:8081/ReportingServer
finish_time=20220808145803
finish_milli_time=1659938283622
start_time=20220808145803
protocol=sync
remote_ip=0:0:0:0:0:0:0:1
scheduler_execute_step=Post Processing
runtime_param=
mrd_plain_param=
elapsed_time=0.348 (sec)
mmlVersion=0
start_milli_time=1659938283274
mrd_data=
user_agent=Mozilla/5.0 (Windows NT 10.0; Win64; x64) AppleWebKit/537.36 (KHTML, like Gecko) Chrome/104.0.0.0 Safari/537.36
mrd_path=http://localhost:8081/ReportingServer/mrd/sample.mrd

[2022-08-08 14:58:06.302][20220808145805095][RequestInfo]
rdid=20220808145805095
status=3
message=null
lastAccessTime=2022-08-08 14:58:05.095
mrd_param=/rfn [http://localhost:8081/ReportingServer/mrd/sample.txt] /rformcurformat [? #,###] /rformnumformat [#,###.###] /rbrowserlocale [ko]
export_type=pdf
opcode=500
request_uri=http://0:0:0:0:0:0:0:1:8081/ReportingServer
file_r_path=2022/08/08/20220808145805095.pdf
finish_time=20220808145806
finish_milli_time=1659938286302
start_time=20220808145805
protocol=sync
remote_ip=0:0:0:0:0:0:0:1
scheduler_execute_step=Post Processing
export_page=18
elapsed_time=1.207 (sec)
start_milli_time=1659938285095
crownix-client=html5viewer
user_agent=Mozilla/5.0 (Windows NT 10.0; Win64; x64) AppleWebKit/537.36 (KHTML, like Gecko) Chrome/104.0.0.0 Safari/537.36
mrd_path=http://localhost:8081/ReportingServer/mrd/sample.mrd
file_a_path=C:/Program Files/Apache Software Foundation/apache-tomcat-8.5.50/webapps/ReportingServer/report/2022/08/08/20220808145805095.pdf

[2022-08-08 14:59:12.269][20220808145911777][RequestInfo]
rdid=20220808145911777
status=3
message=null
lastAccessTime=2022-08-08 14:59:11.777
mrd_param=/rfn [http://localhost:8081/ReportingServer/mrd/sample.txt]
opcode=700
request_uri=http://0:0:0:0:0:0:0:1:8081/ReportingServer
finish_time=20220808145912
finish_milli_time=1659938352269
start_time=20220808145911
protocol=sync
remote_ip=0:0:0:0:0:0:0:1
scheduler_execute_step=Post Processing
runtime_param=
mrd_plain_param=
elapsed_time=0.492 (sec)
mmlVersion=0
start_milli_time=1659938351777
mrd_data=
user_agent=Mozilla/5.0 (Windows NT 10.0; Win64; x64) AppleWebKit/537.36 (KHTML, like Gecko) Chrome/104.0.0.0 Safari/537.36
mrd_path=http://localhost:8081/ReportingServer/mrd/sample.mrd

[2022-08-08 14:59:15.652][20220808145913403][RequestInfo]
rdid=20220808145913403
status=3
message=null
lastAccessTime=2022-08-08 14:59:13.403
mrd_param=/rfn [http://localhost:8081/ReportingServer/mrd/sample.txt] /rformcurformat [? #,###] /rformnumformat [#,###.###] /rbrowserlocale [ko]
export_type=pdf
opcode=500
request_uri=http://0:0:0:0:0:0:0:1:8081/ReportingServer
file_r_path=2022/08/08/20220808145913403.pdf
finish_time=20220808145915
finish_milli_time=1659938355651
start_time=20220808145913
protocol=sync
remote_ip=0:0:0:0:0:0:0:1
scheduler_execute_step=Post Processing
export_page=18
elapsed_time=2.248 (sec)
start_milli_time=1659938353403
crownix-client=html5viewer
user_agent=Mozilla/5.0 (Windows NT 10.0; Win64; x64) AppleWebKit/537.36 (KHTML, like Gecko) Chrome/104.0.0.0 Safari/537.36
mrd_path=http://localhost:8081/ReportingServer/mrd/sample.mrd
file_a_path=C:/Program Files/Apache Software Foundation/apache-tomcat-8.5.50/webapps/ReportingServer/report/2022/08/08/20220808145913403.pdf

[2022-08-08 15:02:56.050][20220808150255621][RequestInfo]
rdid=20220808150255621
status=3
message=null
lastAccessTime=2022-08-08 15:02:55.621
mrd_param=/rfn [http://localhost:8081/ReportingServer/mrd/sample.txt]
opcode=700
request_uri=http://0:0:0:0:0:0:0:1:8081/ReportingServer
finish_time=20220808150256
finish_milli_time=1659938576050
start_time=20220808150255
protocol=sync
remote_ip=0:0:0:0:0:0:0:1
scheduler_execute_step=Post Processing
runtime_param=
mrd_plain_param=
elapsed_time=0.429 (sec)
mmlVersion=0
start_milli_time=1659938575621
mrd_data=
user_agent=Mozilla/5.0 (Windows NT 10.0; Win64; x64) AppleWebKit/537.36 (KHTML, like Gecko) Chrome/104.0.0.0 Safari/537.36
mrd_path=http://localhost:8081/ReportingServer/mrd/sample.mrd

[2022-08-08 15:02:58.746][20220808150257239][RequestInfo]
rdid=20220808150257239
status=3
message=null
lastAccessTime=2022-08-08 15:02:57.238
mrd_param=/rfn [http://localhost:8081/ReportingServer/mrd/sample.txt] /rformcurformat [? #,###] /rformnumformat [#,###.###] /rbrowserlocale [ko]
export_type=pdf
opcode=500
request_uri=http://0:0:0:0:0:0:0:1:8081/ReportingServer
file_r_path=2022/08/08/20220808150257239.pdf
finish_time=20220808150258
finish_milli_time=1659938578746
start_time=20220808150257
protocol=sync
remote_ip=0:0:0:0:0:0:0:1
scheduler_execute_step=Post Processing
export_page=18
elapsed_time=1.507 (sec)
start_milli_time=1659938577239
crownix-client=html5viewer
user_agent=Mozilla/5.0 (Windows NT 10.0; Win64; x64) AppleWebKit/537.36 (KHTML, like Gecko) Chrome/104.0.0.0 Safari/537.36
mrd_path=http://localhost:8081/ReportingServer/mrd/sample.mrd
file_a_path=C:/Program Files/Apache Software Foundation/apache-tomcat-8.5.50/webapps/ReportingServer/report/2022/08/08/20220808150257239.pdf

[2022-08-08 15:03:06.411][20220808150305205][RequestInfo]
rdid=20220808150305205
status=3
message=null
lastAccessTime=2022-08-08 15:03:05.205
mrd_param=/rfn [http://localhost:8081/ReportingServer/mrd/sample.txt] /rformcurformat [? #,###] /rformnumformat [#,###.###] /rbrowserlocale [ko]
export_type=xls
opcode=500
request_uri=http://0:0:0:0:0:0:0:1:8081/ReportingServer
file_r_path=2022/08/08/20220808150305205.xls
finish_time=20220808150306
finish_milli_time=1659938586411
start_time=20220808150305
protocol=sync
remote_ip=0:0:0:0:0:0:0:1
scheduler_execute_step=Post Processing
export_page=18
elapsed_time=1.206 (sec)
start_milli_time=1659938585205
crownix-client=html5viewer
user_agent=Mozilla/5.0 (Windows NT 10.0; Win64; x64) AppleWebKit/537.36 (KHTML, like Gecko) Chrome/104.0.0.0 Safari/537.36
mrd_path=http://localhost:8081/ReportingServer/mrd/sample.mrd
file_a_path=C:/Program Files/Apache Software Foundation/apache-tomcat-8.5.50/webapps/ReportingServer/report/2022/08/08/20220808150305205.xls

[2022-08-08 15:03:18.890][20220808150318496][RequestInfo]
rdid=20220808150318496
status=3
message=null
lastAccessTime=2022-08-08 15:03:18.496
mrd_param=/rfn [http://localhost:8081/ReportingServer/mrd/sample.txt]
opcode=700
request_uri=http://0:0:0:0:0:0:0:1:8081/ReportingServer
finish_time=20220808150318
finish_milli_time=1659938598890
start_time=20220808150318
protocol=sync
remote_ip=0:0:0:0:0:0:0:1
scheduler_execute_step=Post Processing
runtime_param=
mrd_plain_param=
elapsed_time=0.394 (sec)
mmlVersion=0
start_milli_time=1659938598496
mrd_data=
user_agent=Mozilla/5.0 (Windows NT 10.0; Win64; x64) AppleWebKit/537.36 (KHTML, like Gecko) Chrome/104.0.0.0 Safari/537.36
mrd_path=http://localhost:8081/ReportingServer/mrd/sample.mrd

[2022-08-08 15:03:21.876][20220808150320225][RequestInfo]
rdid=20220808150320225
status=3
message=null
lastAccessTime=2022-08-08 15:03:20.225
mrd_param=/rfn [http://localhost:8081/ReportingServer/mrd/sample.txt] /rformcurformat [? #,###] /rformnumformat [#,###.###] /rbrowserlocale [ko]
export_type=pdf
opcode=500
request_uri=http://0:0:0:0:0:0:0:1:8081/ReportingServer
file_r_path=2022/08/08/20220808150320225.pdf
finish_time=20220808150321
finish_milli_time=1659938601876
start_time=20220808150320
protocol=sync
remote_ip=0:0:0:0:0:0:0:1
scheduler_execute_step=Post Processing
export_page=18
elapsed_time=1.651 (sec)
start_milli_time=1659938600225
crownix-client=html5viewer
user_agent=Mozilla/5.0 (Windows NT 10.0; Win64; x64) AppleWebKit/537.36 (KHTML, like Gecko) Chrome/104.0.0.0 Safari/537.36
mrd_path=http://localhost:8081/ReportingServer/mrd/sample.mrd
file_a_path=C:/Program Files/Apache Software Foundation/apache-tomcat-8.5.50/webapps/ReportingServer/report/2022/08/08/20220808150320225.pdf

[2022-08-08 15:03:28.535][20220808150328172][RequestInfo]
rdid=20220808150328172
status=3
message=null
lastAccessTime=2022-08-08 15:03:28.172
mrd_param=/rfn [http://localhost:8081/ReportingServer/mrd/sample.txt] /rformcurformat [? #,###] /rformnumformat [#,###.###] /rbrowserlocale [ko]
export_type=doc
opcode=500
request_uri=http://0:0:0:0:0:0:0:1:8081/ReportingServer
file_r_path=2022/08/08/20220808150328172.doc
finish_time=20220808150328
finish_milli_time=1659938608535
start_time=20220808150328
protocol=sync
remote_ip=0:0:0:0:0:0:0:1
scheduler_execute_step=Post Processing
export_page=18
elapsed_time=0.363 (sec)
start_milli_time=1659938608172
crownix-client=html5viewer
user_agent=Mozilla/5.0 (Windows NT 10.0; Win64; x64) AppleWebKit/537.36 (KHTML, like Gecko) Chrome/104.0.0.0 Safari/537.36
mrd_path=http://localhost:8081/ReportingServer/mrd/sample.mrd
file_a_path=C:/Program Files/Apache Software Foundation/apache-tomcat-8.5.50/webapps/ReportingServer/report/2022/08/08/20220808150328172.doc

[2022-08-08 17:31:56.959][20220808173156594][RequestInfo]
rdid=20220808173156594
status=3
message=null
lastAccessTime=2022-08-08 17:31:56.591
mrd_param=/rfn [http://localhost:8081/ReportingServer/mrd/sample.txt]
opcode=700
request_uri=http://0:0:0:0:0:0:0:1:8081/ReportingServer
finish_time=20220808173156
finish_milli_time=1659947516958
start_time=20220808173156
protocol=sync
remote_ip=0:0:0:0:0:0:0:1
scheduler_execute_step=Post Processing
runtime_param=
mrd_plain_param=
elapsed_time=0.364 (sec)
mmlVersion=0
start_milli_time=1659947516594
mrd_data=
user_agent=Mozilla/5.0 (Windows NT 10.0; Win64; x64) AppleWebKit/537.36 (KHTML, like Gecko) Chrome/104.0.0.0 Safari/537.36
mrd_path=http://localhost:8081/ReportingServer/mrd/sample.mrd

[2022-08-08 17:32:00.528][20220808173159450][RequestInfo]
rdid=20220808173159450
status=3
message=null
lastAccessTime=2022-08-08 17:31:59.450
mrd_param=/rfn [http://localhost:8081/ReportingServer/mrd/sample.txt] /rformcurformat [? #,###] /rformnumformat [#,###.###] /rbrowserlocale [ko]
export_type=pdf
opcode=500
request_uri=http://0:0:0:0:0:0:0:1:8081/ReportingServer
file_r_path=2022/08/08/20220808173159450.pdf
finish_time=20220808173200
finish_milli_time=1659947520528
start_time=20220808173159
protocol=sync
remote_ip=0:0:0:0:0:0:0:1
scheduler_execute_step=Post Processing
export_page=18
elapsed_time=1.078 (sec)
start_milli_time=1659947519450
crownix-client=html5viewer
user_agent=Mozilla/5.0 (Windows NT 10.0; Win64; x64) AppleWebKit/537.36 (KHTML, like Gecko) Chrome/104.0.0.0 Safari/537.36
mrd_path=http://localhost:8081/ReportingServer/mrd/sample.mrd
file_a_path=C:/Program Files/Apache Software Foundation/apache-tomcat-8.5.50/webapps/ReportingServer/report/2022/08/08/20220808173159450.pdf

[2022-08-08 17:33:16.760][20220808173316497][RequestInfo]
rdid=20220808173316497
status=3
message=null
lastAccessTime=2022-08-08 17:33:16.497
mrd_param=/rfn [http://localhost:8081/ReportingServer/mrd/sample.txt]
opcode=700
request_uri=http://0:0:0:0:0:0:0:1:8081/ReportingServer
finish_time=20220808173316
finish_milli_time=1659947596760
start_time=20220808173316
protocol=sync
remote_ip=0:0:0:0:0:0:0:1
scheduler_execute_step=Post Processing
runtime_param=
mrd_plain_param=
elapsed_time=0.263 (sec)
mmlVersion=0
start_milli_time=1659947596497
mrd_data=
user_agent=Mozilla/5.0 (Windows NT 10.0; Win64; x64) AppleWebKit/537.36 (KHTML, like Gecko) Chrome/104.0.0.0 Safari/537.36
mrd_path=http://localhost:8081/ReportingServer/mrd/sample.mrd

[2022-08-08 17:33:23.308][20220808173322138][RequestInfo]
rdid=20220808173322138
status=3
message=null
lastAccessTime=2022-08-08 17:33:22.138
mrd_param=/rfn [http://localhost:8081/ReportingServer/mrd/sample.txt] /rformcurformat [? #,###] /rformnumformat [#,###.###] /rbrowserlocale [ko]
export_type=pdf
opcode=500
request_uri=http://0:0:0:0:0:0:0:1:8081/ReportingServer
file_r_path=2022/08/08/20220808173322138.pdf
finish_time=20220808173323
finish_milli_time=1659947603308
start_time=20220808173322
protocol=sync
remote_ip=0:0:0:0:0:0:0:1
scheduler_execute_step=Post Processing
export_page=18
elapsed_time=1.17 (sec)
start_milli_time=1659947602138
crownix-client=html5viewer
user_agent=Mozilla/5.0 (Windows NT 10.0; Win64; x64) AppleWebKit/537.36 (KHTML, like Gecko) Chrome/104.0.0.0 Safari/537.36
mrd_path=http://localhost:8081/ReportingServer/mrd/sample.mrd
file_a_path=C:/Program Files/Apache Software Foundation/apache-tomcat-8.5.50/webapps/ReportingServer/report/2022/08/08/20220808173322138.pdf

