[
log_version=6.0
server_name=ERS Reporting Server
server_version=6.4.5.430
jbre_version=5.5.14.1010
customer_name=¸ÞµðÁ¨ÈÞ¸ÕÄÉ¾î
user.dir=C:\Program Files\Apache Software Foundation\apache-tomcat-8.5.50
os.name=Windows 10
os.version=10.0
java.version=1.8.0_275
java.vm.version=25.275-b01
java.vm.vendor=ojdkbuild
java.vm.name=OpenJDK 64-Bit Server VM
java.home=C:\Java\java-1.8.0-openjdk-1.8.0.275-1\jre
java.class.path=C:\Program Files\Apache Software Foundation\apache-tomcat-8.5.50\bin\bootstrap.jar;C:\Program Files\Apache Software Foundation\apache-tomcat-8.5.50\bin\tomcat-juli.jar
file.encoding=MS949
user.language=ko
]

[2022-05-26 13:23:32.380][20220526132331903][RequestInfo]
rdid=20220526132331903
status=3
message=null
lastAccessTime=2022-05-26 13:23:31.896
mrd_param=/rfn [http://localhost:8081/ReportingServer/mrd/sample.txt] /rsetpdfsecurity [ , ,0,0,0]
opcode=700
request_uri=http://0:0:0:0:0:0:0:1:8081/ReportingServer
finish_time=20220526132332
finish_milli_time=1653539012371
start_time=20220526132331
protocol=sync
remote_ip=0:0:0:0:0:0:0:1
scheduler_execute_step=Post Processing
runtime_param=
mrd_plain_param=
elapsed_time=0.467 (sec)
mmlVersion=0
start_milli_time=1653539011904
mrd_data=
user_agent=Mozilla/5.0 (Windows NT 10.0; Win64; x64) AppleWebKit/537.36 (KHTML, like Gecko) Chrome/101.0.4951.67 Safari/537.36
mrd_path=http://localhost:8081/ReportingServer/mrd/sample.mrd

[2022-05-26 13:23:36.814][20220526132335825][RequestInfo]
rdid=20220526132335825
status=3
message=null
lastAccessTime=2022-05-26 13:23:35.824
mrd_param=/rfn [http://localhost:8081/ReportingServer/mrd/sample.txt] /rsetpdfsecurity [ , ,0,0,0] /rformcurformat [? #,###] /rformnumformat [#,###.###] /rbrowserlocale [ko]
export_type=pdf
attatchment=true
delete_file=false
opcode=500
request_uri=http://0:0:0:0:0:0:0:1:8081/ReportingServer
file_r_path=2022/05/26/20220526132335825.pdf
finish_time=20220526132336
finish_milli_time=1653539016814
start_time=20220526132335
protocol=file
remote_ip=0:0:0:0:0:0:0:1
scheduler_execute_step=Post Processing
export_page=18
elapsed_time=0.989 (sec)
start_milli_time=1653539015825
crownix-client=html5viewer
user_agent=Mozilla/5.0 (Windows NT 10.0; Win64; x64) AppleWebKit/537.36 (KHTML, like Gecko) Chrome/101.0.4951.67 Safari/537.36
mrd_path=http://localhost:8081/ReportingServer/mrd/sample.mrd
file_a_path=C:/Program Files/Apache Software Foundation/apache-tomcat-8.5.50/webapps/ReportingServer/report/2022/05/26/20220526132335825.pdf

[2022-05-26 13:23:45.533][20220526132344313][RequestInfo]
rdid=20220526132344313
status=3
message=null
lastAccessTime=2022-05-26 13:23:44.313
mrd_param=/rpdfprintdialog /rfn [http://localhost:8081/ReportingServer/mrd/sample.txt] /rsetpdfsecurity [ , ,0,0,0] /rformcurformat [? #,###] /rformnumformat [#,###.###] /rbrowserlocale [ko]
export_type=pdf
attatchment=false
delete_file=true
opcode=500
request_uri=http://0:0:0:0:0:0:0:1:8081/ReportingServer
file_r_path=2022/05/26/20220526132344313.pdf
finish_time=20220526132345
finish_milli_time=1653539025533
start_time=20220526132344
protocol=file
remote_ip=0:0:0:0:0:0:0:1
scheduler_execute_step=Post Processing
export_page=18
elapsed_time=1.22 (sec)
start_milli_time=1653539024313
crownix-client=html5viewer
user_agent=Mozilla/5.0 (Windows NT 10.0; Win64; x64) AppleWebKit/537.36 (KHTML, like Gecko) Chrome/101.0.4951.67 Safari/537.36
mrd_path=http://localhost:8081/ReportingServer/mrd/sample.mrd
file_a_path=C:/Program Files/Apache Software Foundation/apache-tomcat-8.5.50/webapps/ReportingServer/report/2022/05/26/20220526132344313.pdf

[2022-05-26 13:23:56.176][20220526132355253][RequestInfo]
rdid=20220526132355253
status=3
message=null
lastAccessTime=2022-05-26 13:23:55.253
mrd_param=/rpdfprintdialog /rfn [http://localhost:8081/ReportingServer/mrd/sample.txt] /rsetpdfsecurity [ , ,0,0,0] /rformcurformat [? #,###] /rformnumformat [#,###.###] /rbrowserlocale [ko]
export_type=pdf
attatchment=false
delete_file=true
opcode=500
request_uri=http://0:0:0:0:0:0:0:1:8081/ReportingServer
file_r_path=2022/05/26/20220526132355253.pdf
finish_time=20220526132356
finish_milli_time=1653539036176
start_time=20220526132355
protocol=file
remote_ip=0:0:0:0:0:0:0:1
scheduler_execute_step=Post Processing
export_page=18
elapsed_time=0.923 (sec)
start_milli_time=1653539035253
crownix-client=html5viewer
user_agent=Mozilla/5.0 (Windows NT 10.0; Win64; x64) AppleWebKit/537.36 (KHTML, like Gecko) Chrome/101.0.4951.67 Safari/537.36
mrd_path=http://localhost:8081/ReportingServer/mrd/sample.mrd
file_a_path=C:/Program Files/Apache Software Foundation/apache-tomcat-8.5.50/webapps/ReportingServer/report/2022/05/26/20220526132355253.pdf

[2022-05-26 13:24:00.033][20220526132359021][RequestInfo]
rdid=20220526132359021
status=3
message=null
lastAccessTime=2022-05-26 13:23:59.021
mrd_param=/rpdfprintdialog /rfn [http://localhost:8081/ReportingServer/mrd/sample.txt] /rsetpdfsecurity [ , ,0,0,0] /rformcurformat [? #,###] /rformnumformat [#,###.###] /rbrowserlocale [ko]
export_type=pdf
attatchment=false
delete_file=true
opcode=500
request_uri=http://0:0:0:0:0:0:0:1:8081/ReportingServer
file_r_path=2022/05/26/20220526132359021.pdf
finish_time=20220526132400
finish_milli_time=1653539040033
start_time=20220526132359
protocol=file
remote_ip=0:0:0:0:0:0:0:1
scheduler_execute_step=Post Processing
export_page=18
elapsed_time=1.012 (sec)
start_milli_time=1653539039021
crownix-client=html5viewer
user_agent=Mozilla/5.0 (Windows NT 10.0; Win64; x64) AppleWebKit/537.36 (KHTML, like Gecko) Chrome/101.0.4951.67 Safari/537.36
mrd_path=http://localhost:8081/ReportingServer/mrd/sample.mrd
file_a_path=C:/Program Files/Apache Software Foundation/apache-tomcat-8.5.50/webapps/ReportingServer/report/2022/05/26/20220526132359021.pdf

[2022-05-26 13:24:16.259][20220526132416004][RequestInfo]
rdid=20220526132416004
status=3
message=null
lastAccessTime=2022-05-26 13:24:16.004
mrd_param=/rfn [http://localhost:8081/ReportingServer/mrd/sample.txt] /rsetpdfsecurity [ , ,0,0,0]
opcode=700
request_uri=http://0:0:0:0:0:0:0:1:8081/ReportingServer
finish_time=20220526132416
finish_milli_time=1653539056259
start_time=20220526132416
protocol=sync
remote_ip=0:0:0:0:0:0:0:1
scheduler_execute_step=Post Processing
runtime_param=
mrd_plain_param=
elapsed_time=0.255 (sec)
mmlVersion=0
start_milli_time=1653539056004
mrd_data=
user_agent=Mozilla/5.0 (Windows NT 10.0; Win64; x64) AppleWebKit/537.36 (KHTML, like Gecko) Chrome/101.0.4951.67 Safari/537.36
mrd_path=http://localhost:8081/ReportingServer/mrd/sample.mrd

[2022-05-26 13:24:18.575][20220526132417674][RequestInfo]
rdid=20220526132417674
status=3
message=null
lastAccessTime=2022-05-26 13:24:17.674
mrd_param=/rpdfprintdialog /rfn [http://localhost:8081/ReportingServer/mrd/sample.txt] /rsetpdfsecurity [ , ,0,0,0] /rformcurformat [? #,###] /rformnumformat [#,###.###] /rbrowserlocale [ko]
export_type=pdf
attatchment=false
delete_file=true
opcode=500
request_uri=http://0:0:0:0:0:0:0:1:8081/ReportingServer
file_r_path=2022/05/26/20220526132417674.pdf
finish_time=20220526132418
finish_milli_time=1653539058575
start_time=20220526132417
protocol=file
remote_ip=0:0:0:0:0:0:0:1
scheduler_execute_step=Post Processing
export_page=18
elapsed_time=0.901 (sec)
start_milli_time=1653539057674
crownix-client=html5viewer
user_agent=Mozilla/5.0 (Windows NT 10.0; Win64; x64) AppleWebKit/537.36 (KHTML, like Gecko) Chrome/101.0.4951.67 Safari/537.36
mrd_path=http://localhost:8081/ReportingServer/mrd/sample.mrd
file_a_path=C:/Program Files/Apache Software Foundation/apache-tomcat-8.5.50/webapps/ReportingServer/report/2022/05/26/20220526132417674.pdf

[2022-05-26 13:24:45.530][20220526132445293][RequestInfo]
rdid=20220526132445293
status=3
message=null
lastAccessTime=2022-05-26 13:24:45.293
mrd_param=/rfn [http://localhost:8081/ReportingServer/mrd/sample.txt]
opcode=700
request_uri=http://0:0:0:0:0:0:0:1:8081/ReportingServer
finish_time=20220526132445
finish_milli_time=1653539085530
start_time=20220526132445
protocol=sync
remote_ip=0:0:0:0:0:0:0:1
scheduler_execute_step=Post Processing
runtime_param=
mrd_plain_param=
elapsed_time=0.237 (sec)
mmlVersion=0
start_milli_time=1653539085293
mrd_data=
user_agent=Mozilla/5.0 (Windows NT 10.0; Win64; x64) AppleWebKit/537.36 (KHTML, like Gecko) Chrome/101.0.4951.67 Safari/537.36
mrd_path=http://localhost:8081/ReportingServer/mrd/sample.mrd

[2022-05-26 13:24:47.299][20220526132446432][RequestInfo]
rdid=20220526132446432
status=3
message=null
lastAccessTime=2022-05-26 13:24:46.432
mrd_param=/rpdfprintdialog /rfn [http://localhost:8081/ReportingServer/mrd/sample.txt] /rformcurformat [? #,###] /rformnumformat [#,###.###] /rbrowserlocale [ko]
export_type=pdf
opcode=500
request_uri=http://0:0:0:0:0:0:0:1:8081/ReportingServer
file_r_path=2022/05/26/20220526132446432.pdf
finish_time=20220526132447
finish_milli_time=1653539087299
start_time=20220526132446
protocol=sync
remote_ip=0:0:0:0:0:0:0:1
scheduler_execute_step=Post Processing
export_page=18
elapsed_time=0.867 (sec)
start_milli_time=1653539086432
crownix-client=html5viewer
user_agent=Mozilla/5.0 (Windows NT 10.0; Win64; x64) AppleWebKit/537.36 (KHTML, like Gecko) Chrome/101.0.4951.67 Safari/537.36
mrd_path=http://localhost:8081/ReportingServer/mrd/sample.mrd
file_a_path=C:/Program Files/Apache Software Foundation/apache-tomcat-8.5.50/webapps/ReportingServer/report/2022/05/26/20220526132446432.pdf

[2022-05-26 13:24:58.536][20220526132457548][RequestInfo]
rdid=20220526132457548
status=3
message=null
lastAccessTime=2022-05-26 13:24:57.547
mrd_param=/rfn [http://localhost:8081/ReportingServer/mrd/sample.txt] /rformcurformat [? #,###] /rformnumformat [#,###.###] /rbrowserlocale [ko]
export_type=pdf
opcode=500
request_uri=http://0:0:0:0:0:0:0:1:8081/ReportingServer
file_r_path=2022/05/26/20220526132457548.pdf
finish_time=20220526132458
finish_milli_time=1653539098536
start_time=20220526132457
protocol=sync
remote_ip=0:0:0:0:0:0:0:1
scheduler_execute_step=Post Processing
export_page=18
elapsed_time=0.988 (sec)
start_milli_time=1653539097548
crownix-client=html5viewer
user_agent=Mozilla/5.0 (Windows NT 10.0; Win64; x64) AppleWebKit/537.36 (KHTML, like Gecko) Chrome/101.0.4951.67 Safari/537.36
mrd_path=http://localhost:8081/ReportingServer/mrd/sample.mrd
file_a_path=C:/Program Files/Apache Software Foundation/apache-tomcat-8.5.50/webapps/ReportingServer/report/2022/05/26/20220526132457548.pdf

[2022-05-26 13:25:12.073][20220526132511844][RequestInfo]
rdid=20220526132511844
status=3
message=null
lastAccessTime=2022-05-26 13:25:11.844
mrd_param=/rfn [http://localhost:8081/ReportingServer/mrd/sample.txt] /rsetpdfsecurity [ , ,0,0,0]
opcode=700
request_uri=http://0:0:0:0:0:0:0:1:8081/ReportingServer
finish_time=20220526132512
finish_milli_time=1653539112073
start_time=20220526132511
protocol=sync
remote_ip=0:0:0:0:0:0:0:1
scheduler_execute_step=Post Processing
runtime_param=
mrd_plain_param=
elapsed_time=0.229 (sec)
mmlVersion=0
start_milli_time=1653539111844
mrd_data=
user_agent=Mozilla/5.0 (Windows NT 10.0; Win64; x64) AppleWebKit/537.36 (KHTML, like Gecko) Chrome/101.0.4951.67 Safari/537.36
mrd_path=http://localhost:8081/ReportingServer/mrd/sample.mrd

[2022-05-26 13:25:13.146][20220526132512935][RequestInfo]
rdid=20220526132512935
status=3
message=null
lastAccessTime=2022-05-26 13:25:12.935
mrd_param=/rfn [http://localhost:8081/ReportingServer/mrd/sample.txt] /rsetpdfsecurity [ , ,0,0,0]
opcode=700
request_uri=http://0:0:0:0:0:0:0:1:8081/ReportingServer
finish_time=20220526132513
finish_milli_time=1653539113146
start_time=20220526132512
protocol=sync
remote_ip=0:0:0:0:0:0:0:1
scheduler_execute_step=Post Processing
runtime_param=
mrd_plain_param=
elapsed_time=0.211 (sec)
mmlVersion=0
start_milli_time=1653539112935
mrd_data=
user_agent=Mozilla/5.0 (Windows NT 10.0; Win64; x64) AppleWebKit/537.36 (KHTML, like Gecko) Chrome/101.0.4951.67 Safari/537.36
mrd_path=http://localhost:8081/ReportingServer/mrd/sample.mrd

[2022-05-26 13:25:14.076][20220526132513871][RequestInfo]
rdid=20220526132513871
status=3
message=null
lastAccessTime=2022-05-26 13:25:13.870
mrd_param=/rfn [http://localhost:8081/ReportingServer/mrd/sample.txt] /rsetpdfsecurity [ , ,0,0,0]
opcode=700
request_uri=http://0:0:0:0:0:0:0:1:8081/ReportingServer
finish_time=20220526132514
finish_milli_time=1653539114075
start_time=20220526132513
protocol=sync
remote_ip=0:0:0:0:0:0:0:1
scheduler_execute_step=Post Processing
runtime_param=
mrd_plain_param=
elapsed_time=0.204 (sec)
mmlVersion=0
start_milli_time=1653539113871
mrd_data=
user_agent=Mozilla/5.0 (Windows NT 10.0; Win64; x64) AppleWebKit/537.36 (KHTML, like Gecko) Chrome/101.0.4951.67 Safari/537.36
mrd_path=http://localhost:8081/ReportingServer/mrd/sample.mrd

[2022-05-26 13:25:15.873][20220526132514977][RequestInfo]
rdid=20220526132514977
status=3
message=null
lastAccessTime=2022-05-26 13:25:14.977
mrd_param=/rfn [http://localhost:8081/ReportingServer/mrd/sample.txt] /rsetpdfsecurity [ , ,0,0,0] /rformcurformat [? #,###] /rformnumformat [#,###.###] /rbrowserlocale [ko]
export_type=pdf
attatchment=true
delete_file=false
opcode=500
request_uri=http://0:0:0:0:0:0:0:1:8081/ReportingServer
file_r_path=2022/05/26/20220526132514977.pdf
finish_time=20220526132515
finish_milli_time=1653539115873
start_time=20220526132514
protocol=file
remote_ip=0:0:0:0:0:0:0:1
scheduler_execute_step=Post Processing
export_page=18
elapsed_time=0.896 (sec)
start_milli_time=1653539114977
crownix-client=html5viewer
user_agent=Mozilla/5.0 (Windows NT 10.0; Win64; x64) AppleWebKit/537.36 (KHTML, like Gecko) Chrome/101.0.4951.67 Safari/537.36
mrd_path=http://localhost:8081/ReportingServer/mrd/sample.mrd
file_a_path=C:/Program Files/Apache Software Foundation/apache-tomcat-8.5.50/webapps/ReportingServer/report/2022/05/26/20220526132514977.pdf

[2022-05-26 13:25:24.416][20220526132523219][RequestInfo]
rdid=20220526132523219
status=3
message=null
lastAccessTime=2022-05-26 13:25:23.219
mrd_param=/rpdfprintdialog /rfn [http://localhost:8081/ReportingServer/mrd/sample.txt] /rsetpdfsecurity [ , ,0,0,0] /rformcurformat [? #,###] /rformnumformat [#,###.###] /rbrowserlocale [ko]
export_type=pdf
attatchment=false
delete_file=true
opcode=500
request_uri=http://0:0:0:0:0:0:0:1:8081/ReportingServer
file_r_path=2022/05/26/20220526132523219.pdf
finish_time=20220526132524
finish_milli_time=1653539124416
start_time=20220526132523
protocol=file
remote_ip=0:0:0:0:0:0:0:1
scheduler_execute_step=Post Processing
export_page=18
elapsed_time=1.197 (sec)
start_milli_time=1653539123219
crownix-client=html5viewer
user_agent=Mozilla/5.0 (Windows NT 10.0; Win64; x64) AppleWebKit/537.36 (KHTML, like Gecko) Chrome/101.0.4951.67 Safari/537.36
mrd_path=http://localhost:8081/ReportingServer/mrd/sample.mrd
file_a_path=C:/Program Files/Apache Software Foundation/apache-tomcat-8.5.50/webapps/ReportingServer/report/2022/05/26/20220526132523219.pdf

[2022-05-26 13:26:27.742][20220526132627517][RequestInfo]
rdid=20220526132627517
status=3
message=null
lastAccessTime=2022-05-26 13:26:27.517
mrd_param=/rfn [http://localhost:8081/ReportingServer/mrd/sample.txt] /rsetpdfsecurity [ , ,0,0,0]
opcode=700
request_uri=http://0:0:0:0:0:0:0:1:8081/ReportingServer
finish_time=20220526132627
finish_milli_time=1653539187741
start_time=20220526132627
protocol=sync
remote_ip=0:0:0:0:0:0:0:1
scheduler_execute_step=Post Processing
runtime_param=
mrd_plain_param=
elapsed_time=0.224 (sec)
mmlVersion=0
start_milli_time=1653539187517
mrd_data=
user_agent=Mozilla/5.0 (Windows NT 10.0; Win64; x64) AppleWebKit/537.36 (KHTML, like Gecko) Chrome/101.0.4951.67 Safari/537.36
mrd_path=http://localhost:8081/ReportingServer/mrd/sample.mrd

[2022-05-26 13:26:29.620][20220526132628644][RequestInfo]
rdid=20220526132628644
status=3
message=null
lastAccessTime=2022-05-26 13:26:28.644
mrd_param=/rpdfprintdialog /rfn [http://localhost:8081/ReportingServer/mrd/sample.txt] /rsetpdfsecurity [ , ,0,0,0] /rformcurformat [? #,###] /rformnumformat [#,###.###] /rbrowserlocale [ko]
export_type=pdf
attatchment=false
delete_file=true
opcode=500
request_uri=http://0:0:0:0:0:0:0:1:8081/ReportingServer
file_r_path=2022/05/26/20220526132628644.pdf
finish_time=20220526132629
finish_milli_time=1653539189620
start_time=20220526132628
protocol=file
remote_ip=0:0:0:0:0:0:0:1
scheduler_execute_step=Post Processing
export_page=18
elapsed_time=0.976 (sec)
start_milli_time=1653539188644
crownix-client=html5viewer
user_agent=Mozilla/5.0 (Windows NT 10.0; Win64; x64) AppleWebKit/537.36 (KHTML, like Gecko) Chrome/101.0.4951.67 Safari/537.36
mrd_path=http://localhost:8081/ReportingServer/mrd/sample.mrd
file_a_path=C:/Program Files/Apache Software Foundation/apache-tomcat-8.5.50/webapps/ReportingServer/report/2022/05/26/20220526132628644.pdf

[2022-05-26 13:26:34.996][20220526132634135][RequestInfo]
rdid=20220526132634135
status=3
message=null
lastAccessTime=2022-05-26 13:26:34.135
mrd_param=/rfn [http://localhost:8081/ReportingServer/mrd/sample.txt] /rsetpdfsecurity [ , ,0,0,0] /rformcurformat [? #,###] /rformnumformat [#,###.###] /rbrowserlocale [ko]
export_type=pdf
attatchment=true
delete_file=false
opcode=500
request_uri=http://0:0:0:0:0:0:0:1:8081/ReportingServer
file_r_path=2022/05/26/20220526132634135.pdf
finish_time=20220526132634
finish_milli_time=1653539194996
start_time=20220526132634
protocol=file
remote_ip=0:0:0:0:0:0:0:1
scheduler_execute_step=Post Processing
export_page=18
elapsed_time=0.861 (sec)
start_milli_time=1653539194135
crownix-client=html5viewer
user_agent=Mozilla/5.0 (Windows NT 10.0; Win64; x64) AppleWebKit/537.36 (KHTML, like Gecko) Chrome/101.0.4951.67 Safari/537.36
mrd_path=http://localhost:8081/ReportingServer/mrd/sample.mrd
file_a_path=C:/Program Files/Apache Software Foundation/apache-tomcat-8.5.50/webapps/ReportingServer/report/2022/05/26/20220526132634135.pdf

[2022-05-26 13:31:34.543][20220526133134337][RequestInfo]
rdid=20220526133134337
status=3
message=null
lastAccessTime=2022-05-26 13:31:34.337
mrd_param=/rfn [sample.txt]
opcode=700
request_uri=http://0:0:0:0:0:0:0:1:8081/ReportingServer
finish_time=20220526133134
finish_milli_time=1653539494543
start_time=20220526133134
protocol=sync
remote_ip=0:0:0:0:0:0:0:1
scheduler_execute_step=Post Processing
runtime_param=
mrd_plain_param=
elapsed_time=0.206 (sec)
mmlVersion=0
start_milli_time=1653539494337
mrd_data=
user_agent=Mozilla/5.0 (Windows NT 10.0; Win64; x64) AppleWebKit/537.36 (KHTML, like Gecko) Chrome/101.0.4951.67 Safari/537.36
mrd_path=sample.mrd

[2022-05-26 13:31:37.255][20220526133136408][RequestInfo]
rdid=20220526133136408
status=3
message=null
lastAccessTime=2022-05-26 13:31:36.408
mrd_param=/rpdfprintdialog /rfn [sample.txt] /rformcurformat [? #,###] /rformnumformat [#,###.###] /rbrowserlocale [ko]
export_type=pdf
opcode=500
request_uri=http://0:0:0:0:0:0:0:1:8081/ReportingServer
file_r_path=2022/05/26/20220526133136408.pdf
finish_time=20220526133137
finish_milli_time=1653539497255
start_time=20220526133136
protocol=sync
remote_ip=0:0:0:0:0:0:0:1
scheduler_execute_step=Post Processing
export_page=18
elapsed_time=0.847 (sec)
start_milli_time=1653539496408
crownix-client=html5viewer
user_agent=Mozilla/5.0 (Windows NT 10.0; Win64; x64) AppleWebKit/537.36 (KHTML, like Gecko) Chrome/101.0.4951.67 Safari/537.36
mrd_path=sample.mrd
file_a_path=C:/Program Files/Apache Software Foundation/apache-tomcat-8.5.50/webapps/ReportingServer/report/2022/05/26/20220526133136408.pdf

[2022-05-26 13:31:58.479][20220526133157639][RequestInfo]
rdid=20220526133157639
status=3
message=null
lastAccessTime=2022-05-26 13:31:57.639
mrd_param=/rfn [sample.txt] /rformcurformat [? #,###] /rformnumformat [#,###.###] /rbrowserlocale [ko]
export_type=pdf
opcode=500
request_uri=http://0:0:0:0:0:0:0:1:8081/ReportingServer
file_r_path=2022/05/26/20220526133157639.pdf
finish_time=20220526133158
finish_milli_time=1653539518479
start_time=20220526133157
protocol=sync
remote_ip=0:0:0:0:0:0:0:1
scheduler_execute_step=Post Processing
export_page=18
elapsed_time=0.84 (sec)
start_milli_time=1653539517639
crownix-client=html5viewer
user_agent=Mozilla/5.0 (Windows NT 10.0; Win64; x64) AppleWebKit/537.36 (KHTML, like Gecko) Chrome/101.0.4951.67 Safari/537.36
mrd_path=sample.mrd
file_a_path=C:/Program Files/Apache Software Foundation/apache-tomcat-8.5.50/webapps/ReportingServer/report/2022/05/26/20220526133157639.pdf

[2022-05-26 13:32:17.727][20220526133217538][RequestInfo]
rdid=20220526133217538
status=3
message=null
lastAccessTime=2022-05-26 13:32:17.538
mrd_param=/rfn [sample.txt]
opcode=700
request_uri=http://0:0:0:0:0:0:0:1:8081/ReportingServer
finish_time=20220526133217
finish_milli_time=1653539537727
start_time=20220526133217
protocol=sync
remote_ip=0:0:0:0:0:0:0:1
scheduler_execute_step=Post Processing
runtime_param=
mrd_plain_param=
elapsed_time=0.189 (sec)
mmlVersion=0
start_milli_time=1653539537538
mrd_data=
user_agent=Mozilla/5.0 (Windows NT 10.0; Win64; x64) AppleWebKit/537.36 (KHTML, like Gecko) Chrome/101.0.4951.67 Safari/537.36
mrd_path=sample.mrd

[2022-05-26 13:32:18.745][20220526133218548][RequestInfo]
rdid=20220526133218548
status=3
message=null
lastAccessTime=2022-05-26 13:32:18.548
mrd_param=/rfn [sample.txt]
opcode=700
request_uri=http://0:0:0:0:0:0:0:1:8081/ReportingServer
finish_time=20220526133218
finish_milli_time=1653539538745
start_time=20220526133218
protocol=sync
remote_ip=0:0:0:0:0:0:0:1
scheduler_execute_step=Post Processing
runtime_param=
mrd_plain_param=
elapsed_time=0.197 (sec)
mmlVersion=0
start_milli_time=1653539538548
mrd_data=
user_agent=Mozilla/5.0 (Windows NT 10.0; Win64; x64) AppleWebKit/537.36 (KHTML, like Gecko) Chrome/101.0.4951.67 Safari/537.36
mrd_path=sample.mrd

[2022-05-26 13:32:20.073][20220526133219151][RequestInfo]
rdid=20220526133219151
status=3
message=null
lastAccessTime=2022-05-26 13:32:19.151
mrd_param=/rpdfprintdialog /rfn [sample.txt] /rformcurformat [? #,###] /rformnumformat [#,###.###] /rbrowserlocale [ko]
export_type=pdf
opcode=500
request_uri=http://0:0:0:0:0:0:0:1:8081/ReportingServer
file_r_path=2022/05/26/20220526133219151.pdf
finish_time=20220526133220
finish_milli_time=1653539540073
start_time=20220526133219
protocol=sync
remote_ip=0:0:0:0:0:0:0:1
scheduler_execute_step=Post Processing
export_page=18
elapsed_time=0.922 (sec)
start_milli_time=1653539539151
crownix-client=html5viewer
user_agent=Mozilla/5.0 (Windows NT 10.0; Win64; x64) AppleWebKit/537.36 (KHTML, like Gecko) Chrome/101.0.4951.67 Safari/537.36
mrd_path=sample.mrd
file_a_path=C:/Program Files/Apache Software Foundation/apache-tomcat-8.5.50/webapps/ReportingServer/report/2022/05/26/20220526133219151.pdf

[2022-05-26 13:32:36.111][20220526133235902][RequestInfo]
rdid=20220526133235902
status=3
message=null
lastAccessTime=2022-05-26 13:32:35.902
mrd_param=/rfn [sample.txt]
opcode=700
request_uri=http://0:0:0:0:0:0:0:1:8081/ReportingServer
finish_time=20220526133236
finish_milli_time=1653539556111
start_time=20220526133235
protocol=sync
remote_ip=0:0:0:0:0:0:0:1
scheduler_execute_step=Post Processing
runtime_param=
mrd_plain_param=
elapsed_time=0.209 (sec)
mmlVersion=0
start_milli_time=1653539555902
mrd_data=
user_agent=Mozilla/5.0 (Windows NT 10.0; Win64; x64) AppleWebKit/537.36 (KHTML, like Gecko) Chrome/101.0.4951.67 Safari/537.36
mrd_path=sample.mrd

[2022-05-26 14:04:32.884][20220526140432656][RequestInfo]
rdid=20220526140432656
status=3
message=null
lastAccessTime=2022-05-26 14:04:32.656
mrd_param=/rfn [http://localhost:8081/ReportingServer/mrd/sample.txt] /rsetpdfsecurity [ 11, 11,0,0,0]
opcode=700
request_uri=http://0:0:0:0:0:0:0:1:8081/ReportingServer
finish_time=20220526140432
finish_milli_time=1653541472884
start_time=20220526140432
protocol=sync
remote_ip=0:0:0:0:0:0:0:1
scheduler_execute_step=Post Processing
runtime_param=
mrd_plain_param=
elapsed_time=0.228 (sec)
mmlVersion=0
start_milli_time=1653541472656
mrd_data=
user_agent=Mozilla/5.0 (Windows NT 10.0; Win64; x64) AppleWebKit/537.36 (KHTML, like Gecko) Chrome/101.0.4951.67 Safari/537.36
mrd_path=http://localhost:8081/ReportingServer/mrd/sample.mrd

[2022-05-26 14:04:35.939][20220526140435046][RequestInfo]
rdid=20220526140435046
status=3
message=null
lastAccessTime=2022-05-26 14:04:35.046
mrd_param=/rfn [http://localhost:8081/ReportingServer/mrd/sample.txt] /rsetpdfsecurity [ 11, 11,0,0,0] /rformcurformat [? #,###] /rformnumformat [#,###.###] /rbrowserlocale [ko]
export_type=pdf
attatchment=true
delete_file=false
opcode=500
request_uri=http://0:0:0:0:0:0:0:1:8081/ReportingServer
file_r_path=2022/05/26/20220526140435046.pdf
finish_time=20220526140435
finish_milli_time=1653541475939
start_time=20220526140435
protocol=file
remote_ip=0:0:0:0:0:0:0:1
scheduler_execute_step=Post Processing
export_page=18
elapsed_time=0.893 (sec)
start_milli_time=1653541475046
crownix-client=html5viewer
user_agent=Mozilla/5.0 (Windows NT 10.0; Win64; x64) AppleWebKit/537.36 (KHTML, like Gecko) Chrome/101.0.4951.67 Safari/537.36
mrd_path=http://localhost:8081/ReportingServer/mrd/sample.mrd
file_a_path=C:/Program Files/Apache Software Foundation/apache-tomcat-8.5.50/webapps/ReportingServer/report/2022/05/26/20220526140435046.pdf

[2022-05-26 14:04:44.665][20220526140443554][RequestInfo]
rdid=20220526140443554
status=3
message=null
lastAccessTime=2022-05-26 14:04:43.554
mrd_param=/rpdfprintdialog /rfn [http://localhost:8081/ReportingServer/mrd/sample.txt] /rsetpdfsecurity [ 11, 11,0,0,0] /rformcurformat [? #,###] /rformnumformat [#,###.###] /rbrowserlocale [ko]
export_type=pdf
attatchment=false
delete_file=true
opcode=500
request_uri=http://0:0:0:0:0:0:0:1:8081/ReportingServer
file_r_path=2022/05/26/20220526140443554.pdf
finish_time=20220526140444
finish_milli_time=1653541484665
start_time=20220526140443
protocol=file
remote_ip=0:0:0:0:0:0:0:1
scheduler_execute_step=Post Processing
export_page=18
elapsed_time=1.111 (sec)
start_milli_time=1653541483554
crownix-client=html5viewer
user_agent=Mozilla/5.0 (Windows NT 10.0; Win64; x64) AppleWebKit/537.36 (KHTML, like Gecko) Chrome/101.0.4951.67 Safari/537.36
mrd_path=http://localhost:8081/ReportingServer/mrd/sample.mrd
file_a_path=C:/Program Files/Apache Software Foundation/apache-tomcat-8.5.50/webapps/ReportingServer/report/2022/05/26/20220526140443554.pdf

[2022-05-26 14:05:02.099][20220526140501146][RequestInfo]
rdid=20220526140501146
status=3
message=null
lastAccessTime=2022-05-26 14:05:01.145
mrd_param=/rpdfprintdialog /rfn [http://localhost:8081/ReportingServer/mrd/sample.txt] /rsetpdfsecurity [ 11, 11,0,0,0] /rformcurformat [? #,###] /rformnumformat [#,###.###] /rbrowserlocale [ko]
export_type=pdf
attatchment=false
delete_file=true
opcode=500
request_uri=http://0:0:0:0:0:0:0:1:8081/ReportingServer
file_r_path=2022/05/26/20220526140501146.pdf
finish_time=20220526140502
finish_milli_time=1653541502099
start_time=20220526140501
protocol=file
remote_ip=0:0:0:0:0:0:0:1
scheduler_execute_step=Post Processing
export_page=18
elapsed_time=0.953 (sec)
start_milli_time=1653541501146
crownix-client=html5viewer
user_agent=Mozilla/5.0 (Windows NT 10.0; Win64; x64) AppleWebKit/537.36 (KHTML, like Gecko) Chrome/101.0.4951.67 Safari/537.36
mrd_path=http://localhost:8081/ReportingServer/mrd/sample.mrd
file_a_path=C:/Program Files/Apache Software Foundation/apache-tomcat-8.5.50/webapps/ReportingServer/report/2022/05/26/20220526140501146.pdf

[2022-05-26 14:14:04.120][20220526141403885][RequestInfo]
rdid=20220526141403885
status=3
message=null
lastAccessTime=2022-05-26 14:14:03.885
mrd_param=/rfn [http://localhost:8081/ReportingServer/mrd/sample.txt] 
opcode=700
request_uri=http://0:0:0:0:0:0:0:1:8081/ReportingServer
finish_time=20220526141404
finish_milli_time=1653542044120
start_time=20220526141403
protocol=sync
remote_ip=0:0:0:0:0:0:0:1
scheduler_execute_step=Post Processing
runtime_param=
mrd_plain_param=
elapsed_time=0.235 (sec)
mmlVersion=0
start_milli_time=1653542043885
mrd_data=
user_agent=Mozilla/5.0 (Windows NT 10.0; Win64; x64) AppleWebKit/537.36 (KHTML, like Gecko) Chrome/101.0.4951.67 Safari/537.36
mrd_path=http://localhost:8081/ReportingServer/mrd/sample.mrd

[2022-05-26 14:14:07.269][20220526141406447][RequestInfo]
rdid=20220526141406447
status=3
message=null
lastAccessTime=2022-05-26 14:14:06.447
mrd_param=/rpdfprintdialog /rfn [http://localhost:8081/ReportingServer/mrd/sample.txt]  /rformcurformat [? #,###] /rformnumformat [#,###.###] /rbrowserlocale [ko]
export_type=pdf
opcode=500
request_uri=http://0:0:0:0:0:0:0:1:8081/ReportingServer
file_r_path=2022/05/26/20220526141406447.pdf
finish_time=20220526141407
finish_milli_time=1653542047269
start_time=20220526141406
protocol=sync
remote_ip=0:0:0:0:0:0:0:1
scheduler_execute_step=Post Processing
export_page=18
elapsed_time=0.822 (sec)
start_milli_time=1653542046447
crownix-client=html5viewer
user_agent=Mozilla/5.0 (Windows NT 10.0; Win64; x64) AppleWebKit/537.36 (KHTML, like Gecko) Chrome/101.0.4951.67 Safari/537.36
mrd_path=http://localhost:8081/ReportingServer/mrd/sample.mrd
file_a_path=C:/Program Files/Apache Software Foundation/apache-tomcat-8.5.50/webapps/ReportingServer/report/2022/05/26/20220526141406447.pdf

[2022-05-26 14:14:23.778][20220526141423474][RequestInfo]
rdid=20220526141423474
status=3
message=null
lastAccessTime=2022-05-26 14:14:23.473
mrd_param=/rfn [http://localhost:8081/ReportingServer/mrd/sample.txt] 
opcode=700
request_uri=http://0:0:0:0:0:0:0:1:8081/ReportingServer
finish_time=20220526141423
finish_milli_time=1653542063778
start_time=20220526141423
protocol=sync
remote_ip=0:0:0:0:0:0:0:1
scheduler_execute_step=Post Processing
runtime_param=
mrd_plain_param=
elapsed_time=0.304 (sec)
mmlVersion=0
start_milli_time=1653542063474
mrd_data=
user_agent=Mozilla/5.0 (Windows NT 10.0; Win64; x64) AppleWebKit/537.36 (KHTML, like Gecko) Chrome/101.0.4951.67 Safari/537.36
mrd_path=http://localhost:8081/ReportingServer/mrd/sample.mrd

[2022-05-26 14:14:28.248][20220526141427382][RequestInfo]
rdid=20220526141427382
status=3
message=null
lastAccessTime=2022-05-26 14:14:27.382
mrd_param=/rpdfprintdialog /rfn [http://localhost:8081/ReportingServer/mrd/sample.txt]  /rformcurformat [? #,###] /rformnumformat [#,###.###] /rbrowserlocale [ko]
export_type=pdf
opcode=500
request_uri=http://0:0:0:0:0:0:0:1:8081/ReportingServer
file_r_path=2022/05/26/20220526141427382.pdf
finish_time=20220526141428
finish_milli_time=1653542068248
start_time=20220526141427
protocol=sync
remote_ip=0:0:0:0:0:0:0:1
scheduler_execute_step=Post Processing
export_page=18
elapsed_time=0.866 (sec)
start_milli_time=1653542067382
crownix-client=html5viewer
user_agent=Mozilla/5.0 (Windows NT 10.0; Win64; x64) AppleWebKit/537.36 (KHTML, like Gecko) Chrome/101.0.4951.67 Safari/537.36
mrd_path=http://localhost:8081/ReportingServer/mrd/sample.mrd
file_a_path=C:/Program Files/Apache Software Foundation/apache-tomcat-8.5.50/webapps/ReportingServer/report/2022/05/26/20220526141427382.pdf

[2022-05-26 14:17:44.847][20220526141744621][RequestInfo]
rdid=20220526141744621
status=3
message=null
lastAccessTime=2022-05-26 14:17:44.621
mrd_param=/rfn [http://localhost:8081/ReportingServer/mrd/sample.txt] 
opcode=700
request_uri=http://0:0:0:0:0:0:0:1:8081/ReportingServer
finish_time=20220526141744
finish_milli_time=1653542264847
start_time=20220526141744
protocol=sync
remote_ip=0:0:0:0:0:0:0:1
scheduler_execute_step=Post Processing
runtime_param=
mrd_plain_param=
elapsed_time=0.226 (sec)
mmlVersion=0
start_milli_time=1653542264621
mrd_data=
user_agent=Mozilla/5.0 (Windows NT 10.0; Win64; x64) AppleWebKit/537.36 (KHTML, like Gecko) Chrome/101.0.4951.67 Safari/537.36
mrd_path=http://localhost:8081/ReportingServer/mrd/sample.mrd

[2022-05-26 14:17:59.680][20220526141759449][RequestInfo]
rdid=20220526141759449
status=3
message=null
lastAccessTime=2022-05-26 14:17:59.449
mrd_param=/rfn [http://localhost:8081/ReportingServer/mrd/sample.txt] 
opcode=700
request_uri=http://0:0:0:0:0:0:0:1:8081/ReportingServer
finish_time=20220526141759
finish_milli_time=1653542279680
start_time=20220526141759
protocol=sync
remote_ip=0:0:0:0:0:0:0:1
scheduler_execute_step=Post Processing
runtime_param=
mrd_plain_param=
elapsed_time=0.231 (sec)
mmlVersion=0
start_milli_time=1653542279449
mrd_data=
user_agent=Mozilla/5.0 (Windows NT 10.0; Win64; x64) AppleWebKit/537.36 (KHTML, like Gecko) Chrome/101.0.4951.67 Safari/537.36
mrd_path=http://localhost:8081/ReportingServer/mrd/sample.mrd

[2022-05-26 14:18:01.093][20220526141800215][RequestInfo]
rdid=20220526141800215
status=3
message=null
lastAccessTime=2022-05-26 14:18:00.214
mrd_param=/rpdfprintdialog /rfn [http://localhost:8081/ReportingServer/mrd/sample.txt]  /rformcurformat [? #,###] /rformnumformat [#,###.###] /rbrowserlocale [ko]
export_type=pdf
opcode=500
request_uri=http://0:0:0:0:0:0:0:1:8081/ReportingServer
file_r_path=2022/05/26/20220526141800215.pdf
finish_time=20220526141801
finish_milli_time=1653542281093
start_time=20220526141800
protocol=sync
remote_ip=0:0:0:0:0:0:0:1
scheduler_execute_step=Post Processing
export_page=18
elapsed_time=0.878 (sec)
start_milli_time=1653542280215
crownix-client=html5viewer
user_agent=Mozilla/5.0 (Windows NT 10.0; Win64; x64) AppleWebKit/537.36 (KHTML, like Gecko) Chrome/101.0.4951.67 Safari/537.36
mrd_path=http://localhost:8081/ReportingServer/mrd/sample.mrd
file_a_path=C:/Program Files/Apache Software Foundation/apache-tomcat-8.5.50/webapps/ReportingServer/report/2022/05/26/20220526141800215.pdf

[2022-05-26 14:59:53.601][20220526145952704][RequestInfo]
rdid=20220526145952704
status=3
message=null
lastAccessTime=2022-05-26 14:59:52.704
mrd_param=/rpdfprintdialog /rfn [http://localhost:8081/ReportingServer/mrd/sample.txt]  /rformcurformat [? #,###] /rformnumformat [#,###.###] /rbrowserlocale [ko]
export_type=pdf
opcode=500
request_uri=http://0:0:0:0:0:0:0:1:8081/ReportingServer
file_r_path=2022/05/26/20220526145952704.pdf
finish_time=20220526145953
finish_milli_time=1653544793601
start_time=20220526145952
protocol=sync
remote_ip=0:0:0:0:0:0:0:1
scheduler_execute_step=Post Processing
export_page=18
elapsed_time=0.897 (sec)
start_milli_time=1653544792704
crownix-client=html5viewer
user_agent=Mozilla/5.0 (Windows NT 10.0; Win64; x64) AppleWebKit/537.36 (KHTML, like Gecko) Chrome/101.0.4951.67 Safari/537.36
mrd_path=http://localhost:8081/ReportingServer/mrd/sample.mrd
file_a_path=C:/Program Files/Apache Software Foundation/apache-tomcat-8.5.50/webapps/ReportingServer/report/2022/05/26/20220526145952704.pdf

[2022-05-26 15:01:12.092][20220526150111861][RequestInfo]
rdid=20220526150111861
status=3
message=null
lastAccessTime=2022-05-26 15:01:11.861
mrd_param=/rfn [http://localhost:8081/ReportingServer/mrd/sample.txt] 
opcode=700
request_uri=http://0:0:0:0:0:0:0:1:8081/ReportingServer
finish_time=20220526150112
finish_milli_time=1653544872091
start_time=20220526150111
protocol=sync
remote_ip=0:0:0:0:0:0:0:1
scheduler_execute_step=Post Processing
runtime_param=
mrd_plain_param=
elapsed_time=0.23 (sec)
mmlVersion=0
start_milli_time=1653544871861
mrd_data=
user_agent=Mozilla/5.0 (Windows NT 10.0; Win64; x64) AppleWebKit/537.36 (KHTML, like Gecko) Chrome/101.0.4951.67 Safari/537.36
mrd_path=http://localhost:8081/ReportingServer/mrd/sample.mrd

[2022-05-26 15:01:23.855][20220526150123598][RequestInfo]
rdid=20220526150123598
status=3
message=null
lastAccessTime=2022-05-26 15:01:23.597
mrd_param=/rfn [http://localhost:8081/ReportingServer/mrd/sample.txt] 
opcode=700
request_uri=http://0:0:0:0:0:0:0:1:8081/ReportingServer
finish_time=20220526150123
finish_milli_time=1653544883855
start_time=20220526150123
protocol=sync
remote_ip=0:0:0:0:0:0:0:1
scheduler_execute_step=Post Processing
runtime_param=
mrd_plain_param=
elapsed_time=0.257 (sec)
mmlVersion=0
start_milli_time=1653544883598
mrd_data=
user_agent=Mozilla/5.0 (Windows NT 10.0; Win64; x64) AppleWebKit/537.36 (KHTML, like Gecko) Chrome/101.0.4951.67 Safari/537.36
mrd_path=http://localhost:8081/ReportingServer/mrd/sample.mrd

[2022-05-26 15:01:25.050][20220526150124134][RequestInfo]
rdid=20220526150124134
status=3
message=null
lastAccessTime=2022-05-26 15:01:24.134
mrd_param=/rpdfprintdialog /rfn [http://localhost:8081/ReportingServer/mrd/sample.txt]  /rformcurformat [? #,###] /rformnumformat [#,###.###] /rbrowserlocale [ko]
export_type=pdf
opcode=500
request_uri=http://0:0:0:0:0:0:0:1:8081/ReportingServer
file_r_path=2022/05/26/20220526150124134.pdf
finish_time=20220526150125
finish_milli_time=1653544885050
start_time=20220526150124
protocol=sync
remote_ip=0:0:0:0:0:0:0:1
scheduler_execute_step=Post Processing
export_page=18
elapsed_time=0.916 (sec)
start_milli_time=1653544884134
crownix-client=html5viewer
user_agent=Mozilla/5.0 (Windows NT 10.0; Win64; x64) AppleWebKit/537.36 (KHTML, like Gecko) Chrome/101.0.4951.67 Safari/537.36
mrd_path=http://localhost:8081/ReportingServer/mrd/sample.mrd
file_a_path=C:/Program Files/Apache Software Foundation/apache-tomcat-8.5.50/webapps/ReportingServer/report/2022/05/26/20220526150124134.pdf

[2022-05-26 15:01:37.546][20220526150137311][RequestInfo]
rdid=20220526150137311
status=3
message=null
lastAccessTime=2022-05-26 15:01:37.311
mrd_param=/rfn [http://localhost:8081/ReportingServer/mrd/sample.txt] 
opcode=700
request_uri=http://0:0:0:0:0:0:0:1:8081/ReportingServer
finish_time=20220526150137
finish_milli_time=1653544897546
start_time=20220526150137
protocol=sync
remote_ip=0:0:0:0:0:0:0:1
scheduler_execute_step=Post Processing
runtime_param=
mrd_plain_param=
elapsed_time=0.235 (sec)
mmlVersion=0
start_milli_time=1653544897311
mrd_data=
user_agent=Mozilla/5.0 (Windows NT 10.0; Win64; x64) AppleWebKit/537.36 (KHTML, like Gecko) Chrome/101.0.4951.67 Safari/537.36
mrd_path=http://localhost:8081/ReportingServer/mrd/sample.mrd

[2022-05-26 15:01:40.702][20220526150139791][RequestInfo]
rdid=20220526150139791
status=3
message=null
lastAccessTime=2022-05-26 15:01:39.791
mrd_param=/rpdfprintdialog /rfn [http://localhost:8081/ReportingServer/mrd/sample.txt]  /rformcurformat [? #,###] /rformnumformat [#,###.###] /rbrowserlocale [ko]
export_type=pdf
opcode=500
request_uri=http://0:0:0:0:0:0:0:1:8081/ReportingServer
file_r_path=2022/05/26/20220526150139791.pdf
finish_time=20220526150140
finish_milli_time=1653544900702
start_time=20220526150139
protocol=sync
remote_ip=0:0:0:0:0:0:0:1
scheduler_execute_step=Post Processing
export_page=18
elapsed_time=0.911 (sec)
start_milli_time=1653544899791
crownix-client=html5viewer
user_agent=Mozilla/5.0 (Windows NT 10.0; Win64; x64) AppleWebKit/537.36 (KHTML, like Gecko) Chrome/101.0.4951.67 Safari/537.36
mrd_path=http://localhost:8081/ReportingServer/mrd/sample.mrd
file_a_path=C:/Program Files/Apache Software Foundation/apache-tomcat-8.5.50/webapps/ReportingServer/report/2022/05/26/20220526150139791.pdf

[2022-05-26 15:01:50.326][20220526150150096][RequestInfo]
rdid=20220526150150096
status=3
message=null
lastAccessTime=2022-05-26 15:01:50.096
mrd_param=/rfn [http://localhost:8081/ReportingServer/mrd/sample.txt] 
opcode=700
request_uri=http://0:0:0:0:0:0:0:1:8081/ReportingServer
finish_time=20220526150150
finish_milli_time=1653544910326
start_time=20220526150150
protocol=sync
remote_ip=0:0:0:0:0:0:0:1
scheduler_execute_step=Post Processing
runtime_param=
mrd_plain_param=
elapsed_time=0.23 (sec)
mmlVersion=0
start_milli_time=1653544910096
mrd_data=
user_agent=Mozilla/5.0 (Windows NT 10.0; Win64; x64) AppleWebKit/537.36 (KHTML, like Gecko) Chrome/101.0.4951.67 Safari/537.36
mrd_path=http://localhost:8081/ReportingServer/mrd/sample.mrd

[2022-05-26 15:01:53.827][20220526150152887][RequestInfo]
rdid=20220526150152887
status=3
message=null
lastAccessTime=2022-05-26 15:01:52.886
mrd_param=/rpdfprintdialog /rfn [http://localhost:8081/ReportingServer/mrd/sample.txt]  /rformcurformat [? #,###] /rformnumformat [#,###.###] /rbrowserlocale [ko]
export_type=pdf
opcode=500
request_uri=http://0:0:0:0:0:0:0:1:8081/ReportingServer
file_r_path=2022/05/26/20220526150152887.pdf
finish_time=20220526150153
finish_milli_time=1653544913827
start_time=20220526150152
protocol=sync
remote_ip=0:0:0:0:0:0:0:1
scheduler_execute_step=Post Processing
export_page=18
elapsed_time=0.94 (sec)
start_milli_time=1653544912887
crownix-client=html5viewer
user_agent=Mozilla/5.0 (Windows NT 10.0; Win64; x64) AppleWebKit/537.36 (KHTML, like Gecko) Chrome/101.0.4951.67 Safari/537.36
mrd_path=http://localhost:8081/ReportingServer/mrd/sample.mrd
file_a_path=C:/Program Files/Apache Software Foundation/apache-tomcat-8.5.50/webapps/ReportingServer/report/2022/05/26/20220526150152887.pdf

[2022-05-26 15:17:00.883][20220526151659934][RequestInfo]
rdid=20220526151659934
status=3
message=null
lastAccessTime=2022-05-26 15:16:59.934
mrd_param=/rfn [sample.txt]
export_type=pdf
opcode=500
request_uri=http://127.0.0.1:8081/ReportingServer
file_r_path=2022/05/26/sample.pdf
finish_time=20220526151700
finish_milli_time=1653545820883
start_time=20220526151659
protocol=file
remote_ip=127.0.0.1
scheduler_execute_step=Post Processing
export_name=sample.pdf
export_page=18
elapsed_time=0.949 (sec)
start_milli_time=1653545819934
user_agent=ReportDesigner
mrd_path=sample.mrd
file_a_path=C:/Program Files/Apache Software Foundation/apache-tomcat-8.5.50/webapps/ReportingServer/report/2022/05/26/sample.pdf

[2022-05-26 15:17:39.863][20220526151738978][RequestInfo]
rdid=20220526151738978
status=3
message=null
lastAccessTime=2022-05-26 15:17:38.978
mrd_param=/rfn [sample.txt]
export_type=pdf
opcode=500
request_uri=http://127.0.0.1:8081/ReportingServer
file_r_path=2022/05/26/sample.pdf
finish_time=20220526151739
finish_milli_time=1653545859863
start_time=20220526151738
protocol=file
remote_ip=127.0.0.1
scheduler_execute_step=Post Processing
export_name=sample.pdf
export_page=18
elapsed_time=0.885 (sec)
start_milli_time=1653545858978
user_agent=ReportDesigner
mrd_path=sample.mrd
file_a_path=C:/Program Files/Apache Software Foundation/apache-tomcat-8.5.50/webapps/ReportingServer/report/2022/05/26/sample.pdf

[2022-05-26 15:21:18.296][20220526152118062][RequestInfo]
rdid=20220526152118062
status=3
message=null
lastAccessTime=2022-05-26 15:21:18.061
mrd_param=/rfn [http://localhost:8081/ReportingServer/mrd/sample.txt] 
opcode=700
request_uri=http://0:0:0:0:0:0:0:1:8081/ReportingServer
finish_time=20220526152118
finish_milli_time=1653546078296
start_time=20220526152118
protocol=sync
remote_ip=0:0:0:0:0:0:0:1
scheduler_execute_step=Post Processing
runtime_param=
mrd_plain_param=
elapsed_time=0.234 (sec)
mmlVersion=0
start_milli_time=1653546078062
mrd_data=
user_agent=Mozilla/5.0 (Windows NT 10.0; Win64; x64) AppleWebKit/537.36 (KHTML, like Gecko) Chrome/101.0.4951.67 Safari/537.36
mrd_path=http://localhost:8081/ReportingServer/mrd/sample.mrd

[2022-05-26 15:21:24.203][20220526152123222][RequestInfo]
rdid=20220526152123222
status=3
message=null
lastAccessTime=2022-05-26 15:21:23.222
mrd_param=/rpdfprintdialog /rfn [http://localhost:8081/ReportingServer/mrd/sample.txt]  /rformcurformat [? #,###] /rformnumformat [#,###.###] /rbrowserlocale [ko]
export_type=pdf
opcode=500
request_uri=http://0:0:0:0:0:0:0:1:8081/ReportingServer
file_r_path=2022/05/26/20220526152123222.pdf
finish_time=20220526152124
finish_milli_time=1653546084203
start_time=20220526152123
protocol=sync
remote_ip=0:0:0:0:0:0:0:1
scheduler_execute_step=Post Processing
export_page=18
elapsed_time=0.981 (sec)
start_milli_time=1653546083222
crownix-client=html5viewer
user_agent=Mozilla/5.0 (Windows NT 10.0; Win64; x64) AppleWebKit/537.36 (KHTML, like Gecko) Chrome/101.0.4951.67 Safari/537.36
mrd_path=http://localhost:8081/ReportingServer/mrd/sample.mrd
file_a_path=C:/Program Files/Apache Software Foundation/apache-tomcat-8.5.50/webapps/ReportingServer/report/2022/05/26/20220526152123222.pdf

[2022-05-26 15:23:52.953][20220526152352152][RequestInfo]
rdid=20220526152352152
status=3
message=null
lastAccessTime=2022-05-26 15:23:52.152
mrd_param=/rfn [sample.txt]
export_type=pdf
opcode=500
request_uri=http://127.0.0.1:8081/ReportingServer
file_r_path=2022/05/26/sample.pdf
finish_time=20220526152352
finish_milli_time=1653546232953
start_time=20220526152352
protocol=sync
remote_ip=127.0.0.1
scheduler_execute_step=Post Processing
export_name=sample.pdf
export_page=18
elapsed_time=0.801 (sec)
start_milli_time=1653546232152
user_agent=ReportDesigner
mrd_path=sample.mrd
file_a_path=C:/Program Files/Apache Software Foundation/apache-tomcat-8.5.50/webapps/ReportingServer/report/2022/05/26/sample.pdf

[2022-05-26 15:31:37.631][20220526153136827][RequestInfo]
rdid=20220526153136827
status=3
message=null
lastAccessTime=2022-05-26 15:31:36.826
mrd_param=/rfn [sample.txt]
export_type=pdf
opcode=500
request_uri=http://127.0.0.1:8081/ReportingServer
file_r_path=2022/05/26/sample.pdf
finish_time=20220526153137
finish_milli_time=1653546697631
start_time=20220526153136
protocol=sync
remote_ip=127.0.0.1
scheduler_execute_step=Post Processing
export_name=sample.pdf
export_page=18
elapsed_time=0.804 (sec)
start_milli_time=1653546696827
user_agent=ReportDesigner
mrd_path=sample.mrd
file_a_path=C:/Program Files/Apache Software Foundation/apache-tomcat-8.5.50/webapps/ReportingServer/report/2022/05/26/sample.pdf

