[
log_version=6.0
server_name=ERS Reporting Server
server_version=6.4.5.430
jbre_version=5.5.14.1010
customer_name=¸ÞµðÁ¨ÈÞ¸ÕÄÉ¾î
user.dir=C:\Program Files\Apache Software Foundation\apache-tomcat-8.5.50
os.name=Windows 10
os.version=10.0
java.version=1.8.0_275
java.vm.version=25.275-b01
java.vm.vendor=ojdkbuild
java.vm.name=OpenJDK 64-Bit Server VM
java.home=C:\Java\java-1.8.0-openjdk-1.8.0.275-1\jre
java.class.path=C:\Program Files\Apache Software Foundation\apache-tomcat-8.5.50\bin\bootstrap.jar;C:\Program Files\Apache Software Foundation\apache-tomcat-8.5.50\bin\tomcat-juli.jar
file.encoding=MS949
user.language=ko
]

[2022-06-03 11:09:11.985][20220603110908726][RequestInfo]
rdid=20220603110908726
status=3
message=null
lastAccessTime=2022-06-03 11:09:08.721
mrd_param=/rp [2694000419][http://121.141.203.208/ReportAspx/PDM/pbox2_06_0.jpg]
opcode=700
request_uri=http://0:0:0:0:0:0:0:1:8081/ReportingServer
finish_time=20220603110911
finish_milli_time=1654222151977
start_time=20220603110908
protocol=sync
remote_ip=0:0:0:0:0:0:0:1
scheduler_execute_step=Post Processing
runtime_param=
mrd_plain_param=
elapsed_time=3.25 (sec)
mmlVersion=0
start_milli_time=1654222148727
mrd_data=
user_agent=Mozilla/5.0 (Windows NT 10.0; Win64; x64) AppleWebKit/537.36 (KHTML, like Gecko) Chrome/102.0.5005.63 Safari/537.36
mrd_path=http://localhost:8081/ReportingServer/mrd/rptPDMJigStatusListReportSM.mrd

[2022-06-03 11:10:45.561][20220603111045095][RequestInfo]
rdid=20220603111045095
status=3
message=null
lastAccessTime=2022-06-03 11:10:45.095
mrd_param=/rp [2694000419][http://121.141.203.208/ReportAspx/PDM/pbox2_06_0.jpg]
opcode=700
request_uri=http://0:0:0:0:0:0:0:1:8081/ReportingServer
finish_time=20220603111045
finish_milli_time=1654222245561
start_time=20220603111045
protocol=sync
remote_ip=0:0:0:0:0:0:0:1
scheduler_execute_step=Post Processing
runtime_param=
mrd_plain_param=
elapsed_time=0.466 (sec)
mmlVersion=0
start_milli_time=1654222245095
mrd_data=
user_agent=Mozilla/5.0 (Windows NT 10.0; Win64; x64) AppleWebKit/537.36 (KHTML, like Gecko) Chrome/102.0.5005.63 Safari/537.36
mrd_path=http://localhost:8081/ReportingServer/mrd/rptPDMJigStatusListReportSM.mrd

[2022-06-03 11:10:49.765][20220603111049295][RequestInfo]
rdid=20220603111049295
status=3
message=null
lastAccessTime=2022-06-03 11:10:49.295
mrd_param=/rp [2694000419][http://121.141.203.208/ReportAspx/PDM/pbox2_06_0.jpg]
opcode=700
request_uri=http://0:0:0:0:0:0:0:1:8081/ReportingServer
finish_time=20220603111049
finish_milli_time=1654222249765
start_time=20220603111049
protocol=sync
remote_ip=0:0:0:0:0:0:0:1
scheduler_execute_step=Post Processing
runtime_param=
mrd_plain_param=
elapsed_time=0.47 (sec)
mmlVersion=0
start_milli_time=1654222249295
mrd_data=
user_agent=Mozilla/5.0 (Windows NT 10.0; Win64; x64) AppleWebKit/537.36 (KHTML, like Gecko) Chrome/102.0.5005.63 Safari/537.36
mrd_path=http://localhost:8081/ReportingServer/mrd/rptPDMJigStatusListReportSM.mrd

[2022-06-03 11:10:58.907][20220603111058250][RequestInfo]
rdid=20220603111058250
status=3
message=null
lastAccessTime=2022-06-03 11:10:58.250
mrd_param=/rp [2694000419][http://121.141.203.208/ReportAspx/PDM/pbox2_06_0.jpg]
opcode=700
request_uri=http://0:0:0:0:0:0:0:1:8081/ReportingServer
finish_time=20220603111058
finish_milli_time=1654222258906
start_time=20220603111058
protocol=sync
remote_ip=0:0:0:0:0:0:0:1
scheduler_execute_step=Post Processing
runtime_param=
mrd_plain_param=
elapsed_time=0.656 (sec)
mmlVersion=0
start_milli_time=1654222258250
mrd_data=
user_agent=Mozilla/5.0 (Windows NT 10.0; Win64; x64) AppleWebKit/537.36 (KHTML, like Gecko) Chrome/102.0.5005.63 Safari/537.36
mrd_path=http://localhost:8081/ReportingServer/mrd/rptPDMJigStatusListReportSM.mrd

[2022-06-03 13:33:49.973][20220603133349251][RequestInfo]
rdid=20220603133349251
status=3
message=null
lastAccessTime=2022-06-03 13:33:49.250
mrd_param=/rp [2694000419][http://121.141.203.208/ReportAspx/PDM/pbox2_06_0.jpg]
opcode=700
request_uri=http://0:0:0:0:0:0:0:1:8081/ReportingServer
finish_time=20220603133349
finish_milli_time=1654230829973
start_time=20220603133349
protocol=sync
remote_ip=0:0:0:0:0:0:0:1
scheduler_execute_step=Post Processing
runtime_param=
mrd_plain_param=
elapsed_time=0.722 (sec)
mmlVersion=0
start_milli_time=1654230829251
mrd_data=
user_agent=Mozilla/5.0 (Windows NT 10.0; Win64; x64) AppleWebKit/537.36 (KHTML, like Gecko) Chrome/102.0.5005.63 Safari/537.36
mrd_path=http://localhost:8081/ReportingServer/mrd/rptPDMJigStatusListReportSM.mrd

[2022-06-03 13:35:58.225][20220603133557791][RequestInfo]
rdid=20220603133557791
status=3
message=null
lastAccessTime=2022-06-03 13:35:57.789
mrd_param=/rp [2694000419][http://121.141.203.208/ReportAspx/PDM/pbox2_06_0.jpg]
opcode=700
request_uri=http://0:0:0:0:0:0:0:1:8081/ReportingServer
finish_time=20220603133558
finish_milli_time=1654230958224
start_time=20220603133557
protocol=sync
remote_ip=0:0:0:0:0:0:0:1
scheduler_execute_step=Post Processing
runtime_param=
mrd_plain_param=
elapsed_time=0.433 (sec)
mmlVersion=0
start_milli_time=1654230957791
mrd_data=
user_agent=Mozilla/5.0 (Windows NT 10.0; Win64; x64) AppleWebKit/537.36 (KHTML, like Gecko) Chrome/102.0.5005.63 Safari/537.36
mrd_path=Starnet/rptPDMJigStatusListReportSM.mrd

[2022-06-03 13:36:27.555][20220603133615398][RequestInfo]
rdid=20220603133615398
status=3
message=null
lastAccessTime=2022-06-03 13:36:15.397
mrd_param=/rp [2694000419][http://121.141.203.208/ReportAspx/PDM/pbox2_06_0.jpg] /rformcurformat [? #,###] /rformnumformat [#,###.###] /rbrowserlocale [ko]
export_type=pdf
opcode=500
request_uri=http://0:0:0:0:0:0:0:1:8081/ReportingServer
file_r_path=2022/06/03/20220603133615398.pdf
finish_time=20220603133627
finish_milli_time=1654230987554
start_time=20220603133615
protocol=sync
remote_ip=0:0:0:0:0:0:0:1
scheduler_execute_step=Post Processing
export_page=1
elapsed_time=12.156 (sec)
start_milli_time=1654230975398
crownix-client=html5viewer
user_agent=Mozilla/5.0 (Windows NT 10.0; Win64; x64) AppleWebKit/537.36 (KHTML, like Gecko) Chrome/102.0.5005.63 Safari/537.36
mrd_path=Starnet/rptPDMJigStatusListReportSM.mrd
file_a_path=C:/Program Files/Apache Software Foundation/apache-tomcat-8.5.50/webapps/ReportingServer/report/2022/06/03/20220603133615398.pdf

