[
log_version=6.0
server_name=ERS Reporting Server
server_version=6.4.5.430
jbre_version=5.5.14.1010
customer_name=¸ÞµðÁ¨ÈÞ¸ÕÄÉ¾î
user.dir=C:\WINDOWS\system32
os.name=Windows 10
os.version=10.0
java.version=1.8.0_275
java.vm.version=25.275-b01
java.vm.vendor=ojdkbuild
java.vm.name=OpenJDK 64-Bit Server VM
java.home=C:\Java\java-1.8.0-openjdk-1.8.0.275-1\jre
java.class.path=C:\Program Files\Apache Software Foundation\apache-tomcat-8.5.50\webapps\ReportingServer\bin\ers-daemon.jar;C:\Program Files\Apache Software Foundation\apache-tomcat-8.5.50\webapps\ReportingServer\bin\ers-common.jar;C:\Program Files\Apache Software Foundation\apache-tomcat-8.5.50\webapps\ReportingServer\bin\jetty\ant-1.6.5.jar;C:\Program Files\Apache Software Foundation\apache-tomcat-8.5.50\webapps\ReportingServer\bin\jetty\core-3.1.1.jar;C:\Program Files\Apache Software Foundation\apache-tomcat-8.5.50\webapps\ReportingServer\bin\jetty\jetty-6.1.26.jar;C:\Program Files\Apache Software Foundation\apache-tomcat-8.5.50\webapps\ReportingServer\bin\jetty\jetty-util-6.1.26.jar;C:\Program Files\Apache Software Foundation\apache-tomcat-8.5.50\webapps\ReportingServer\bin\jetty\jsp-2.1-glassfish-2.1.v20091210.jar;C:\Program Files\Apache Software Foundation\apache-tomcat-8.5.50\webapps\ReportingServer\bin\jetty\jsp-2.1-jetty-6.1.26.jar;C:\Program Files\Apache Software Foundation\apache-tomcat-8.5.50\webapps\ReportingServer\bin\jetty\jsp-api-2.1-glassfish-2.1.v20091210.jar;C:\Program Files\Apache Software Foundation\apache-tomcat-8.5.50\webapps\ReportingServer\bin\jetty\servlet-api-2.5-20081211.jar
file.encoding=EUC_KR
user.language=ko
]

[2022-08-04 10:26:18.084][20220804102613867][RequestInfo]
rdid=20220804102613867
status=3
message=null
lastAccessTime=2022-08-04 10:26:13.861
mrd_param=/rfn [http://localhost:8081/ReportingServer/mrd/sample.txt]
opcode=701
request_uri=http://0:0:0:0:0:0:0:1:8081/ReportingServer
finish_time=20220804102618
finish_milli_time=1659576378080
start_time=20220804102613
protocol=sync
remote_ip=0:0:0:0:0:0:0:1
scheduler_execute_step=Post Processing
runtime_param=
mrd_plain_param=
elapsed_time=4.212 (sec)
mmlVersion=0
start_milli_time=1659576373868
mrd_data=
user_agent=Mozilla/5.0 (Windows NT 10.0; Win64; x64) AppleWebKit/537.36 (KHTML, like Gecko) Chrome/103.0.0.0 Safari/537.36
mrd_path=http://localhost:8081/ReportingServer/mrd/sample.mrd

[2022-08-04 11:21:07.684][20220804112106818][RequestInfo]
rdid=20220804112106818
status=3
message=null
lastAccessTime=2022-08-04 11:21:06.818
mrd_param=/rfn [http://localhost:8081/ReportingServer/mrd/sample.txt]
opcode=701
request_uri=http://0:0:0:0:0:0:0:1:8081/ReportingServer
finish_time=20220804112107
finish_milli_time=1659579667684
start_time=20220804112106
protocol=sync
remote_ip=0:0:0:0:0:0:0:1
scheduler_execute_step=Post Processing
runtime_param=
mrd_plain_param=
elapsed_time=0.865 (sec)
mmlVersion=0
start_milli_time=1659579666819
mrd_data=
user_agent=Mozilla/5.0 (Windows NT 10.0; Win64; x64) AppleWebKit/537.36 (KHTML, like Gecko) Chrome/103.0.0.0 Safari/537.36
mrd_path=http://localhost:8081/ReportingServer/mrd/sample.mrd

[2022-08-04 11:21:53.645][20220804112153013][RequestInfo]
rdid=20220804112153013
status=3
message=null
lastAccessTime=2022-08-04 11:21:53.013
mrd_param=/rfn [http://localhost:8081/ReportingServer/mrd/sample.txt]
opcode=701
request_uri=http://0:0:0:0:0:0:0:1:8081/ReportingServer
finish_time=20220804112153
finish_milli_time=1659579713644
start_time=20220804112153
protocol=sync
remote_ip=0:0:0:0:0:0:0:1
scheduler_execute_step=Post Processing
runtime_param=
mrd_plain_param=
elapsed_time=0.631 (sec)
mmlVersion=0
start_milli_time=1659579713013
mrd_data=
user_agent=Mozilla/5.0 (Windows NT 10.0; Win64; x64) AppleWebKit/537.36 (KHTML, like Gecko) Chrome/103.0.0.0 Safari/537.36
mrd_path=http://localhost:8081/ReportingServer/mrd/sample.mrd

[2022-08-04 11:22:04.112][20220804112203694][RequestInfo]
rdid=20220804112203694
status=3
message=null
lastAccessTime=2022-08-04 11:22:03.694
mrd_param=/rfn [http://localhost:8081/ReportingServer/mrd/sample.txt]
opcode=701
request_uri=http://0:0:0:0:0:0:0:1:8081/ReportingServer
finish_time=20220804112204
finish_milli_time=1659579724112
start_time=20220804112203
protocol=sync
remote_ip=0:0:0:0:0:0:0:1
scheduler_execute_step=Post Processing
runtime_param=
mrd_plain_param=
elapsed_time=0.418 (sec)
mmlVersion=0
start_milli_time=1659579723694
mrd_data=
user_agent=Mozilla/5.0 (Windows NT 10.0; Win64; x64) AppleWebKit/537.36 (KHTML, like Gecko) Chrome/103.0.0.0 Safari/537.36
mrd_path=http://localhost:8081/ReportingServer/mrd/sample.mrd

[2022-08-04 16:27:19.452][20220804162718817][RequestInfo]
rdid=20220804162718817
status=3
message=null
lastAccessTime=2022-08-04 16:27:18.814
mrd_param=/rfn [sample.txt] /rsetpdfsecurity [2222,11 ,0,0,0]
export_type=mml
opcode=500
request_uri=http://127.0.0.1:8081/ReportingServer
file_r_path=2022/08/04/20220804162718817.mml
finish_time=20220804162719
finish_milli_time=1659598039452
start_time=20220804162718
protocol=sync
remote_ip=127.0.0.1
scheduler_execute_step=Post Processing
export_page=18
elapsed_time=0.635 (sec)
start_milli_time=1659598038817
user_agent=ReportDesigner
mrd_path=sample.mrd
file_a_path=C:/Program Files/Apache Software Foundation/apache-tomcat-8.5.50/webapps/ReportingServer/report/2022/08/04/20220804162718817.mml

[2022-08-04 16:28:26.621][20220804162824140][RequestInfo]
rdid=20220804162824140
status=3
message=null
lastAccessTime=2022-08-04 16:28:24.140
mrd_param=/rfn [sample.txt] /rsetpdfsecurity [2222,11 ,0,0,0]
export_type=pdf;mml
opcode=500
request_uri=http://127.0.0.1:8081/ReportingServer
file_r_path=2022/08/04/20220804162824140.pdf;2022/08/04/20220804162824140.mml
finish_time=20220804162826
finish_milli_time=1659598106621
start_time=20220804162824
protocol=sync
remote_ip=127.0.0.1
scheduler_execute_step=Post Processing
export_page=18
elapsed_time=2.481 (sec)
start_milli_time=1659598104140
user_agent=ReportDesigner
mrd_path=sample.mrd
file_a_path=C:/Program Files/Apache Software Foundation/apache-tomcat-8.5.50/webapps/ReportingServer/report/2022/08/04/20220804162824140.pdf;C:/Program Files/Apache Software Foundation/apache-tomcat-8.5.50/webapps/ReportingServer/report/2022/08/04/20220804162824140.mml

[2022-08-04 16:28:35.696][20220804162833910][RequestInfo]
rdid=20220804162833910
status=3
message=null
lastAccessTime=2022-08-04 16:28:33.909
mrd_param=/rfn [sample.txt] /rsetpdfsecurity [2222,11 ,0,0,0]
export_type=pdf;mml
opcode=500
request_uri=http://127.0.0.1:8081/ReportingServer
file_r_path=2022/08/04/20220804162833910.pdf;2022/08/04/20220804162833910.mml
finish_time=20220804162835
finish_milli_time=1659598115695
start_time=20220804162833
protocol=sync
remote_ip=127.0.0.1
scheduler_execute_step=Post Processing
export_page=18
elapsed_time=1.785 (sec)
start_milli_time=1659598113910
user_agent=ReportDesigner
mrd_path=sample.mrd
file_a_path=C:/Program Files/Apache Software Foundation/apache-tomcat-8.5.50/webapps/ReportingServer/report/2022/08/04/20220804162833910.pdf;C:/Program Files/Apache Software Foundation/apache-tomcat-8.5.50/webapps/ReportingServer/report/2022/08/04/20220804162833910.mml

[2022-08-04 16:32:50.648][20220804163249408][RequestInfo]
rdid=20220804163249408
status=3
message=null
lastAccessTime=2022-08-04 16:32:49.408
mrd_param=/rfn [sample.txt] /rsetpdfsecurity [2222,11 ,0,0,0]
export_type=certpdf
opcode=502
request_uri=http://127.0.0.1:8081/ReportingServer
file_r_path=2022/08/04/20220804163249408.pdf
finish_time=20220804163250
finish_milli_time=1659598370648
start_time=20220804163249
protocol=sync
remote_ip=127.0.0.1
cert_barcode_info=0|0|0|0|0|0|0|0|0
scheduler_execute_step=Post Processing
export_page=18
elapsed_time=1.24 (sec)
start_milli_time=1659598369408
user_agent=ReportDesigner
mrd_path=sample.mrd
file_a_path=C:/Program Files/Apache Software Foundation/apache-tomcat-8.5.50/webapps/ReportingServer/report/2022/08/04/20220804163249408.pdf

[2022-08-04 16:35:18.160][20220804163517123][RequestInfo]
rdid=20220804163517123
status=3
message=null
lastAccessTime=2022-08-04 16:35:17.122
mrd_param=/rfn [sample.txt] /rsetpdfsecurity [2222,11 ,0,0,0]
export_type=certpdf
opcode=502
request_uri=http://127.0.0.1:8081/ReportingServer
file_r_path=2022/08/04/20220804163517123.pdf
finish_time=20220804163518
finish_milli_time=1659598518160
start_time=20220804163517
protocol=sync
remote_ip=127.0.0.1
cert_barcode_info=0|13|1|14.6|274.6|0|0|0|0
scheduler_execute_step=Post Processing
export_page=18
elapsed_time=1.037 (sec)
start_milli_time=1659598517123
user_agent=ReportDesigner
mrd_path=sample7.mrd
file_a_path=C:/Program Files/Apache Software Foundation/apache-tomcat-8.5.50/webapps/ReportingServer/report/2022/08/04/20220804163517123.pdf

[2022-08-04 16:36:58.766][20220804163657638][RequestInfo]
rdid=20220804163657638
status=3
message=null
lastAccessTime=2022-08-04 16:36:57.638
mrd_param=/rfn [sample.txt] /rsetpdfsecurity [2222,11 ,0,0,0]
export_type=pdf;mml
opcode=500
request_uri=http://127.0.0.1:8081/ReportingServer
file_r_path=2022/08/04/20220804163657638.pdf;2022/08/04/20220804163657638.mml
finish_time=20220804163658
finish_milli_time=1659598618765
start_time=20220804163657
protocol=sync
remote_ip=127.0.0.1
scheduler_execute_step=Post Processing
export_page=18
elapsed_time=1.127 (sec)
start_milli_time=1659598617638
user_agent=ReportDesigner
mrd_path=sample7.mrd
file_a_path=C:/Program Files/Apache Software Foundation/apache-tomcat-8.5.50/webapps/ReportingServer/report/2022/08/04/20220804163657638.pdf;C:/Program Files/Apache Software Foundation/apache-tomcat-8.5.50/webapps/ReportingServer/report/2022/08/04/20220804163657638.mml

[2022-08-04 16:42:51.412][20220804164250276][RequestInfo]
rdid=20220804164250276
status=3
message=null
lastAccessTime=2022-08-04 16:42:50.275
mrd_param=/rfn [sample.txt] /rsetpdfsecurity [2222,11 ,0,0,0]
export_type=pdf;mml
opcode=500
request_uri=http://127.0.0.1:8081/ReportingServer
file_r_path=2022/08/04/20220804164250276.pdf;2022/08/04/20220804164250276.mml
finish_time=20220804164251
finish_milli_time=1659598971412
start_time=20220804164250
protocol=sync
remote_ip=127.0.0.1
scheduler_execute_step=Post Processing
export_page=18
elapsed_time=1.136 (sec)
start_milli_time=1659598970276
user_agent=ReportDesigner
mrd_path=sample7.mrd
file_a_path=C:/Program Files/Apache Software Foundation/apache-tomcat-8.5.50/webapps/ReportingServer/report/2022/08/04/20220804164250276.pdf;C:/Program Files/Apache Software Foundation/apache-tomcat-8.5.50/webapps/ReportingServer/report/2022/08/04/20220804164250276.mml

[2022-08-04 16:43:10.632][20220804164309483][RequestInfo]
rdid=20220804164309483
status=3
message=null
lastAccessTime=2022-08-04 16:43:09.483
mrd_param=/rfn [sample.txt] /rsetpdfsecurity [2222,11 ,0,0,0]
export_type=pdf;mml
opcode=500
request_uri=http://127.0.0.1:8081/ReportingServer
file_r_path=2022/08/04/20220804164309483.pdf;2022/08/04/20220804164309483.mml
finish_time=20220804164310
finish_milli_time=1659598990632
start_time=20220804164309
protocol=sync
remote_ip=127.0.0.1
scheduler_execute_step=Post Processing
export_page=18
elapsed_time=1.149 (sec)
start_milli_time=1659598989483
user_agent=ReportDesigner
mrd_path=sample.mrd
file_a_path=C:/Program Files/Apache Software Foundation/apache-tomcat-8.5.50/webapps/ReportingServer/report/2022/08/04/20220804164309483.pdf;C:/Program Files/Apache Software Foundation/apache-tomcat-8.5.50/webapps/ReportingServer/report/2022/08/04/20220804164309483.mml

[2022-08-04 16:43:15.680][20220804164314486][RequestInfo]
rdid=20220804164314486
status=3
message=null
lastAccessTime=2022-08-04 16:43:14.486
mrd_param=/rfn [sample.txt] /rsetpdfsecurity [2222,11 ,0,0,0]
export_type=pdf;mml
opcode=500
request_uri=http://127.0.0.1:8081/ReportingServer
file_r_path=2022/08/04/20220804164314486.pdf;2022/08/04/20220804164314486.mml
finish_time=20220804164315
finish_milli_time=1659598995680
start_time=20220804164314
protocol=sync
remote_ip=127.0.0.1
scheduler_execute_step=Post Processing
export_page=18
elapsed_time=1.194 (sec)
start_milli_time=1659598994486
user_agent=ReportDesigner
mrd_path=sample.mrd
file_a_path=C:/Program Files/Apache Software Foundation/apache-tomcat-8.5.50/webapps/ReportingServer/report/2022/08/04/20220804164314486.pdf;C:/Program Files/Apache Software Foundation/apache-tomcat-8.5.50/webapps/ReportingServer/report/2022/08/04/20220804164314486.mml

[2022-08-04 16:43:32.699][20220804164331689][RequestInfo]
rdid=20220804164331689
status=3
message=null
lastAccessTime=2022-08-04 16:43:31.689
mrd_param=/rfn [sample.txt] /rsetpdfsecurity [2222,11 ,0,0,0]
export_type=certpdf
opcode=502
request_uri=http://127.0.0.1:8081/ReportingServer
file_r_path=2022/08/04/20220804164331689.pdf
finish_time=20220804164332
finish_milli_time=1659599012699
start_time=20220804164331
protocol=sync
remote_ip=127.0.0.1
cert_barcode_info=0|0|0|0|0|0|0|0|0
scheduler_execute_step=Post Processing
export_page=18
elapsed_time=1.01 (sec)
start_milli_time=1659599011689
user_agent=ReportDesigner
mrd_path=sample.mrd
file_a_path=C:/Program Files/Apache Software Foundation/apache-tomcat-8.5.50/webapps/ReportingServer/report/2022/08/04/20220804164331689.pdf

[2022-08-04 16:44:33.952][20220804164432516][RequestInfo]
rdid=20220804164432516
status=3
message=null
lastAccessTime=2022-08-04 16:44:32.516
mrd_param=/rfn [sample.txt] /rsetpdfsecurity [2222,11 ,0,0,0]
export_type=certpdf
opcode=502
request_uri=http://127.0.0.1:8081/ReportingServer
file_r_path=2022/08/04/20220804164432516.pdf
finish_time=20220804164433
finish_milli_time=1659599073951
start_time=20220804164432
protocol=sync
remote_ip=127.0.0.1
cert_barcode_info=0|0|0|0|0|0|0|0|0
scheduler_execute_step=Post Processing
export_page=18
elapsed_time=1.435 (sec)
start_milli_time=1659599072516
user_agent=ReportDesigner
mrd_path=sample7.mrd
file_a_path=C:/Program Files/Apache Software Foundation/apache-tomcat-8.5.50/webapps/ReportingServer/report/2022/08/04/20220804164432516.pdf

[2022-08-04 16:44:50.563][20220804164449465][RequestInfo]
rdid=20220804164449465
status=3
message=null
lastAccessTime=2022-08-04 16:44:49.465
mrd_param=/rfn [sample.txt] /rsetpdfsecurity [2222,11 ,0,0,0]
export_type=pdf;mml
opcode=500
request_uri=http://127.0.0.1:8081/ReportingServer
file_r_path=2022/08/04/20220804164449465.pdf;2022/08/04/20220804164449465.mml
finish_time=20220804164450
finish_milli_time=1659599090563
start_time=20220804164449
protocol=sync
remote_ip=127.0.0.1
scheduler_execute_step=Post Processing
export_page=18
elapsed_time=1.098 (sec)
start_milli_time=1659599089465
user_agent=ReportDesigner
mrd_path=sample7.mrd
file_a_path=C:/Program Files/Apache Software Foundation/apache-tomcat-8.5.50/webapps/ReportingServer/report/2022/08/04/20220804164449465.pdf;C:/Program Files/Apache Software Foundation/apache-tomcat-8.5.50/webapps/ReportingServer/report/2022/08/04/20220804164449465.mml

[2022-08-04 16:45:25.203][20220804164524078][RequestInfo]
rdid=20220804164524078
status=3
message=null
lastAccessTime=2022-08-04 16:45:24.078
mrd_param=/rfn [sample.txt] /rsetpdfsecurity [2222,11 ,0,0,0]
export_type=pdf;mml
opcode=500
request_uri=http://127.0.0.1:8081/ReportingServer
file_r_path=2022/08/04/20220804164524078.pdf;2022/08/04/20220804164524078.mml
finish_time=20220804164525
finish_milli_time=1659599125203
start_time=20220804164524
protocol=sync
remote_ip=127.0.0.1
scheduler_execute_step=Post Processing
export_page=18
elapsed_time=1.125 (sec)
start_milli_time=1659599124078
user_agent=ReportDesigner
mrd_path=sample7.mrd
file_a_path=C:/Program Files/Apache Software Foundation/apache-tomcat-8.5.50/webapps/ReportingServer/report/2022/08/04/20220804164524078.pdf;C:/Program Files/Apache Software Foundation/apache-tomcat-8.5.50/webapps/ReportingServer/report/2022/08/04/20220804164524078.mml

[2022-08-04 16:45:46.982][20220804164545651][RequestInfo]
rdid=20220804164545651
status=3
message=null
lastAccessTime=2022-08-04 16:45:45.651
mrd_param=/rfn [sample.txt] /rsetpdfsecurity [2222,11 ,0,0,0]
export_type=certpdf
opcode=502
request_uri=http://127.0.0.1:8081/ReportingServer
file_r_path=2022/08/04/20220804164545651.pdf
finish_time=20220804164546
finish_milli_time=1659599146981
start_time=20220804164545
protocol=sync
remote_ip=127.0.0.1
cert_barcode_info=0|13|1|14.6|274.6|0|0|0|0
scheduler_execute_step=Post Processing
export_page=18
elapsed_time=1.33 (sec)
start_milli_time=1659599145651
user_agent=ReportDesigner
mrd_path=sample7.mrd
file_a_path=C:/Program Files/Apache Software Foundation/apache-tomcat-8.5.50/webapps/ReportingServer/report/2022/08/04/20220804164545651.pdf

[2022-08-04 16:48:26.264][20220804164825981][RequestInfo]
rdid=20220804164825981
status=3
message=null
lastAccessTime=2022-08-04 16:48:25.981
mrd_param=/rfn [http://localhost:8081/ReportingServer/mrd/sample.txt]
opcode=701
request_uri=http://0:0:0:0:0:0:0:1:8081/ReportingServer
finish_time=20220804164826
finish_milli_time=1659599306264
start_time=20220804164825
protocol=sync
remote_ip=0:0:0:0:0:0:0:1
scheduler_execute_step=Post Processing
runtime_param=
mrd_plain_param=
elapsed_time=0.283 (sec)
mmlVersion=0
start_milli_time=1659599305981
mrd_data=
user_agent=Mozilla/5.0 (Windows NT 10.0; Win64; x64) AppleWebKit/537.36 (KHTML, like Gecko) Chrome/103.0.0.0 Safari/537.36
mrd_path=http://localhost:8081/ReportingServer/mrd/sample.mrd

[2022-08-04 17:19:43.851][20220804171943435][RequestInfo]
rdid=20220804171943435
status=3
message=null
lastAccessTime=2022-08-04 17:19:43.435
mrd_param=/rfn [sample.txt]
opcode=700
request_uri=http://0:0:0:0:0:0:0:1:8081/ReportingServer
finish_time=20220804171943
finish_milli_time=1659601183848
start_time=20220804171943
protocol=sync
remote_ip=0:0:0:0:0:0:0:1
scheduler_execute_step=Post Processing
runtime_param=
mrd_plain_param=
elapsed_time=0.413 (sec)
mmlVersion=0
start_milli_time=1659601183435
mrd_data=
user_agent=Mozilla/5.0 (Windows NT 10.0; Win64; x64) AppleWebKit/537.36 (KHTML, like Gecko) Chrome/104.0.0.0 Safari/537.36
mrd_path=sample.mrd

[2022-08-04 17:19:49.083][20220804171947358][RequestInfo]
rdid=20220804171947358
status=3
message=null
lastAccessTime=2022-08-04 17:19:47.358
mrd_param=/rfn [sample.txt] /rformcurformat [? #,###] /rformnumformat [#,###.###] /rbrowserlocale [ko]
export_type=jpg
opcode=500
request_uri=http://0:0:0:0:0:0:0:1:8081/ReportingServer
file_r_path=2022/08/04/20220804171947358_1.jpg;2022/08/04/20220804171947358_2.jpg;2022/08/04/20220804171947358_3.jpg;2022/08/04/20220804171947358_4.jpg;2022/08/04/20220804171947358_5.jpg;2022/08/04/20220804171947358_6.jpg;2022/08/04/20220804171947358_7.jpg;2022/08/04/20220804171947358_8.jpg;2022/08/04/20220804171947358_9.jpg;2022/08/04/20220804171947358_10.jpg;2022/08/04/20220804171947358_11.jpg;2022/08/04/20220804171947358_12.jpg;2022/08/04/20220804171947358_13.jpg;2022/08/04/20220804171947358_14.jpg;2022/08/04/20220804171947358_15.jpg;2022/08/04/20220804171947358_16.jpg;2022/08/04/20220804171947358_17.jpg;2022/08/04/20220804171947358_18.jpg
finish_time=20220804171949
finish_milli_time=1659601189083
start_time=20220804171947
protocol=sync
remote_ip=0:0:0:0:0:0:0:1
scheduler_execute_step=Post Processing
export_page=18
elapsed_time=1.725 (sec)
start_milli_time=1659601187358
crownix-client=html5viewer
user_agent=Mozilla/5.0 (Windows NT 10.0; Win64; x64) AppleWebKit/537.36 (KHTML, like Gecko) Chrome/104.0.0.0 Safari/537.36
mrd_path=sample.mrd
file_a_path=C:/Program Files/Apache Software Foundation/apache-tomcat-8.5.50/webapps/ReportingServer/report/2022/08/04/20220804171947358_1.jpg;C:/Program Files/Apache Software Foundation/apache-tomcat-8.5.50/webapps/ReportingServer/report/2022/08/04/20220804171947358_2.jpg;C:/Program Files/Apache Software Foundation/apache-tomcat-8.5.50/webapps/ReportingServer/report/2022/08/04/20220804171947358_3.jpg;C:/Program Files/Apache Software Foundation/apache-tomcat-8.5.50/webapps/ReportingServer/report/2022/08/04/20220804171947358_4.jpg;C:/Program Files/Apache Software Foundation/apache-tomcat-8.5.50/webapps/ReportingServer/report/2022/08/04/20220804171947358_5.jpg;C:/Program Files/Apache Software Foundation/apache-tomcat-8.5.50/webapps/ReportingServer/report/2022/08/04/20220804171947358_6.jpg;C:/Program Files/Apache Software Foundation/apache-tomcat-8.5.50/webapps/ReportingServer/report/2022/08/04/20220804171947358_7.jpg;C:/Program Files/Apache Software Foundation/apache-tomcat-8.5.50/webapps/ReportingServer/report/2022/08/04/20220804171947358_8.jpg;C:/Program Files/Apache Software Foundation/apache-tomcat-8.5.50/webapps/ReportingServer/report/2022/08/04/20220804171947358_9.jpg;C:/Program Files/Apache Software Foundation/apache-tomcat-8.5.50/webapps/ReportingServer/report/2022/08/04/20220804171947358_10.jpg;C:/Program Files/Apache Software Foundation/apache-tomcat-8.5.50/webapps/ReportingServer/report/2022/08/04/20220804171947358_11.jpg;C:/Program Files/Apache Software Foundation/apache-tomcat-8.5.50/webapps/ReportingServer/report/2022/08/04/20220804171947358_12.jpg;C:/Program Files/Apache Software Foundation/apache-tomcat-8.5.50/webapps/ReportingServer/report/2022/08/04/20220804171947358_13.jpg;C:/Program Files/Apache Software Foundation/apache-tomcat-8.5.50/webapps/ReportingServer/report/2022/08/04/20220804171947358_14.jpg;C:/Program Files/Apache Software Foundation/apache-tomcat-8.5.50/webapps/ReportingServer/report/2022/08/04/20220804171947358_15.jpg;C:/Program Files/Apache Software Foundation/apache-tomcat-8.5.50/webapps/ReportingServer/report/2022/08/04/20220804171947358_16.jpg;C:/Program Files/Apache Software Foundation/apache-tomcat-8.5.50/webapps/ReportingServer/report/2022/08/04/20220804171947358_17.jpg;C:/Program Files/Apache Software Foundation/apache-tomcat-8.5.50/webapps/ReportingServer/report/2022/08/04/20220804171947358_18.jpg

[2022-08-04 17:20:06.974][20220804172000463][RequestInfo]
rdid=20220804172000463
status=3
message=null
lastAccessTime=2022-08-04 17:20:00.463
mrd_param=/rfn [sample.txt] /rformcurformat [? #,###] /rformnumformat [#,###.###] /rbrowserlocale [ko]
export_type=png
opcode=500
request_uri=http://0:0:0:0:0:0:0:1:8081/ReportingServer
file_r_path=2022/08/04/20220804172000463_1.png;2022/08/04/20220804172000463_2.png;2022/08/04/20220804172000463_3.png;2022/08/04/20220804172000463_4.png;2022/08/04/20220804172000463_5.png;2022/08/04/20220804172000463_6.png;2022/08/04/20220804172000463_7.png;2022/08/04/20220804172000463_8.png;2022/08/04/20220804172000463_9.png;2022/08/04/20220804172000463_10.png;2022/08/04/20220804172000463_11.png;2022/08/04/20220804172000463_12.png;2022/08/04/20220804172000463_13.png;2022/08/04/20220804172000463_14.png;2022/08/04/20220804172000463_15.png;2022/08/04/20220804172000463_16.png;2022/08/04/20220804172000463_17.png;2022/08/04/20220804172000463_18.png
finish_time=20220804172006
finish_milli_time=1659601206974
start_time=20220804172000
protocol=sync
remote_ip=0:0:0:0:0:0:0:1
scheduler_execute_step=Post Processing
export_page=18
elapsed_time=6.511 (sec)
start_milli_time=1659601200463
crownix-client=html5viewer
user_agent=Mozilla/5.0 (Windows NT 10.0; Win64; x64) AppleWebKit/537.36 (KHTML, like Gecko) Chrome/104.0.0.0 Safari/537.36
mrd_path=sample.mrd
file_a_path=C:/Program Files/Apache Software Foundation/apache-tomcat-8.5.50/webapps/ReportingServer/report/2022/08/04/20220804172000463_1.png;C:/Program Files/Apache Software Foundation/apache-tomcat-8.5.50/webapps/ReportingServer/report/2022/08/04/20220804172000463_2.png;C:/Program Files/Apache Software Foundation/apache-tomcat-8.5.50/webapps/ReportingServer/report/2022/08/04/20220804172000463_3.png;C:/Program Files/Apache Software Foundation/apache-tomcat-8.5.50/webapps/ReportingServer/report/2022/08/04/20220804172000463_4.png;C:/Program Files/Apache Software Foundation/apache-tomcat-8.5.50/webapps/ReportingServer/report/2022/08/04/20220804172000463_5.png;C:/Program Files/Apache Software Foundation/apache-tomcat-8.5.50/webapps/ReportingServer/report/2022/08/04/20220804172000463_6.png;C:/Program Files/Apache Software Foundation/apache-tomcat-8.5.50/webapps/ReportingServer/report/2022/08/04/20220804172000463_7.png;C:/Program Files/Apache Software Foundation/apache-tomcat-8.5.50/webapps/ReportingServer/report/2022/08/04/20220804172000463_8.png;C:/Program Files/Apache Software Foundation/apache-tomcat-8.5.50/webapps/ReportingServer/report/2022/08/04/20220804172000463_9.png;C:/Program Files/Apache Software Foundation/apache-tomcat-8.5.50/webapps/ReportingServer/report/2022/08/04/20220804172000463_10.png;C:/Program Files/Apache Software Foundation/apache-tomcat-8.5.50/webapps/ReportingServer/report/2022/08/04/20220804172000463_11.png;C:/Program Files/Apache Software Foundation/apache-tomcat-8.5.50/webapps/ReportingServer/report/2022/08/04/20220804172000463_12.png;C:/Program Files/Apache Software Foundation/apache-tomcat-8.5.50/webapps/ReportingServer/report/2022/08/04/20220804172000463_13.png;C:/Program Files/Apache Software Foundation/apache-tomcat-8.5.50/webapps/ReportingServer/report/2022/08/04/20220804172000463_14.png;C:/Program Files/Apache Software Foundation/apache-tomcat-8.5.50/webapps/ReportingServer/report/2022/08/04/20220804172000463_15.png;C:/Program Files/Apache Software Foundation/apache-tomcat-8.5.50/webapps/ReportingServer/report/2022/08/04/20220804172000463_16.png;C:/Program Files/Apache Software Foundation/apache-tomcat-8.5.50/webapps/ReportingServer/report/2022/08/04/20220804172000463_17.png;C:/Program Files/Apache Software Foundation/apache-tomcat-8.5.50/webapps/ReportingServer/report/2022/08/04/20220804172000463_18.png

