[
log_version=6.0
server_name=ERS Reporting Server
server_version=6.4.5.430
jbre_version=5.5.14.1010
customer_name=¸ÞµðÁ¨ÈÞ¸ÕÄÉ¾î
user.dir=C:\WINDOWS\system32
os.name=Windows 10
os.version=10.0
java.version=1.8.0_275
java.vm.version=25.275-b01
java.vm.vendor=ojdkbuild
java.vm.name=OpenJDK 64-Bit Server VM
java.home=C:\Java\java-1.8.0-openjdk-1.8.0.275-1\jre
java.class.path=C:\Program Files\Apache Software Foundation\apache-tomcat-8.5.50\webapps\ReportingServer\bin\ers-daemon.jar;C:\Program Files\Apache Software Foundation\apache-tomcat-8.5.50\webapps\ReportingServer\bin\ers-common.jar;C:\Program Files\Apache Software Foundation\apache-tomcat-8.5.50\webapps\ReportingServer\bin\jetty\ant-1.6.5.jar;C:\Program Files\Apache Software Foundation\apache-tomcat-8.5.50\webapps\ReportingServer\bin\jetty\core-3.1.1.jar;C:\Program Files\Apache Software Foundation\apache-tomcat-8.5.50\webapps\ReportingServer\bin\jetty\jetty-6.1.26.jar;C:\Program Files\Apache Software Foundation\apache-tomcat-8.5.50\webapps\ReportingServer\bin\jetty\jetty-util-6.1.26.jar;C:\Program Files\Apache Software Foundation\apache-tomcat-8.5.50\webapps\ReportingServer\bin\jetty\jsp-2.1-glassfish-2.1.v20091210.jar;C:\Program Files\Apache Software Foundation\apache-tomcat-8.5.50\webapps\ReportingServer\bin\jetty\jsp-2.1-jetty-6.1.26.jar;C:\Program Files\Apache Software Foundation\apache-tomcat-8.5.50\webapps\ReportingServer\bin\jetty\jsp-api-2.1-glassfish-2.1.v20091210.jar;C:\Program Files\Apache Software Foundation\apache-tomcat-8.5.50\webapps\ReportingServer\bin\jetty\servlet-api-2.5-20081211.jar
file.encoding=EUC_KR
user.language=ko
]

[2022-08-16 09:25:43.884][20220816092539341][RequestInfo]
rdid=20220816092539341
status=3
message=null
lastAccessTime=2022-08-16 09:25:39.333
mrd_param=/rfn [AccRecPrt.txt]
opcode=700
request_uri=http://0:0:0:0:0:0:0:1:8081/ReportingServer
finish_time=20220816092543
finish_milli_time=1660609543880
start_time=20220816092539
protocol=sync
remote_ip=0:0:0:0:0:0:0:1
scheduler_execute_step=Post Processing
runtime_param=
mrd_plain_param=
elapsed_time=4.538 (sec)
mmlVersion=0
start_milli_time=1660609539342
mrd_data=
user_agent=Mozilla/5.0 (Windows NT 10.0; Win64; x64) AppleWebKit/537.36 (KHTML, like Gecko) Chrome/104.0.0.0 Safari/537.36
mrd_path=AccRecPrt.mrd

[2022-08-16 09:25:52.527][20220816092552362][RequestInfo]
rdid=20220816092552362
status=3
message=null
lastAccessTime=2022-08-16 09:25:52.362
mrd_param=/rfn [AccRecPrt.txt]
opcode=700
request_uri=http://0:0:0:0:0:0:0:1:8081/ReportingServer
finish_time=20220816092552
finish_milli_time=1660609552526
start_time=20220816092552
protocol=sync
remote_ip=0:0:0:0:0:0:0:1
scheduler_execute_step=Post Processing
runtime_param=
mrd_plain_param=
elapsed_time=0.163 (sec)
mmlVersion=0
start_milli_time=1660609552363
mrd_data=
user_agent=Mozilla/5.0 (Windows NT 10.0; Win64; x64) AppleWebKit/537.36 (KHTML, like Gecko) Chrome/104.0.0.0 Safari/537.36
mrd_path=AccRecPrt.mrd

[2022-08-16 09:27:22.397][20220816092722324][RequestInfo]
rdid=20220816092722324
status=3
message=null
lastAccessTime=2022-08-16 09:27:22.323
mrd_param=/rfn [AccRecPrt.txt]
opcode=700
request_uri=http://0:0:0:0:0:0:0:1:8081/ReportingServer
finish_time=20220816092722
finish_milli_time=1660609642396
start_time=20220816092722
protocol=sync
remote_ip=0:0:0:0:0:0:0:1
scheduler_execute_step=Post Processing
runtime_param=
mrd_plain_param=
elapsed_time=0.072 (sec)
mmlVersion=0
start_milli_time=1660609642324
mrd_data=
user_agent=Mozilla/5.0 (Windows NT 10.0; Win64; x64) AppleWebKit/537.36 (KHTML, like Gecko) Chrome/104.0.0.0 Safari/537.36
mrd_path=AccRecPrt.mrd

[2022-08-16 09:29:05.009][20220816092902270][RequestInfo]
rdid=20220816092902270
status=3
message=null
lastAccessTime=2022-08-16 09:29:02.268
mrd_param=/rfn [AccRecPrt.xml]
opcode=700
request_uri=http://0:0:0:0:0:0:0:1:8081/ReportingServer
finish_time=20220816092905
finish_milli_time=1660609745009
start_time=20220816092902
protocol=sync
remote_ip=0:0:0:0:0:0:0:1
scheduler_execute_step=Post Processing
runtime_param=
mrd_plain_param=
elapsed_time=2.739 (sec)
mmlVersion=0
start_milli_time=1660609742270
mrd_data=
user_agent=Mozilla/5.0 (Windows NT 10.0; Win64; x64) AppleWebKit/537.36 (KHTML, like Gecko) Chrome/104.0.0.0 Safari/537.36
mrd_path=AccRecPrt.mrd

[2022-08-16 09:29:27.822][20220816092927335][RequestInfo]
rdid=20220816092927335
status=3
message=null
lastAccessTime=2022-08-16 09:29:27.333
mrd_param=/rfn [AccRecPrt.xml]
opcode=700
request_uri=http://0:0:0:0:0:0:0:1:8081/ReportingServer
finish_time=20220816092927
finish_milli_time=1660609767821
start_time=20220816092927
protocol=sync
remote_ip=0:0:0:0:0:0:0:1
scheduler_execute_step=Post Processing
runtime_param=
mrd_plain_param=
elapsed_time=0.486 (sec)
mmlVersion=0
start_milli_time=1660609767335
mrd_data=
user_agent=Mozilla/5.0 (Windows NT 10.0; Win64; x64) AppleWebKit/537.36 (KHTML, like Gecko) Chrome/104.0.0.0 Safari/537.36
mrd_path=AccRecPrt.mrd

[2022-08-16 09:30:07.482][20220816093007006][RequestInfo]
rdid=20220816093007006
status=3
message=null
lastAccessTime=2022-08-16 09:30:07.005
mrd_param=/rfn [AccRecPrt.xml]
opcode=700
request_uri=http://0:0:0:0:0:0:0:1:8081/ReportingServer
finish_time=20220816093007
finish_milli_time=1660609807482
start_time=20220816093007
protocol=sync
remote_ip=0:0:0:0:0:0:0:1
scheduler_execute_step=Post Processing
runtime_param=
mrd_plain_param=
elapsed_time=0.476 (sec)
mmlVersion=0
start_milli_time=1660609807006
mrd_data=
user_agent=Mozilla/5.0 (Windows NT 10.0; Win64; x64) AppleWebKit/537.36 (KHTML, like Gecko) Chrome/104.0.0.0 Safari/537.36
mrd_path=AccRecPrt.mrd

[2022-08-16 09:30:21.170][20220816093021011][RequestInfo]
rdid=20220816093021011
status=3
message=null
lastAccessTime=2022-08-16 09:30:21.010
mrd_param=/rfn [AccRecPrt.xml]
opcode=700
request_uri=http://0:0:0:0:0:0:0:1:8081/ReportingServer
finish_time=20220816093021
finish_milli_time=1660609821169
start_time=20220816093021
protocol=sync
remote_ip=0:0:0:0:0:0:0:1
scheduler_execute_step=Post Processing
runtime_param=
mrd_plain_param=
elapsed_time=0.158 (sec)
mmlVersion=0
start_milli_time=1660609821011
mrd_data=
user_agent=Mozilla/5.0 (Windows NT 10.0; Win64; x64) AppleWebKit/537.36 (KHTML, like Gecko) Chrome/104.0.0.0 Safari/537.36
mrd_path=AccRecPrt.mrd

[2022-08-16 09:30:22.346][20220816093022192][RequestInfo]
rdid=20220816093022192
status=3
message=null
lastAccessTime=2022-08-16 09:30:22.191
mrd_param=/rfn [AccRecPrt.xml]
opcode=700
request_uri=http://0:0:0:0:0:0:0:1:8081/ReportingServer
finish_time=20220816093022
finish_milli_time=1660609822346
start_time=20220816093022
protocol=sync
remote_ip=0:0:0:0:0:0:0:1
scheduler_execute_step=Post Processing
runtime_param=
mrd_plain_param=
elapsed_time=0.154 (sec)
mmlVersion=0
start_milli_time=1660609822192
mrd_data=
user_agent=Mozilla/5.0 (Windows NT 10.0; Win64; x64) AppleWebKit/537.36 (KHTML, like Gecko) Chrome/104.0.0.0 Safari/537.36
mrd_path=AccRecPrt.mrd

[2022-08-16 09:30:23.098][20220816093022931][RequestInfo]
rdid=20220816093022931
status=3
message=null
lastAccessTime=2022-08-16 09:30:22.931
mrd_param=/rfn [AccRecPrt.xml]
opcode=700
request_uri=http://0:0:0:0:0:0:0:1:8081/ReportingServer
finish_time=20220816093023
finish_milli_time=1660609823097
start_time=20220816093022
protocol=sync
remote_ip=0:0:0:0:0:0:0:1
scheduler_execute_step=Post Processing
runtime_param=
mrd_plain_param=
elapsed_time=0.166 (sec)
mmlVersion=0
start_milli_time=1660609822931
mrd_data=
user_agent=Mozilla/5.0 (Windows NT 10.0; Win64; x64) AppleWebKit/537.36 (KHTML, like Gecko) Chrome/104.0.0.0 Safari/537.36
mrd_path=AccRecPrt.mrd

[2022-08-16 09:30:34.198][20220816093033816][RequestInfo]
rdid=20220816093033816
status=3
message=null
lastAccessTime=2022-08-16 09:30:33.815
mrd_param=/rfn [AccRecPrt.xml]
opcode=700
request_uri=http://0:0:0:0:0:0:0:1:8081/ReportingServer
finish_time=20220816093034
finish_milli_time=1660609834197
start_time=20220816093033
protocol=sync
remote_ip=0:0:0:0:0:0:0:1
scheduler_execute_step=Post Processing
runtime_param=
mrd_plain_param=
elapsed_time=0.381 (sec)
mmlVersion=0
start_milli_time=1660609833816
mrd_data=
user_agent=Mozilla/5.0 (Windows NT 10.0; Win64; x64) AppleWebKit/537.36 (KHTML, like Gecko) Chrome/104.0.0.0 Safari/537.36
mrd_path=AccRecPrt.mrd

[2022-08-16 09:30:49.453][20220816093049252][RequestInfo]
rdid=20220816093049252
status=3
message=null
lastAccessTime=2022-08-16 09:30:49.252
mrd_param=/rfn [AccRecPrt.xml]
opcode=700
request_uri=http://0:0:0:0:0:0:0:1:8081/ReportingServer
finish_time=20220816093049
finish_milli_time=1660609849453
start_time=20220816093049
protocol=sync
remote_ip=0:0:0:0:0:0:0:1
scheduler_execute_step=Post Processing
runtime_param=
mrd_plain_param=
elapsed_time=0.201 (sec)
mmlVersion=0
start_milli_time=1660609849252
mrd_data=
user_agent=Mozilla/5.0 (Windows NT 10.0; Win64; x64) AppleWebKit/537.36 (KHTML, like Gecko) Chrome/104.0.0.0 Safari/537.36
mrd_path=AccRecPrt.mrd

[2022-08-16 09:31:34.617][20220816093115514][RequestInfo]
rdid=20220816093115514
status=3
message=null
lastAccessTime=2022-08-16 09:31:15.513
mrd_param=/rpdfprintdialog /rfn [AccRecPrt.xml] /rformcurformat [?? #,###] /rformnumformat [#,###.###] /rbrowserlocale [ko]
export_type=pdf
opcode=500
request_uri=http://0:0:0:0:0:0:0:1:8081/ReportingServer
file_r_path=2022/08/16/20220816093115514.pdf
finish_time=20220816093134
finish_milli_time=1660609894616
start_time=20220816093115
protocol=sync
remote_ip=0:0:0:0:0:0:0:1
scheduler_execute_step=Post Processing
export_page=5
elapsed_time=19.102 (sec)
start_milli_time=1660609875514
crownix-client=html5viewer
user_agent=Mozilla/5.0 (Windows NT 10.0; Win64; x64) AppleWebKit/537.36 (KHTML, like Gecko) Chrome/104.0.0.0 Safari/537.36
mrd_path=AccRecPrt.mrd
file_a_path=C:/Program Files/Apache Software Foundation/apache-tomcat-8.5.50/webapps/ReportingServer/report/2022/08/16/20220816093115514.pdf

[2022-08-16 09:31:58.764][20220816093158603][RequestInfo]
rdid=20220816093158603
status=3
message=null
lastAccessTime=2022-08-16 09:31:58.602
mrd_param=/rfn [AccRecPrt.xml]
opcode=700
request_uri=http://0:0:0:0:0:0:0:1:8081/ReportingServer
finish_time=20220816093158
finish_milli_time=1660609918763
start_time=20220816093158
protocol=sync
remote_ip=0:0:0:0:0:0:0:1
scheduler_execute_step=Post Processing
runtime_param=
mrd_plain_param=
elapsed_time=0.16 (sec)
mmlVersion=0
start_milli_time=1660609918603
mrd_data=
user_agent=Mozilla/5.0 (Windows NT 10.0; Win64; x64) AppleWebKit/537.36 (KHTML, like Gecko) Chrome/104.0.0.0 Safari/537.36
mrd_path=AccRecPrt.mrd

[2022-08-16 09:32:02.502][20220816093159964][RequestInfo]
rdid=20220816093159964
status=3
message=null
lastAccessTime=2022-08-16 09:31:59.964
mrd_param=/rpdfprintdialog /rfn [AccRecPrt.xml] /rformcurformat [?? #,###] /rformnumformat [#,###.###] /rbrowserlocale [ko]
export_type=pdf
opcode=500
request_uri=http://0:0:0:0:0:0:0:1:8081/ReportingServer
file_r_path=2022/08/16/20220816093159964.pdf
finish_time=20220816093202
finish_milli_time=1660609922502
start_time=20220816093159
protocol=sync
remote_ip=0:0:0:0:0:0:0:1
scheduler_execute_step=Post Processing
export_page=5
elapsed_time=2.538 (sec)
start_milli_time=1660609919964
crownix-client=html5viewer
user_agent=Mozilla/5.0 (Windows NT 10.0; Win64; x64) AppleWebKit/537.36 (KHTML, like Gecko) Chrome/104.0.0.0 Safari/537.36
mrd_path=AccRecPrt.mrd
file_a_path=C:/Program Files/Apache Software Foundation/apache-tomcat-8.5.50/webapps/ReportingServer/report/2022/08/16/20220816093159964.pdf

[2022-08-16 09:32:09.880][20220816093209771][RequestInfo]
rdid=20220816093209771
status=3
message=null
lastAccessTime=2022-08-16 09:32:09.770
mrd_param=/rfn [AccRecPrt.xml]
opcode=700
request_uri=http://0:0:0:0:0:0:0:1:8081/ReportingServer
finish_time=20220816093209
finish_milli_time=1660609929880
start_time=20220816093209
protocol=sync
remote_ip=0:0:0:0:0:0:0:1
scheduler_execute_step=Post Processing
runtime_param=
mrd_plain_param=
elapsed_time=0.109 (sec)
mmlVersion=0
start_milli_time=1660609929771
mrd_data=
user_agent=Mozilla/5.0 (Windows NT 10.0; Win64; x64) AppleWebKit/537.36 (KHTML, like Gecko) Chrome/104.0.0.0 Safari/537.36
mrd_path=AccRecPrt.mrd

[2022-08-16 09:32:14.398][20220816093211820][RequestInfo]
rdid=20220816093211820
status=3
message=null
lastAccessTime=2022-08-16 09:32:11.820
mrd_param=/rpdfprintdialog /rfn [AccRecPrt.xml] /rformcurformat [? #,###] /rformnumformat [#,###.###] /rbrowserlocale [ko]
export_type=pdf
opcode=500
request_uri=http://0:0:0:0:0:0:0:1:8081/ReportingServer
file_r_path=2022/08/16/20220816093211820.pdf
finish_time=20220816093214
finish_milli_time=1660609934398
start_time=20220816093211
protocol=sync
remote_ip=0:0:0:0:0:0:0:1
scheduler_execute_step=Post Processing
export_page=5
elapsed_time=2.578 (sec)
start_milli_time=1660609931820
crownix-client=html5viewer
user_agent=Mozilla/5.0 (Windows NT 10.0; Win64; x64) AppleWebKit/537.36 (KHTML, like Gecko) Chrome/104.0.0.0 Safari/537.36
mrd_path=AccRecPrt.mrd
file_a_path=C:/Program Files/Apache Software Foundation/apache-tomcat-8.5.50/webapps/ReportingServer/report/2022/08/16/20220816093211820.pdf

[2022-08-16 09:32:27.134][20220816093226953][RequestInfo]
rdid=20220816093226953
status=3
message=null
lastAccessTime=2022-08-16 09:32:26.952
mrd_param=/rfn [AccRecPrt.xml]
opcode=700
request_uri=http://0:0:0:0:0:0:0:1:8081/ReportingServer
finish_time=20220816093227
finish_milli_time=1660609947133
start_time=20220816093226
protocol=sync
remote_ip=0:0:0:0:0:0:0:1
scheduler_execute_step=Post Processing
runtime_param=
mrd_plain_param=
elapsed_time=0.18 (sec)
mmlVersion=0
start_milli_time=1660609946953
mrd_data=
user_agent=Mozilla/5.0 (Windows NT 10.0; Win64; x64) AppleWebKit/537.36 (KHTML, like Gecko) Chrome/104.0.0.0 Safari/537.36
mrd_path=AccRecPrt.mrd

