[
log_version=6.0
server_name=ERS Reporting Server
server_version=6.4.5.430
jbre_version=5.5.14.1010
customer_name=¸ÞµðÁ¨ÈÞ¸ÕÄÉ¾î
user.dir=C:\Program Files\Apache Software Foundation\apache-tomcat-8.5.50
os.name=Windows 10
os.version=10.0
java.version=1.8.0_275
java.vm.version=25.275-b01
java.vm.vendor=ojdkbuild
java.vm.name=OpenJDK 64-Bit Server VM
java.home=C:\Java\java-1.8.0-openjdk-1.8.0.275-1\jre
java.class.path=C:\Program Files\Apache Software Foundation\apache-tomcat-8.5.50\bin\bootstrap.jar;C:\Program Files\Apache Software Foundation\apache-tomcat-8.5.50\bin\tomcat-juli.jar
file.encoding=MS949
user.language=ko
]

[2022-08-05 11:14:52.972][20220805111452666][RequestInfo]
rdid=20220805111452666
status=3
message=null
lastAccessTime=2022-08-05 11:14:52.666
mrd_param=/rfn [sample.txt] /rsetpdfsecurity [2222,11 ,0,0,0]
export_type=txt
opcode=500
request_uri=http://127.0.0.1:8081/ReportingServer
file_r_path=2022/08/05/20220805111452666.txt
finish_time=20220805111452
finish_milli_time=1659665692957
start_time=20220805111452
protocol=sync
remote_ip=127.0.0.1
scheduler_execute_step=Post Processing
export_page=18
elapsed_time=0.291 (sec)
start_milli_time=1659665692666
user_agent=ReportDesigner
mrd_path=sample7.mrd
file_a_path=C:/Program Files/Apache Software Foundation/apache-tomcat-8.5.50/webapps/ReportingServer/report/2022/08/05/20220805111452666.txt

