[
log_version=6.0
server_name=ERS Reporting Server
server_version=6.4.5.430
jbre_version=5.5.14.1010
customer_name=¸ÞµðÁ¨ÈÞ¸ÕÄÉ¾î
user.dir=C:\Program Files\Apache Software Foundation\apache-tomcat-8.5.50
os.name=Windows 10
os.version=10.0
java.version=1.8.0_275
java.vm.version=25.275-b01
java.vm.vendor=ojdkbuild
java.vm.name=OpenJDK 64-Bit Server VM
java.home=C:\Java\java-1.8.0-openjdk-1.8.0.275-1\jre
java.class.path=C:\Program Files\Apache Software Foundation\apache-tomcat-8.5.50\bin\bootstrap.jar;C:\Program Files\Apache Software Foundation\apache-tomcat-8.5.50\bin\tomcat-juli.jar
file.encoding=MS949
user.language=ko
]

[2022-08-08 13:53:30.868][INFO ][20220808135330842] [rdid=20220808135330842] [01-process start       ] LabTime=     3(ms) ElapsedTime=     3(ms) 
[2022-08-08 13:53:30.891][INFO ][20220808135330842] [rdid=20220808135330842] [02-write mml start(J-M)] LabTime=    28(ms) ElapsedTime=    31(ms) 
[2022-08-08 13:53:31.294][INFO ][20220808135330842] [rdid=20220808135330842] [03-write mml success   ] LabTime=   403(ms) ElapsedTime=   434(ms) 
[2022-08-08 13:53:31.295][INFO ][20220808135330842] [rdid=20220808135330842] [04-process success     ] LabTime=     0(ms) ElapsedTime=   434(ms) 
[2022-08-08 13:53:32.867][INFO ][20220808135330842] [rdid=20220808135330842] [01-process start       ] LabTime=     1(ms) ElapsedTime=     1(ms) 
[2022-08-08 13:53:32.867][INFO ][20220808135330842] [rdid=20220808135330842] [02-export start        ] LabTime=     0(ms) ElapsedTime=     1(ms) 
[2022-08-08 13:53:33.885][INFO ][20220808135330842] [rdid=20220808135330842] [03-convert success     ] LabTime=  1018(ms) ElapsedTime=  1019(ms) 
[2022-08-08 13:53:33.886][INFO ][20220808135330842] [rdid=20220808135330842] [04-process finish      ] LabTime=     1(ms) ElapsedTime=  1020(ms) 
[2022-08-08 13:53:42.175][INFO ][20220808135330842] [rdid=20220808135330842] [01-process start       ] LabTime=     1(ms) ElapsedTime=     1(ms) 
[2022-08-08 13:53:42.175][INFO ][20220808135330842] [rdid=20220808135330842] [02-export start        ] LabTime=     0(ms) ElapsedTime=     1(ms) 
[2022-08-08 13:53:43.063][INFO ][20220808135330842] [rdid=20220808135330842] [03-convert success     ] LabTime=   888(ms) ElapsedTime=   889(ms) 
[2022-08-08 13:53:43.064][INFO ][20220808135330842] [rdid=20220808135330842] [04-process finish      ] LabTime=     1(ms) ElapsedTime=   890(ms) 
[2022-08-08 13:53:58.202][INFO ][20220808135330842] [rdid=20220808135330842] [01-process start       ] LabTime=     0(ms) ElapsedTime=     0(ms) 
[2022-08-08 13:53:58.203][INFO ][20220808135330842] [rdid=20220808135330842] [02-export start        ] LabTime=     1(ms) ElapsedTime=     1(ms) 
[2022-08-08 13:53:59.033][INFO ][20220808135330842] [rdid=20220808135330842] [03-convert success     ] LabTime=   830(ms) ElapsedTime=   831(ms) 
[2022-08-08 13:53:59.034][INFO ][20220808135330842] [rdid=20220808135330842] [04-process finish      ] LabTime=     1(ms) ElapsedTime=   832(ms) 
[2022-08-08 13:54:07.811][INFO ][20220808135330842] [rdid=20220808135330842] [01-process start       ] LabTime=     0(ms) ElapsedTime=     0(ms) 
[2022-08-08 13:54:07.811][INFO ][20220808135330842] [rdid=20220808135330842] [02-export start        ] LabTime=     1(ms) ElapsedTime=     1(ms) 
[2022-08-08 13:54:08.648][INFO ][20220808135330842] [rdid=20220808135330842] [03-convert success     ] LabTime=   837(ms) ElapsedTime=   838(ms) 
[2022-08-08 13:54:08.649][INFO ][20220808135330842] [rdid=20220808135330842] [04-process finish      ] LabTime=     1(ms) ElapsedTime=   839(ms) 
[2022-08-08 13:54:47.894][INFO ][20220808135447893] [rdid=20220808135447893] [01-process start       ] LabTime=     0(ms) ElapsedTime=     0(ms) 
[2022-08-08 13:54:47.899][INFO ][20220808135447893] [rdid=20220808135447893] [02-write mml start(J-S)] LabTime=     4(ms) ElapsedTime=     4(ms) 
[2022-08-08 13:54:48.149][INFO ][20220808135447893] [rdid=20220808135447893] [03-write mml success   ] LabTime=   251(ms) ElapsedTime=   255(ms) 
[2022-08-08 13:54:48.149][INFO ][20220808135447893] [rdid=20220808135447893] [04-process success     ] LabTime=     0(ms) ElapsedTime=   255(ms) 
[2022-08-08 13:54:49.670][INFO ][20220808135449669] [rdid=20220808135449669] [01-process start       ] LabTime=     0(ms) ElapsedTime=     0(ms) 
[2022-08-08 13:54:49.671][INFO ][20220808135449669] [rdid=20220808135449669] [02-export start        ] LabTime=     1(ms) ElapsedTime=     1(ms) 
[2022-08-08 13:54:49.849][INFO ][20220808135449669] [rdid=20220808135449669] [03-open file success   ] LabTime=   178(ms) ElapsedTime=   179(ms) 
[2022-08-08 13:54:50.230][INFO ][20220808135449669] [rdid=20220808135449669] [04-save file success   ] LabTime=   381(ms) ElapsedTime=   560(ms) 
[2022-08-08 13:54:50.249][INFO ][20220808135449669] [rdid=20220808135449669] [05-export success      ] LabTime=    19(ms) ElapsedTime=   579(ms) 
[2022-08-08 13:54:50.250][INFO ][20220808135449669] [rdid=20220808135449669] [06-process finish      ] LabTime=     1(ms) ElapsedTime=   580(ms) 
[2022-08-08 13:59:38.674][INFO ][20220808135938674] [rdid=20220808135938674] [01-process start       ] LabTime=     0(ms) ElapsedTime=     0(ms) 
[2022-08-08 13:59:38.677][INFO ][20220808135938674] [rdid=20220808135938674] [02-write mml start(J-S)] LabTime=     3(ms) ElapsedTime=     3(ms) 
[2022-08-08 13:59:38.985][INFO ][20220808135938674] [rdid=20220808135938674] [03-write mml success   ] LabTime=   307(ms) ElapsedTime=   310(ms) 
[2022-08-08 13:59:38.985][INFO ][20220808135938674] [rdid=20220808135938674] [04-process success     ] LabTime=     1(ms) ElapsedTime=   311(ms) 
[2022-08-08 13:59:40.370][INFO ][20220808135940368] [rdid=20220808135940368] [01-process start       ] LabTime=     1(ms) ElapsedTime=     1(ms) 
[2022-08-08 13:59:40.370][INFO ][20220808135940368] [rdid=20220808135940368] [02-export start        ] LabTime=     0(ms) ElapsedTime=     1(ms) 
[2022-08-08 13:59:40.575][INFO ][20220808135940368] [rdid=20220808135940368] [03-open file success   ] LabTime=   205(ms) ElapsedTime=   206(ms) 
[2022-08-08 13:59:40.725][INFO ][20220808135940368] [rdid=20220808135940368] [04-save file success   ] LabTime=   150(ms) ElapsedTime=   356(ms) 
[2022-08-08 13:59:40.748][INFO ][20220808135940368] [rdid=20220808135940368] [05-export success      ] LabTime=    23(ms) ElapsedTime=   379(ms) 
[2022-08-08 13:59:40.749][INFO ][20220808135940368] [rdid=20220808135940368] [06-process finish      ] LabTime=     1(ms) ElapsedTime=   380(ms) 
[2022-08-08 13:59:44.294][INFO ][20220808135944293] [rdid=20220808135944293] [01-process start       ] LabTime=     1(ms) ElapsedTime=     1(ms) 
[2022-08-08 13:59:44.294][INFO ][20220808135944293] [rdid=20220808135944293] [02-export start        ] LabTime=     0(ms) ElapsedTime=     1(ms) 
[2022-08-08 13:59:44.465][INFO ][20220808135944293] [rdid=20220808135944293] [03-open file success   ] LabTime=   171(ms) ElapsedTime=   172(ms) 
[2022-08-08 13:59:46.776][INFO ][20220808135944293] [rdid=20220808135944293] [04-save file success   ] LabTime=  2310(ms) ElapsedTime=  2482(ms) 
[2022-08-08 13:59:46.799][INFO ][20220808135944293] [rdid=20220808135944293] [05-export success      ] LabTime=    24(ms) ElapsedTime=  2506(ms) 
[2022-08-08 13:59:46.799][INFO ][20220808135944293] [rdid=20220808135944293] [06-process finish      ] LabTime=     0(ms) ElapsedTime=  2506(ms) 
[2022-08-08 13:59:58.820][INFO ][20220808135958819] [rdid=20220808135958819] [01-process start       ] LabTime=     1(ms) ElapsedTime=     1(ms) 
[2022-08-08 13:59:58.824][INFO ][20220808135958819] [rdid=20220808135958819] [02-write mml start(J-S)] LabTime=     3(ms) ElapsedTime=     4(ms) 
[2022-08-08 13:59:59.114][INFO ][20220808135958819] [rdid=20220808135958819] [03-write mml success   ] LabTime=   290(ms) ElapsedTime=   294(ms) 
[2022-08-08 13:59:59.114][INFO ][20220808135958819] [rdid=20220808135958819] [04-process success     ] LabTime=     1(ms) ElapsedTime=   295(ms) 
[2022-08-08 14:00:00.759][INFO ][20220808140000757] [rdid=20220808140000757] [01-process start       ] LabTime=     0(ms) ElapsedTime=     0(ms) 
[2022-08-08 14:00:00.759][INFO ][20220808140000757] [rdid=20220808140000757] [02-export start        ] LabTime=     1(ms) ElapsedTime=     1(ms) 
[2022-08-08 14:00:00.922][INFO ][20220808140000757] [rdid=20220808140000757] [03-open file success   ] LabTime=   163(ms) ElapsedTime=   164(ms) 
[2022-08-08 14:00:01.966][INFO ][20220808140000757] [rdid=20220808140000757] [04-save file success   ] LabTime=  1044(ms) ElapsedTime=  1208(ms) 
[2022-08-08 14:00:01.984][INFO ][20220808140000757] [rdid=20220808140000757] [05-export success      ] LabTime=    18(ms) ElapsedTime=  1226(ms) 
[2022-08-08 14:00:01.985][INFO ][20220808140000757] [rdid=20220808140000757] [06-process finish      ] LabTime=     1(ms) ElapsedTime=  1227(ms) 
[2022-08-08 14:00:06.837][INFO ][20220808140006835] [rdid=20220808140006835] [01-process start       ] LabTime=     1(ms) ElapsedTime=     1(ms) 
[2022-08-08 14:00:06.840][INFO ][20220808140006835] [rdid=20220808140006835] [02-write mml start(J-S)] LabTime=     3(ms) ElapsedTime=     4(ms) 
[2022-08-08 14:00:07.151][INFO ][20220808140006835] [rdid=20220808140006835] [03-write mml success   ] LabTime=   310(ms) ElapsedTime=   314(ms) 
[2022-08-08 14:00:07.151][INFO ][20220808140006835] [rdid=20220808140006835] [04-process success     ] LabTime=     1(ms) ElapsedTime=   315(ms) 
[2022-08-08 14:00:10.096][INFO ][20220808140010095] [rdid=20220808140010095] [01-process start       ] LabTime=     0(ms) ElapsedTime=     0(ms) 
[2022-08-08 14:00:10.096][INFO ][20220808140010095] [rdid=20220808140010095] [02-export start        ] LabTime=     0(ms) ElapsedTime=     0(ms) 
[2022-08-08 14:00:10.343][INFO ][20220808140010095] [rdid=20220808140010095] [03-open file success   ] LabTime=   247(ms) ElapsedTime=   247(ms) 
[2022-08-08 14:00:12.033][INFO ][20220808140010095] [rdid=20220808140010095] [04-save file success   ] LabTime=  1690(ms) ElapsedTime=  1937(ms) 
[2022-08-08 14:00:12.052][INFO ][20220808140010095] [rdid=20220808140010095] [05-export success      ] LabTime=    19(ms) ElapsedTime=  1956(ms) 
[2022-08-08 14:00:12.052][INFO ][20220808140010095] [rdid=20220808140010095] [06-process finish      ] LabTime=     0(ms) ElapsedTime=  1956(ms) 
[2022-08-08 14:00:31.819][INFO ][20220808140031815] [rdid=20220808140031815] [01-process start       ] LabTime=     2(ms) ElapsedTime=     2(ms) 
[2022-08-08 14:00:31.823][INFO ][20220808140031815] [rdid=20220808140031815] [02-write mml start(J-M)] LabTime=     5(ms) ElapsedTime=     7(ms) 
[2022-08-08 14:00:32.183][INFO ][20220808140031815] [rdid=20220808140031815] [03-write mml success   ] LabTime=   360(ms) ElapsedTime=   367(ms) 
[2022-08-08 14:00:32.184][INFO ][20220808140031815] [rdid=20220808140031815] [04-process success     ] LabTime=     0(ms) ElapsedTime=   367(ms) 
[2022-08-08 14:00:34.633][INFO ][20220808140031815] [rdid=20220808140031815] [01-process start       ] LabTime=     1(ms) ElapsedTime=     1(ms) 
[2022-08-08 14:00:34.633][INFO ][20220808140031815] [rdid=20220808140031815] [02-export start        ] LabTime=     0(ms) ElapsedTime=     1(ms) 
[2022-08-08 14:00:35.608][INFO ][20220808140031815] [rdid=20220808140031815] [03-convert success     ] LabTime=   975(ms) ElapsedTime=   976(ms) 
[2022-08-08 14:00:35.610][INFO ][20220808140031815] [rdid=20220808140031815] [04-process finish      ] LabTime=     2(ms) ElapsedTime=   978(ms) 
[2022-08-08 14:00:39.191][INFO ][20220808140031815] [rdid=20220808140031815] [01-process start       ] LabTime=     1(ms) ElapsedTime=     1(ms) 
[2022-08-08 14:00:39.192][INFO ][20220808140031815] [rdid=20220808140031815] [02-export start        ] LabTime=     1(ms) ElapsedTime=     2(ms) 
[2022-08-08 14:00:40.428][INFO ][20220808140031815] [rdid=20220808140031815] [03-convert success     ] LabTime=  1236(ms) ElapsedTime=  1238(ms) 
[2022-08-08 14:00:40.429][INFO ][20220808140031815] [rdid=20220808140031815] [04-process finish      ] LabTime=     1(ms) ElapsedTime=  1239(ms) 
[2022-08-08 14:02:07.470][INFO ][20220808140207468] [rdid=20220808140207468] [01-process start       ] LabTime=     1(ms) ElapsedTime=     1(ms) 
[2022-08-08 14:02:07.472][INFO ][20220808140207468] [rdid=20220808140207468] [02-write mml start(J-S)] LabTime=     2(ms) ElapsedTime=     3(ms) 
[2022-08-08 14:02:07.777][INFO ][20220808140207468] [rdid=20220808140207468] [03-write mml success   ] LabTime=   304(ms) ElapsedTime=   307(ms) 
[2022-08-08 14:02:07.777][INFO ][20220808140207468] [rdid=20220808140207468] [04-process success     ] LabTime=     1(ms) ElapsedTime=   308(ms) 
[2022-08-08 14:02:18.605][INFO ][20220808140218603] [rdid=20220808140218603] [01-process start       ] LabTime=     1(ms) ElapsedTime=     1(ms) 
[2022-08-08 14:02:18.612][INFO ][20220808140218603] [rdid=20220808140218603] [02-write mml start(J-S)] LabTime=     7(ms) ElapsedTime=     8(ms) 
[2022-08-08 14:02:18.942][INFO ][20220808140218603] [rdid=20220808140218603] [03-write mml success   ] LabTime=   330(ms) ElapsedTime=   338(ms) 
[2022-08-08 14:02:18.942][INFO ][20220808140218603] [rdid=20220808140218603] [04-process success     ] LabTime=     0(ms) ElapsedTime=   338(ms) 
[2022-08-08 14:02:31.176][INFO ][20220808140231175] [rdid=20220808140231175] [01-process start       ] LabTime=     0(ms) ElapsedTime=     0(ms) 
[2022-08-08 14:02:31.180][INFO ][20220808140231175] [rdid=20220808140231175] [02-write mml start(J-S)] LabTime=     4(ms) ElapsedTime=     4(ms) 
[2022-08-08 14:02:31.545][INFO ][20220808140231175] [rdid=20220808140231175] [03-write mml success   ] LabTime=   365(ms) ElapsedTime=   369(ms) 
[2022-08-08 14:02:31.546][INFO ][20220808140231175] [rdid=20220808140231175] [04-process success     ] LabTime=     1(ms) ElapsedTime=   370(ms) 
[2022-08-08 14:14:03.957][INFO ][20220808141403956] [rdid=20220808141403956] [01-process start       ] LabTime=     0(ms) ElapsedTime=     0(ms) 
[2022-08-08 14:14:03.961][INFO ][20220808141403956] [rdid=20220808141403956] [02-write mml start(J-S)] LabTime=     4(ms) ElapsedTime=     4(ms) 
[2022-08-08 14:14:04.250][INFO ][20220808141403956] [rdid=20220808141403956] [03-write mml success   ] LabTime=   289(ms) ElapsedTime=   293(ms) 
[2022-08-08 14:14:04.250][INFO ][20220808141403956] [rdid=20220808141403956] [04-process success     ] LabTime=     0(ms) ElapsedTime=   293(ms) 
[2022-08-08 14:14:10.316][INFO ][20220808141410315] [rdid=20220808141410315] [01-process start       ] LabTime=     0(ms) ElapsedTime=     0(ms) 
[2022-08-08 14:14:10.317][INFO ][20220808141410315] [rdid=20220808141410315] [02-export start        ] LabTime=     1(ms) ElapsedTime=     1(ms) 
[2022-08-08 14:14:10.503][INFO ][20220808141410315] [rdid=20220808141410315] [03-open file success   ] LabTime=   186(ms) ElapsedTime=   187(ms) 
[2022-08-08 14:14:11.462][INFO ][20220808141410315] [rdid=20220808141410315] [04-save file success   ] LabTime=   959(ms) ElapsedTime=  1146(ms) 
[2022-08-08 14:14:11.484][INFO ][20220808141410315] [rdid=20220808141410315] [05-export success      ] LabTime=    21(ms) ElapsedTime=  1167(ms) 
[2022-08-08 14:14:11.484][INFO ][20220808141410315] [rdid=20220808141410315] [06-process finish      ] LabTime=     1(ms) ElapsedTime=  1168(ms) 
[2022-08-08 14:14:23.737][INFO ][20220808141423735] [rdid=20220808141423735] [01-process start       ] LabTime=     1(ms) ElapsedTime=     1(ms) 
[2022-08-08 14:14:23.740][INFO ][20220808141423735] [rdid=20220808141423735] [02-write mml start(J-S)] LabTime=     3(ms) ElapsedTime=     4(ms) 
[2022-08-08 14:14:24.014][INFO ][20220808141423735] [rdid=20220808141423735] [03-write mml success   ] LabTime=   274(ms) ElapsedTime=   278(ms) 
[2022-08-08 14:14:24.014][INFO ][20220808141423735] [rdid=20220808141423735] [04-process success     ] LabTime=     0(ms) ElapsedTime=   278(ms) 
[2022-08-08 14:14:32.995][INFO ][20220808141432994] [rdid=20220808141432994] [01-process start       ] LabTime=     1(ms) ElapsedTime=     1(ms) 
[2022-08-08 14:14:32.998][INFO ][20220808141432994] [rdid=20220808141432994] [02-write mml start(J-S)] LabTime=     3(ms) ElapsedTime=     4(ms) 
[2022-08-08 14:14:33.345][INFO ][20220808141432994] [rdid=20220808141432994] [03-write mml success   ] LabTime=   346(ms) ElapsedTime=   350(ms) 
[2022-08-08 14:14:33.345][INFO ][20220808141432994] [rdid=20220808141432994] [04-process success     ] LabTime=     1(ms) ElapsedTime=   351(ms) 
[2022-08-08 14:14:44.627][INFO ][20220808141444626] [rdid=20220808141444626] [01-process start       ] LabTime=     0(ms) ElapsedTime=     0(ms) 
[2022-08-08 14:14:44.630][INFO ][20220808141444626] [rdid=20220808141444626] [02-write mml start(J-S)] LabTime=     3(ms) ElapsedTime=     3(ms) 
[2022-08-08 14:14:45.028][INFO ][20220808141444626] [rdid=20220808141444626] [03-write mml success   ] LabTime=   397(ms) ElapsedTime=   400(ms) 
[2022-08-08 14:14:45.028][INFO ][20220808141444626] [rdid=20220808141444626] [04-process success     ] LabTime=     1(ms) ElapsedTime=   401(ms) 
[2022-08-08 14:18:33.801][INFO ][20220808141833800] [rdid=20220808141833800] [01-process start       ] LabTime=     0(ms) ElapsedTime=     0(ms) 
[2022-08-08 14:18:33.804][INFO ][20220808141833800] [rdid=20220808141833800] [02-write mml start(J-S)] LabTime=     2(ms) ElapsedTime=     2(ms) 
[2022-08-08 14:18:34.036][INFO ][20220808141833800] [rdid=20220808141833800] [03-write mml success   ] LabTime=   233(ms) ElapsedTime=   235(ms) 
[2022-08-08 14:18:34.036][INFO ][20220808141833800] [rdid=20220808141833800] [04-process success     ] LabTime=     0(ms) ElapsedTime=   235(ms) 
[2022-08-08 14:25:46.214][INFO ][20220808142546212] [rdid=20220808142546212] [01-process start       ] LabTime=     1(ms) ElapsedTime=     1(ms) 
[2022-08-08 14:25:46.217][INFO ][20220808142546212] [rdid=20220808142546212] [02-write mml start(J-S)] LabTime=     2(ms) ElapsedTime=     3(ms) 
[2022-08-08 14:25:46.455][INFO ][20220808142546212] [rdid=20220808142546212] [03-write mml success   ] LabTime=   238(ms) ElapsedTime=   241(ms) 
[2022-08-08 14:25:46.455][INFO ][20220808142546212] [rdid=20220808142546212] [04-process success     ] LabTime=     1(ms) ElapsedTime=   242(ms) 
[2022-08-08 14:26:30.533][INFO ][20220808142630532] [rdid=20220808142630532] [01-process start       ] LabTime=     1(ms) ElapsedTime=     1(ms) 
[2022-08-08 14:26:30.537][INFO ][20220808142630532] [rdid=20220808142630532] [02-write mml start(J-S)] LabTime=     4(ms) ElapsedTime=     5(ms) 
[2022-08-08 14:26:30.914][INFO ][20220808142630532] [rdid=20220808142630532] [03-write mml success   ] LabTime=   377(ms) ElapsedTime=   382(ms) 
[2022-08-08 14:26:30.915][INFO ][20220808142630532] [rdid=20220808142630532] [04-process success     ] LabTime=     1(ms) ElapsedTime=   383(ms) 
[2022-08-08 14:26:53.866][INFO ][20220808142653864] [rdid=20220808142653864] [01-process start       ] LabTime=     1(ms) ElapsedTime=     1(ms) 
[2022-08-08 14:26:53.869][INFO ][20220808142653864] [rdid=20220808142653864] [02-write mml start(J-S)] LabTime=     3(ms) ElapsedTime=     4(ms) 
[2022-08-08 14:26:54.166][INFO ][20220808142653864] [rdid=20220808142653864] [03-write mml success   ] LabTime=   297(ms) ElapsedTime=   301(ms) 
[2022-08-08 14:26:54.166][INFO ][20220808142653864] [rdid=20220808142653864] [04-process success     ] LabTime=     0(ms) ElapsedTime=   301(ms) 
[2022-08-08 14:30:34.946][INFO ][20220808143034945] [rdid=20220808143034945] [01-process start       ] LabTime=     0(ms) ElapsedTime=     0(ms) 
[2022-08-08 14:30:34.951][INFO ][20220808143034945] [rdid=20220808143034945] [02-write mml start(J-S)] LabTime=     4(ms) ElapsedTime=     4(ms) 
[2022-08-08 14:30:35.278][INFO ][20220808143034945] [rdid=20220808143034945] [03-write mml success   ] LabTime=   328(ms) ElapsedTime=   332(ms) 
[2022-08-08 14:30:35.278][INFO ][20220808143034945] [rdid=20220808143034945] [04-process success     ] LabTime=     0(ms) ElapsedTime=   332(ms) 
[2022-08-08 14:30:48.415][INFO ][20220808143048414] [rdid=20220808143048414] [01-process start       ] LabTime=     0(ms) ElapsedTime=     0(ms) 
[2022-08-08 14:30:48.418][INFO ][20220808143048414] [rdid=20220808143048414] [02-write mml start(J-S)] LabTime=     3(ms) ElapsedTime=     3(ms) 
[2022-08-08 14:30:48.683][INFO ][20220808143048414] [rdid=20220808143048414] [03-write mml success   ] LabTime=   266(ms) ElapsedTime=   269(ms) 
[2022-08-08 14:30:48.683][INFO ][20220808143048414] [rdid=20220808143048414] [04-process success     ] LabTime=     0(ms) ElapsedTime=   269(ms) 
[2022-08-08 14:32:26.286][INFO ][20220808143226285] [rdid=20220808143226285] [01-process start       ] LabTime=     1(ms) ElapsedTime=     1(ms) 
[2022-08-08 14:32:26.289][INFO ][20220808143226285] [rdid=20220808143226285] [02-write mml start(J-S)] LabTime=     3(ms) ElapsedTime=     4(ms) 
[2022-08-08 14:32:26.565][INFO ][20220808143226285] [rdid=20220808143226285] [03-write mml success   ] LabTime=   275(ms) ElapsedTime=   279(ms) 
[2022-08-08 14:32:26.565][INFO ][20220808143226285] [rdid=20220808143226285] [04-process success     ] LabTime=     1(ms) ElapsedTime=   280(ms) 
[2022-08-08 14:32:28.174][INFO ][20220808143228173] [rdid=20220808143228173] [01-process start       ] LabTime=     0(ms) ElapsedTime=     0(ms) 
[2022-08-08 14:32:28.175][INFO ][20220808143228173] [rdid=20220808143228173] [02-export start        ] LabTime=     1(ms) ElapsedTime=     1(ms) 
[2022-08-08 14:32:28.366][INFO ][20220808143228173] [rdid=20220808143228173] [03-open file success   ] LabTime=   191(ms) ElapsedTime=   192(ms) 
[2022-08-08 14:32:28.517][INFO ][20220808143228173] [rdid=20220808143228173] [04-save file success   ] LabTime=   151(ms) ElapsedTime=   343(ms) 
[2022-08-08 14:32:28.542][INFO ][20220808143228173] [rdid=20220808143228173] [05-export success      ] LabTime=    25(ms) ElapsedTime=   368(ms) 
[2022-08-08 14:32:28.542][INFO ][20220808143228173] [rdid=20220808143228173] [06-process finish      ] LabTime=     0(ms) ElapsedTime=   368(ms) 
[2022-08-08 14:32:35.742][INFO ][20220808143235741] [rdid=20220808143235741] [01-process start       ] LabTime=     1(ms) ElapsedTime=     1(ms) 
[2022-08-08 14:32:35.742][INFO ][20220808143235741] [rdid=20220808143235741] [02-export start        ] LabTime=     0(ms) ElapsedTime=     1(ms) 
[2022-08-08 14:32:35.901][INFO ][20220808143235741] [rdid=20220808143235741] [03-open file success   ] LabTime=   159(ms) ElapsedTime=   160(ms) 
[2022-08-08 14:32:36.808][INFO ][20220808143235741] [rdid=20220808143235741] [04-save file success   ] LabTime=   906(ms) ElapsedTime=  1066(ms) 
[2022-08-08 14:32:36.829][INFO ][20220808143235741] [rdid=20220808143235741] [05-export success      ] LabTime=    22(ms) ElapsedTime=  1088(ms) 
[2022-08-08 14:32:36.830][INFO ][20220808143235741] [rdid=20220808143235741] [06-process finish      ] LabTime=     0(ms) ElapsedTime=  1088(ms) 
[2022-08-08 14:36:15.469][INFO ][20220808143615468] [rdid=20220808143615468] [01-process start       ] LabTime=     1(ms) ElapsedTime=     1(ms) 
[2022-08-08 14:36:15.469][INFO ][20220808143615468] [rdid=20220808143615468] [02-export start        ] LabTime=     0(ms) ElapsedTime=     1(ms) 
[2022-08-08 14:36:15.649][INFO ][20220808143615468] [rdid=20220808143615468] [03-open file success   ] LabTime=   180(ms) ElapsedTime=   181(ms) 
[2022-08-08 14:36:17.089][INFO ][20220808143615468] [rdid=20220808143615468] [04-save file success   ] LabTime=  1440(ms) ElapsedTime=  1621(ms) 
[2022-08-08 14:36:17.118][INFO ][20220808143615468] [rdid=20220808143615468] [05-export success      ] LabTime=    29(ms) ElapsedTime=  1650(ms) 
[2022-08-08 14:36:17.119][INFO ][20220808143615468] [rdid=20220808143615468] [06-process finish      ] LabTime=     1(ms) ElapsedTime=  1651(ms) 
[2022-08-08 14:40:43.740][INFO ][20220808144043738] [rdid=20220808144043738] [01-process start       ] LabTime=     1(ms) ElapsedTime=     1(ms) 
[2022-08-08 14:40:43.743][INFO ][20220808144043738] [rdid=20220808144043738] [02-write mml start(J-S)] LabTime=     3(ms) ElapsedTime=     4(ms) 
[2022-08-08 14:40:44.113][INFO ][20220808144043738] [rdid=20220808144043738] [03-write mml success   ] LabTime=   370(ms) ElapsedTime=   374(ms) 
[2022-08-08 14:40:44.114][INFO ][20220808144043738] [rdid=20220808144043738] [04-process success     ] LabTime=     1(ms) ElapsedTime=   375(ms) 
[2022-08-08 14:41:02.031][INFO ][20220808144102030] [rdid=20220808144102030] [01-process start       ] LabTime=     1(ms) ElapsedTime=     1(ms) 
[2022-08-08 14:41:02.036][INFO ][20220808144102030] [rdid=20220808144102030] [02-write mml start(J-S)] LabTime=     5(ms) ElapsedTime=     6(ms) 
[2022-08-08 14:41:02.327][INFO ][20220808144102030] [rdid=20220808144102030] [03-write mml success   ] LabTime=   291(ms) ElapsedTime=   297(ms) 
[2022-08-08 14:41:02.328][INFO ][20220808144102030] [rdid=20220808144102030] [04-process success     ] LabTime=     1(ms) ElapsedTime=   298(ms) 
[2022-08-08 14:42:17.050][INFO ][20220808144217048] [rdid=20220808144217048] [01-process start       ] LabTime=     0(ms) ElapsedTime=     0(ms) 
[2022-08-08 14:42:17.055][INFO ][20220808144217048] [rdid=20220808144217048] [02-write mml start(J-S)] LabTime=     5(ms) ElapsedTime=     5(ms) 
[2022-08-08 14:42:17.458][INFO ][20220808144217048] [rdid=20220808144217048] [03-write mml success   ] LabTime=   403(ms) ElapsedTime=   408(ms) 
[2022-08-08 14:42:17.458][INFO ][20220808144217048] [rdid=20220808144217048] [04-process success     ] LabTime=     0(ms) ElapsedTime=   408(ms) 
[2022-08-08 14:42:28.037][INFO ][20220808144228035] [rdid=20220808144228035] [01-process start       ] LabTime=     1(ms) ElapsedTime=     1(ms) 
[2022-08-08 14:42:28.041][INFO ][20220808144228035] [rdid=20220808144228035] [02-write mml start(J-S)] LabTime=     4(ms) ElapsedTime=     5(ms) 
[2022-08-08 14:42:28.473][INFO ][20220808144228035] [rdid=20220808144228035] [03-write mml success   ] LabTime=   432(ms) ElapsedTime=   437(ms) 
[2022-08-08 14:42:28.473][INFO ][20220808144228035] [rdid=20220808144228035] [04-process success     ] LabTime=     0(ms) ElapsedTime=   437(ms) 
[2022-08-08 14:42:29.640][INFO ][20220808144229638] [rdid=20220808144229638] [01-process start       ] LabTime=     1(ms) ElapsedTime=     1(ms) 
[2022-08-08 14:42:29.645][INFO ][20220808144229638] [rdid=20220808144229638] [02-write mml start(J-S)] LabTime=     5(ms) ElapsedTime=     6(ms) 
[2022-08-08 14:42:30.116][INFO ][20220808144229638] [rdid=20220808144229638] [03-write mml success   ] LabTime=   471(ms) ElapsedTime=   477(ms) 
[2022-08-08 14:42:30.116][INFO ][20220808144229638] [rdid=20220808144229638] [04-process success     ] LabTime=     0(ms) ElapsedTime=   477(ms) 
[2022-08-08 14:42:40.797][INFO ][20220808144240793] [rdid=20220808144240793] [01-process start       ] LabTime=     2(ms) ElapsedTime=     2(ms) 
[2022-08-08 14:42:40.800][INFO ][20220808144240793] [rdid=20220808144240793] [02-write mml start(J-S)] LabTime=     4(ms) ElapsedTime=     6(ms) 
[2022-08-08 14:42:41.196][INFO ][20220808144240793] [rdid=20220808144240793] [03-write mml success   ] LabTime=   395(ms) ElapsedTime=   401(ms) 
[2022-08-08 14:42:41.196][INFO ][20220808144240793] [rdid=20220808144240793] [04-process success     ] LabTime=     1(ms) ElapsedTime=   402(ms) 
[2022-08-08 14:44:40.112][INFO ][20220808144440110] [rdid=20220808144440110] [01-process start       ] LabTime=     1(ms) ElapsedTime=     1(ms) 
[2022-08-08 14:44:40.115][INFO ][20220808144440110] [rdid=20220808144440110] [02-write mml start(J-S)] LabTime=     3(ms) ElapsedTime=     4(ms) 
[2022-08-08 14:44:40.477][INFO ][20220808144440110] [rdid=20220808144440110] [03-write mml success   ] LabTime=   362(ms) ElapsedTime=   366(ms) 
[2022-08-08 14:44:40.477][INFO ][20220808144440110] [rdid=20220808144440110] [04-process success     ] LabTime=     0(ms) ElapsedTime=   366(ms) 
[2022-08-08 14:44:43.670][INFO ][20220808144443668] [rdid=20220808144443668] [01-process start       ] LabTime=     1(ms) ElapsedTime=     1(ms) 
[2022-08-08 14:44:43.670][INFO ][20220808144443668] [rdid=20220808144443668] [02-export start        ] LabTime=     0(ms) ElapsedTime=     1(ms) 
[2022-08-08 14:44:43.882][INFO ][20220808144443668] [rdid=20220808144443668] [03-open file success   ] LabTime=   212(ms) ElapsedTime=   213(ms) 
[2022-08-08 14:44:44.068][INFO ][20220808144443668] [rdid=20220808144443668] [04-save file success   ] LabTime=   186(ms) ElapsedTime=   399(ms) 
[2022-08-08 14:44:44.101][INFO ][20220808144443668] [rdid=20220808144443668] [05-export success      ] LabTime=    33(ms) ElapsedTime=   432(ms) 
[2022-08-08 14:44:44.103][INFO ][20220808144443668] [rdid=20220808144443668] [06-process finish      ] LabTime=     1(ms) ElapsedTime=   433(ms) 
[2022-08-08 14:44:47.835][INFO ][20220808144447833] [rdid=20220808144447833] [01-process start       ] LabTime=     0(ms) ElapsedTime=     0(ms) 
[2022-08-08 14:44:47.836][INFO ][20220808144447833] [rdid=20220808144447833] [02-export start        ] LabTime=     1(ms) ElapsedTime=     1(ms) 
[2022-08-08 14:44:48.031][INFO ][20220808144447833] [rdid=20220808144447833] [03-open file success   ] LabTime=   196(ms) ElapsedTime=   197(ms) 
[2022-08-08 14:44:48.976][INFO ][20220808144447833] [rdid=20220808144447833] [04-save file success   ] LabTime=   945(ms) ElapsedTime=  1142(ms) 
[2022-08-08 14:44:48.995][INFO ][20220808144447833] [rdid=20220808144447833] [05-export success      ] LabTime=    19(ms) ElapsedTime=  1161(ms) 
[2022-08-08 14:44:48.996][INFO ][20220808144447833] [rdid=20220808144447833] [06-process finish      ] LabTime=     1(ms) ElapsedTime=  1162(ms) 
[2022-08-08 14:45:01.144][INFO ][20220808144501142] [rdid=20220808144501142] [01-process start       ] LabTime=     1(ms) ElapsedTime=     1(ms) 
[2022-08-08 14:45:01.147][INFO ][20220808144501142] [rdid=20220808144501142] [02-write mml start(J-S)] LabTime=     3(ms) ElapsedTime=     4(ms) 
[2022-08-08 14:45:01.530][INFO ][20220808144501142] [rdid=20220808144501142] [03-write mml success   ] LabTime=   383(ms) ElapsedTime=   387(ms) 
[2022-08-08 14:45:01.531][INFO ][20220808144501142] [rdid=20220808144501142] [04-process success     ] LabTime=     1(ms) ElapsedTime=   388(ms) 
[2022-08-08 14:45:02.814][INFO ][20220808144502812] [rdid=20220808144502812] [01-process start       ] LabTime=     1(ms) ElapsedTime=     1(ms) 
[2022-08-08 14:45:02.815][INFO ][20220808144502812] [rdid=20220808144502812] [02-export start        ] LabTime=     1(ms) ElapsedTime=     2(ms) 
[2022-08-08 14:45:03.128][INFO ][20220808144502812] [rdid=20220808144502812] [03-open file success   ] LabTime=   312(ms) ElapsedTime=   314(ms) 
[2022-08-08 14:45:04.540][INFO ][20220808144502812] [rdid=20220808144502812] [04-save file success   ] LabTime=  1413(ms) ElapsedTime=  1727(ms) 
[2022-08-08 14:45:04.560][INFO ][20220808144502812] [rdid=20220808144502812] [05-export success      ] LabTime=    20(ms) ElapsedTime=  1747(ms) 
[2022-08-08 14:45:04.561][INFO ][20220808144502812] [rdid=20220808144502812] [06-process finish      ] LabTime=     1(ms) ElapsedTime=  1748(ms) 
[2022-08-08 14:45:20.530][INFO ][20220808144520528] [rdid=20220808144520528] [01-process start       ] LabTime=     0(ms) ElapsedTime=     0(ms) 
[2022-08-08 14:45:20.533][INFO ][20220808144520528] [rdid=20220808144520528] [02-write mml start(J-S)] LabTime=     4(ms) ElapsedTime=     4(ms) 
[2022-08-08 14:45:20.903][INFO ][20220808144520528] [rdid=20220808144520528] [03-write mml success   ] LabTime=   370(ms) ElapsedTime=   374(ms) 
[2022-08-08 14:45:20.903][INFO ][20220808144520528] [rdid=20220808144520528] [04-process success     ] LabTime=     0(ms) ElapsedTime=   374(ms) 
[2022-08-08 14:45:22.098][INFO ][20220808144522097] [rdid=20220808144522097] [01-process start       ] LabTime=     1(ms) ElapsedTime=     1(ms) 
[2022-08-08 14:45:22.098][INFO ][20220808144522097] [rdid=20220808144522097] [02-export start        ] LabTime=     0(ms) ElapsedTime=     1(ms) 
[2022-08-08 14:45:22.338][INFO ][20220808144522097] [rdid=20220808144522097] [03-open file success   ] LabTime=   240(ms) ElapsedTime=   241(ms) 
[2022-08-08 14:45:23.564][INFO ][20220808144522097] [rdid=20220808144522097] [04-save file success   ] LabTime=  1226(ms) ElapsedTime=  1467(ms) 
[2022-08-08 14:45:23.585][INFO ][20220808144522097] [rdid=20220808144522097] [05-export success      ] LabTime=    20(ms) ElapsedTime=  1487(ms) 
[2022-08-08 14:45:23.585][INFO ][20220808144522097] [rdid=20220808144522097] [06-process finish      ] LabTime=     1(ms) ElapsedTime=  1488(ms) 
[2022-08-08 14:45:34.472][INFO ][20220808144534470] [rdid=20220808144534470] [01-process start       ] LabTime=     1(ms) ElapsedTime=     1(ms) 
[2022-08-08 14:45:34.476][INFO ][20220808144534470] [rdid=20220808144534470] [02-write mml start(J-S)] LabTime=     4(ms) ElapsedTime=     5(ms) 
[2022-08-08 14:45:34.759][INFO ][20220808144534470] [rdid=20220808144534470] [03-write mml success   ] LabTime=   282(ms) ElapsedTime=   287(ms) 
[2022-08-08 14:45:34.759][INFO ][20220808144534470] [rdid=20220808144534470] [04-process success     ] LabTime=     1(ms) ElapsedTime=   288(ms) 
[2022-08-08 14:45:36.393][INFO ][20220808144536392] [rdid=20220808144536392] [01-process start       ] LabTime=     0(ms) ElapsedTime=     0(ms) 
[2022-08-08 14:45:36.394][INFO ][20220808144536392] [rdid=20220808144536392] [02-export start        ] LabTime=     0(ms) ElapsedTime=     0(ms) 
[2022-08-08 14:45:36.566][INFO ][20220808144536392] [rdid=20220808144536392] [03-open file success   ] LabTime=   173(ms) ElapsedTime=   173(ms) 
[2022-08-08 14:45:37.666][INFO ][20220808144536392] [rdid=20220808144536392] [04-save file success   ] LabTime=  1100(ms) ElapsedTime=  1273(ms) 
[2022-08-08 14:45:37.685][INFO ][20220808144536392] [rdid=20220808144536392] [05-export success      ] LabTime=    19(ms) ElapsedTime=  1292(ms) 
[2022-08-08 14:45:37.686][INFO ][20220808144536392] [rdid=20220808144536392] [06-process finish      ] LabTime=     1(ms) ElapsedTime=  1293(ms) 
[2022-08-08 14:45:48.223][INFO ][20220808144548221] [rdid=20220808144548221] [01-process start       ] LabTime=     1(ms) ElapsedTime=     1(ms) 
[2022-08-08 14:45:48.227][INFO ][20220808144548221] [rdid=20220808144548221] [02-write mml start(J-S)] LabTime=     4(ms) ElapsedTime=     5(ms) 
[2022-08-08 14:45:48.506][INFO ][20220808144548221] [rdid=20220808144548221] [03-write mml success   ] LabTime=   279(ms) ElapsedTime=   284(ms) 
[2022-08-08 14:45:48.506][INFO ][20220808144548221] [rdid=20220808144548221] [04-process success     ] LabTime=     0(ms) ElapsedTime=   284(ms) 
[2022-08-08 14:45:49.666][INFO ][20220808144549664] [rdid=20220808144549664] [01-process start       ] LabTime=     1(ms) ElapsedTime=     1(ms) 
[2022-08-08 14:45:49.666][INFO ][20220808144549664] [rdid=20220808144549664] [02-export start        ] LabTime=     0(ms) ElapsedTime=     1(ms) 
[2022-08-08 14:45:49.878][INFO ][20220808144549664] [rdid=20220808144549664] [03-open file success   ] LabTime=   212(ms) ElapsedTime=   213(ms) 
[2022-08-08 14:45:51.253][INFO ][20220808144549664] [rdid=20220808144549664] [04-save file success   ] LabTime=  1375(ms) ElapsedTime=  1588(ms) 
[2022-08-08 14:45:51.278][INFO ][20220808144549664] [rdid=20220808144549664] [05-export success      ] LabTime=    25(ms) ElapsedTime=  1613(ms) 
[2022-08-08 14:45:51.279][INFO ][20220808144549664] [rdid=20220808144549664] [06-process finish      ] LabTime=     1(ms) ElapsedTime=  1614(ms) 
[2022-08-08 14:46:05.672][INFO ][20220808144605665] [rdid=20220808144605665] [01-process start       ] LabTime=     1(ms) ElapsedTime=     1(ms) 
[2022-08-08 14:46:05.679][INFO ][20220808144605665] [rdid=20220808144605665] [02-write mml start(J-S)] LabTime=    11(ms) ElapsedTime=    12(ms) 
[2022-08-08 14:46:06.050][INFO ][20220808144605665] [rdid=20220808144605665] [03-write mml success   ] LabTime=   371(ms) ElapsedTime=   383(ms) 
[2022-08-08 14:46:06.050][INFO ][20220808144605665] [rdid=20220808144605665] [04-process success     ] LabTime=     1(ms) ElapsedTime=   384(ms) 
[2022-08-08 14:46:07.479][INFO ][20220808144607479] [rdid=20220808144607479] [01-process start       ] LabTime=     0(ms) ElapsedTime=     0(ms) 
[2022-08-08 14:46:07.480][INFO ][20220808144607479] [rdid=20220808144607479] [02-export start        ] LabTime=     1(ms) ElapsedTime=     1(ms) 
[2022-08-08 14:46:07.674][INFO ][20220808144607479] [rdid=20220808144607479] [03-open file success   ] LabTime=   194(ms) ElapsedTime=   195(ms) 
[2022-08-08 14:46:08.983][INFO ][20220808144607479] [rdid=20220808144607479] [04-save file success   ] LabTime=  1309(ms) ElapsedTime=  1504(ms) 
[2022-08-08 14:46:09.005][INFO ][20220808144607479] [rdid=20220808144607479] [05-export success      ] LabTime=    22(ms) ElapsedTime=  1526(ms) 
[2022-08-08 14:46:09.006][INFO ][20220808144607479] [rdid=20220808144607479] [06-process finish      ] LabTime=     1(ms) ElapsedTime=  1527(ms) 
[2022-08-08 14:46:20.457][INFO ][20220808144620456] [rdid=20220808144620456] [01-process start       ] LabTime=     0(ms) ElapsedTime=     0(ms) 
[2022-08-08 14:46:20.461][INFO ][20220808144620456] [rdid=20220808144620456] [02-write mml start(J-S)] LabTime=     4(ms) ElapsedTime=     4(ms) 
[2022-08-08 14:46:21.201][INFO ][20220808144620456] [rdid=20220808144620456] [03-write mml success   ] LabTime=   740(ms) ElapsedTime=   744(ms) 
[2022-08-08 14:46:21.202][INFO ][20220808144620456] [rdid=20220808144620456] [04-process success     ] LabTime=     0(ms) ElapsedTime=   744(ms) 
[2022-08-08 14:46:22.768][INFO ][20220808144622766] [rdid=20220808144622766] [01-process start       ] LabTime=     1(ms) ElapsedTime=     1(ms) 
[2022-08-08 14:46:22.768][INFO ][20220808144622766] [rdid=20220808144622766] [02-export start        ] LabTime=     0(ms) ElapsedTime=     1(ms) 
[2022-08-08 14:46:22.935][INFO ][20220808144622766] [rdid=20220808144622766] [03-open file success   ] LabTime=   167(ms) ElapsedTime=   168(ms) 
[2022-08-08 14:46:23.068][INFO ][20220808144622766] [rdid=20220808144622766] [04-save file success   ] LabTime=   133(ms) ElapsedTime=   301(ms) 
[2022-08-08 14:46:23.099][INFO ][20220808144622766] [rdid=20220808144622766] [05-export success      ] LabTime=    31(ms) ElapsedTime=   332(ms) 
[2022-08-08 14:46:23.100][INFO ][20220808144622766] [rdid=20220808144622766] [06-process finish      ] LabTime=     1(ms) ElapsedTime=   333(ms) 
[2022-08-08 14:51:03.413][INFO ][20220808145103412] [rdid=20220808145103412] [01-process start       ] LabTime=     1(ms) ElapsedTime=     1(ms) 
[2022-08-08 14:51:03.418][INFO ][20220808145103412] [rdid=20220808145103412] [02-write mml start(J-S)] LabTime=     4(ms) ElapsedTime=     5(ms) 
[2022-08-08 14:51:03.715][INFO ][20220808145103412] [rdid=20220808145103412] [03-write mml success   ] LabTime=   298(ms) ElapsedTime=   303(ms) 
[2022-08-08 14:51:03.715][INFO ][20220808145103412] [rdid=20220808145103412] [04-process success     ] LabTime=     0(ms) ElapsedTime=   303(ms) 
[2022-08-08 14:51:06.265][INFO ][20220808145106264] [rdid=20220808145106264] [01-process start       ] LabTime=     1(ms) ElapsedTime=     1(ms) 
[2022-08-08 14:51:06.265][INFO ][20220808145106264] [rdid=20220808145106264] [02-export start        ] LabTime=     0(ms) ElapsedTime=     1(ms) 
[2022-08-08 14:51:06.461][INFO ][20220808145106264] [rdid=20220808145106264] [03-open file success   ] LabTime=   196(ms) ElapsedTime=   197(ms) 
[2022-08-08 14:51:07.569][INFO ][20220808145106264] [rdid=20220808145106264] [04-save file success   ] LabTime=  1108(ms) ElapsedTime=  1305(ms) 
[2022-08-08 14:51:07.588][INFO ][20220808145106264] [rdid=20220808145106264] [05-export success      ] LabTime=    19(ms) ElapsedTime=  1324(ms) 
[2022-08-08 14:51:07.588][INFO ][20220808145106264] [rdid=20220808145106264] [06-process finish      ] LabTime=     0(ms) ElapsedTime=  1324(ms) 
[2022-08-08 14:51:18.238][INFO ][20220808145118237] [rdid=20220808145118237] [01-process start       ] LabTime=     1(ms) ElapsedTime=     1(ms) 
[2022-08-08 14:51:18.238][INFO ][20220808145118237] [rdid=20220808145118237] [02-export start        ] LabTime=     0(ms) ElapsedTime=     1(ms) 
[2022-08-08 14:51:18.403][INFO ][20220808145118237] [rdid=20220808145118237] [03-open file success   ] LabTime=   165(ms) ElapsedTime=   166(ms) 
[2022-08-08 14:51:19.405][INFO ][20220808145118237] [rdid=20220808145118237] [04-save file success   ] LabTime=  1002(ms) ElapsedTime=  1168(ms) 
[2022-08-08 14:51:19.429][INFO ][20220808145118237] [rdid=20220808145118237] [05-export success      ] LabTime=    24(ms) ElapsedTime=  1192(ms) 
[2022-08-08 14:51:19.430][INFO ][20220808145118237] [rdid=20220808145118237] [06-process finish      ] LabTime=     0(ms) ElapsedTime=  1192(ms) 
[2022-08-08 14:51:44.749][INFO ][20220808145144748] [rdid=20220808145144748] [01-process start       ] LabTime=     1(ms) ElapsedTime=     1(ms) 
[2022-08-08 14:51:44.754][INFO ][20220808145144748] [rdid=20220808145144748] [02-write mml start(J-S)] LabTime=     4(ms) ElapsedTime=     5(ms) 
[2022-08-08 14:51:45.103][INFO ][20220808145144748] [rdid=20220808145144748] [03-write mml success   ] LabTime=   350(ms) ElapsedTime=   355(ms) 
[2022-08-08 14:51:45.103][INFO ][20220808145144748] [rdid=20220808145144748] [04-process success     ] LabTime=     0(ms) ElapsedTime=   355(ms) 
[2022-08-08 14:51:46.465][INFO ][20220808145146464] [rdid=20220808145146464] [01-process start       ] LabTime=     1(ms) ElapsedTime=     1(ms) 
[2022-08-08 14:51:46.465][INFO ][20220808145146464] [rdid=20220808145146464] [02-export start        ] LabTime=     0(ms) ElapsedTime=     1(ms) 
[2022-08-08 14:51:46.695][INFO ][20220808145146464] [rdid=20220808145146464] [03-open file success   ] LabTime=   230(ms) ElapsedTime=   231(ms) 
[2022-08-08 14:51:48.146][INFO ][20220808145146464] [rdid=20220808145146464] [04-save file success   ] LabTime=  1451(ms) ElapsedTime=  1682(ms) 
[2022-08-08 14:51:48.175][INFO ][20220808145146464] [rdid=20220808145146464] [05-export success      ] LabTime=    29(ms) ElapsedTime=  1711(ms) 
[2022-08-08 14:51:48.175][INFO ][20220808145146464] [rdid=20220808145146464] [06-process finish      ] LabTime=     0(ms) ElapsedTime=  1711(ms) 
[2022-08-08 14:52:01.607][INFO ][20220808145201605] [rdid=20220808145201605] [01-process start       ] LabTime=     2(ms) ElapsedTime=     2(ms) 
[2022-08-08 14:52:01.615][INFO ][20220808145201605] [rdid=20220808145201605] [02-write mml start(J-S)] LabTime=     8(ms) ElapsedTime=    10(ms) 
[2022-08-08 14:52:02.030][INFO ][20220808145201605] [rdid=20220808145201605] [03-write mml success   ] LabTime=   415(ms) ElapsedTime=   425(ms) 
[2022-08-08 14:52:02.030][INFO ][20220808145201605] [rdid=20220808145201605] [04-process success     ] LabTime=     0(ms) ElapsedTime=   425(ms) 
[2022-08-08 14:52:03.904][INFO ][20220808145203902] [rdid=20220808145203902] [01-process start       ] LabTime=     1(ms) ElapsedTime=     1(ms) 
[2022-08-08 14:52:03.908][INFO ][20220808145203902] [rdid=20220808145203902] [02-write mml start(J-S)] LabTime=     4(ms) ElapsedTime=     5(ms) 
[2022-08-08 14:52:04.318][INFO ][20220808145203902] [rdid=20220808145203902] [03-write mml success   ] LabTime=   410(ms) ElapsedTime=   415(ms) 
[2022-08-08 14:52:04.319][INFO ][20220808145203902] [rdid=20220808145203902] [04-process success     ] LabTime=     0(ms) ElapsedTime=   415(ms) 
[2022-08-08 14:52:26.124][INFO ][20220808145226122] [rdid=20220808145226122] [01-process start       ] LabTime=     1(ms) ElapsedTime=     1(ms) 
[2022-08-08 14:52:26.132][INFO ][20220808145226122] [rdid=20220808145226122] [02-write mml start(J-S)] LabTime=     9(ms) ElapsedTime=    10(ms) 
[2022-08-08 14:52:26.513][INFO ][20220808145226122] [rdid=20220808145226122] [03-write mml success   ] LabTime=   380(ms) ElapsedTime=   390(ms) 
[2022-08-08 14:52:26.513][INFO ][20220808145226122] [rdid=20220808145226122] [04-process success     ] LabTime=     1(ms) ElapsedTime=   391(ms) 
[2022-08-08 14:53:53.510][INFO ][20220808145353509] [rdid=20220808145353509] [01-process start       ] LabTime=     0(ms) ElapsedTime=     0(ms) 
[2022-08-08 14:53:53.513][INFO ][20220808145353509] [rdid=20220808145353509] [02-write mml start(J-S)] LabTime=     3(ms) ElapsedTime=     3(ms) 
[2022-08-08 14:53:53.775][INFO ][20220808145353509] [rdid=20220808145353509] [03-write mml success   ] LabTime=   262(ms) ElapsedTime=   265(ms) 
[2022-08-08 14:53:53.776][INFO ][20220808145353509] [rdid=20220808145353509] [04-process success     ] LabTime=     0(ms) ElapsedTime=   265(ms) 
[2022-08-08 14:54:00.606][INFO ][20220808145400605] [rdid=20220808145400605] [01-process start       ] LabTime=     1(ms) ElapsedTime=     1(ms) 
[2022-08-08 14:54:00.606][INFO ][20220808145400605] [rdid=20220808145400605] [02-export start        ] LabTime=     0(ms) ElapsedTime=     1(ms) 
[2022-08-08 14:54:00.772][INFO ][20220808145400605] [rdid=20220808145400605] [03-open file success   ] LabTime=   166(ms) ElapsedTime=   167(ms) 
[2022-08-08 14:54:01.755][INFO ][20220808145400605] [rdid=20220808145400605] [04-save file success   ] LabTime=   983(ms) ElapsedTime=  1150(ms) 
[2022-08-08 14:54:01.776][INFO ][20220808145400605] [rdid=20220808145400605] [05-export success      ] LabTime=    21(ms) ElapsedTime=  1171(ms) 
[2022-08-08 14:54:01.777][INFO ][20220808145400605] [rdid=20220808145400605] [06-process finish      ] LabTime=     0(ms) ElapsedTime=  1171(ms) 
[2022-08-08 14:56:16.701][INFO ][20220808145616700] [rdid=20220808145616700] [01-process start       ] LabTime=     0(ms) ElapsedTime=     0(ms) 
[2022-08-08 14:56:16.705][INFO ][20220808145616700] [rdid=20220808145616700] [02-write mml start(J-S)] LabTime=     4(ms) ElapsedTime=     4(ms) 
[2022-08-08 14:56:16.960][INFO ][20220808145616700] [rdid=20220808145616700] [03-write mml success   ] LabTime=   255(ms) ElapsedTime=   259(ms) 
[2022-08-08 14:56:16.960][INFO ][20220808145616700] [rdid=20220808145616700] [04-process success     ] LabTime=     0(ms) ElapsedTime=   259(ms) 
[2022-08-08 14:56:18.296][INFO ][20220808145618295] [rdid=20220808145618295] [01-process start       ] LabTime=     1(ms) ElapsedTime=     1(ms) 
[2022-08-08 14:56:18.296][INFO ][20220808145618295] [rdid=20220808145618295] [02-export start        ] LabTime=     0(ms) ElapsedTime=     1(ms) 
[2022-08-08 14:56:18.451][INFO ][20220808145618295] [rdid=20220808145618295] [03-open file success   ] LabTime=   155(ms) ElapsedTime=   156(ms) 
[2022-08-08 14:56:19.620][INFO ][20220808145618295] [rdid=20220808145618295] [04-save file success   ] LabTime=  1169(ms) ElapsedTime=  1325(ms) 
[2022-08-08 14:56:19.647][INFO ][20220808145618295] [rdid=20220808145618295] [05-export success      ] LabTime=    27(ms) ElapsedTime=  1352(ms) 
[2022-08-08 14:56:19.647][INFO ][20220808145618295] [rdid=20220808145618295] [06-process finish      ] LabTime=     0(ms) ElapsedTime=  1352(ms) 
[2022-08-08 14:58:03.276][INFO ][20220808145803274] [rdid=20220808145803274] [01-process start       ] LabTime=     0(ms) ElapsedTime=     0(ms) 
[2022-08-08 14:58:03.279][INFO ][20220808145803274] [rdid=20220808145803274] [02-write mml start(J-S)] LabTime=     4(ms) ElapsedTime=     4(ms) 
[2022-08-08 14:58:03.621][INFO ][20220808145803274] [rdid=20220808145803274] [03-write mml success   ] LabTime=   342(ms) ElapsedTime=   346(ms) 
[2022-08-08 14:58:03.622][INFO ][20220808145803274] [rdid=20220808145803274] [04-process success     ] LabTime=     0(ms) ElapsedTime=   346(ms) 
[2022-08-08 14:58:05.096][INFO ][20220808145805095] [rdid=20220808145805095] [01-process start       ] LabTime=     1(ms) ElapsedTime=     1(ms) 
[2022-08-08 14:58:05.096][INFO ][20220808145805095] [rdid=20220808145805095] [02-export start        ] LabTime=     0(ms) ElapsedTime=     1(ms) 
[2022-08-08 14:58:05.253][INFO ][20220808145805095] [rdid=20220808145805095] [03-open file success   ] LabTime=   157(ms) ElapsedTime=   158(ms) 
[2022-08-08 14:58:06.282][INFO ][20220808145805095] [rdid=20220808145805095] [04-save file success   ] LabTime=  1029(ms) ElapsedTime=  1187(ms) 
[2022-08-08 14:58:06.301][INFO ][20220808145805095] [rdid=20220808145805095] [05-export success      ] LabTime=    19(ms) ElapsedTime=  1206(ms) 
[2022-08-08 14:58:06.302][INFO ][20220808145805095] [rdid=20220808145805095] [06-process finish      ] LabTime=     1(ms) ElapsedTime=  1207(ms) 
[2022-08-08 14:59:11.779][INFO ][20220808145911777] [rdid=20220808145911777] [01-process start       ] LabTime=     0(ms) ElapsedTime=     0(ms) 
[2022-08-08 14:59:11.783][INFO ][20220808145911777] [rdid=20220808145911777] [02-write mml start(J-S)] LabTime=     5(ms) ElapsedTime=     5(ms) 
[2022-08-08 14:59:12.268][INFO ][20220808145911777] [rdid=20220808145911777] [03-write mml success   ] LabTime=   485(ms) ElapsedTime=   490(ms) 
[2022-08-08 14:59:12.268][INFO ][20220808145911777] [rdid=20220808145911777] [04-process success     ] LabTime=     0(ms) ElapsedTime=   490(ms) 
[2022-08-08 14:59:13.407][INFO ][20220808145913403] [rdid=20220808145913403] [01-process start       ] LabTime=     1(ms) ElapsedTime=     1(ms) 
[2022-08-08 14:59:13.407][INFO ][20220808145913403] [rdid=20220808145913403] [02-export start        ] LabTime=     1(ms) ElapsedTime=     2(ms) 
[2022-08-08 14:59:13.737][INFO ][20220808145913403] [rdid=20220808145913403] [03-open file success   ] LabTime=   330(ms) ElapsedTime=   332(ms) 
[2022-08-08 14:59:15.616][INFO ][20220808145913403] [rdid=20220808145913403] [04-save file success   ] LabTime=  1878(ms) ElapsedTime=  2210(ms) 
[2022-08-08 14:59:15.651][INFO ][20220808145913403] [rdid=20220808145913403] [05-export success      ] LabTime=    36(ms) ElapsedTime=  2246(ms) 
[2022-08-08 14:59:15.651][INFO ][20220808145913403] [rdid=20220808145913403] [06-process finish      ] LabTime=     0(ms) ElapsedTime=  2246(ms) 
[2022-08-08 15:02:55.622][INFO ][20220808150255621] [rdid=20220808150255621] [01-process start       ] LabTime=     1(ms) ElapsedTime=     1(ms) 
[2022-08-08 15:02:55.625][INFO ][20220808150255621] [rdid=20220808150255621] [02-write mml start(J-S)] LabTime=     3(ms) ElapsedTime=     4(ms) 
[2022-08-08 15:02:56.049][INFO ][20220808150255621] [rdid=20220808150255621] [03-write mml success   ] LabTime=   424(ms) ElapsedTime=   428(ms) 
[2022-08-08 15:02:56.050][INFO ][20220808150255621] [rdid=20220808150255621] [04-process success     ] LabTime=     0(ms) ElapsedTime=   428(ms) 
[2022-08-08 15:02:57.240][INFO ][20220808150257239] [rdid=20220808150257239] [01-process start       ] LabTime=     1(ms) ElapsedTime=     1(ms) 
[2022-08-08 15:02:57.240][INFO ][20220808150257239] [rdid=20220808150257239] [02-export start        ] LabTime=     0(ms) ElapsedTime=     1(ms) 
[2022-08-08 15:02:57.463][INFO ][20220808150257239] [rdid=20220808150257239] [03-open file success   ] LabTime=   223(ms) ElapsedTime=   224(ms) 
[2022-08-08 15:02:58.721][INFO ][20220808150257239] [rdid=20220808150257239] [04-save file success   ] LabTime=  1258(ms) ElapsedTime=  1482(ms) 
[2022-08-08 15:02:58.745][INFO ][20220808150257239] [rdid=20220808150257239] [05-export success      ] LabTime=    24(ms) ElapsedTime=  1506(ms) 
[2022-08-08 15:02:58.746][INFO ][20220808150257239] [rdid=20220808150257239] [06-process finish      ] LabTime=     1(ms) ElapsedTime=  1507(ms) 
[2022-08-08 15:03:05.206][INFO ][20220808150305205] [rdid=20220808150305205] [01-process start       ] LabTime=     0(ms) ElapsedTime=     0(ms) 
[2022-08-08 15:03:05.207][INFO ][20220808150305205] [rdid=20220808150305205] [02-export start        ] LabTime=     1(ms) ElapsedTime=     1(ms) 
[2022-08-08 15:03:05.404][INFO ][20220808150305205] [rdid=20220808150305205] [03-open file success   ] LabTime=   197(ms) ElapsedTime=   198(ms) 
[2022-08-08 15:03:06.381][INFO ][20220808150305205] [rdid=20220808150305205] [04-save file success   ] LabTime=   977(ms) ElapsedTime=  1175(ms) 
[2022-08-08 15:03:06.410][INFO ][20220808150305205] [rdid=20220808150305205] [05-export success      ] LabTime=    29(ms) ElapsedTime=  1204(ms) 
[2022-08-08 15:03:06.411][INFO ][20220808150305205] [rdid=20220808150305205] [06-process finish      ] LabTime=     1(ms) ElapsedTime=  1205(ms) 
[2022-08-08 15:03:18.497][INFO ][20220808150318496] [rdid=20220808150318496] [01-process start       ] LabTime=     0(ms) ElapsedTime=     0(ms) 
[2022-08-08 15:03:18.501][INFO ][20220808150318496] [rdid=20220808150318496] [02-write mml start(J-S)] LabTime=     4(ms) ElapsedTime=     4(ms) 
[2022-08-08 15:03:18.890][INFO ][20220808150318496] [rdid=20220808150318496] [03-write mml success   ] LabTime=   389(ms) ElapsedTime=   393(ms) 
[2022-08-08 15:03:18.890][INFO ][20220808150318496] [rdid=20220808150318496] [04-process success     ] LabTime=     0(ms) ElapsedTime=   393(ms) 
[2022-08-08 15:03:20.226][INFO ][20220808150320225] [rdid=20220808150320225] [01-process start       ] LabTime=     0(ms) ElapsedTime=     0(ms) 
[2022-08-08 15:03:20.226][INFO ][20220808150320225] [rdid=20220808150320225] [02-export start        ] LabTime=     0(ms) ElapsedTime=     0(ms) 
[2022-08-08 15:03:20.522][INFO ][20220808150320225] [rdid=20220808150320225] [03-open file success   ] LabTime=   296(ms) ElapsedTime=   296(ms) 
[2022-08-08 15:03:21.847][INFO ][20220808150320225] [rdid=20220808150320225] [04-save file success   ] LabTime=  1325(ms) ElapsedTime=  1621(ms) 
[2022-08-08 15:03:21.875][INFO ][20220808150320225] [rdid=20220808150320225] [05-export success      ] LabTime=    28(ms) ElapsedTime=  1649(ms) 
[2022-08-08 15:03:21.876][INFO ][20220808150320225] [rdid=20220808150320225] [06-process finish      ] LabTime=     1(ms) ElapsedTime=  1650(ms) 
[2022-08-08 15:03:28.173][INFO ][20220808150328172] [rdid=20220808150328172] [01-process start       ] LabTime=     1(ms) ElapsedTime=     1(ms) 
[2022-08-08 15:03:28.173][INFO ][20220808150328172] [rdid=20220808150328172] [02-export start        ] LabTime=     0(ms) ElapsedTime=     1(ms) 
[2022-08-08 15:03:28.380][INFO ][20220808150328172] [rdid=20220808150328172] [03-open file success   ] LabTime=   207(ms) ElapsedTime=   208(ms) 
[2022-08-08 15:03:28.509][INFO ][20220808150328172] [rdid=20220808150328172] [04-save file success   ] LabTime=   129(ms) ElapsedTime=   337(ms) 
[2022-08-08 15:03:28.534][INFO ][20220808150328172] [rdid=20220808150328172] [05-export success      ] LabTime=    25(ms) ElapsedTime=   362(ms) 
[2022-08-08 15:03:28.535][INFO ][20220808150328172] [rdid=20220808150328172] [06-process finish      ] LabTime=     1(ms) ElapsedTime=   363(ms) 
[2022-08-08 17:31:56.605][INFO ][20220808173156594] [rdid=20220808173156594] [01-process start       ] LabTime=     2(ms) ElapsedTime=     2(ms) 
[2022-08-08 17:31:56.617][INFO ][20220808173156594] [rdid=20220808173156594] [02-write mml start(J-S)] LabTime=    13(ms) ElapsedTime=    15(ms) 
[2022-08-08 17:31:56.958][INFO ][20220808173156594] [rdid=20220808173156594] [03-write mml success   ] LabTime=   341(ms) ElapsedTime=   356(ms) 
[2022-08-08 17:31:56.958][INFO ][20220808173156594] [rdid=20220808173156594] [04-process success     ] LabTime=     0(ms) ElapsedTime=   356(ms) 
[2022-08-08 17:31:59.452][INFO ][20220808173159450] [rdid=20220808173159450] [01-process start       ] LabTime=     1(ms) ElapsedTime=     1(ms) 
[2022-08-08 17:31:59.452][INFO ][20220808173159450] [rdid=20220808173159450] [02-export start        ] LabTime=     0(ms) ElapsedTime=     1(ms) 
[2022-08-08 17:31:59.608][INFO ][20220808173159450] [rdid=20220808173159450] [03-open file success   ] LabTime=   155(ms) ElapsedTime=   156(ms) 
[2022-08-08 17:32:00.509][INFO ][20220808173159450] [rdid=20220808173159450] [04-save file success   ] LabTime=   901(ms) ElapsedTime=  1057(ms) 
[2022-08-08 17:32:00.528][INFO ][20220808173159450] [rdid=20220808173159450] [05-export success      ] LabTime=    19(ms) ElapsedTime=  1076(ms) 
[2022-08-08 17:32:00.528][INFO ][20220808173159450] [rdid=20220808173159450] [06-process finish      ] LabTime=     1(ms) ElapsedTime=  1077(ms) 
[2022-08-08 17:33:16.500][INFO ][20220808173316497] [rdid=20220808173316497] [01-process start       ] LabTime=     1(ms) ElapsedTime=     1(ms) 
[2022-08-08 17:33:16.504][INFO ][20220808173316497] [rdid=20220808173316497] [02-write mml start(J-S)] LabTime=     5(ms) ElapsedTime=     6(ms) 
[2022-08-08 17:33:16.759][INFO ][20220808173316497] [rdid=20220808173316497] [03-write mml success   ] LabTime=   255(ms) ElapsedTime=   261(ms) 
[2022-08-08 17:33:16.760][INFO ][20220808173316497] [rdid=20220808173316497] [04-process success     ] LabTime=     0(ms) ElapsedTime=   261(ms) 
[2022-08-08 17:33:22.139][INFO ][20220808173322138] [rdid=20220808173322138] [01-process start       ] LabTime=     0(ms) ElapsedTime=     0(ms) 
[2022-08-08 17:33:22.139][INFO ][20220808173322138] [rdid=20220808173322138] [02-export start        ] LabTime=     0(ms) ElapsedTime=     0(ms) 
[2022-08-08 17:33:22.331][INFO ][20220808173322138] [rdid=20220808173322138] [03-open file success   ] LabTime=   192(ms) ElapsedTime=   192(ms) 
[2022-08-08 17:33:23.279][INFO ][20220808173322138] [rdid=20220808173322138] [04-save file success   ] LabTime=   948(ms) ElapsedTime=  1140(ms) 
[2022-08-08 17:33:23.307][INFO ][20220808173322138] [rdid=20220808173322138] [05-export success      ] LabTime=    28(ms) ElapsedTime=  1168(ms) 
[2022-08-08 17:33:23.308][INFO ][20220808173322138] [rdid=20220808173322138] [06-process finish      ] LabTime=     1(ms) ElapsedTime=  1169(ms) 
