[
log_version=6.0
server_name=ERS Reporting Server
server_version=6.4.5.430
jbre_version=5.5.14.1010
customer_name=¸ÞµðÁ¨ÈÞ¸ÕÄÉ¾î
user.dir=C:\Program Files\Apache Software Foundation\apache-tomcat-8.5.50
os.name=Windows 10
os.version=10.0
java.version=1.8.0_275
java.vm.version=25.275-b01
java.vm.vendor=ojdkbuild
java.vm.name=OpenJDK 64-Bit Server VM
java.home=C:\Java\java-1.8.0-openjdk-1.8.0.275-1\jre
java.class.path=C:\Program Files\Apache Software Foundation\apache-tomcat-8.5.50\bin\bootstrap.jar;C:\Program Files\Apache Software Foundation\apache-tomcat-8.5.50\bin\tomcat-juli.jar
file.encoding=MS949
user.language=ko
]

[2022-07-28 16:41:35.988][INFO ][20220728164135843] [rdid=20220728164135843] [01-process start       ] LabTime=    14(ms) ElapsedTime=    14(ms) 
[2022-07-28 16:41:37.488][INFO ][20220728164135843] [rdid=20220728164135843] [02-write mml start(J-M)] LabTime=  1505(ms) ElapsedTime=  1519(ms) 
[2022-07-28 16:41:40.709][INFO ][20220728164135843] [rdid=20220728164135843] [03-write mml success   ] LabTime=  3222(ms) ElapsedTime=  4741(ms) 
[2022-07-28 16:41:40.710][INFO ][20220728164135843] [rdid=20220728164135843] [04-process success     ] LabTime=     0(ms) ElapsedTime=  4741(ms) 
[2022-07-28 16:43:28.507][INFO ][20220728164135843] [rdid=20220728164135843] [01-process start       ] LabTime=     2(ms) ElapsedTime=     2(ms) 
[2022-07-28 16:43:28.509][INFO ][20220728164135843] [rdid=20220728164135843] [02-export start        ] LabTime=     1(ms) ElapsedTime=     3(ms) 
[2022-07-28 16:43:42.585][INFO ][20220728164135843] [rdid=20220728164135843] [03-convert success     ] LabTime= 14076(ms) ElapsedTime= 14079(ms) 
[2022-07-28 16:43:42.587][INFO ][20220728164135843] [rdid=20220728164135843] [04-process finish      ] LabTime=     3(ms) ElapsedTime= 14082(ms) 
[2022-07-28 16:43:59.066][INFO ][20220728164359063] [rdid=20220728164359063] [01-process start       ] LabTime=     1(ms) ElapsedTime=     1(ms) 
[2022-07-28 16:43:59.070][INFO ][20220728164359063] [rdid=20220728164359063] [02-write mml start(J-M)] LabTime=     5(ms) ElapsedTime=     6(ms) 
[2022-07-28 16:43:59.653][INFO ][20220728164359063] [rdid=20220728164359063] [03-write mml success   ] LabTime=   582(ms) ElapsedTime=   588(ms) 
[2022-07-28 16:43:59.653][INFO ][20220728164359063] [rdid=20220728164359063] [04-process success     ] LabTime=     1(ms) ElapsedTime=   589(ms) 
[2022-07-28 16:44:01.794][INFO ][20220728164401791] [rdid=20220728164401791] [01-process start       ] LabTime=     2(ms) ElapsedTime=     2(ms) 
[2022-07-28 16:44:01.800][INFO ][20220728164401791] [rdid=20220728164401791] [02-write mml start(J-M)] LabTime=     6(ms) ElapsedTime=     8(ms) 
[2022-07-28 16:44:02.305][INFO ][20220728164401791] [rdid=20220728164401791] [03-write mml success   ] LabTime=   505(ms) ElapsedTime=   513(ms) 
[2022-07-28 16:44:02.306][INFO ][20220728164401791] [rdid=20220728164401791] [04-process success     ] LabTime=     0(ms) ElapsedTime=   513(ms) 
[2022-07-28 16:44:02.874][INFO ][20220728164402872] [rdid=20220728164402872] [01-process start       ] LabTime=     1(ms) ElapsedTime=     1(ms) 
[2022-07-28 16:44:02.881][INFO ][20220728164402872] [rdid=20220728164402872] [02-write mml start(J-M)] LabTime=     8(ms) ElapsedTime=     9(ms) 
[2022-07-28 16:44:03.292][INFO ][20220728164402872] [rdid=20220728164402872] [03-write mml success   ] LabTime=   411(ms) ElapsedTime=   420(ms) 
[2022-07-28 16:44:03.292][INFO ][20220728164402872] [rdid=20220728164402872] [04-process success     ] LabTime=     0(ms) ElapsedTime=   420(ms) 
[2022-07-28 16:44:03.798][INFO ][20220728164403796] [rdid=20220728164403796] [01-process start       ] LabTime=     1(ms) ElapsedTime=     1(ms) 
[2022-07-28 16:44:03.802][INFO ][20220728164403796] [rdid=20220728164403796] [02-write mml start(J-M)] LabTime=     4(ms) ElapsedTime=     5(ms) 
[2022-07-28 16:44:04.610][INFO ][20220728164403796] [rdid=20220728164403796] [03-write mml success   ] LabTime=   808(ms) ElapsedTime=   813(ms) 
[2022-07-28 16:44:04.611][INFO ][20220728164403796] [rdid=20220728164403796] [04-process success     ] LabTime=     0(ms) ElapsedTime=   813(ms) 
[2022-07-28 16:44:09.472][INFO ][20220728164403796] [rdid=20220728164403796] [01-process start       ] LabTime=     2(ms) ElapsedTime=     2(ms) 
[2022-07-28 16:44:09.473][INFO ][20220728164403796] [rdid=20220728164403796] [02-export start        ] LabTime=     1(ms) ElapsedTime=     3(ms) 
[2022-07-28 16:44:11.158][INFO ][20220728164403796] [rdid=20220728164403796] [03-convert success     ] LabTime=  1684(ms) ElapsedTime=  1687(ms) 
[2022-07-28 16:44:11.159][INFO ][20220728164403796] [rdid=20220728164403796] [04-process finish      ] LabTime=     2(ms) ElapsedTime=  1689(ms) 
