[
log_version=6.0
server_name=ERS Reporting Server
server_version=6.4.5.430
jbre_version=5.5.14.1010
customer_name=¸ÞµðÁ¨ÈÞ¸ÕÄÉ¾î
user.dir=C:\WINDOWS\system32
os.name=Windows 10
os.version=10.0
java.version=1.8.0_275
java.vm.version=25.275-b01
java.vm.vendor=ojdkbuild
java.vm.name=OpenJDK 64-Bit Server VM
java.home=C:\Java\java-1.8.0-openjdk-1.8.0.275-1\jre
java.class.path=C:\Program Files\Apache Software Foundation\apache-tomcat-8.5.50\webapps\ReportingServer\bin\ers-daemon.jar;C:\Program Files\Apache Software Foundation\apache-tomcat-8.5.50\webapps\ReportingServer\bin\ers-common.jar;C:\Program Files\Apache Software Foundation\apache-tomcat-8.5.50\webapps\ReportingServer\bin\jetty\ant-1.6.5.jar;C:\Program Files\Apache Software Foundation\apache-tomcat-8.5.50\webapps\ReportingServer\bin\jetty\core-3.1.1.jar;C:\Program Files\Apache Software Foundation\apache-tomcat-8.5.50\webapps\ReportingServer\bin\jetty\jetty-6.1.26.jar;C:\Program Files\Apache Software Foundation\apache-tomcat-8.5.50\webapps\ReportingServer\bin\jetty\jetty-util-6.1.26.jar;C:\Program Files\Apache Software Foundation\apache-tomcat-8.5.50\webapps\ReportingServer\bin\jetty\jsp-2.1-glassfish-2.1.v20091210.jar;C:\Program Files\Apache Software Foundation\apache-tomcat-8.5.50\webapps\ReportingServer\bin\jetty\jsp-2.1-jetty-6.1.26.jar;C:\Program Files\Apache Software Foundation\apache-tomcat-8.5.50\webapps\ReportingServer\bin\jetty\jsp-api-2.1-glassfish-2.1.v20091210.jar;C:\Program Files\Apache Software Foundation\apache-tomcat-8.5.50\webapps\ReportingServer\bin\jetty\servlet-api-2.5-20081211.jar
file.encoding=EUC_KR
user.language=ko
]

[2022-05-20 10:32:54.706][INFO ][20220520103254623] [rdid=20220520103254623] [01-process start       ] LabTime=    10(ms) ElapsedTime=    10(ms) 
[2022-05-20 10:32:55.671][INFO ][20220520103254623] [rdid=20220520103254623] [02-write mml start(J-S)] LabTime=   966(ms) ElapsedTime=   976(ms) 
[2022-05-20 10:32:56.691][INFO ][20220520103254623] [rdid=20220520103254623] [03-write mml success   ] LabTime=  1020(ms) ElapsedTime=  1996(ms) 
[2022-05-20 10:32:56.692][INFO ][20220520103254623] [rdid=20220520103254623] [04-process success     ] LabTime=     1(ms) ElapsedTime=  1997(ms) 
[2022-05-20 10:34:36.777][INFO ][20220520103436772] [rdid=20220520103436772] [01-process start       ] LabTime=     1(ms) ElapsedTime=     1(ms) 
[2022-05-20 10:34:36.784][INFO ][20220520103436772] [rdid=20220520103436772] [02-write mml start(J-S)] LabTime=     8(ms) ElapsedTime=     9(ms) 
[2022-05-20 10:34:37.004][INFO ][20220520103436772] [rdid=20220520103436772] [03-write mml success   ] LabTime=   219(ms) ElapsedTime=   228(ms) 
[2022-05-20 10:34:37.004][INFO ][20220520103436772] [rdid=20220520103436772] [04-process success     ] LabTime=     1(ms) ElapsedTime=   229(ms) 
[2022-05-20 10:34:38.119][INFO ][20220520103438116] [rdid=20220520103438116] [01-process start       ] LabTime=     1(ms) ElapsedTime=     1(ms) 
[2022-05-20 10:34:38.123][INFO ][20220520103438116] [rdid=20220520103438116] [02-write mml start(J-S)] LabTime=     4(ms) ElapsedTime=     5(ms) 
[2022-05-20 10:34:38.188][INFO ][20220520103438116] [rdid=20220520103438116] [03-write mml success   ] LabTime=    65(ms) ElapsedTime=    70(ms) 
[2022-05-20 10:34:38.188][INFO ][20220520103438116] [rdid=20220520103438116] [04-process success     ] LabTime=     1(ms) ElapsedTime=    71(ms) 
[2022-05-20 10:34:40.641][INFO ][20220520103440631] [rdid=20220520103440631] [01-process start       ] LabTime=     1(ms) ElapsedTime=     1(ms) 
[2022-05-20 10:34:40.641][INFO ][20220520103440631] [rdid=20220520103440631] [02-export start        ] LabTime=     1(ms) ElapsedTime=     2(ms) 
[2022-05-20 10:34:40.709][INFO ][20220520103440631] [rdid=20220520103440631] [03-open file success   ] LabTime=    67(ms) ElapsedTime=    69(ms) 
[2022-05-20 10:34:40.865][INFO ][20220520103440631] [rdid=20220520103440631] [04-save file success   ] LabTime=   157(ms) ElapsedTime=   226(ms) 
[2022-05-20 10:34:40.869][INFO ][20220520103440631] [rdid=20220520103440631] [05-export success      ] LabTime=     3(ms) ElapsedTime=   229(ms) 
[2022-05-20 10:34:40.871][INFO ][20220520103440631] [rdid=20220520103440631] [06-process finish      ] LabTime=     3(ms) ElapsedTime=   232(ms) 
[2022-05-20 10:34:59.837][INFO ][20220520103459834] [rdid=20220520103459834] [01-process start       ] LabTime=     1(ms) ElapsedTime=     1(ms) 
[2022-05-20 10:34:59.838][INFO ][20220520103459834] [rdid=20220520103459834] [02-export start        ] LabTime=     1(ms) ElapsedTime=     2(ms) 
[2022-05-20 10:34:59.927][INFO ][20220520103459834] [rdid=20220520103459834] [03-open file success   ] LabTime=    89(ms) ElapsedTime=    91(ms) 
[2022-05-20 10:34:59.934][INFO ][20220520103459834] [rdid=20220520103459834] [04-save file success   ] LabTime=     7(ms) ElapsedTime=    98(ms) 
[2022-05-20 10:34:59.937][INFO ][20220520103459834] [rdid=20220520103459834] [05-export success      ] LabTime=     4(ms) ElapsedTime=   102(ms) 
[2022-05-20 10:34:59.939][INFO ][20220520103459834] [rdid=20220520103459834] [06-process finish      ] LabTime=     2(ms) ElapsedTime=   104(ms) 
[2022-05-20 10:35:16.751][INFO ][20220520103516748] [rdid=20220520103516748] [01-process start       ] LabTime=     2(ms) ElapsedTime=     2(ms) 
[2022-05-20 10:35:16.752][INFO ][20220520103516748] [rdid=20220520103516748] [02-export start        ] LabTime=     0(ms) ElapsedTime=     2(ms) 
[2022-05-20 10:35:16.836][INFO ][20220520103516748] [rdid=20220520103516748] [03-open file success   ] LabTime=    84(ms) ElapsedTime=    86(ms) 
[2022-05-20 10:35:24.725][INFO ][20220520103516748] [rdid=20220520103516748] [04-save file success   ] LabTime=  7890(ms) ElapsedTime=  7976(ms) 
[2022-05-20 10:35:24.727][INFO ][20220520103516748] [rdid=20220520103516748] [05-export success      ] LabTime=     2(ms) ElapsedTime=  7978(ms) 
[2022-05-20 10:35:24.728][INFO ][20220520103516748] [rdid=20220520103516748] [06-process finish      ] LabTime=     1(ms) ElapsedTime=  7979(ms) 
[2022-05-20 10:38:11.309][INFO ][20220520103811307] [rdid=20220520103811307] [01-process start       ] LabTime=     1(ms) ElapsedTime=     1(ms) 
[2022-05-20 10:38:11.312][INFO ][20220520103811307] [rdid=20220520103811307] [02-write mml start(J-S)] LabTime=     3(ms) ElapsedTime=     4(ms) 
[2022-05-20 10:38:11.395][INFO ][20220520103811307] [rdid=20220520103811307] [03-write mml success   ] LabTime=    83(ms) ElapsedTime=    87(ms) 
[2022-05-20 10:38:11.396][INFO ][20220520103811307] [rdid=20220520103811307] [04-process success     ] LabTime=     0(ms) ElapsedTime=    87(ms) 
[2022-05-20 10:38:13.904][INFO ][20220520103813902] [rdid=20220520103813902] [01-process start       ] LabTime=     1(ms) ElapsedTime=     1(ms) 
[2022-05-20 10:38:13.905][INFO ][20220520103813902] [rdid=20220520103813902] [02-export start        ] LabTime=     0(ms) ElapsedTime=     1(ms) 
[2022-05-20 10:38:13.969][INFO ][20220520103813902] [rdid=20220520103813902] [03-open file success   ] LabTime=    65(ms) ElapsedTime=    66(ms) 
[2022-05-20 10:38:13.973][INFO ][20220520103813902] [rdid=20220520103813902] [04-save file success   ] LabTime=     3(ms) ElapsedTime=    69(ms) 
[2022-05-20 10:38:13.975][INFO ][20220520103813902] [rdid=20220520103813902] [05-export success      ] LabTime=     3(ms) ElapsedTime=    72(ms) 
[2022-05-20 10:38:13.976][INFO ][20220520103813902] [rdid=20220520103813902] [06-process finish      ] LabTime=     1(ms) ElapsedTime=    73(ms) 
[2022-05-20 10:43:40.972][INFO ][20220520104340969] [rdid=20220520104340969] [01-process start       ] LabTime=     2(ms) ElapsedTime=     2(ms) 
[2022-05-20 10:43:40.975][INFO ][20220520104340969] [rdid=20220520104340969] [02-write mml start(J-S)] LabTime=     3(ms) ElapsedTime=     5(ms) 
[2022-05-20 10:43:41.285][INFO ][20220520104340969] [rdid=20220520104340969] [03-write mml success   ] LabTime=   309(ms) ElapsedTime=   314(ms) 
[2022-05-20 10:43:41.285][INFO ][20220520104340969] [rdid=20220520104340969] [04-process success     ] LabTime=     1(ms) ElapsedTime=   315(ms) 
[2022-05-20 10:43:43.767][INFO ][20220520104343766] [rdid=20220520104343766] [01-process start       ] LabTime=     0(ms) ElapsedTime=     0(ms) 
[2022-05-20 10:43:43.768][INFO ][20220520104343766] [rdid=20220520104343766] [02-export start        ] LabTime=     1(ms) ElapsedTime=     1(ms) 
[2022-05-20 10:43:43.822][INFO ][20220520104343766] [rdid=20220520104343766] [03-open file success   ] LabTime=    54(ms) ElapsedTime=    55(ms) 
[2022-05-20 10:43:43.827][INFO ][20220520104343766] [rdid=20220520104343766] [04-save file success   ] LabTime=     5(ms) ElapsedTime=    60(ms) 
[2022-05-20 10:43:43.829][INFO ][20220520104343766] [rdid=20220520104343766] [05-export success      ] LabTime=     2(ms) ElapsedTime=    62(ms) 
[2022-05-20 10:43:43.830][INFO ][20220520104343766] [rdid=20220520104343766] [06-process finish      ] LabTime=     1(ms) ElapsedTime=    63(ms) 
[2022-05-20 10:44:06.566][INFO ][20220520104406564] [rdid=20220520104406564] [01-process start       ] LabTime=     1(ms) ElapsedTime=     1(ms) 
[2022-05-20 10:44:06.570][INFO ][20220520104406564] [rdid=20220520104406564] [02-write mml start(J-S)] LabTime=     4(ms) ElapsedTime=     5(ms) 
[2022-05-20 10:44:06.663][INFO ][20220520104406564] [rdid=20220520104406564] [03-write mml success   ] LabTime=    93(ms) ElapsedTime=    98(ms) 
[2022-05-20 10:44:06.664][INFO ][20220520104406564] [rdid=20220520104406564] [04-process success     ] LabTime=     1(ms) ElapsedTime=    99(ms) 
[2022-05-20 10:44:10.788][INFO ][20220520104410786] [rdid=20220520104410786] [01-process start       ] LabTime=     1(ms) ElapsedTime=     1(ms) 
[2022-05-20 10:44:10.788][INFO ][20220520104410786] [rdid=20220520104410786] [02-export start        ] LabTime=     0(ms) ElapsedTime=     1(ms) 
[2022-05-20 10:44:10.851][INFO ][20220520104410786] [rdid=20220520104410786] [03-open file success   ] LabTime=    63(ms) ElapsedTime=    64(ms) 
[2022-05-20 10:44:10.856][INFO ][20220520104410786] [rdid=20220520104410786] [04-save file success   ] LabTime=     4(ms) ElapsedTime=    68(ms) 
[2022-05-20 10:44:10.858][INFO ][20220520104410786] [rdid=20220520104410786] [05-export success      ] LabTime=     3(ms) ElapsedTime=    71(ms) 
[2022-05-20 10:44:10.859][INFO ][20220520104410786] [rdid=20220520104410786] [06-process finish      ] LabTime=     1(ms) ElapsedTime=    72(ms) 
[2022-05-20 10:53:17.025][INFO ][20220520105317022] [rdid=20220520105317022] [01-process start       ] LabTime=     1(ms) ElapsedTime=     1(ms) 
[2022-05-20 10:53:17.025][INFO ][20220520105317022] [rdid=20220520105317022] [02-export start        ] LabTime=     1(ms) ElapsedTime=     2(ms) 
[2022-05-20 10:53:17.066][INFO ][20220520105317022] [rdid=20220520105317022] [03-open file success   ] LabTime=    41(ms) ElapsedTime=    43(ms) 
[2022-05-20 10:53:17.069][INFO ][20220520105317022] [rdid=20220520105317022] [04-save file success   ] LabTime=     3(ms) ElapsedTime=    46(ms) 
[2022-05-20 10:53:17.071][INFO ][20220520105317022] [rdid=20220520105317022] [05-export success      ] LabTime=     2(ms) ElapsedTime=    48(ms) 
[2022-05-20 10:53:17.071][INFO ][20220520105317022] [rdid=20220520105317022] [06-process finish      ] LabTime=     0(ms) ElapsedTime=    48(ms) 
[2022-05-20 10:53:51.689][INFO ][20220520105351688] [rdid=20220520105351688] [01-process start       ] LabTime=     1(ms) ElapsedTime=     1(ms) 
[2022-05-20 10:53:51.689][INFO ][20220520105351688] [rdid=20220520105351688] [02-export start        ] LabTime=     0(ms) ElapsedTime=     1(ms) 
[2022-05-20 10:53:51.740][INFO ][20220520105351688] [rdid=20220520105351688] [03-open file success   ] LabTime=    51(ms) ElapsedTime=    52(ms) 
[2022-05-20 10:53:52.316][INFO ][20220520105351688] [rdid=20220520105351688] [04-save file success   ] LabTime=   576(ms) ElapsedTime=   628(ms) 
[2022-05-20 10:53:52.318][INFO ][20220520105351688] [rdid=20220520105351688] [05-export success      ] LabTime=     2(ms) ElapsedTime=   630(ms) 
[2022-05-20 10:53:52.319][INFO ][20220520105351688] [rdid=20220520105351688] [06-process finish      ] LabTime=     1(ms) ElapsedTime=   631(ms) 
[2022-05-20 10:54:07.382][INFO ][20220520105407380] [rdid=20220520105407380] [01-process start       ] LabTime=     1(ms) ElapsedTime=     1(ms) 
[2022-05-20 10:54:07.383][INFO ][20220520105407380] [rdid=20220520105407380] [02-export start        ] LabTime=     1(ms) ElapsedTime=     2(ms) 
[2022-05-20 10:54:07.480][INFO ][20220520105407380] [rdid=20220520105407380] [03-open file success   ] LabTime=    97(ms) ElapsedTime=    99(ms) 
[2022-05-20 10:54:08.151][INFO ][20220520105407380] [rdid=20220520105407380] [04-save file success   ] LabTime=   671(ms) ElapsedTime=   770(ms) 
[2022-05-20 10:54:08.153][INFO ][20220520105407380] [rdid=20220520105407380] [05-export success      ] LabTime=     2(ms) ElapsedTime=   772(ms) 
[2022-05-20 10:54:08.154][INFO ][20220520105407380] [rdid=20220520105407380] [06-process finish      ] LabTime=     1(ms) ElapsedTime=   773(ms) 
[2022-05-20 10:54:24.442][INFO ][20220520105424440] [rdid=20220520105424440] [01-process start       ] LabTime=     0(ms) ElapsedTime=     0(ms) 
[2022-05-20 10:54:24.442][INFO ][20220520105424440] [rdid=20220520105424440] [02-export start        ] LabTime=     1(ms) ElapsedTime=     1(ms) 
[2022-05-20 10:54:24.516][INFO ][20220520105424440] [rdid=20220520105424440] [03-open file success   ] LabTime=    74(ms) ElapsedTime=    75(ms) 
[2022-05-20 10:54:24.665][INFO ][20220520105424440] [rdid=20220520105424440] [04-save file success   ] LabTime=   149(ms) ElapsedTime=   224(ms) 
[2022-05-20 10:54:24.669][INFO ][20220520105424440] [rdid=20220520105424440] [05-export success      ] LabTime=     3(ms) ElapsedTime=   227(ms) 
[2022-05-20 10:54:24.670][INFO ][20220520105424440] [rdid=20220520105424440] [06-process finish      ] LabTime=     2(ms) ElapsedTime=   229(ms) 
[2022-05-20 10:54:54.051][INFO ][20220520105454049] [rdid=20220520105454049] [01-process start       ] LabTime=     1(ms) ElapsedTime=     1(ms) 
[2022-05-20 10:54:54.055][INFO ][20220520105454049] [rdid=20220520105454049] [02-write mml start(J-S)] LabTime=     4(ms) ElapsedTime=     5(ms) 
[2022-05-20 10:54:54.172][INFO ][20220520105454049] [rdid=20220520105454049] [03-write mml success   ] LabTime=   116(ms) ElapsedTime=   121(ms) 
[2022-05-20 10:54:54.173][INFO ][20220520105454049] [rdid=20220520105454049] [04-process success     ] LabTime=     1(ms) ElapsedTime=   122(ms) 
[2022-05-20 10:56:53.290][INFO ][20220520105653289] [rdid=20220520105653289] [01-process start       ] LabTime=     0(ms) ElapsedTime=     0(ms) 
[2022-05-20 10:56:53.293][INFO ][20220520105653289] [rdid=20220520105653289] [02-write mml start(J-S)] LabTime=     3(ms) ElapsedTime=     3(ms) 
[2022-05-20 10:56:53.333][INFO ][20220520105653289] [rdid=20220520105653289] [03-write mml success   ] LabTime=    40(ms) ElapsedTime=    43(ms) 
[2022-05-20 10:56:53.333][INFO ][20220520105653289] [rdid=20220520105653289] [04-process success     ] LabTime=     0(ms) ElapsedTime=    43(ms) 
[2022-05-20 10:56:54.749][INFO ][20220520105654747] [rdid=20220520105654747] [01-process start       ] LabTime=     1(ms) ElapsedTime=     1(ms) 
[2022-05-20 10:56:54.752][INFO ][20220520105654747] [rdid=20220520105654747] [02-write mml start(J-S)] LabTime=     3(ms) ElapsedTime=     4(ms) 
[2022-05-20 10:56:54.793][INFO ][20220520105654747] [rdid=20220520105654747] [03-write mml success   ] LabTime=    40(ms) ElapsedTime=    44(ms) 
[2022-05-20 10:56:54.793][INFO ][20220520105654747] [rdid=20220520105654747] [04-process success     ] LabTime=     1(ms) ElapsedTime=    45(ms) 
[2022-05-20 10:56:55.420][INFO ][20220520105655419] [rdid=20220520105655419] [01-process start       ] LabTime=     0(ms) ElapsedTime=     0(ms) 
[2022-05-20 10:56:55.423][INFO ][20220520105655419] [rdid=20220520105655419] [02-write mml start(J-S)] LabTime=     3(ms) ElapsedTime=     3(ms) 
[2022-05-20 10:56:55.468][INFO ][20220520105655419] [rdid=20220520105655419] [03-write mml success   ] LabTime=    45(ms) ElapsedTime=    48(ms) 
[2022-05-20 10:56:55.469][INFO ][20220520105655419] [rdid=20220520105655419] [04-process success     ] LabTime=     0(ms) ElapsedTime=    48(ms) 
[2022-05-20 10:56:55.981][INFO ][20220520105655980] [rdid=20220520105655980] [01-process start       ] LabTime=     0(ms) ElapsedTime=     0(ms) 
[2022-05-20 10:56:55.985][INFO ][20220520105655980] [rdid=20220520105655980] [02-write mml start(J-S)] LabTime=     4(ms) ElapsedTime=     4(ms) 
[2022-05-20 10:56:56.032][INFO ][20220520105655980] [rdid=20220520105655980] [03-write mml success   ] LabTime=    47(ms) ElapsedTime=    51(ms) 
[2022-05-20 10:56:56.032][INFO ][20220520105655980] [rdid=20220520105655980] [04-process success     ] LabTime=     0(ms) ElapsedTime=    51(ms) 
[2022-05-20 10:56:56.470][INFO ][20220520105656470] [rdid=20220520105656470] [01-process start       ] LabTime=     0(ms) ElapsedTime=     0(ms) 
[2022-05-20 10:56:56.473][INFO ][20220520105656470] [rdid=20220520105656470] [02-write mml start(J-S)] LabTime=     3(ms) ElapsedTime=     3(ms) 
[2022-05-20 10:56:56.511][INFO ][20220520105656470] [rdid=20220520105656470] [03-write mml success   ] LabTime=    38(ms) ElapsedTime=    41(ms) 
[2022-05-20 10:56:56.511][INFO ][20220520105656470] [rdid=20220520105656470] [04-process success     ] LabTime=     0(ms) ElapsedTime=    41(ms) 
[2022-05-20 10:56:56.860][INFO ][20220520105656859] [rdid=20220520105656859] [01-process start       ] LabTime=     1(ms) ElapsedTime=     1(ms) 
[2022-05-20 10:56:56.863][INFO ][20220520105656859] [rdid=20220520105656859] [02-write mml start(J-S)] LabTime=     3(ms) ElapsedTime=     4(ms) 
[2022-05-20 10:56:56.904][INFO ][20220520105656859] [rdid=20220520105656859] [03-write mml success   ] LabTime=    41(ms) ElapsedTime=    45(ms) 
[2022-05-20 10:56:56.905][INFO ][20220520105656859] [rdid=20220520105656859] [04-process success     ] LabTime=     0(ms) ElapsedTime=    45(ms) 
[2022-05-20 10:56:57.339][INFO ][20220520105657338] [rdid=20220520105657338] [01-process start       ] LabTime=     1(ms) ElapsedTime=     1(ms) 
[2022-05-20 10:56:57.341][INFO ][20220520105657338] [rdid=20220520105657338] [02-write mml start(J-S)] LabTime=     2(ms) ElapsedTime=     3(ms) 
[2022-05-20 10:56:57.380][INFO ][20220520105657338] [rdid=20220520105657338] [03-write mml success   ] LabTime=    39(ms) ElapsedTime=    42(ms) 
[2022-05-20 10:56:57.381][INFO ][20220520105657338] [rdid=20220520105657338] [04-process success     ] LabTime=     0(ms) ElapsedTime=    42(ms) 
[2022-05-20 10:56:57.736][INFO ][20220520105657735] [rdid=20220520105657735] [01-process start       ] LabTime=     1(ms) ElapsedTime=     1(ms) 
[2022-05-20 10:56:57.739][INFO ][20220520105657735] [rdid=20220520105657735] [02-write mml start(J-S)] LabTime=     3(ms) ElapsedTime=     4(ms) 
[2022-05-20 10:56:57.794][INFO ][20220520105657735] [rdid=20220520105657735] [03-write mml success   ] LabTime=    55(ms) ElapsedTime=    59(ms) 
[2022-05-20 10:56:57.795][INFO ][20220520105657735] [rdid=20220520105657735] [04-process success     ] LabTime=     0(ms) ElapsedTime=    59(ms) 
[2022-05-20 10:56:58.230][INFO ][20220520105658228] [rdid=20220520105658228] [01-process start       ] LabTime=     1(ms) ElapsedTime=     1(ms) 
[2022-05-20 10:56:58.233][INFO ][20220520105658228] [rdid=20220520105658228] [02-write mml start(J-S)] LabTime=     2(ms) ElapsedTime=     3(ms) 
[2022-05-20 10:56:58.275][INFO ][20220520105658228] [rdid=20220520105658228] [03-write mml success   ] LabTime=    42(ms) ElapsedTime=    45(ms) 
[2022-05-20 10:56:58.275][INFO ][20220520105658228] [rdid=20220520105658228] [04-process success     ] LabTime=     1(ms) ElapsedTime=    46(ms) 
[2022-05-20 10:56:58.671][INFO ][20220520105658669] [rdid=20220520105658669] [01-process start       ] LabTime=     1(ms) ElapsedTime=     1(ms) 
[2022-05-20 10:56:58.674][INFO ][20220520105658669] [rdid=20220520105658669] [02-write mml start(J-S)] LabTime=     2(ms) ElapsedTime=     3(ms) 
[2022-05-20 10:56:58.721][INFO ][20220520105658669] [rdid=20220520105658669] [03-write mml success   ] LabTime=    48(ms) ElapsedTime=    51(ms) 
[2022-05-20 10:56:58.722][INFO ][20220520105658669] [rdid=20220520105658669] [04-process success     ] LabTime=     0(ms) ElapsedTime=    51(ms) 
[2022-05-20 10:56:59.090][INFO ][20220520105659089] [rdid=20220520105659089] [01-process start       ] LabTime=     0(ms) ElapsedTime=     0(ms) 
[2022-05-20 10:56:59.092][INFO ][20220520105659089] [rdid=20220520105659089] [02-write mml start(J-S)] LabTime=     2(ms) ElapsedTime=     2(ms) 
[2022-05-20 10:56:59.144][INFO ][20220520105659089] [rdid=20220520105659089] [03-write mml success   ] LabTime=    52(ms) ElapsedTime=    54(ms) 
[2022-05-20 10:56:59.145][INFO ][20220520105659089] [rdid=20220520105659089] [04-process success     ] LabTime=     0(ms) ElapsedTime=    54(ms) 
[2022-05-20 10:56:59.571][INFO ][20220520105659570] [rdid=20220520105659570] [01-process start       ] LabTime=     0(ms) ElapsedTime=     0(ms) 
[2022-05-20 10:56:59.574][INFO ][20220520105659570] [rdid=20220520105659570] [02-write mml start(J-S)] LabTime=     3(ms) ElapsedTime=     3(ms) 
[2022-05-20 10:56:59.610][INFO ][20220520105659570] [rdid=20220520105659570] [03-write mml success   ] LabTime=    36(ms) ElapsedTime=    39(ms) 
[2022-05-20 10:56:59.610][INFO ][20220520105659570] [rdid=20220520105659570] [04-process success     ] LabTime=     0(ms) ElapsedTime=    39(ms) 
[2022-05-20 10:57:36.073][INFO ][20220520105736071] [rdid=20220520105736071] [01-process start       ] LabTime=     1(ms) ElapsedTime=     1(ms) 
[2022-05-20 10:57:36.075][INFO ][20220520105736071] [rdid=20220520105736071] [02-write mml start(J-S)] LabTime=     2(ms) ElapsedTime=     3(ms) 
[2022-05-20 10:57:36.154][INFO ][20220520105736071] [rdid=20220520105736071] [03-write mml success   ] LabTime=    79(ms) ElapsedTime=    82(ms) 
[2022-05-20 10:57:36.154][INFO ][20220520105736071] [rdid=20220520105736071] [04-process success     ] LabTime=     0(ms) ElapsedTime=    82(ms) 
[2022-05-20 10:57:36.981][INFO ][20220520105736980] [rdid=20220520105736980] [01-process start       ] LabTime=     0(ms) ElapsedTime=     0(ms) 
[2022-05-20 10:57:36.984][INFO ][20220520105736980] [rdid=20220520105736980] [02-write mml start(J-S)] LabTime=     3(ms) ElapsedTime=     3(ms) 
[2022-05-20 10:57:37.025][INFO ][20220520105736980] [rdid=20220520105736980] [03-write mml success   ] LabTime=    40(ms) ElapsedTime=    43(ms) 
[2022-05-20 10:57:37.025][INFO ][20220520105736980] [rdid=20220520105736980] [04-process success     ] LabTime=     1(ms) ElapsedTime=    44(ms) 
[2022-05-20 10:57:38.398][INFO ][20220520105738397] [rdid=20220520105738397] [01-process start       ] LabTime=     0(ms) ElapsedTime=     0(ms) 
[2022-05-20 10:57:38.398][INFO ][20220520105738397] [rdid=20220520105738397] [02-export start        ] LabTime=     1(ms) ElapsedTime=     1(ms) 
[2022-05-20 10:57:38.442][INFO ][20220520105738397] [rdid=20220520105738397] [03-open file success   ] LabTime=    44(ms) ElapsedTime=    45(ms) 
[2022-05-20 10:57:38.446][INFO ][20220520105738397] [rdid=20220520105738397] [04-save file success   ] LabTime=     4(ms) ElapsedTime=    49(ms) 
[2022-05-20 10:57:38.449][INFO ][20220520105738397] [rdid=20220520105738397] [05-export success      ] LabTime=     2(ms) ElapsedTime=    51(ms) 
[2022-05-20 10:57:38.450][INFO ][20220520105738397] [rdid=20220520105738397] [06-process finish      ] LabTime=     2(ms) ElapsedTime=    53(ms) 
[2022-05-20 10:57:56.291][INFO ][20220520105756289] [rdid=20220520105756289] [01-process start       ] LabTime=     1(ms) ElapsedTime=     1(ms) 
[2022-05-20 10:57:56.292][INFO ][20220520105756289] [rdid=20220520105756289] [02-export start        ] LabTime=     1(ms) ElapsedTime=     2(ms) 
[2022-05-20 10:57:56.367][INFO ][20220520105756289] [rdid=20220520105756289] [03-open file success   ] LabTime=    75(ms) ElapsedTime=    77(ms) 
[2022-05-20 10:57:59.490][INFO ][20220520105756289] [rdid=20220520105756289] [04-save file success   ] LabTime=  3123(ms) ElapsedTime=  3200(ms) 
[2022-05-20 10:57:59.493][INFO ][20220520105756289] [rdid=20220520105756289] [05-export success      ] LabTime=     3(ms) ElapsedTime=  3203(ms) 
[2022-05-20 10:57:59.494][INFO ][20220520105756289] [rdid=20220520105756289] [06-process finish      ] LabTime=     1(ms) ElapsedTime=  3204(ms) 
[2022-05-20 10:58:13.817][INFO ][20220520105813816] [rdid=20220520105813816] [01-process start       ] LabTime=     1(ms) ElapsedTime=     1(ms) 
[2022-05-20 10:58:13.817][INFO ][20220520105813816] [rdid=20220520105813816] [02-export start        ] LabTime=     0(ms) ElapsedTime=     1(ms) 
[2022-05-20 10:58:13.849][INFO ][20220520105813816] [rdid=20220520105813816] [03-open file success   ] LabTime=    32(ms) ElapsedTime=    33(ms) 
[2022-05-20 10:58:13.853][INFO ][20220520105813816] [rdid=20220520105813816] [04-save file success   ] LabTime=     3(ms) ElapsedTime=    36(ms) 
[2022-05-20 10:58:13.855][INFO ][20220520105813816] [rdid=20220520105813816] [05-export success      ] LabTime=     3(ms) ElapsedTime=    39(ms) 
[2022-05-20 10:58:13.856][INFO ][20220520105813816] [rdid=20220520105813816] [06-process finish      ] LabTime=     1(ms) ElapsedTime=    40(ms) 
[2022-05-20 10:58:23.754][INFO ][20220520105823752] [rdid=20220520105823752] [01-process start       ] LabTime=     1(ms) ElapsedTime=     1(ms) 
[2022-05-20 10:58:23.754][INFO ][20220520105823752] [rdid=20220520105823752] [02-export start        ] LabTime=     0(ms) ElapsedTime=     1(ms) 
[2022-05-20 10:58:23.824][INFO ][20220520105823752] [rdid=20220520105823752] [03-open file success   ] LabTime=    70(ms) ElapsedTime=    71(ms) 
[2022-05-20 10:58:23.841][INFO ][20220520105823752] [rdid=20220520105823752] [04-save file success   ] LabTime=    17(ms) ElapsedTime=    88(ms) 
[2022-05-20 10:58:23.844][INFO ][20220520105823752] [rdid=20220520105823752] [05-export success      ] LabTime=     3(ms) ElapsedTime=    91(ms) 
[2022-05-20 10:58:23.845][INFO ][20220520105823752] [rdid=20220520105823752] [06-process finish      ] LabTime=     1(ms) ElapsedTime=    92(ms) 
[2022-05-20 10:58:45.532][INFO ][20220520105845531] [rdid=20220520105845531] [01-process start       ] LabTime=     1(ms) ElapsedTime=     1(ms) 
[2022-05-20 10:58:45.532][INFO ][20220520105845531] [rdid=20220520105845531] [02-export start        ] LabTime=     0(ms) ElapsedTime=     1(ms) 
[2022-05-20 10:58:45.565][INFO ][20220520105845531] [rdid=20220520105845531] [03-open file success   ] LabTime=    32(ms) ElapsedTime=    33(ms) 
[2022-05-20 10:58:45.568][INFO ][20220520105845531] [rdid=20220520105845531] [04-save file success   ] LabTime=     4(ms) ElapsedTime=    37(ms) 
[2022-05-20 10:58:45.571][INFO ][20220520105845531] [rdid=20220520105845531] [05-export success      ] LabTime=     3(ms) ElapsedTime=    40(ms) 
[2022-05-20 10:58:45.572][INFO ][20220520105845531] [rdid=20220520105845531] [06-process finish      ] LabTime=     0(ms) ElapsedTime=    40(ms) 
[2022-05-20 11:15:52.972][INFO ][20220520111552970] [rdid=20220520111552970] [01-process start       ] LabTime=     1(ms) ElapsedTime=     1(ms) 
[2022-05-20 11:15:52.975][INFO ][20220520111552970] [rdid=20220520111552970] [02-write mml start(J-S)] LabTime=     3(ms) ElapsedTime=     4(ms) 
[2022-05-20 11:15:53.072][INFO ][20220520111552970] [rdid=20220520111552970] [03-write mml success   ] LabTime=    97(ms) ElapsedTime=   101(ms) 
[2022-05-20 11:15:53.072][INFO ][20220520111552970] [rdid=20220520111552970] [04-process success     ] LabTime=     0(ms) ElapsedTime=   101(ms) 
[2022-05-20 11:17:35.614][INFO ][20220520111735613] [rdid=20220520111735613] [01-process start       ] LabTime=     1(ms) ElapsedTime=     1(ms) 
[2022-05-20 11:17:35.618][INFO ][20220520111735613] [rdid=20220520111735613] [02-write mml start(J-S)] LabTime=     4(ms) ElapsedTime=     5(ms) 
[2022-05-20 11:17:35.727][INFO ][20220520111735613] [rdid=20220520111735613] [03-write mml success   ] LabTime=   108(ms) ElapsedTime=   113(ms) 
[2022-05-20 11:17:35.727][INFO ][20220520111735613] [rdid=20220520111735613] [04-process success     ] LabTime=     1(ms) ElapsedTime=   114(ms) 
[2022-05-20 11:17:40.671][INFO ][20220520111740670] [rdid=20220520111740670] [01-process start       ] LabTime=     1(ms) ElapsedTime=     1(ms) 
[2022-05-20 11:17:40.674][INFO ][20220520111740670] [rdid=20220520111740670] [02-write mml start(J-S)] LabTime=     3(ms) ElapsedTime=     4(ms) 
[2022-05-20 11:17:40.732][INFO ][20220520111740670] [rdid=20220520111740670] [03-write mml success   ] LabTime=    57(ms) ElapsedTime=    61(ms) 
[2022-05-20 11:17:40.732][INFO ][20220520111740670] [rdid=20220520111740670] [04-process success     ] LabTime=     1(ms) ElapsedTime=    62(ms) 
[2022-05-20 11:17:47.961][INFO ][20220520111747960] [rdid=20220520111747960] [01-process start       ] LabTime=     0(ms) ElapsedTime=     0(ms) 
[2022-05-20 11:17:47.965][INFO ][20220520111747960] [rdid=20220520111747960] [02-write mml start(J-S)] LabTime=     4(ms) ElapsedTime=     4(ms) 
[2022-05-20 11:17:48.012][INFO ][20220520111747960] [rdid=20220520111747960] [03-write mml success   ] LabTime=    47(ms) ElapsedTime=    51(ms) 
[2022-05-20 11:17:48.012][INFO ][20220520111747960] [rdid=20220520111747960] [04-process success     ] LabTime=     0(ms) ElapsedTime=    51(ms) 
[2022-05-20 11:18:23.796][INFO ][20220520111823794] [rdid=20220520111823794] [01-process start       ] LabTime=     1(ms) ElapsedTime=     1(ms) 
[2022-05-20 11:18:23.799][INFO ][20220520111823794] [rdid=20220520111823794] [02-write mml start(J-S)] LabTime=     3(ms) ElapsedTime=     4(ms) 
[2022-05-20 11:18:36.555][INFO ][20220520111836554] [rdid=20220520111836554] [01-process start       ] LabTime=     1(ms) ElapsedTime=     1(ms) 
[2022-05-20 11:18:36.558][INFO ][20220520111836554] [rdid=20220520111836554] [02-write mml start(J-S)] LabTime=     3(ms) ElapsedTime=     4(ms) 
[2022-05-20 11:18:36.616][INFO ][20220520111836554] [rdid=20220520111836554] [03-write mml success   ] LabTime=    57(ms) ElapsedTime=    61(ms) 
[2022-05-20 11:18:36.616][INFO ][20220520111836554] [rdid=20220520111836554] [04-process success     ] LabTime=     1(ms) ElapsedTime=    62(ms) 
[2022-05-20 11:18:49.496][INFO ][20220520111849495] [rdid=20220520111849495] [01-process start       ] LabTime=     0(ms) ElapsedTime=     0(ms) 
[2022-05-20 11:18:49.499][INFO ][20220520111849495] [rdid=20220520111849495] [02-write mml start(J-S)] LabTime=     3(ms) ElapsedTime=     3(ms) 
[2022-05-20 11:18:49.556][INFO ][20220520111849495] [rdid=20220520111849495] [03-write mml success   ] LabTime=    56(ms) ElapsedTime=    59(ms) 
[2022-05-20 11:18:49.556][INFO ][20220520111849495] [rdid=20220520111849495] [04-process success     ] LabTime=     1(ms) ElapsedTime=    60(ms) 
[2022-05-20 11:18:57.065][INFO ][20220520111857062] [rdid=20220520111857062] [01-process start       ] LabTime=     1(ms) ElapsedTime=     1(ms) 
[2022-05-20 11:18:57.068][INFO ][20220520111857062] [rdid=20220520111857062] [02-write mml start(J-S)] LabTime=     4(ms) ElapsedTime=     5(ms) 
[2022-05-20 11:18:57.116][INFO ][20220520111857062] [rdid=20220520111857062] [03-write mml success   ] LabTime=    48(ms) ElapsedTime=    53(ms) 
[2022-05-20 11:18:57.116][INFO ][20220520111857062] [rdid=20220520111857062] [04-process success     ] LabTime=     0(ms) ElapsedTime=    53(ms) 
[2022-05-20 11:18:57.944][INFO ][20220520111857943] [rdid=20220520111857943] [01-process start       ] LabTime=     1(ms) ElapsedTime=     1(ms) 
[2022-05-20 11:18:57.947][INFO ][20220520111857943] [rdid=20220520111857943] [02-write mml start(J-S)] LabTime=     3(ms) ElapsedTime=     4(ms) 
[2022-05-20 11:18:57.992][INFO ][20220520111857943] [rdid=20220520111857943] [03-write mml success   ] LabTime=    45(ms) ElapsedTime=    49(ms) 
[2022-05-20 11:18:57.992][INFO ][20220520111857943] [rdid=20220520111857943] [04-process success     ] LabTime=     0(ms) ElapsedTime=    49(ms) 
[2022-05-20 11:19:02.959][INFO ][20220520111902958] [rdid=20220520111902958] [01-process start       ] LabTime=     1(ms) ElapsedTime=     1(ms) 
[2022-05-20 11:19:02.962][INFO ][20220520111902958] [rdid=20220520111902958] [02-write mml start(J-S)] LabTime=     3(ms) ElapsedTime=     4(ms) 
[2022-05-20 11:19:18.302][INFO ][20220520111918301] [rdid=20220520111918301] [01-process start       ] LabTime=     1(ms) ElapsedTime=     1(ms) 
[2022-05-20 11:19:18.305][INFO ][20220520111918301] [rdid=20220520111918301] [02-write mml start(J-S)] LabTime=     3(ms) ElapsedTime=     4(ms) 
[2022-05-20 11:19:18.355][INFO ][20220520111918301] [rdid=20220520111918301] [03-write mml success   ] LabTime=    50(ms) ElapsedTime=    54(ms) 
[2022-05-20 11:19:18.355][INFO ][20220520111918301] [rdid=20220520111918301] [04-process success     ] LabTime=     0(ms) ElapsedTime=    54(ms) 
[2022-05-20 11:19:25.376][INFO ][20220520111925374] [rdid=20220520111925374] [01-process start       ] LabTime=     1(ms) ElapsedTime=     1(ms) 
[2022-05-20 11:19:25.379][INFO ][20220520111925374] [rdid=20220520111925374] [02-write mml start(J-S)] LabTime=     3(ms) ElapsedTime=     4(ms) 
[2022-05-20 11:19:25.420][INFO ][20220520111925374] [rdid=20220520111925374] [03-write mml success   ] LabTime=    41(ms) ElapsedTime=    45(ms) 
[2022-05-20 11:19:25.420][INFO ][20220520111925374] [rdid=20220520111925374] [04-process success     ] LabTime=     0(ms) ElapsedTime=    45(ms) 
[2022-05-20 11:19:37.223][INFO ][20220520111937222] [rdid=20220520111937222] [01-process start       ] LabTime=     0(ms) ElapsedTime=     0(ms) 
[2022-05-20 11:19:37.227][INFO ][20220520111937222] [rdid=20220520111937222] [02-write mml start(J-S)] LabTime=     4(ms) ElapsedTime=     4(ms) 
[2022-05-20 11:20:19.446][INFO ][20220520112019445] [rdid=20220520112019445] [01-process start       ] LabTime=     1(ms) ElapsedTime=     1(ms) 
[2022-05-20 11:20:19.448][INFO ][20220520112019445] [rdid=20220520112019445] [02-write mml start(J-S)] LabTime=     2(ms) ElapsedTime=     3(ms) 
[2022-05-20 11:20:32.662][INFO ][20220520112032661] [rdid=20220520112032661] [01-process start       ] LabTime=     0(ms) ElapsedTime=     0(ms) 
[2022-05-20 11:20:32.665][INFO ][20220520112032661] [rdid=20220520112032661] [02-write mml start(J-S)] LabTime=     3(ms) ElapsedTime=     3(ms) 
[2022-05-20 11:20:32.718][INFO ][20220520112032661] [rdid=20220520112032661] [03-write mml success   ] LabTime=    52(ms) ElapsedTime=    55(ms) 
[2022-05-20 11:20:32.718][INFO ][20220520112032661] [rdid=20220520112032661] [04-process success     ] LabTime=     1(ms) ElapsedTime=    56(ms) 
[2022-05-20 11:23:10.393][INFO ][20220520112310391] [rdid=20220520112310391] [01-process start       ] LabTime=     1(ms) ElapsedTime=     1(ms) 
[2022-05-20 11:23:10.397][INFO ][20220520112310391] [rdid=20220520112310391] [02-write mml start(J-S)] LabTime=     4(ms) ElapsedTime=     5(ms) 
[2022-05-20 11:23:10.436][INFO ][20220520112310391] [rdid=20220520112310391] [03-write mml success   ] LabTime=    39(ms) ElapsedTime=    44(ms) 
[2022-05-20 11:23:10.436][INFO ][20220520112310391] [rdid=20220520112310391] [04-process success     ] LabTime=     0(ms) ElapsedTime=    44(ms) 
[2022-05-20 11:23:11.238][INFO ][20220520112311236] [rdid=20220520112311236] [01-process start       ] LabTime=     1(ms) ElapsedTime=     1(ms) 
[2022-05-20 11:23:11.240][INFO ][20220520112311236] [rdid=20220520112311236] [02-write mml start(J-S)] LabTime=     2(ms) ElapsedTime=     3(ms) 
[2022-05-20 11:23:11.277][INFO ][20220520112311236] [rdid=20220520112311236] [03-write mml success   ] LabTime=    37(ms) ElapsedTime=    40(ms) 
[2022-05-20 11:23:11.277][INFO ][20220520112311236] [rdid=20220520112311236] [04-process success     ] LabTime=     0(ms) ElapsedTime=    40(ms) 
[2022-05-20 11:23:11.853][INFO ][20220520112311852] [rdid=20220520112311852] [01-process start       ] LabTime=     1(ms) ElapsedTime=     1(ms) 
[2022-05-20 11:23:11.855][INFO ][20220520112311852] [rdid=20220520112311852] [02-write mml start(J-S)] LabTime=     2(ms) ElapsedTime=     3(ms) 
[2022-05-20 11:23:11.902][INFO ][20220520112311852] [rdid=20220520112311852] [03-write mml success   ] LabTime=    46(ms) ElapsedTime=    49(ms) 
[2022-05-20 11:23:11.902][INFO ][20220520112311852] [rdid=20220520112311852] [04-process success     ] LabTime=     1(ms) ElapsedTime=    50(ms) 
[2022-05-20 11:23:15.612][INFO ][20220520112315611] [rdid=20220520112315611] [01-process start       ] LabTime=     1(ms) ElapsedTime=     1(ms) 
[2022-05-20 11:23:15.616][INFO ][20220520112315611] [rdid=20220520112315611] [02-write mml start(J-S)] LabTime=     4(ms) ElapsedTime=     5(ms) 
[2022-05-20 11:23:15.661][INFO ][20220520112315611] [rdid=20220520112315611] [03-write mml success   ] LabTime=    44(ms) ElapsedTime=    49(ms) 
[2022-05-20 11:23:15.661][INFO ][20220520112315611] [rdid=20220520112315611] [04-process success     ] LabTime=     1(ms) ElapsedTime=    50(ms) 
[2022-05-20 11:23:16.751][INFO ][20220520112316750] [rdid=20220520112316750] [01-process start       ] LabTime=     0(ms) ElapsedTime=     0(ms) 
[2022-05-20 11:23:16.753][INFO ][20220520112316750] [rdid=20220520112316750] [02-write mml start(J-S)] LabTime=     2(ms) ElapsedTime=     2(ms) 
[2022-05-20 11:23:16.788][INFO ][20220520112316750] [rdid=20220520112316750] [03-write mml success   ] LabTime=    35(ms) ElapsedTime=    37(ms) 
[2022-05-20 11:23:16.789][INFO ][20220520112316750] [rdid=20220520112316750] [04-process success     ] LabTime=     0(ms) ElapsedTime=    37(ms) 
[2022-05-20 11:23:21.088][INFO ][20220520112321087] [rdid=20220520112321087] [01-process start       ] LabTime=     1(ms) ElapsedTime=     1(ms) 
[2022-05-20 11:23:21.090][INFO ][20220520112321087] [rdid=20220520112321087] [02-write mml start(J-S)] LabTime=     2(ms) ElapsedTime=     3(ms) 
[2022-05-20 13:21:46.376][INFO ][20220520132146374] [rdid=20220520132146374] [01-process start       ] LabTime=     1(ms) ElapsedTime=     1(ms) 
[2022-05-20 13:21:46.380][INFO ][20220520132146374] [rdid=20220520132146374] [02-write mml start(J-S)] LabTime=     4(ms) ElapsedTime=     5(ms) 
[2022-05-20 13:22:55.727][INFO ][20220520132255726] [rdid=20220520132255726] [01-process start       ] LabTime=     1(ms) ElapsedTime=     1(ms) 
[2022-05-20 13:22:55.730][INFO ][20220520132255726] [rdid=20220520132255726] [02-write mml start(J-S)] LabTime=     3(ms) ElapsedTime=     4(ms) 
[2022-05-20 13:22:55.774][INFO ][20220520132255726] [rdid=20220520132255726] [03-write mml success   ] LabTime=    44(ms) ElapsedTime=    48(ms) 
[2022-05-20 13:22:55.774][INFO ][20220520132255726] [rdid=20220520132255726] [04-process success     ] LabTime=     0(ms) ElapsedTime=    48(ms) 
[2022-05-20 13:23:00.091][INFO ][20220520132300090] [rdid=20220520132300090] [01-process start       ] LabTime=     0(ms) ElapsedTime=     0(ms) 
[2022-05-20 13:23:00.094][INFO ][20220520132300090] [rdid=20220520132300090] [02-write mml start(J-S)] LabTime=     3(ms) ElapsedTime=     3(ms) 
[2022-05-20 13:23:00.131][INFO ][20220520132300090] [rdid=20220520132300090] [03-write mml success   ] LabTime=    37(ms) ElapsedTime=    40(ms) 
[2022-05-20 13:23:00.132][INFO ][20220520132300090] [rdid=20220520132300090] [04-process success     ] LabTime=     0(ms) ElapsedTime=    40(ms) 
[2022-05-20 13:23:36.889][INFO ][20220520132336888] [rdid=20220520132336888] [01-process start       ] LabTime=     0(ms) ElapsedTime=     0(ms) 
[2022-05-20 13:23:36.892][INFO ][20220520132336888] [rdid=20220520132336888] [02-write mml start(J-S)] LabTime=     3(ms) ElapsedTime=     3(ms) 
[2022-05-20 13:23:36.954][INFO ][20220520132336888] [rdid=20220520132336888] [03-write mml success   ] LabTime=    62(ms) ElapsedTime=    65(ms) 
[2022-05-20 13:23:36.954][INFO ][20220520132336888] [rdid=20220520132336888] [04-process success     ] LabTime=     0(ms) ElapsedTime=    65(ms) 
[2022-05-20 13:23:39.210][INFO ][20220520132339209] [rdid=20220520132339209] [01-process start       ] LabTime=     0(ms) ElapsedTime=     0(ms) 
[2022-05-20 13:23:39.213][INFO ][20220520132339209] [rdid=20220520132339209] [02-write mml start(J-S)] LabTime=     3(ms) ElapsedTime=     3(ms) 
[2022-05-20 13:23:39.267][INFO ][20220520132339209] [rdid=20220520132339209] [03-write mml success   ] LabTime=    54(ms) ElapsedTime=    57(ms) 
[2022-05-20 13:23:39.267][INFO ][20220520132339209] [rdid=20220520132339209] [04-process success     ] LabTime=     0(ms) ElapsedTime=    57(ms) 
[2022-05-20 13:23:40.611][INFO ][20220520132340611] [rdid=20220520132340611] [01-process start       ] LabTime=     0(ms) ElapsedTime=     0(ms) 
[2022-05-20 13:23:40.613][INFO ][20220520132340611] [rdid=20220520132340611] [02-write mml start(J-S)] LabTime=     2(ms) ElapsedTime=     2(ms) 
[2022-05-20 13:23:40.670][INFO ][20220520132340611] [rdid=20220520132340611] [03-write mml success   ] LabTime=    57(ms) ElapsedTime=    59(ms) 
[2022-05-20 13:23:40.670][INFO ][20220520132340611] [rdid=20220520132340611] [04-process success     ] LabTime=     0(ms) ElapsedTime=    59(ms) 
[2022-05-20 13:24:06.979][INFO ][20220520132406978] [rdid=20220520132406978] [01-process start       ] LabTime=     0(ms) ElapsedTime=     0(ms) 
[2022-05-20 13:24:06.982][INFO ][20220520132406978] [rdid=20220520132406978] [02-write mml start(J-S)] LabTime=     3(ms) ElapsedTime=     3(ms) 
[2022-05-20 13:24:08.361][INFO ][20220520132406978] [rdid=20220520132406978] [03-write mml success   ] LabTime=  1379(ms) ElapsedTime=  1382(ms) 
[2022-05-20 13:24:08.361][INFO ][20220520132406978] [rdid=20220520132406978] [04-process success     ] LabTime=     0(ms) ElapsedTime=  1382(ms) 
[2022-05-20 13:24:35.880][INFO ][20220520132435879] [rdid=20220520132435879] [01-process start       ] LabTime=     0(ms) ElapsedTime=     0(ms) 
[2022-05-20 13:24:35.882][INFO ][20220520132435879] [rdid=20220520132435879] [02-write mml start(J-S)] LabTime=     2(ms) ElapsedTime=     2(ms) 
[2022-05-20 13:24:44.699][INFO ][20220520132444697] [rdid=20220520132444697] [01-process start       ] LabTime=     0(ms) ElapsedTime=     0(ms) 
[2022-05-20 13:24:44.702][INFO ][20220520132444697] [rdid=20220520132444697] [02-write mml start(J-S)] LabTime=     4(ms) ElapsedTime=     4(ms) 
[2022-05-20 13:24:44.741][INFO ][20220520132444697] [rdid=20220520132444697] [03-write mml success   ] LabTime=    39(ms) ElapsedTime=    43(ms) 
[2022-05-20 13:24:44.741][INFO ][20220520132444697] [rdid=20220520132444697] [04-process success     ] LabTime=     0(ms) ElapsedTime=    43(ms) 
[2022-05-20 13:25:23.513][INFO ][20220520132523511] [rdid=20220520132523511] [01-process start       ] LabTime=     1(ms) ElapsedTime=     1(ms) 
[2022-05-20 13:25:23.516][INFO ][20220520132523511] [rdid=20220520132523511] [02-write mml start(J-S)] LabTime=     3(ms) ElapsedTime=     4(ms) 
[2022-05-20 13:25:34.489][INFO ][20220520132534487] [rdid=20220520132534487] [01-process start       ] LabTime=     0(ms) ElapsedTime=     0(ms) 
[2022-05-20 13:25:34.491][INFO ][20220520132534487] [rdid=20220520132534487] [02-write mml start(J-S)] LabTime=     3(ms) ElapsedTime=     3(ms) 
[2022-05-20 13:29:39.635][INFO ][20220520132939634] [rdid=20220520132939634] [01-process start       ] LabTime=     1(ms) ElapsedTime=     1(ms) 
[2022-05-20 13:29:39.638][INFO ][20220520132939634] [rdid=20220520132939634] [02-write mml start(J-S)] LabTime=     3(ms) ElapsedTime=     4(ms) 
[2022-05-20 13:29:39.691][INFO ][20220520132939634] [rdid=20220520132939634] [03-write mml success   ] LabTime=    53(ms) ElapsedTime=    57(ms) 
[2022-05-20 13:29:39.691][INFO ][20220520132939634] [rdid=20220520132939634] [04-process success     ] LabTime=     0(ms) ElapsedTime=    57(ms) 
[2022-05-20 13:29:53.042][INFO ][20220520132953041] [rdid=20220520132953041] [01-process start       ] LabTime=     0(ms) ElapsedTime=     0(ms) 
[2022-05-20 13:29:53.045][INFO ][20220520132953041] [rdid=20220520132953041] [02-write mml start(J-S)] LabTime=     3(ms) ElapsedTime=     3(ms) 
[2022-05-20 13:29:54.539][INFO ][20220520132953041] [rdid=20220520132953041] [03-write mml success   ] LabTime=  1494(ms) ElapsedTime=  1497(ms) 
[2022-05-20 13:29:54.539][INFO ][20220520132953041] [rdid=20220520132953041] [04-process success     ] LabTime=     0(ms) ElapsedTime=  1497(ms) 
[2022-05-20 13:30:18.329][INFO ][20220520133018328] [rdid=20220520133018328] [01-process start       ] LabTime=     1(ms) ElapsedTime=     1(ms) 
[2022-05-20 13:30:18.332][INFO ][20220520133018328] [rdid=20220520133018328] [02-write mml start(J-S)] LabTime=     3(ms) ElapsedTime=     4(ms) 
[2022-05-20 13:30:19.594][INFO ][20220520133018328] [rdid=20220520133018328] [03-write mml success   ] LabTime=  1262(ms) ElapsedTime=  1266(ms) 
[2022-05-20 13:30:19.594][INFO ][20220520133018328] [rdid=20220520133018328] [04-process success     ] LabTime=     0(ms) ElapsedTime=  1266(ms) 
[2022-05-20 13:31:33.160][INFO ][20220520133133158] [rdid=20220520133133158] [01-process start       ] LabTime=     1(ms) ElapsedTime=     1(ms) 
[2022-05-20 13:31:33.165][INFO ][20220520133133158] [rdid=20220520133133158] [02-write mml start(J-S)] LabTime=     5(ms) ElapsedTime=     6(ms) 
[2022-05-20 13:31:43.822][INFO ][20220520133143821] [rdid=20220520133143821] [01-process start       ] LabTime=     0(ms) ElapsedTime=     0(ms) 
[2022-05-20 13:31:43.827][INFO ][20220520133143821] [rdid=20220520133143821] [02-write mml start(J-S)] LabTime=     5(ms) ElapsedTime=     5(ms) 
[2022-05-20 13:31:43.880][INFO ][20220520133143821] [rdid=20220520133143821] [03-write mml success   ] LabTime=    53(ms) ElapsedTime=    58(ms) 
[2022-05-20 13:31:43.880][INFO ][20220520133143821] [rdid=20220520133143821] [04-process success     ] LabTime=     0(ms) ElapsedTime=    58(ms) 
[2022-05-20 13:31:54.181][INFO ][20220520133154180] [rdid=20220520133154180] [01-process start       ] LabTime=     0(ms) ElapsedTime=     0(ms) 
[2022-05-20 13:31:54.184][INFO ][20220520133154180] [rdid=20220520133154180] [02-write mml start(J-S)] LabTime=     3(ms) ElapsedTime=     3(ms) 
[2022-05-20 13:31:54.220][INFO ][20220520133154180] [rdid=20220520133154180] [03-write mml success   ] LabTime=    36(ms) ElapsedTime=    39(ms) 
[2022-05-20 13:31:54.220][INFO ][20220520133154180] [rdid=20220520133154180] [04-process success     ] LabTime=     0(ms) ElapsedTime=    39(ms) 
[2022-05-20 13:31:55.228][INFO ][20220520133155226] [rdid=20220520133155226] [01-process start       ] LabTime=     0(ms) ElapsedTime=     0(ms) 
[2022-05-20 13:31:55.231][INFO ][20220520133155226] [rdid=20220520133155226] [02-write mml start(J-S)] LabTime=     4(ms) ElapsedTime=     4(ms) 
[2022-05-20 13:31:55.278][INFO ][20220520133155226] [rdid=20220520133155226] [03-write mml success   ] LabTime=    47(ms) ElapsedTime=    51(ms) 
[2022-05-20 13:31:55.279][INFO ][20220520133155226] [rdid=20220520133155226] [04-process success     ] LabTime=     1(ms) ElapsedTime=    52(ms) 
[2022-05-20 13:31:56.048][INFO ][20220520133156047] [rdid=20220520133156047] [01-process start       ] LabTime=     1(ms) ElapsedTime=     1(ms) 
[2022-05-20 13:31:56.051][INFO ][20220520133156047] [rdid=20220520133156047] [02-write mml start(J-S)] LabTime=     3(ms) ElapsedTime=     4(ms) 
[2022-05-20 13:31:56.115][INFO ][20220520133156047] [rdid=20220520133156047] [03-write mml success   ] LabTime=    64(ms) ElapsedTime=    68(ms) 
[2022-05-20 13:31:56.115][INFO ][20220520133156047] [rdid=20220520133156047] [04-process success     ] LabTime=     0(ms) ElapsedTime=    68(ms) 
[2022-05-20 13:32:01.966][INFO ][20220520133201965] [rdid=20220520133201965] [01-process start       ] LabTime=     1(ms) ElapsedTime=     1(ms) 
[2022-05-20 13:32:01.970][INFO ][20220520133201965] [rdid=20220520133201965] [02-write mml start(J-S)] LabTime=     4(ms) ElapsedTime=     5(ms) 
[2022-05-20 13:32:02.103][INFO ][20220520133201965] [rdid=20220520133201965] [03-write mml success   ] LabTime=   133(ms) ElapsedTime=   138(ms) 
[2022-05-20 13:32:02.103][INFO ][20220520133201965] [rdid=20220520133201965] [04-process success     ] LabTime=     0(ms) ElapsedTime=   138(ms) 
[2022-05-20 13:32:03.394][INFO ][20220520133203393] [rdid=20220520133203393] [01-process start       ] LabTime=     0(ms) ElapsedTime=     0(ms) 
[2022-05-20 13:32:03.398][INFO ][20220520133203393] [rdid=20220520133203393] [02-write mml start(J-S)] LabTime=     4(ms) ElapsedTime=     4(ms) 
[2022-05-20 13:32:04.563][INFO ][20220520133203393] [rdid=20220520133203393] [03-write mml success   ] LabTime=  1165(ms) ElapsedTime=  1169(ms) 
[2022-05-20 13:32:04.564][INFO ][20220520133203393] [rdid=20220520133203393] [04-process success     ] LabTime=     1(ms) ElapsedTime=  1170(ms) 
[2022-05-20 13:32:09.981][INFO ][20220520133209979] [rdid=20220520133209979] [01-process start       ] LabTime=     1(ms) ElapsedTime=     1(ms) 
[2022-05-20 13:32:09.986][INFO ][20220520133209979] [rdid=20220520133209979] [02-write mml start(J-S)] LabTime=     5(ms) ElapsedTime=     6(ms) 
[2022-05-20 13:32:10.111][INFO ][20220520133209979] [rdid=20220520133209979] [03-write mml success   ] LabTime=   125(ms) ElapsedTime=   131(ms) 
[2022-05-20 13:32:10.111][INFO ][20220520133209979] [rdid=20220520133209979] [04-process success     ] LabTime=     0(ms) ElapsedTime=   131(ms) 
[2022-05-20 13:32:41.510][INFO ][20220520133241509] [rdid=20220520133241509] [01-process start       ] LabTime=     0(ms) ElapsedTime=     0(ms) 
[2022-05-20 13:32:41.513][INFO ][20220520133241509] [rdid=20220520133241509] [02-write mml start(J-S)] LabTime=     3(ms) ElapsedTime=     3(ms) 
[2022-05-20 13:32:41.551][INFO ][20220520133241509] [rdid=20220520133241509] [03-write mml success   ] LabTime=    38(ms) ElapsedTime=    41(ms) 
[2022-05-20 13:32:41.551][INFO ][20220520133241509] [rdid=20220520133241509] [04-process success     ] LabTime=     0(ms) ElapsedTime=    41(ms) 
[2022-05-20 13:34:57.611][INFO ][20220520133457610] [rdid=20220520133457610] [01-process start       ] LabTime=     1(ms) ElapsedTime=     1(ms) 
[2022-05-20 13:34:57.613][INFO ][20220520133457610] [rdid=20220520133457610] [02-write mml start(J-S)] LabTime=     2(ms) ElapsedTime=     3(ms) 
[2022-05-20 13:34:57.649][INFO ][20220520133457610] [rdid=20220520133457610] [03-write mml success   ] LabTime=    35(ms) ElapsedTime=    38(ms) 
[2022-05-20 13:34:57.649][INFO ][20220520133457610] [rdid=20220520133457610] [04-process success     ] LabTime=     1(ms) ElapsedTime=    39(ms) 
[2022-05-20 13:38:52.225][INFO ][20220520133852224] [rdid=20220520133852224] [01-process start       ] LabTime=     0(ms) ElapsedTime=     0(ms) 
[2022-05-20 13:38:52.229][INFO ][20220520133852224] [rdid=20220520133852224] [02-write mml start(J-S)] LabTime=     4(ms) ElapsedTime=     4(ms) 
[2022-05-20 13:39:09.087][INFO ][20220520133852224] [rdid=20220520133852224] [03-write mml success   ] LabTime= 16858(ms) ElapsedTime= 16862(ms) 
[2022-05-20 13:39:09.087][INFO ][20220520133852224] [rdid=20220520133852224] [04-process success     ] LabTime=     0(ms) ElapsedTime= 16862(ms) 
[2022-05-20 13:40:10.995][INFO ][20220520134010994] [rdid=20220520134010994] [01-process start       ] LabTime=     1(ms) ElapsedTime=     1(ms) 
[2022-05-20 13:40:10.998][INFO ][20220520134010994] [rdid=20220520134010994] [02-write mml start(J-S)] LabTime=     3(ms) ElapsedTime=     4(ms) 
[2022-05-20 13:40:20.091][INFO ][20220520134010994] [rdid=20220520134010994] [03-write mml success   ] LabTime=  9092(ms) ElapsedTime=  9096(ms) 
[2022-05-20 13:40:20.091][INFO ][20220520134010994] [rdid=20220520134010994] [04-process success     ] LabTime=     1(ms) ElapsedTime=  9097(ms) 
[2022-05-20 13:41:03.511][INFO ][20220520134103510] [rdid=20220520134103510] [01-process start       ] LabTime=     0(ms) ElapsedTime=     0(ms) 
[2022-05-20 13:41:03.515][INFO ][20220520134103510] [rdid=20220520134103510] [02-write mml start(J-S)] LabTime=     4(ms) ElapsedTime=     4(ms) 
[2022-05-20 13:41:21.770][INFO ][20220520134121768] [rdid=20220520134121768] [01-process start       ] LabTime=     1(ms) ElapsedTime=     1(ms) 
[2022-05-20 13:41:21.778][INFO ][20220520134121768] [rdid=20220520134121768] [02-write mml start(J-S)] LabTime=     8(ms) ElapsedTime=     9(ms) 
[2022-05-20 13:41:31.565][INFO ][20220520134131564] [rdid=20220520134131564] [01-process start       ] LabTime=     0(ms) ElapsedTime=     0(ms) 
[2022-05-20 13:41:31.568][INFO ][20220520134131564] [rdid=20220520134131564] [02-write mml start(J-S)] LabTime=     3(ms) ElapsedTime=     3(ms) 
[2022-05-20 13:41:50.340][INFO ][20220520134131564] [rdid=20220520134131564] [03-write mml success   ] LabTime= 18772(ms) ElapsedTime= 18775(ms) 
[2022-05-20 13:41:50.340][INFO ][20220520134131564] [rdid=20220520134131564] [04-process success     ] LabTime=     0(ms) ElapsedTime= 18775(ms) 
[2022-05-20 13:51:00.291][INFO ][20220520135100289] [rdid=20220520135100289] [01-process start       ] LabTime=     1(ms) ElapsedTime=     1(ms) 
[2022-05-20 13:51:00.294][INFO ][20220520135100289] [rdid=20220520135100289] [02-write mml start(J-S)] LabTime=     3(ms) ElapsedTime=     4(ms) 
[2022-05-20 13:51:10.902][INFO ][20220520135110900] [rdid=20220520135110900] [01-process start       ] LabTime=     0(ms) ElapsedTime=     0(ms) 
[2022-05-20 13:51:10.905][INFO ][20220520135110900] [rdid=20220520135110900] [02-write mml start(J-S)] LabTime=     3(ms) ElapsedTime=     3(ms) 
[2022-05-20 13:51:35.630][INFO ][20220520135135628] [rdid=20220520135135628] [01-process start       ] LabTime=     1(ms) ElapsedTime=     1(ms) 
[2022-05-20 13:51:35.633][INFO ][20220520135135628] [rdid=20220520135135628] [02-write mml start(J-S)] LabTime=     3(ms) ElapsedTime=     4(ms) 
[2022-05-20 13:51:45.817][INFO ][20220520135145815] [rdid=20220520135145815] [01-process start       ] LabTime=     1(ms) ElapsedTime=     1(ms) 
[2022-05-20 13:51:45.821][INFO ][20220520135145815] [rdid=20220520135145815] [02-write mml start(J-S)] LabTime=     4(ms) ElapsedTime=     5(ms) 
[2022-05-20 13:52:03.255][INFO ][20220520135145815] [rdid=20220520135145815] [03-write mml success   ] LabTime= 17433(ms) ElapsedTime= 17438(ms) 
[2022-05-20 13:52:03.255][INFO ][20220520135145815] [rdid=20220520135145815] [04-process success     ] LabTime=     1(ms) ElapsedTime= 17439(ms) 
[2022-05-20 13:54:42.593][INFO ][20220520135442591] [rdid=20220520135442591] [01-process start       ] LabTime=     1(ms) ElapsedTime=     1(ms) 
[2022-05-20 13:54:42.597][INFO ][20220520135442591] [rdid=20220520135442591] [02-write mml start(J-S)] LabTime=     4(ms) ElapsedTime=     5(ms) 
[2022-05-20 13:55:03.228][INFO ][20220520135442591] [rdid=20220520135442591] [03-write mml success   ] LabTime= 20631(ms) ElapsedTime= 20636(ms) 
[2022-05-20 13:55:03.229][INFO ][20220520135442591] [rdid=20220520135442591] [04-process success     ] LabTime=     1(ms) ElapsedTime= 20637(ms) 
[2022-05-20 13:55:11.916][INFO ][20220520135511914] [rdid=20220520135511914] [01-process start       ] LabTime=     1(ms) ElapsedTime=     1(ms) 
[2022-05-20 13:55:11.920][INFO ][20220520135511914] [rdid=20220520135511914] [02-write mml start(J-S)] LabTime=     4(ms) ElapsedTime=     5(ms) 
[2022-05-20 13:55:26.852][INFO ][20220520135511914] [rdid=20220520135511914] [03-write mml success   ] LabTime= 14932(ms) ElapsedTime= 14937(ms) 
[2022-05-20 13:55:26.852][INFO ][20220520135511914] [rdid=20220520135511914] [04-process success     ] LabTime=     0(ms) ElapsedTime= 14937(ms) 
[2022-05-20 13:55:43.249][INFO ][20220520135543248] [rdid=20220520135543248] [01-process start       ] LabTime=     0(ms) ElapsedTime=     0(ms) 
[2022-05-20 13:55:43.252][INFO ][20220520135543248] [rdid=20220520135543248] [02-write mml start(J-S)] LabTime=     3(ms) ElapsedTime=     3(ms) 
[2022-05-20 13:55:57.986][INFO ][20220520135543248] [rdid=20220520135543248] [03-write mml success   ] LabTime= 14734(ms) ElapsedTime= 14737(ms) 
[2022-05-20 13:55:57.986][INFO ][20220520135543248] [rdid=20220520135543248] [04-process success     ] LabTime=     0(ms) ElapsedTime= 14737(ms) 
[2022-05-20 13:56:16.855][INFO ][20220520135616854] [rdid=20220520135616854] [01-process start       ] LabTime=     0(ms) ElapsedTime=     0(ms) 
[2022-05-20 13:56:16.858][INFO ][20220520135616854] [rdid=20220520135616854] [02-write mml start(J-S)] LabTime=     3(ms) ElapsedTime=     3(ms) 
[2022-05-20 13:56:30.838][INFO ][20220520135616854] [rdid=20220520135616854] [03-write mml success   ] LabTime= 13980(ms) ElapsedTime= 13983(ms) 
[2022-05-20 13:56:30.838][INFO ][20220520135616854] [rdid=20220520135616854] [04-process success     ] LabTime=     0(ms) ElapsedTime= 13983(ms) 
[2022-05-20 13:56:55.071][INFO ][20220520135655069] [rdid=20220520135655069] [01-process start       ] LabTime=     0(ms) ElapsedTime=     0(ms) 
[2022-05-20 13:56:55.073][INFO ][20220520135655069] [rdid=20220520135655069] [02-write mml start(J-S)] LabTime=     3(ms) ElapsedTime=     3(ms) 
[2022-05-20 13:57:08.483][INFO ][20220520135655069] [rdid=20220520135655069] [03-write mml success   ] LabTime= 13410(ms) ElapsedTime= 13413(ms) 
[2022-05-20 13:57:08.483][INFO ][20220520135655069] [rdid=20220520135655069] [04-process success     ] LabTime=     0(ms) ElapsedTime= 13413(ms) 
[2022-05-20 14:02:28.459][INFO ][20220520140228458] [rdid=20220520140228458] [01-process start       ] LabTime=     1(ms) ElapsedTime=     1(ms) 
[2022-05-20 14:02:28.462][INFO ][20220520140228458] [rdid=20220520140228458] [02-write mml start(J-S)] LabTime=     3(ms) ElapsedTime=     4(ms) 
[2022-05-20 14:02:44.612][INFO ][20220520140244610] [rdid=20220520140244610] [01-process start       ] LabTime=     1(ms) ElapsedTime=     1(ms) 
[2022-05-20 14:02:44.615][INFO ][20220520140244610] [rdid=20220520140244610] [02-write mml start(J-S)] LabTime=     3(ms) ElapsedTime=     4(ms) 
[2022-05-20 14:02:53.383][INFO ][20220520140253381] [rdid=20220520140253381] [01-process start       ] LabTime=     1(ms) ElapsedTime=     1(ms) 
[2022-05-20 14:02:53.386][INFO ][20220520140253381] [rdid=20220520140253381] [02-write mml start(J-S)] LabTime=     3(ms) ElapsedTime=     4(ms) 
[2022-05-20 14:03:04.168][INFO ][20220520140253381] [rdid=20220520140253381] [03-write mml success   ] LabTime= 10782(ms) ElapsedTime= 10786(ms) 
[2022-05-20 14:03:04.168][INFO ][20220520140253381] [rdid=20220520140253381] [04-process success     ] LabTime=     0(ms) ElapsedTime= 10786(ms) 
[2022-05-20 14:03:42.043][INFO ][20220520140342041] [rdid=20220520140342041] [01-process start       ] LabTime=     0(ms) ElapsedTime=     0(ms) 
[2022-05-20 14:03:42.047][INFO ][20220520140342041] [rdid=20220520140342041] [02-write mml start(J-S)] LabTime=     5(ms) ElapsedTime=     5(ms) 
[2022-05-20 14:03:51.546][INFO ][20220520140351545] [rdid=20220520140351545] [01-process start       ] LabTime=     0(ms) ElapsedTime=     0(ms) 
[2022-05-20 14:03:51.550][INFO ][20220520140351545] [rdid=20220520140351545] [02-write mml start(J-S)] LabTime=     4(ms) ElapsedTime=     4(ms) 
[2022-05-20 14:03:57.137][INFO ][20220520140357135] [rdid=20220520140357135] [01-process start       ] LabTime=     1(ms) ElapsedTime=     1(ms) 
[2022-05-20 14:03:57.141][INFO ][20220520140357135] [rdid=20220520140357135] [02-write mml start(J-S)] LabTime=     4(ms) ElapsedTime=     5(ms) 
[2022-05-20 14:04:05.714][INFO ][20220520140357135] [rdid=20220520140357135] [03-write mml success   ] LabTime=  8572(ms) ElapsedTime=  8577(ms) 
[2022-05-20 14:04:05.714][INFO ][20220520140357135] [rdid=20220520140357135] [04-process success     ] LabTime=     1(ms) ElapsedTime=  8578(ms) 
[2022-05-20 14:04:27.839][INFO ][20220520140427838] [rdid=20220520140427838] [01-process start       ] LabTime=     0(ms) ElapsedTime=     0(ms) 
[2022-05-20 14:04:27.839][INFO ][20220520140427838] [rdid=20220520140427838] [02-export start        ] LabTime=     0(ms) ElapsedTime=     0(ms) 
[2022-05-20 14:04:37.716][INFO ][20220520140427838] [rdid=20220520140427838] [03-open file success   ] LabTime=  9877(ms) ElapsedTime=  9877(ms) 
[2022-05-20 14:04:42.029][INFO ][20220520140427838] [rdid=20220520140427838] [04-save file success   ] LabTime=  4313(ms) ElapsedTime= 14190(ms) 
[2022-05-20 14:04:42.057][INFO ][20220520140427838] [rdid=20220520140427838] [05-export success      ] LabTime=    28(ms) ElapsedTime= 14218(ms) 
[2022-05-20 14:04:42.057][INFO ][20220520140427838] [rdid=20220520140427838] [06-process finish      ] LabTime=     0(ms) ElapsedTime= 14218(ms) 
[2022-05-20 15:25:20.202][INFO ][20220520152520200] [rdid=20220520152520200] [01-process start       ] LabTime=     1(ms) ElapsedTime=     1(ms) 
[2022-05-20 15:25:20.205][INFO ][20220520152520200] [rdid=20220520152520200] [02-write mml start(J-S)] LabTime=     2(ms) ElapsedTime=     3(ms) 
[2022-05-20 15:25:20.306][INFO ][20220520152520200] [rdid=20220520152520200] [03-write mml success   ] LabTime=   101(ms) ElapsedTime=   104(ms) 
[2022-05-20 15:25:20.306][INFO ][20220520152520200] [rdid=20220520152520200] [04-process success     ] LabTime=     1(ms) ElapsedTime=   105(ms) 
[2022-05-20 15:25:25.274][INFO ][20220520152525272] [rdid=20220520152525272] [01-process start       ] LabTime=     1(ms) ElapsedTime=     1(ms) 
[2022-05-20 15:25:25.277][INFO ][20220520152525272] [rdid=20220520152525272] [02-write mml start(J-S)] LabTime=     3(ms) ElapsedTime=     4(ms) 
[2022-05-20 15:25:27.600][INFO ][20220520152525272] [rdid=20220520152525272] [03-write mml success   ] LabTime=  2323(ms) ElapsedTime=  2327(ms) 
[2022-05-20 15:25:27.600][INFO ][20220520152525272] [rdid=20220520152525272] [04-process success     ] LabTime=     0(ms) ElapsedTime=  2327(ms) 
[2022-05-20 15:25:43.791][INFO ][20220520152543790] [rdid=20220520152543790] [01-process start       ] LabTime=     1(ms) ElapsedTime=     1(ms) 
[2022-05-20 15:25:43.793][INFO ][20220520152543790] [rdid=20220520152543790] [02-write mml start(J-S)] LabTime=     2(ms) ElapsedTime=     3(ms) 
[2022-05-20 15:25:46.104][INFO ][20220520152543790] [rdid=20220520152543790] [03-write mml success   ] LabTime=  2311(ms) ElapsedTime=  2314(ms) 
[2022-05-20 15:25:46.104][INFO ][20220520152543790] [rdid=20220520152543790] [04-process success     ] LabTime=     0(ms) ElapsedTime=  2314(ms) 
[2022-05-20 15:58:07.892][INFO ][20220520155807889] [rdid=20220520155807889] [01-process start       ] LabTime=     1(ms) ElapsedTime=     1(ms) 
[2022-05-20 15:58:07.895][INFO ][20220520155807889] [rdid=20220520155807889] [02-write mml start(J-S)] LabTime=     4(ms) ElapsedTime=     5(ms) 
[2022-05-20 15:58:10.454][INFO ][20220520155807889] [rdid=20220520155807889] [03-write mml success   ] LabTime=  2559(ms) ElapsedTime=  2564(ms) 
[2022-05-20 15:58:10.454][INFO ][20220520155807889] [rdid=20220520155807889] [04-process success     ] LabTime=     0(ms) ElapsedTime=  2564(ms) 
[2022-05-20 15:58:34.398][INFO ][20220520155834397] [rdid=20220520155834397] [01-process start       ] LabTime=     1(ms) ElapsedTime=     1(ms) 
[2022-05-20 15:58:34.401][INFO ][20220520155834397] [rdid=20220520155834397] [02-write mml start(J-S)] LabTime=     3(ms) ElapsedTime=     4(ms) 
[2022-05-20 15:58:36.709][INFO ][20220520155834397] [rdid=20220520155834397] [03-write mml success   ] LabTime=  2308(ms) ElapsedTime=  2312(ms) 
[2022-05-20 15:58:36.709][INFO ][20220520155834397] [rdid=20220520155834397] [04-process success     ] LabTime=     0(ms) ElapsedTime=  2312(ms) 
[2022-05-20 17:03:46.354][INFO ][20220520170346352] [rdid=20220520170346352] [01-process start       ] LabTime=     0(ms) ElapsedTime=     0(ms) 
[2022-05-20 17:03:46.357][INFO ][20220520170346352] [rdid=20220520170346352] [02-write mml start(J-S)] LabTime=     4(ms) ElapsedTime=     4(ms) 
[2022-05-20 17:03:47.048][INFO ][20220520170346352] [rdid=20220520170346352] [03-write mml success   ] LabTime=   691(ms) ElapsedTime=   695(ms) 
[2022-05-20 17:03:47.048][INFO ][20220520170346352] [rdid=20220520170346352] [04-process success     ] LabTime=     0(ms) ElapsedTime=   695(ms) 
[2022-05-20 17:03:48.889][INFO ][20220520170348888] [rdid=20220520170348888] [01-process start       ] LabTime=     0(ms) ElapsedTime=     0(ms) 
[2022-05-20 17:03:48.891][INFO ][20220520170348888] [rdid=20220520170348888] [02-write mml start(J-S)] LabTime=     3(ms) ElapsedTime=     3(ms) 
[2022-05-20 17:03:49.282][INFO ][20220520170348888] [rdid=20220520170348888] [03-write mml success   ] LabTime=   391(ms) ElapsedTime=   394(ms) 
[2022-05-20 17:03:49.282][INFO ][20220520170348888] [rdid=20220520170348888] [04-process success     ] LabTime=     0(ms) ElapsedTime=   394(ms) 
[2022-05-20 17:03:50.072][INFO ][20220520170350071] [rdid=20220520170350071] [01-process start       ] LabTime=     1(ms) ElapsedTime=     1(ms) 
[2022-05-20 17:03:50.075][INFO ][20220520170350071] [rdid=20220520170350071] [02-write mml start(J-S)] LabTime=     3(ms) ElapsedTime=     4(ms) 
[2022-05-20 17:03:50.500][INFO ][20220520170350071] [rdid=20220520170350071] [03-write mml success   ] LabTime=   425(ms) ElapsedTime=   429(ms) 
[2022-05-20 17:03:50.500][INFO ][20220520170350071] [rdid=20220520170350071] [04-process success     ] LabTime=     0(ms) ElapsedTime=   429(ms) 
[2022-05-20 17:03:51.282][INFO ][20220520170351280] [rdid=20220520170351280] [01-process start       ] LabTime=     1(ms) ElapsedTime=     1(ms) 
[2022-05-20 17:03:51.286][INFO ][20220520170351280] [rdid=20220520170351280] [02-write mml start(J-S)] LabTime=     3(ms) ElapsedTime=     4(ms) 
[2022-05-20 17:03:51.625][INFO ][20220520170351280] [rdid=20220520170351280] [03-write mml success   ] LabTime=   340(ms) ElapsedTime=   344(ms) 
[2022-05-20 17:03:51.625][INFO ][20220520170351280] [rdid=20220520170351280] [04-process success     ] LabTime=     0(ms) ElapsedTime=   344(ms) 
[2022-05-20 17:03:52.201][INFO ][20220520170352200] [rdid=20220520170352200] [01-process start       ] LabTime=     1(ms) ElapsedTime=     1(ms) 
[2022-05-20 17:03:52.203][INFO ][20220520170352200] [rdid=20220520170352200] [02-write mml start(J-S)] LabTime=     2(ms) ElapsedTime=     3(ms) 
[2022-05-20 17:03:52.507][INFO ][20220520170352200] [rdid=20220520170352200] [03-write mml success   ] LabTime=   303(ms) ElapsedTime=   306(ms) 
[2022-05-20 17:03:52.507][INFO ][20220520170352200] [rdid=20220520170352200] [04-process success     ] LabTime=     1(ms) ElapsedTime=   307(ms) 
[2022-05-20 17:03:53.134][INFO ][20220520170353132] [rdid=20220520170353132] [01-process start       ] LabTime=     1(ms) ElapsedTime=     1(ms) 
[2022-05-20 17:03:53.136][INFO ][20220520170353132] [rdid=20220520170353132] [02-write mml start(J-S)] LabTime=     2(ms) ElapsedTime=     3(ms) 
[2022-05-20 17:03:53.392][INFO ][20220520170353132] [rdid=20220520170353132] [03-write mml success   ] LabTime=   256(ms) ElapsedTime=   259(ms) 
[2022-05-20 17:03:53.392][INFO ][20220520170353132] [rdid=20220520170353132] [04-process success     ] LabTime=     0(ms) ElapsedTime=   259(ms) 
[2022-05-20 17:04:33.267][INFO ][20220520170433264] [rdid=20220520170433264] [01-process start       ] LabTime=     2(ms) ElapsedTime=     2(ms) 
[2022-05-20 17:04:33.273][INFO ][20220520170433264] [rdid=20220520170433264] [02-write mml start(J-S)] LabTime=     6(ms) ElapsedTime=     8(ms) 
[2022-05-20 17:04:33.996][INFO ][20220520170433264] [rdid=20220520170433264] [03-write mml success   ] LabTime=   722(ms) ElapsedTime=   730(ms) 
[2022-05-20 17:04:33.996][INFO ][20220520170433264] [rdid=20220520170433264] [04-process success     ] LabTime=     1(ms) ElapsedTime=   731(ms) 
[2022-05-20 17:04:34.897][INFO ][20220520170434896] [rdid=20220520170434896] [01-process start       ] LabTime=     0(ms) ElapsedTime=     0(ms) 
[2022-05-20 17:04:34.901][INFO ][20220520170434896] [rdid=20220520170434896] [02-write mml start(J-S)] LabTime=     4(ms) ElapsedTime=     4(ms) 
[2022-05-20 17:04:35.377][INFO ][20220520170434896] [rdid=20220520170434896] [03-write mml success   ] LabTime=   476(ms) ElapsedTime=   480(ms) 
[2022-05-20 17:04:35.377][INFO ][20220520170434896] [rdid=20220520170434896] [04-process success     ] LabTime=     0(ms) ElapsedTime=   480(ms) 
[2022-05-20 17:04:45.388][INFO ][20220520170445387] [rdid=20220520170445387] [01-process start       ] LabTime=     1(ms) ElapsedTime=     1(ms) 
[2022-05-20 17:04:45.390][INFO ][20220520170445387] [rdid=20220520170445387] [02-write mml start(J-S)] LabTime=     2(ms) ElapsedTime=     3(ms) 
[2022-05-20 17:04:45.643][INFO ][20220520170445387] [rdid=20220520170445387] [03-write mml success   ] LabTime=   253(ms) ElapsedTime=   256(ms) 
[2022-05-20 17:04:45.643][INFO ][20220520170445387] [rdid=20220520170445387] [04-process success     ] LabTime=     0(ms) ElapsedTime=   256(ms) 
[2022-05-20 17:04:46.575][INFO ][20220520170446574] [rdid=20220520170446574] [01-process start       ] LabTime=     1(ms) ElapsedTime=     1(ms) 
[2022-05-20 17:04:46.576][INFO ][20220520170446574] [rdid=20220520170446574] [02-write mml start(J-S)] LabTime=     1(ms) ElapsedTime=     2(ms) 
[2022-05-20 17:04:46.852][INFO ][20220520170446574] [rdid=20220520170446574] [03-write mml success   ] LabTime=   276(ms) ElapsedTime=   278(ms) 
[2022-05-20 17:04:46.852][INFO ][20220520170446574] [rdid=20220520170446574] [04-process success     ] LabTime=     0(ms) ElapsedTime=   278(ms) 
[2022-05-20 17:04:47.791][INFO ][20220520170447790] [rdid=20220520170447790] [01-process start       ] LabTime=     1(ms) ElapsedTime=     1(ms) 
[2022-05-20 17:04:47.793][INFO ][20220520170447790] [rdid=20220520170447790] [02-write mml start(J-S)] LabTime=     2(ms) ElapsedTime=     3(ms) 
[2022-05-20 17:04:48.043][INFO ][20220520170447790] [rdid=20220520170447790] [03-write mml success   ] LabTime=   249(ms) ElapsedTime=   252(ms) 
[2022-05-20 17:04:48.043][INFO ][20220520170447790] [rdid=20220520170447790] [04-process success     ] LabTime=     1(ms) ElapsedTime=   253(ms) 
[2022-05-20 17:05:00.583][INFO ][20220520170500582] [rdid=20220520170500582] [01-process start       ] LabTime=     1(ms) ElapsedTime=     1(ms) 
[2022-05-20 17:05:00.586][INFO ][20220520170500582] [rdid=20220520170500582] [02-write mml start(J-S)] LabTime=     3(ms) ElapsedTime=     4(ms) 
[2022-05-20 17:05:00.924][INFO ][20220520170500582] [rdid=20220520170500582] [03-write mml success   ] LabTime=   338(ms) ElapsedTime=   342(ms) 
[2022-05-20 17:05:00.925][INFO ][20220520170500582] [rdid=20220520170500582] [04-process success     ] LabTime=     0(ms) ElapsedTime=   342(ms) 
[2022-05-20 17:05:01.784][INFO ][20220520170501783] [rdid=20220520170501783] [01-process start       ] LabTime=     1(ms) ElapsedTime=     1(ms) 
[2022-05-20 17:05:01.786][INFO ][20220520170501783] [rdid=20220520170501783] [02-write mml start(J-S)] LabTime=     1(ms) ElapsedTime=     2(ms) 
[2022-05-20 17:05:01.989][INFO ][20220520170501783] [rdid=20220520170501783] [03-write mml success   ] LabTime=   204(ms) ElapsedTime=   206(ms) 
[2022-05-20 17:05:01.989][INFO ][20220520170501783] [rdid=20220520170501783] [04-process success     ] LabTime=     0(ms) ElapsedTime=   206(ms) 
[2022-05-20 17:05:09.215][INFO ][20220520170509214] [rdid=20220520170509214] [01-process start       ] LabTime=     0(ms) ElapsedTime=     0(ms) 
[2022-05-20 17:05:09.219][INFO ][20220520170509214] [rdid=20220520170509214] [02-write mml start(J-S)] LabTime=     4(ms) ElapsedTime=     4(ms) 
[2022-05-20 17:05:09.475][INFO ][20220520170509214] [rdid=20220520170509214] [03-write mml success   ] LabTime=   256(ms) ElapsedTime=   260(ms) 
[2022-05-20 17:05:09.475][INFO ][20220520170509214] [rdid=20220520170509214] [04-process success     ] LabTime=     0(ms) ElapsedTime=   260(ms) 
[2022-05-20 17:05:10.253][INFO ][20220520170510252] [rdid=20220520170510252] [01-process start       ] LabTime=     0(ms) ElapsedTime=     0(ms) 
[2022-05-20 17:05:10.256][INFO ][20220520170510252] [rdid=20220520170510252] [02-write mml start(J-S)] LabTime=     2(ms) ElapsedTime=     2(ms) 
[2022-05-20 17:05:10.505][INFO ][20220520170510252] [rdid=20220520170510252] [03-write mml success   ] LabTime=   250(ms) ElapsedTime=   252(ms) 
[2022-05-20 17:05:10.505][INFO ][20220520170510252] [rdid=20220520170510252] [04-process success     ] LabTime=     0(ms) ElapsedTime=   252(ms) 
[2022-05-20 17:05:21.154][INFO ][20220520170521153] [rdid=20220520170521153] [01-process start       ] LabTime=     0(ms) ElapsedTime=     0(ms) 
[2022-05-20 17:05:21.157][INFO ][20220520170521153] [rdid=20220520170521153] [02-write mml start(J-S)] LabTime=     3(ms) ElapsedTime=     3(ms) 
[2022-05-20 17:05:21.399][INFO ][20220520170521153] [rdid=20220520170521153] [03-write mml success   ] LabTime=   242(ms) ElapsedTime=   245(ms) 
[2022-05-20 17:05:21.399][INFO ][20220520170521153] [rdid=20220520170521153] [04-process success     ] LabTime=     0(ms) ElapsedTime=   245(ms) 
[2022-05-20 17:05:22.473][INFO ][20220520170522471] [rdid=20220520170522471] [01-process start       ] LabTime=     1(ms) ElapsedTime=     1(ms) 
[2022-05-20 17:05:22.476][INFO ][20220520170522471] [rdid=20220520170522471] [02-write mml start(J-S)] LabTime=     2(ms) ElapsedTime=     3(ms) 
[2022-05-20 17:05:22.700][INFO ][20220520170522471] [rdid=20220520170522471] [03-write mml success   ] LabTime=   225(ms) ElapsedTime=   228(ms) 
[2022-05-20 17:05:22.700][INFO ][20220520170522471] [rdid=20220520170522471] [04-process success     ] LabTime=     0(ms) ElapsedTime=   228(ms) 
[2022-05-20 17:05:23.428][INFO ][20220520170523427] [rdid=20220520170523427] [01-process start       ] LabTime=     1(ms) ElapsedTime=     1(ms) 
[2022-05-20 17:05:23.430][INFO ][20220520170523427] [rdid=20220520170523427] [02-write mml start(J-S)] LabTime=     2(ms) ElapsedTime=     3(ms) 
[2022-05-20 17:05:23.652][INFO ][20220520170523427] [rdid=20220520170523427] [03-write mml success   ] LabTime=   222(ms) ElapsedTime=   225(ms) 
[2022-05-20 17:05:23.652][INFO ][20220520170523427] [rdid=20220520170523427] [04-process success     ] LabTime=     0(ms) ElapsedTime=   225(ms) 
[2022-05-20 17:05:24.409][INFO ][20220520170524408] [rdid=20220520170524408] [01-process start       ] LabTime=     0(ms) ElapsedTime=     0(ms) 
[2022-05-20 17:05:24.411][INFO ][20220520170524408] [rdid=20220520170524408] [02-write mml start(J-S)] LabTime=     2(ms) ElapsedTime=     2(ms) 
[2022-05-20 17:05:24.668][INFO ][20220520170524408] [rdid=20220520170524408] [03-write mml success   ] LabTime=   257(ms) ElapsedTime=   259(ms) 
[2022-05-20 17:05:24.668][INFO ][20220520170524408] [rdid=20220520170524408] [04-process success     ] LabTime=     0(ms) ElapsedTime=   259(ms) 
[2022-05-20 17:05:30.951][INFO ][20220520170530950] [rdid=20220520170530950] [01-process start       ] LabTime=     0(ms) ElapsedTime=     0(ms) 
[2022-05-20 17:05:30.954][INFO ][20220520170530950] [rdid=20220520170530950] [02-write mml start(J-S)] LabTime=     3(ms) ElapsedTime=     3(ms) 
[2022-05-20 17:05:31.208][INFO ][20220520170530950] [rdid=20220520170530950] [03-write mml success   ] LabTime=   253(ms) ElapsedTime=   256(ms) 
[2022-05-20 17:05:31.208][INFO ][20220520170530950] [rdid=20220520170530950] [04-process success     ] LabTime=     1(ms) ElapsedTime=   257(ms) 
[2022-05-20 17:05:31.947][INFO ][20220520170531945] [rdid=20220520170531945] [01-process start       ] LabTime=     1(ms) ElapsedTime=     1(ms) 
[2022-05-20 17:05:31.949][INFO ][20220520170531945] [rdid=20220520170531945] [02-write mml start(J-S)] LabTime=     2(ms) ElapsedTime=     3(ms) 
[2022-05-20 17:05:32.179][INFO ][20220520170531945] [rdid=20220520170531945] [03-write mml success   ] LabTime=   229(ms) ElapsedTime=   232(ms) 
[2022-05-20 17:05:32.179][INFO ][20220520170531945] [rdid=20220520170531945] [04-process success     ] LabTime=     1(ms) ElapsedTime=   233(ms) 
[2022-05-20 17:05:32.987][INFO ][20220520170532985] [rdid=20220520170532985] [01-process start       ] LabTime=     0(ms) ElapsedTime=     0(ms) 
[2022-05-20 17:05:32.990][INFO ][20220520170532985] [rdid=20220520170532985] [02-write mml start(J-S)] LabTime=     4(ms) ElapsedTime=     4(ms) 
[2022-05-20 17:05:33.208][INFO ][20220520170532985] [rdid=20220520170532985] [03-write mml success   ] LabTime=   218(ms) ElapsedTime=   222(ms) 
[2022-05-20 17:05:33.209][INFO ][20220520170532985] [rdid=20220520170532985] [04-process success     ] LabTime=     0(ms) ElapsedTime=   222(ms) 
[2022-05-20 17:05:51.056][INFO ][20220520170551055] [rdid=20220520170551055] [01-process start       ] LabTime=     0(ms) ElapsedTime=     0(ms) 
[2022-05-20 17:05:51.058][INFO ][20220520170551055] [rdid=20220520170551055] [02-write mml start(J-S)] LabTime=     2(ms) ElapsedTime=     2(ms) 
[2022-05-20 17:05:51.309][INFO ][20220520170551055] [rdid=20220520170551055] [03-write mml success   ] LabTime=   251(ms) ElapsedTime=   253(ms) 
[2022-05-20 17:05:51.309][INFO ][20220520170551055] [rdid=20220520170551055] [04-process success     ] LabTime=     0(ms) ElapsedTime=   253(ms) 
[2022-05-20 17:05:52.252][INFO ][20220520170552251] [rdid=20220520170552251] [01-process start       ] LabTime=     0(ms) ElapsedTime=     0(ms) 
[2022-05-20 17:05:52.255][INFO ][20220520170552251] [rdid=20220520170552251] [02-write mml start(J-S)] LabTime=     3(ms) ElapsedTime=     3(ms) 
[2022-05-20 17:05:52.490][INFO ][20220520170552251] [rdid=20220520170552251] [03-write mml success   ] LabTime=   235(ms) ElapsedTime=   238(ms) 
[2022-05-20 17:05:52.490][INFO ][20220520170552251] [rdid=20220520170552251] [04-process success     ] LabTime=     0(ms) ElapsedTime=   238(ms) 
[2022-05-20 17:05:53.193][INFO ][20220520170553192] [rdid=20220520170553192] [01-process start       ] LabTime=     0(ms) ElapsedTime=     0(ms) 
[2022-05-20 17:05:53.195][INFO ][20220520170553192] [rdid=20220520170553192] [02-write mml start(J-S)] LabTime=     3(ms) ElapsedTime=     3(ms) 
[2022-05-20 17:05:53.418][INFO ][20220520170553192] [rdid=20220520170553192] [03-write mml success   ] LabTime=   223(ms) ElapsedTime=   226(ms) 
[2022-05-20 17:05:53.418][INFO ][20220520170553192] [rdid=20220520170553192] [04-process success     ] LabTime=     0(ms) ElapsedTime=   226(ms) 
[2022-05-20 17:05:58.050][INFO ][20220520170558049] [rdid=20220520170558049] [01-process start       ] LabTime=     1(ms) ElapsedTime=     1(ms) 
[2022-05-20 17:05:58.053][INFO ][20220520170558049] [rdid=20220520170558049] [02-write mml start(J-S)] LabTime=     3(ms) ElapsedTime=     4(ms) 
[2022-05-20 17:05:58.296][INFO ][20220520170558049] [rdid=20220520170558049] [03-write mml success   ] LabTime=   243(ms) ElapsedTime=   247(ms) 
[2022-05-20 17:05:58.296][INFO ][20220520170558049] [rdid=20220520170558049] [04-process success     ] LabTime=     0(ms) ElapsedTime=   247(ms) 
[2022-05-20 17:05:59.263][INFO ][20220520170559262] [rdid=20220520170559262] [01-process start       ] LabTime=     1(ms) ElapsedTime=     1(ms) 
[2022-05-20 17:05:59.265][INFO ][20220520170559262] [rdid=20220520170559262] [02-write mml start(J-S)] LabTime=     2(ms) ElapsedTime=     3(ms) 
[2022-05-20 17:05:59.496][INFO ][20220520170559262] [rdid=20220520170559262] [03-write mml success   ] LabTime=   231(ms) ElapsedTime=   234(ms) 
[2022-05-20 17:05:59.496][INFO ][20220520170559262] [rdid=20220520170559262] [04-process success     ] LabTime=     0(ms) ElapsedTime=   234(ms) 
[2022-05-20 17:06:15.169][INFO ][20220520170615168] [rdid=20220520170615168] [01-process start       ] LabTime=     0(ms) ElapsedTime=     0(ms) 
[2022-05-20 17:06:15.172][INFO ][20220520170615168] [rdid=20220520170615168] [02-write mml start(J-S)] LabTime=     3(ms) ElapsedTime=     3(ms) 
[2022-05-20 17:06:15.411][INFO ][20220520170615168] [rdid=20220520170615168] [03-write mml success   ] LabTime=   239(ms) ElapsedTime=   242(ms) 
[2022-05-20 17:06:15.411][INFO ][20220520170615168] [rdid=20220520170615168] [04-process success     ] LabTime=     0(ms) ElapsedTime=   242(ms) 
[2022-05-20 17:06:16.103][INFO ][20220520170616102] [rdid=20220520170616102] [01-process start       ] LabTime=     1(ms) ElapsedTime=     1(ms) 
[2022-05-20 17:06:16.105][INFO ][20220520170616102] [rdid=20220520170616102] [02-write mml start(J-S)] LabTime=     2(ms) ElapsedTime=     3(ms) 
[2022-05-20 17:06:16.325][INFO ][20220520170616102] [rdid=20220520170616102] [03-write mml success   ] LabTime=   220(ms) ElapsedTime=   223(ms) 
[2022-05-20 17:06:16.326][INFO ][20220520170616102] [rdid=20220520170616102] [04-process success     ] LabTime=     1(ms) ElapsedTime=   224(ms) 
[2022-05-20 17:06:20.869][INFO ][20220520170620867] [rdid=20220520170620867] [01-process start       ] LabTime=     1(ms) ElapsedTime=     1(ms) 
[2022-05-20 17:06:20.871][INFO ][20220520170620867] [rdid=20220520170620867] [02-write mml start(J-S)] LabTime=     2(ms) ElapsedTime=     3(ms) 
[2022-05-20 17:06:21.098][INFO ][20220520170620867] [rdid=20220520170620867] [03-write mml success   ] LabTime=   227(ms) ElapsedTime=   230(ms) 
[2022-05-20 17:06:21.098][INFO ][20220520170620867] [rdid=20220520170620867] [04-process success     ] LabTime=     0(ms) ElapsedTime=   230(ms) 
[2022-05-20 17:06:32.028][INFO ][20220520170632027] [rdid=20220520170632027] [01-process start       ] LabTime=     0(ms) ElapsedTime=     0(ms) 
[2022-05-20 17:06:32.032][INFO ][20220520170632027] [rdid=20220520170632027] [02-write mml start(J-S)] LabTime=     4(ms) ElapsedTime=     4(ms) 
[2022-05-20 17:06:32.258][INFO ][20220520170632027] [rdid=20220520170632027] [03-write mml success   ] LabTime=   226(ms) ElapsedTime=   230(ms) 
[2022-05-20 17:06:32.258][INFO ][20220520170632027] [rdid=20220520170632027] [04-process success     ] LabTime=     0(ms) ElapsedTime=   230(ms) 
[2022-05-20 17:06:33.080][INFO ][20220520170633079] [rdid=20220520170633079] [01-process start       ] LabTime=     0(ms) ElapsedTime=     0(ms) 
[2022-05-20 17:06:33.082][INFO ][20220520170633079] [rdid=20220520170633079] [02-write mml start(J-S)] LabTime=     2(ms) ElapsedTime=     2(ms) 
[2022-05-20 17:06:33.306][INFO ][20220520170633079] [rdid=20220520170633079] [03-write mml success   ] LabTime=   224(ms) ElapsedTime=   226(ms) 
[2022-05-20 17:06:33.306][INFO ][20220520170633079] [rdid=20220520170633079] [04-process success     ] LabTime=     0(ms) ElapsedTime=   226(ms) 
[2022-05-20 17:06:34.009][INFO ][20220520170634008] [rdid=20220520170634008] [01-process start       ] LabTime=     0(ms) ElapsedTime=     0(ms) 
[2022-05-20 17:06:34.012][INFO ][20220520170634008] [rdid=20220520170634008] [02-write mml start(J-S)] LabTime=     3(ms) ElapsedTime=     3(ms) 
[2022-05-20 17:06:34.233][INFO ][20220520170634008] [rdid=20220520170634008] [03-write mml success   ] LabTime=   221(ms) ElapsedTime=   224(ms) 
[2022-05-20 17:06:34.233][INFO ][20220520170634008] [rdid=20220520170634008] [04-process success     ] LabTime=     0(ms) ElapsedTime=   224(ms) 
[2022-05-20 17:06:34.794][INFO ][20220520170634792] [rdid=20220520170634792] [01-process start       ] LabTime=     1(ms) ElapsedTime=     1(ms) 
[2022-05-20 17:06:34.796][INFO ][20220520170634792] [rdid=20220520170634792] [02-write mml start(J-S)] LabTime=     2(ms) ElapsedTime=     3(ms) 
[2022-05-20 17:06:35.006][INFO ][20220520170634792] [rdid=20220520170634792] [03-write mml success   ] LabTime=   209(ms) ElapsedTime=   212(ms) 
[2022-05-20 17:06:35.006][INFO ][20220520170634792] [rdid=20220520170634792] [04-process success     ] LabTime=     1(ms) ElapsedTime=   213(ms) 
[2022-05-20 17:06:49.947][INFO ][20220520170649946] [rdid=20220520170649946] [01-process start       ] LabTime=     0(ms) ElapsedTime=     0(ms) 
[2022-05-20 17:06:49.950][INFO ][20220520170649946] [rdid=20220520170649946] [02-write mml start(J-S)] LabTime=     3(ms) ElapsedTime=     3(ms) 
[2022-05-20 17:06:50.180][INFO ][20220520170649946] [rdid=20220520170649946] [03-write mml success   ] LabTime=   230(ms) ElapsedTime=   233(ms) 
[2022-05-20 17:06:50.180][INFO ][20220520170649946] [rdid=20220520170649946] [04-process success     ] LabTime=     0(ms) ElapsedTime=   233(ms) 
[2022-05-20 17:06:52.162][INFO ][20220520170652161] [rdid=20220520170652161] [01-process start       ] LabTime=     0(ms) ElapsedTime=     0(ms) 
[2022-05-20 17:06:52.163][INFO ][20220520170652161] [rdid=20220520170652161] [02-write mml start(J-S)] LabTime=     2(ms) ElapsedTime=     2(ms) 
[2022-05-20 17:06:52.386][INFO ][20220520170652161] [rdid=20220520170652161] [03-write mml success   ] LabTime=   222(ms) ElapsedTime=   224(ms) 
[2022-05-20 17:06:52.386][INFO ][20220520170652161] [rdid=20220520170652161] [04-process success     ] LabTime=     1(ms) ElapsedTime=   225(ms) 
[2022-05-20 17:06:59.704][INFO ][20220520170659703] [rdid=20220520170659703] [01-process start       ] LabTime=     0(ms) ElapsedTime=     0(ms) 
[2022-05-20 17:06:59.707][INFO ][20220520170659703] [rdid=20220520170659703] [02-write mml start(J-S)] LabTime=     3(ms) ElapsedTime=     3(ms) 
[2022-05-20 17:06:59.954][INFO ][20220520170659703] [rdid=20220520170659703] [03-write mml success   ] LabTime=   247(ms) ElapsedTime=   250(ms) 
[2022-05-20 17:06:59.954][INFO ][20220520170659703] [rdid=20220520170659703] [04-process success     ] LabTime=     0(ms) ElapsedTime=   250(ms) 
[2022-05-20 17:07:04.737][INFO ][20220520170704736] [rdid=20220520170704736] [01-process start       ] LabTime=     0(ms) ElapsedTime=     0(ms) 
[2022-05-20 17:07:04.741][INFO ][20220520170704736] [rdid=20220520170704736] [02-write mml start(J-S)] LabTime=     4(ms) ElapsedTime=     4(ms) 
[2022-05-20 17:07:05.029][INFO ][20220520170704736] [rdid=20220520170704736] [03-write mml success   ] LabTime=   288(ms) ElapsedTime=   292(ms) 
[2022-05-20 17:07:05.029][INFO ][20220520170704736] [rdid=20220520170704736] [04-process success     ] LabTime=     0(ms) ElapsedTime=   292(ms) 
[2022-05-20 17:07:06.159][INFO ][20220520170706157] [rdid=20220520170706157] [01-process start       ] LabTime=     1(ms) ElapsedTime=     1(ms) 
[2022-05-20 17:07:06.161][INFO ][20220520170706157] [rdid=20220520170706157] [02-write mml start(J-S)] LabTime=     2(ms) ElapsedTime=     3(ms) 
[2022-05-20 17:07:06.421][INFO ][20220520170706157] [rdid=20220520170706157] [03-write mml success   ] LabTime=   260(ms) ElapsedTime=   263(ms) 
[2022-05-20 17:07:06.421][INFO ][20220520170706157] [rdid=20220520170706157] [04-process success     ] LabTime=     0(ms) ElapsedTime=   263(ms) 
[2022-05-20 17:33:16.952][INFO ][20220520173316950] [rdid=20220520173316950] [01-process start       ] LabTime=     0(ms) ElapsedTime=     0(ms) 
[2022-05-20 17:33:16.955][INFO ][20220520173316950] [rdid=20220520173316950] [02-write mml start(J-S)] LabTime=     4(ms) ElapsedTime=     4(ms) 
[2022-05-20 17:33:17.198][INFO ][20220520173316950] [rdid=20220520173316950] [03-write mml success   ] LabTime=   243(ms) ElapsedTime=   247(ms) 
[2022-05-20 17:33:17.198][INFO ][20220520173316950] [rdid=20220520173316950] [04-process success     ] LabTime=     0(ms) ElapsedTime=   247(ms) 
[2022-05-20 17:33:33.608][INFO ][20220520173333608] [rdid=20220520173333608] [01-process start       ] LabTime=     0(ms) ElapsedTime=     0(ms) 
[2022-05-20 17:33:33.608][INFO ][20220520173333608] [rdid=20220520173333608] [02-export start        ] LabTime=     0(ms) ElapsedTime=     0(ms) 
[2022-05-20 17:33:33.725][INFO ][20220520173333608] [rdid=20220520173333608] [03-open file success   ] LabTime=   117(ms) ElapsedTime=   117(ms) 
[2022-05-20 17:33:35.069][INFO ][20220520173333608] [rdid=20220520173333608] [04-save file success   ] LabTime=  1344(ms) ElapsedTime=  1461(ms) 
[2022-05-20 17:33:35.086][INFO ][20220520173333608] [rdid=20220520173333608] [05-export success      ] LabTime=    17(ms) ElapsedTime=  1478(ms) 
[2022-05-20 17:33:35.110][INFO ][20220520173333608] [rdid=20220520173333608] [06-process finish      ] LabTime=    24(ms) ElapsedTime=  1502(ms) 
[2022-05-20 17:34:26.049][INFO ][20220520173426049] [rdid=20220520173426049] [01-process start       ] LabTime=     0(ms) ElapsedTime=     0(ms) 
[2022-05-20 17:34:26.049][INFO ][20220520173426049] [rdid=20220520173426049] [02-export start        ] LabTime=     0(ms) ElapsedTime=     0(ms) 
[2022-05-20 17:34:26.158][INFO ][20220520173426049] [rdid=20220520173426049] [03-open file success   ] LabTime=   109(ms) ElapsedTime=   109(ms) 
[2022-05-20 17:34:27.122][INFO ][20220520173426049] [rdid=20220520173426049] [04-save file success   ] LabTime=   964(ms) ElapsedTime=  1073(ms) 
[2022-05-20 17:34:27.139][INFO ][20220520173426049] [rdid=20220520173426049] [05-export success      ] LabTime=    17(ms) ElapsedTime=  1090(ms) 
[2022-05-20 17:34:27.156][INFO ][20220520173426049] [rdid=20220520173426049] [06-process finish      ] LabTime=    17(ms) ElapsedTime=  1107(ms) 
[2022-05-20 17:34:50.593][INFO ][20220520173450592] [rdid=20220520173450592] [01-process start       ] LabTime=     1(ms) ElapsedTime=     1(ms) 
[2022-05-20 17:34:50.593][INFO ][20220520173450592] [rdid=20220520173450592] [02-export start        ] LabTime=     0(ms) ElapsedTime=     1(ms) 
[2022-05-20 17:34:50.709][INFO ][20220520173450592] [rdid=20220520173450592] [03-open file success   ] LabTime=   116(ms) ElapsedTime=   117(ms) 
[2022-05-20 17:34:51.726][INFO ][20220520173450592] [rdid=20220520173450592] [04-save file success   ] LabTime=  1017(ms) ElapsedTime=  1134(ms) 
[2022-05-20 17:34:51.746][INFO ][20220520173450592] [rdid=20220520173450592] [05-export success      ] LabTime=    20(ms) ElapsedTime=  1154(ms) 
[2022-05-20 17:34:51.764][INFO ][20220520173450592] [rdid=20220520173450592] [06-process finish      ] LabTime=    18(ms) ElapsedTime=  1172(ms) 
[2022-05-20 17:54:16.179][INFO ][20220520175416178] [rdid=20220520175416178] [01-process start       ] LabTime=     0(ms) ElapsedTime=     0(ms) 
[2022-05-20 17:54:16.180][INFO ][20220520175416178] [rdid=20220520175416178] [02-export start        ] LabTime=     1(ms) ElapsedTime=     1(ms) 
[2022-05-20 17:54:16.333][INFO ][20220520175416178] [rdid=20220520175416178] [03-open file success   ] LabTime=   153(ms) ElapsedTime=   154(ms) 
[2022-05-20 17:54:17.326][INFO ][20220520175416178] [rdid=20220520175416178] [04-save file success   ] LabTime=   993(ms) ElapsedTime=  1147(ms) 
[2022-05-20 17:54:17.341][INFO ][20220520175416178] [rdid=20220520175416178] [05-export success      ] LabTime=    15(ms) ElapsedTime=  1162(ms) 
[2022-05-20 17:54:17.342][INFO ][20220520175416178] [rdid=20220520175416178] [06-process finish      ] LabTime=     1(ms) ElapsedTime=  1163(ms) 
[2022-05-20 17:54:43.927][INFO ][20220520175443925] [rdid=20220520175443925] [01-process start       ] LabTime=     0(ms) ElapsedTime=     0(ms) 
[2022-05-20 17:54:43.927][INFO ][20220520175443925] [rdid=20220520175443925] [02-export start        ] LabTime=     1(ms) ElapsedTime=     1(ms) 
[2022-05-20 17:54:44.079][INFO ][20220520175443925] [rdid=20220520175443925] [03-open file success   ] LabTime=   152(ms) ElapsedTime=   153(ms) 
[2022-05-20 17:54:44.955][INFO ][20220520175443925] [rdid=20220520175443925] [04-save file success   ] LabTime=   876(ms) ElapsedTime=  1029(ms) 
[2022-05-20 17:54:44.968][INFO ][20220520175443925] [rdid=20220520175443925] [05-export success      ] LabTime=    13(ms) ElapsedTime=  1042(ms) 
[2022-05-20 17:54:44.969][INFO ][20220520175443925] [rdid=20220520175443925] [06-process finish      ] LabTime=     1(ms) ElapsedTime=  1043(ms) 
[2022-05-20 17:55:06.898][INFO ][20220520175506896] [rdid=20220520175506896] [01-process start       ] LabTime=     1(ms) ElapsedTime=     1(ms) 
[2022-05-20 17:55:06.899][INFO ][20220520175506896] [rdid=20220520175506896] [02-export start        ] LabTime=     1(ms) ElapsedTime=     2(ms) 
[2022-05-20 17:55:07.137][INFO ][20220520175506896] [rdid=20220520175506896] [03-open file success   ] LabTime=   238(ms) ElapsedTime=   240(ms) 
[2022-05-20 17:55:08.403][INFO ][20220520175506896] [rdid=20220520175506896] [04-save file success   ] LabTime=  1266(ms) ElapsedTime=  1506(ms) 
[2022-05-20 17:55:08.423][INFO ][20220520175506896] [rdid=20220520175506896] [05-export success      ] LabTime=    19(ms) ElapsedTime=  1525(ms) 
[2022-05-20 17:55:08.423][INFO ][20220520175506896] [rdid=20220520175506896] [06-process finish      ] LabTime=     1(ms) ElapsedTime=  1526(ms) 
[2022-05-20 17:55:54.789][INFO ][20220520175554788] [rdid=20220520175554788] [01-process start       ] LabTime=     0(ms) ElapsedTime=     0(ms) 
[2022-05-20 17:55:54.789][INFO ][20220520175554788] [rdid=20220520175554788] [02-export start        ] LabTime=     0(ms) ElapsedTime=     0(ms) 
[2022-05-20 17:55:54.944][INFO ][20220520175554788] [rdid=20220520175554788] [03-open file success   ] LabTime=   155(ms) ElapsedTime=   155(ms) 
[2022-05-20 17:55:55.771][INFO ][20220520175554788] [rdid=20220520175554788] [04-save file success   ] LabTime=   827(ms) ElapsedTime=   982(ms) 
[2022-05-20 17:55:55.790][INFO ][20220520175554788] [rdid=20220520175554788] [05-export success      ] LabTime=    18(ms) ElapsedTime=  1000(ms) 
[2022-05-20 17:55:55.790][INFO ][20220520175554788] [rdid=20220520175554788] [06-process finish      ] LabTime=     1(ms) ElapsedTime=  1001(ms) 
[2022-05-20 17:56:34.288][INFO ][20220520175634287] [rdid=20220520175634287] [01-process start       ] LabTime=     1(ms) ElapsedTime=     1(ms) 
[2022-05-20 17:56:34.288][INFO ][20220520175634287] [rdid=20220520175634287] [02-export start        ] LabTime=     0(ms) ElapsedTime=     1(ms) 
[2022-05-20 17:56:34.461][INFO ][20220520175634287] [rdid=20220520175634287] [03-open file success   ] LabTime=   173(ms) ElapsedTime=   174(ms) 
[2022-05-20 17:56:35.423][INFO ][20220520175634287] [rdid=20220520175634287] [04-save file success   ] LabTime=   962(ms) ElapsedTime=  1136(ms) 
[2022-05-20 17:56:35.438][INFO ][20220520175634287] [rdid=20220520175634287] [05-export success      ] LabTime=    15(ms) ElapsedTime=  1151(ms) 
[2022-05-20 17:56:35.438][INFO ][20220520175634287] [rdid=20220520175634287] [06-process finish      ] LabTime=     0(ms) ElapsedTime=  1151(ms) 
[2022-05-20 17:56:58.031][INFO ][20220520175658029] [rdid=20220520175658029] [01-process start       ] LabTime=     0(ms) ElapsedTime=     0(ms) 
[2022-05-20 17:56:58.031][INFO ][20220520175658029] [rdid=20220520175658029] [02-export start        ] LabTime=     1(ms) ElapsedTime=     1(ms) 
[2022-05-20 17:56:58.195][INFO ][20220520175658029] [rdid=20220520175658029] [03-open file success   ] LabTime=   164(ms) ElapsedTime=   165(ms) 
[2022-05-20 17:56:59.121][INFO ][20220520175658029] [rdid=20220520175658029] [04-save file success   ] LabTime=   926(ms) ElapsedTime=  1091(ms) 
[2022-05-20 17:56:59.136][INFO ][20220520175658029] [rdid=20220520175658029] [05-export success      ] LabTime=    15(ms) ElapsedTime=  1106(ms) 
[2022-05-20 17:56:59.136][INFO ][20220520175658029] [rdid=20220520175658029] [06-process finish      ] LabTime=     0(ms) ElapsedTime=  1106(ms) 
[2022-05-20 17:59:04.289][INFO ][20220520175904288] [rdid=20220520175904288] [01-process start       ] LabTime=     1(ms) ElapsedTime=     1(ms) 
[2022-05-20 17:59:04.291][INFO ][20220520175904288] [rdid=20220520175904288] [02-write mml start(J-S)] LabTime=     2(ms) ElapsedTime=     3(ms) 
[2022-05-20 17:59:04.569][INFO ][20220520175904288] [rdid=20220520175904288] [03-write mml success   ] LabTime=   278(ms) ElapsedTime=   281(ms) 
[2022-05-20 17:59:04.569][INFO ][20220520175904288] [rdid=20220520175904288] [04-process success     ] LabTime=     0(ms) ElapsedTime=   281(ms) 
[2022-05-20 17:59:16.541][INFO ][20220520175916540] [rdid=20220520175916540] [01-process start       ] LabTime=     0(ms) ElapsedTime=     0(ms) 
[2022-05-20 17:59:16.541][INFO ][20220520175916540] [rdid=20220520175916540] [02-export start        ] LabTime=     0(ms) ElapsedTime=     0(ms) 
[2022-05-20 17:59:16.727][INFO ][20220520175916540] [rdid=20220520175916540] [03-open file success   ] LabTime=   186(ms) ElapsedTime=   186(ms) 
[2022-05-20 17:59:17.474][INFO ][20220520175916540] [rdid=20220520175916540] [04-save file success   ] LabTime=   747(ms) ElapsedTime=   933(ms) 
[2022-05-20 17:59:17.491][INFO ][20220520175916540] [rdid=20220520175916540] [05-export success      ] LabTime=    17(ms) ElapsedTime=   950(ms) 
[2022-05-20 17:59:17.491][INFO ][20220520175916540] [rdid=20220520175916540] [06-process finish      ] LabTime=     0(ms) ElapsedTime=   950(ms) 
[2022-05-20 17:59:35.435][INFO ][20220520175935434] [rdid=20220520175935434] [01-process start       ] LabTime=     0(ms) ElapsedTime=     0(ms) 
[2022-05-20 17:59:35.435][INFO ][20220520175935434] [rdid=20220520175935434] [02-export start        ] LabTime=     0(ms) ElapsedTime=     0(ms) 
[2022-05-20 17:59:35.621][INFO ][20220520175935434] [rdid=20220520175935434] [03-open file success   ] LabTime=   186(ms) ElapsedTime=   186(ms) 
[2022-05-20 17:59:36.481][INFO ][20220520175935434] [rdid=20220520175935434] [04-save file success   ] LabTime=   860(ms) ElapsedTime=  1046(ms) 
[2022-05-20 17:59:36.504][INFO ][20220520175935434] [rdid=20220520175935434] [05-export success      ] LabTime=    23(ms) ElapsedTime=  1069(ms) 
[2022-05-20 17:59:36.504][INFO ][20220520175935434] [rdid=20220520175935434] [06-process finish      ] LabTime=     0(ms) ElapsedTime=  1069(ms) 
[2022-05-20 17:59:55.645][INFO ][20220520175955644] [rdid=20220520175955644] [01-process start       ] LabTime=     1(ms) ElapsedTime=     1(ms) 
[2022-05-20 17:59:55.647][INFO ][20220520175955644] [rdid=20220520175955644] [02-export start        ] LabTime=     2(ms) ElapsedTime=     3(ms) 
[2022-05-20 17:59:55.857][INFO ][20220520175955644] [rdid=20220520175955644] [03-open file success   ] LabTime=   210(ms) ElapsedTime=   213(ms) 
[2022-05-20 17:59:56.730][INFO ][20220520175955644] [rdid=20220520175955644] [04-save file success   ] LabTime=   873(ms) ElapsedTime=  1086(ms) 
[2022-05-20 17:59:56.750][INFO ][20220520175955644] [rdid=20220520175955644] [05-export success      ] LabTime=    20(ms) ElapsedTime=  1106(ms) 
[2022-05-20 17:59:56.751][INFO ][20220520175955644] [rdid=20220520175955644] [06-process finish      ] LabTime=     1(ms) ElapsedTime=  1107(ms) 
