[
log_version=6.0
server_name=ERS Reporting Server
server_version=6.4.5.430
jbre_version=5.5.14.1010
customer_name=¸ÞµðÁ¨ÈÞ¸ÕÄÉ¾î
user.dir=C:\Program Files\Apache Software Foundation\apache-tomcat-8.5.50
os.name=Windows 10
os.version=10.0
java.version=1.8.0_275
java.vm.version=25.275-b01
java.vm.vendor=ojdkbuild
java.vm.name=OpenJDK 64-Bit Server VM
java.home=C:\Java\java-1.8.0-openjdk-1.8.0.275-1\jre
java.class.path=C:\Program Files\Apache Software Foundation\apache-tomcat-8.5.50\bin\bootstrap.jar;C:\Program Files\Apache Software Foundation\apache-tomcat-8.5.50\bin\tomcat-juli.jar
file.encoding=MS949
user.language=ko
]

[2022-06-07 15:31:52.869][INFO ][20220607153152765] [rdid=20220607153152765] [01-process start       ] LabTime=    10(ms) ElapsedTime=    10(ms) 
[2022-06-07 15:31:53.773][INFO ][20220607153152765] [rdid=20220607153152765] [02-write mml start(J-S)] LabTime=   906(ms) ElapsedTime=   916(ms) 
[2022-06-07 15:31:55.866][INFO ][20220607153152765] [rdid=20220607153152765] [03-write mml success   ] LabTime=  2092(ms) ElapsedTime=  3008(ms) 
[2022-06-07 15:31:55.867][INFO ][20220607153152765] [rdid=20220607153152765] [04-process success     ] LabTime=     2(ms) ElapsedTime=  3010(ms) 
[2022-06-07 15:32:05.698][INFO ][20220607153205695] [rdid=20220607153205695] [01-process start       ] LabTime=     1(ms) ElapsedTime=     1(ms) 
[2022-06-07 15:32:05.702][INFO ][20220607153205695] [rdid=20220607153205695] [02-write mml start(J-S)] LabTime=     3(ms) ElapsedTime=     4(ms) 
[2022-06-07 15:32:06.183][INFO ][20220607153205695] [rdid=20220607153205695] [03-write mml success   ] LabTime=   481(ms) ElapsedTime=   485(ms) 
[2022-06-07 15:32:06.183][INFO ][20220607153205695] [rdid=20220607153205695] [04-process success     ] LabTime=     1(ms) ElapsedTime=   486(ms) 
