[
log_version=6.0
server_name=ERS Reporting Server
server_version=6.4.5.430
jbre_version=5.5.14.1010
customer_name=¸ÞµðÁ¨ÈÞ¸ÕÄÉ¾î
user.dir=C:\Program Files\Apache Software Foundation\apache-tomcat-8.5.50
os.name=Windows 10
os.version=10.0
java.version=1.8.0_275
java.vm.version=25.275-b01
java.vm.vendor=ojdkbuild
java.vm.name=OpenJDK 64-Bit Server VM
java.home=C:\Java\java-1.8.0-openjdk-1.8.0.275-1\jre
java.class.path=C:\Program Files\Apache Software Foundation\apache-tomcat-8.5.50\bin\bootstrap.jar;C:\Program Files\Apache Software Foundation\apache-tomcat-8.5.50\bin\tomcat-juli.jar
file.encoding=MS949
user.language=ko
]

[2022-08-05 11:14:52.678][INFO ][20220805111452666] [rdid=20220805111452666] [01-process start       ] LabTime=     1(ms) ElapsedTime=     1(ms) 
[2022-08-05 11:14:52.678][INFO ][20220805111452666] [rdid=20220805111452666] [02-export start        ] LabTime=     5(ms) ElapsedTime=     6(ms) 
[2022-08-05 11:14:52.824][INFO ][20220805111452666] [rdid=20220805111452666] [03-open file success   ] LabTime=   146(ms) ElapsedTime=   152(ms) 
[2022-08-05 11:14:52.932][INFO ][20220805111452666] [rdid=20220805111452666] [04-save file success   ] LabTime=   108(ms) ElapsedTime=   260(ms) 
[2022-08-05 11:14:52.956][INFO ][20220805111452666] [rdid=20220805111452666] [05-export success      ] LabTime=    23(ms) ElapsedTime=   283(ms) 
[2022-08-05 11:14:52.957][INFO ][20220805111452666] [rdid=20220805111452666] [06-process finish      ] LabTime=     2(ms) ElapsedTime=   285(ms) 
