[
log_version=6.0
server_name=ERS Reporting Server
server_version=6.4.5.430
jbre_version=5.5.14.1010
customer_name=¸ÞµðÁ¨ÈÞ¸ÕÄÉ¾î
user.dir=C:\Program Files\Apache Software Foundation\apache-tomcat-8.5.50
os.name=Windows 10
os.version=10.0
java.version=1.8.0_275
java.vm.version=25.275-b01
java.vm.vendor=ojdkbuild
java.vm.name=OpenJDK 64-Bit Server VM
java.home=C:\Java\java-1.8.0-openjdk-1.8.0.275-1\jre
java.class.path=C:\Program Files\Apache Software Foundation\apache-tomcat-8.5.50\bin\bootstrap.jar;C:\Program Files\Apache Software Foundation\apache-tomcat-8.5.50\bin\tomcat-juli.jar
file.encoding=MS949
user.language=ko
]

[2022-05-26 13:23:31.943][INFO ][20220526132331903] [rdid=20220526132331903] [01-process start       ] LabTime=     4(ms) ElapsedTime=     4(ms) 
[2022-05-26 13:23:31.972][INFO ][20220526132331903] [rdid=20220526132331903] [02-write mml start(J-S)] LabTime=    35(ms) ElapsedTime=    39(ms) 
[2022-05-26 13:23:32.371][INFO ][20220526132331903] [rdid=20220526132331903] [03-write mml success   ] LabTime=   399(ms) ElapsedTime=   438(ms) 
[2022-05-26 13:23:32.371][INFO ][20220526132331903] [rdid=20220526132331903] [04-process success     ] LabTime=     0(ms) ElapsedTime=   438(ms) 
[2022-05-26 13:23:35.826][INFO ][20220526132335825] [rdid=20220526132335825] [01-process start       ] LabTime=     0(ms) ElapsedTime=     0(ms) 
[2022-05-26 13:23:35.826][INFO ][20220526132335825] [rdid=20220526132335825] [02-export start        ] LabTime=     0(ms) ElapsedTime=     0(ms) 
[2022-05-26 13:23:35.980][INFO ][20220526132335825] [rdid=20220526132335825] [03-open file success   ] LabTime=   154(ms) ElapsedTime=   154(ms) 
[2022-05-26 13:23:36.787][INFO ][20220526132335825] [rdid=20220526132335825] [04-save file success   ] LabTime=   807(ms) ElapsedTime=   961(ms) 
[2022-05-26 13:23:36.800][INFO ][20220526132335825] [rdid=20220526132335825] [05-export success      ] LabTime=    13(ms) ElapsedTime=   974(ms) 
[2022-05-26 13:23:36.814][INFO ][20220526132335825] [rdid=20220526132335825] [06-process finish      ] LabTime=    14(ms) ElapsedTime=   988(ms) 
[2022-05-26 13:23:44.314][INFO ][20220526132344313] [rdid=20220526132344313] [01-process start       ] LabTime=     0(ms) ElapsedTime=     0(ms) 
[2022-05-26 13:23:44.315][INFO ][20220526132344313] [rdid=20220526132344313] [02-export start        ] LabTime=     1(ms) ElapsedTime=     1(ms) 
[2022-05-26 13:23:44.561][INFO ][20220526132344313] [rdid=20220526132344313] [03-open file success   ] LabTime=   246(ms) ElapsedTime=   247(ms) 
[2022-05-26 13:23:45.462][INFO ][20220526132344313] [rdid=20220526132344313] [04-save file success   ] LabTime=   901(ms) ElapsedTime=  1148(ms) 
[2022-05-26 13:23:45.482][INFO ][20220526132344313] [rdid=20220526132344313] [05-export success      ] LabTime=    20(ms) ElapsedTime=  1168(ms) 
[2022-05-26 13:23:45.533][INFO ][20220526132344313] [rdid=20220526132344313] [06-process finish      ] LabTime=    50(ms) ElapsedTime=  1218(ms) 
[2022-05-26 13:23:55.255][INFO ][20220526132355253] [rdid=20220526132355253] [01-process start       ] LabTime=     0(ms) ElapsedTime=     0(ms) 
[2022-05-26 13:23:55.255][INFO ][20220526132355253] [rdid=20220526132355253] [02-export start        ] LabTime=     0(ms) ElapsedTime=     0(ms) 
[2022-05-26 13:23:55.473][INFO ][20220526132355253] [rdid=20220526132355253] [03-open file success   ] LabTime=   218(ms) ElapsedTime=   218(ms) 
[2022-05-26 13:23:56.152][INFO ][20220526132355253] [rdid=20220526132355253] [04-save file success   ] LabTime=   679(ms) ElapsedTime=   897(ms) 
[2022-05-26 13:23:56.165][INFO ][20220526132355253] [rdid=20220526132355253] [05-export success      ] LabTime=    13(ms) ElapsedTime=   910(ms) 
[2022-05-26 13:23:56.176][INFO ][20220526132355253] [rdid=20220526132355253] [06-process finish      ] LabTime=    10(ms) ElapsedTime=   920(ms) 
[2022-05-26 13:23:59.021][INFO ][20220526132359021] [rdid=20220526132359021] [01-process start       ] LabTime=     0(ms) ElapsedTime=     0(ms) 
[2022-05-26 13:23:59.022][INFO ][20220526132359021] [rdid=20220526132359021] [02-export start        ] LabTime=     0(ms) ElapsedTime=     0(ms) 
[2022-05-26 13:23:59.211][INFO ][20220526132359021] [rdid=20220526132359021] [03-open file success   ] LabTime=   190(ms) ElapsedTime=   190(ms) 
[2022-05-26 13:23:59.995][INFO ][20220526132359021] [rdid=20220526132359021] [04-save file success   ] LabTime=   784(ms) ElapsedTime=   974(ms) 
[2022-05-26 13:24:00.013][INFO ][20220526132359021] [rdid=20220526132359021] [05-export success      ] LabTime=    18(ms) ElapsedTime=   992(ms) 
[2022-05-26 13:24:00.033][INFO ][20220526132359021] [rdid=20220526132359021] [06-process finish      ] LabTime=    20(ms) ElapsedTime=  1012(ms) 
[2022-05-26 13:24:16.005][INFO ][20220526132416004] [rdid=20220526132416004] [01-process start       ] LabTime=     0(ms) ElapsedTime=     0(ms) 
[2022-05-26 13:24:16.008][INFO ][20220526132416004] [rdid=20220526132416004] [02-write mml start(J-S)] LabTime=     3(ms) ElapsedTime=     3(ms) 
[2022-05-26 13:24:16.259][INFO ][20220526132416004] [rdid=20220526132416004] [03-write mml success   ] LabTime=   251(ms) ElapsedTime=   254(ms) 
[2022-05-26 13:24:16.259][INFO ][20220526132416004] [rdid=20220526132416004] [04-process success     ] LabTime=     0(ms) ElapsedTime=   254(ms) 
[2022-05-26 13:24:17.675][INFO ][20220526132417674] [rdid=20220526132417674] [01-process start       ] LabTime=     0(ms) ElapsedTime=     0(ms) 
[2022-05-26 13:24:17.676][INFO ][20220526132417674] [rdid=20220526132417674] [02-export start        ] LabTime=     0(ms) ElapsedTime=     0(ms) 
[2022-05-26 13:24:17.852][INFO ][20220526132417674] [rdid=20220526132417674] [03-open file success   ] LabTime=   177(ms) ElapsedTime=   177(ms) 
[2022-05-26 13:24:18.546][INFO ][20220526132417674] [rdid=20220526132417674] [04-save file success   ] LabTime=   694(ms) ElapsedTime=   871(ms) 
[2022-05-26 13:24:18.560][INFO ][20220526132417674] [rdid=20220526132417674] [05-export success      ] LabTime=    14(ms) ElapsedTime=   885(ms) 
[2022-05-26 13:24:18.575][INFO ][20220526132417674] [rdid=20220526132417674] [06-process finish      ] LabTime=    15(ms) ElapsedTime=   900(ms) 
[2022-05-26 13:24:45.294][INFO ][20220526132445293] [rdid=20220526132445293] [01-process start       ] LabTime=     0(ms) ElapsedTime=     0(ms) 
[2022-05-26 13:24:45.297][INFO ][20220526132445293] [rdid=20220526132445293] [02-write mml start(J-S)] LabTime=     3(ms) ElapsedTime=     3(ms) 
[2022-05-26 13:24:45.529][INFO ][20220526132445293] [rdid=20220526132445293] [03-write mml success   ] LabTime=   232(ms) ElapsedTime=   235(ms) 
[2022-05-26 13:24:45.529][INFO ][20220526132445293] [rdid=20220526132445293] [04-process success     ] LabTime=     0(ms) ElapsedTime=   235(ms) 
[2022-05-26 13:24:46.433][INFO ][20220526132446432] [rdid=20220526132446432] [01-process start       ] LabTime=     1(ms) ElapsedTime=     1(ms) 
[2022-05-26 13:24:46.433][INFO ][20220526132446432] [rdid=20220526132446432] [02-export start        ] LabTime=     0(ms) ElapsedTime=     1(ms) 
[2022-05-26 13:24:46.566][INFO ][20220526132446432] [rdid=20220526132446432] [03-open file success   ] LabTime=   133(ms) ElapsedTime=   134(ms) 
[2022-05-26 13:24:47.286][INFO ][20220526132446432] [rdid=20220526132446432] [04-save file success   ] LabTime=   720(ms) ElapsedTime=   854(ms) 
[2022-05-26 13:24:47.298][INFO ][20220526132446432] [rdid=20220526132446432] [05-export success      ] LabTime=    12(ms) ElapsedTime=   866(ms) 
[2022-05-26 13:24:47.299][INFO ][20220526132446432] [rdid=20220526132446432] [06-process finish      ] LabTime=     1(ms) ElapsedTime=   867(ms) 
[2022-05-26 13:24:57.549][INFO ][20220526132457548] [rdid=20220526132457548] [01-process start       ] LabTime=     1(ms) ElapsedTime=     1(ms) 
[2022-05-26 13:24:57.549][INFO ][20220526132457548] [rdid=20220526132457548] [02-export start        ] LabTime=     0(ms) ElapsedTime=     1(ms) 
[2022-05-26 13:24:57.747][INFO ][20220526132457548] [rdid=20220526132457548] [03-open file success   ] LabTime=   198(ms) ElapsedTime=   199(ms) 
[2022-05-26 13:24:58.520][INFO ][20220526132457548] [rdid=20220526132457548] [04-save file success   ] LabTime=   773(ms) ElapsedTime=   972(ms) 
[2022-05-26 13:24:58.535][INFO ][20220526132457548] [rdid=20220526132457548] [05-export success      ] LabTime=    15(ms) ElapsedTime=   987(ms) 
[2022-05-26 13:24:58.536][INFO ][20220526132457548] [rdid=20220526132457548] [06-process finish      ] LabTime=     0(ms) ElapsedTime=   987(ms) 
[2022-05-26 13:25:11.845][INFO ][20220526132511844] [rdid=20220526132511844] [01-process start       ] LabTime=     0(ms) ElapsedTime=     0(ms) 
[2022-05-26 13:25:11.848][INFO ][20220526132511844] [rdid=20220526132511844] [02-write mml start(J-S)] LabTime=     3(ms) ElapsedTime=     3(ms) 
[2022-05-26 13:25:12.073][INFO ][20220526132511844] [rdid=20220526132511844] [03-write mml success   ] LabTime=   225(ms) ElapsedTime=   228(ms) 
[2022-05-26 13:25:12.073][INFO ][20220526132511844] [rdid=20220526132511844] [04-process success     ] LabTime=     0(ms) ElapsedTime=   228(ms) 
[2022-05-26 13:25:12.936][INFO ][20220526132512935] [rdid=20220526132512935] [01-process start       ] LabTime=     1(ms) ElapsedTime=     1(ms) 
[2022-05-26 13:25:12.938][INFO ][20220526132512935] [rdid=20220526132512935] [02-write mml start(J-S)] LabTime=     2(ms) ElapsedTime=     3(ms) 
[2022-05-26 13:25:13.146][INFO ][20220526132512935] [rdid=20220526132512935] [03-write mml success   ] LabTime=   208(ms) ElapsedTime=   211(ms) 
[2022-05-26 13:25:13.146][INFO ][20220526132512935] [rdid=20220526132512935] [04-process success     ] LabTime=     0(ms) ElapsedTime=   211(ms) 
[2022-05-26 13:25:13.872][INFO ][20220526132513871] [rdid=20220526132513871] [01-process start       ] LabTime=     1(ms) ElapsedTime=     1(ms) 
[2022-05-26 13:25:13.874][INFO ][20220526132513871] [rdid=20220526132513871] [02-write mml start(J-S)] LabTime=     2(ms) ElapsedTime=     3(ms) 
[2022-05-26 13:25:14.075][INFO ][20220526132513871] [rdid=20220526132513871] [03-write mml success   ] LabTime=   201(ms) ElapsedTime=   204(ms) 
[2022-05-26 13:25:14.075][INFO ][20220526132513871] [rdid=20220526132513871] [04-process success     ] LabTime=     0(ms) ElapsedTime=   204(ms) 
[2022-05-26 13:25:14.978][INFO ][20220526132514977] [rdid=20220526132514977] [01-process start       ] LabTime=     0(ms) ElapsedTime=     0(ms) 
[2022-05-26 13:25:14.978][INFO ][20220526132514977] [rdid=20220526132514977] [02-export start        ] LabTime=     0(ms) ElapsedTime=     0(ms) 
[2022-05-26 13:25:15.126][INFO ][20220526132514977] [rdid=20220526132514977] [03-open file success   ] LabTime=   148(ms) ElapsedTime=   148(ms) 
[2022-05-26 13:25:15.847][INFO ][20220526132514977] [rdid=20220526132514977] [04-save file success   ] LabTime=   721(ms) ElapsedTime=   869(ms) 
[2022-05-26 13:25:15.861][INFO ][20220526132514977] [rdid=20220526132514977] [05-export success      ] LabTime=    13(ms) ElapsedTime=   882(ms) 
[2022-05-26 13:25:15.873][INFO ][20220526132514977] [rdid=20220526132514977] [06-process finish      ] LabTime=    13(ms) ElapsedTime=   895(ms) 
[2022-05-26 13:25:23.220][INFO ][20220526132523219] [rdid=20220526132523219] [01-process start       ] LabTime=     0(ms) ElapsedTime=     0(ms) 
[2022-05-26 13:25:23.220][INFO ][20220526132523219] [rdid=20220526132523219] [02-export start        ] LabTime=     0(ms) ElapsedTime=     0(ms) 
[2022-05-26 13:25:23.424][INFO ][20220526132523219] [rdid=20220526132523219] [03-open file success   ] LabTime=   204(ms) ElapsedTime=   204(ms) 
[2022-05-26 13:25:24.386][INFO ][20220526132523219] [rdid=20220526132523219] [04-save file success   ] LabTime=   962(ms) ElapsedTime=  1166(ms) 
[2022-05-26 13:25:24.403][INFO ][20220526132523219] [rdid=20220526132523219] [05-export success      ] LabTime=    16(ms) ElapsedTime=  1182(ms) 
[2022-05-26 13:25:24.416][INFO ][20220526132523219] [rdid=20220526132523219] [06-process finish      ] LabTime=    14(ms) ElapsedTime=  1196(ms) 
[2022-05-26 13:26:27.518][INFO ][20220526132627517] [rdid=20220526132627517] [01-process start       ] LabTime=     0(ms) ElapsedTime=     0(ms) 
[2022-05-26 13:26:27.519][INFO ][20220526132627517] [rdid=20220526132627517] [02-write mml start(J-S)] LabTime=     2(ms) ElapsedTime=     2(ms) 
[2022-05-26 13:26:27.741][INFO ][20220526132627517] [rdid=20220526132627517] [03-write mml success   ] LabTime=   222(ms) ElapsedTime=   224(ms) 
[2022-05-26 13:26:27.741][INFO ][20220526132627517] [rdid=20220526132627517] [04-process success     ] LabTime=     0(ms) ElapsedTime=   224(ms) 
[2022-05-26 13:26:28.645][INFO ][20220526132628644] [rdid=20220526132628644] [01-process start       ] LabTime=     0(ms) ElapsedTime=     0(ms) 
[2022-05-26 13:26:28.645][INFO ][20220526132628644] [rdid=20220526132628644] [02-export start        ] LabTime=     0(ms) ElapsedTime=     0(ms) 
[2022-05-26 13:26:28.820][INFO ][20220526132628644] [rdid=20220526132628644] [03-open file success   ] LabTime=   174(ms) ElapsedTime=   174(ms) 
[2022-05-26 13:26:29.571][INFO ][20220526132628644] [rdid=20220526132628644] [04-save file success   ] LabTime=   752(ms) ElapsedTime=   926(ms) 
[2022-05-26 13:26:29.584][INFO ][20220526132628644] [rdid=20220526132628644] [05-export success      ] LabTime=    13(ms) ElapsedTime=   939(ms) 
[2022-05-26 13:26:29.620][INFO ][20220526132628644] [rdid=20220526132628644] [06-process finish      ] LabTime=    35(ms) ElapsedTime=   974(ms) 
[2022-05-26 13:26:34.136][INFO ][20220526132634135] [rdid=20220526132634135] [01-process start       ] LabTime=     1(ms) ElapsedTime=     1(ms) 
[2022-05-26 13:26:34.136][INFO ][20220526132634135] [rdid=20220526132634135] [02-export start        ] LabTime=     0(ms) ElapsedTime=     1(ms) 
[2022-05-26 13:26:34.285][INFO ][20220526132634135] [rdid=20220526132634135] [03-open file success   ] LabTime=   149(ms) ElapsedTime=   150(ms) 
[2022-05-26 13:26:34.973][INFO ][20220526132634135] [rdid=20220526132634135] [04-save file success   ] LabTime=   688(ms) ElapsedTime=   838(ms) 
[2022-05-26 13:26:34.985][INFO ][20220526132634135] [rdid=20220526132634135] [05-export success      ] LabTime=    12(ms) ElapsedTime=   850(ms) 
[2022-05-26 13:26:34.996][INFO ][20220526132634135] [rdid=20220526132634135] [06-process finish      ] LabTime=    11(ms) ElapsedTime=   861(ms) 
[2022-05-26 13:31:34.339][INFO ][20220526133134337] [rdid=20220526133134337] [01-process start       ] LabTime=     2(ms) ElapsedTime=     2(ms) 
[2022-05-26 13:31:34.342][INFO ][20220526133134337] [rdid=20220526133134337] [02-write mml start(J-S)] LabTime=     3(ms) ElapsedTime=     5(ms) 
[2022-05-26 13:31:34.542][INFO ][20220526133134337] [rdid=20220526133134337] [03-write mml success   ] LabTime=   200(ms) ElapsedTime=   205(ms) 
[2022-05-26 13:31:34.542][INFO ][20220526133134337] [rdid=20220526133134337] [04-process success     ] LabTime=     0(ms) ElapsedTime=   205(ms) 
[2022-05-26 13:31:36.409][INFO ][20220526133136408] [rdid=20220526133136408] [01-process start       ] LabTime=     0(ms) ElapsedTime=     0(ms) 
[2022-05-26 13:31:36.410][INFO ][20220526133136408] [rdid=20220526133136408] [02-export start        ] LabTime=     0(ms) ElapsedTime=     0(ms) 
[2022-05-26 13:31:36.517][INFO ][20220526133136408] [rdid=20220526133136408] [03-open file success   ] LabTime=   108(ms) ElapsedTime=   108(ms) 
[2022-05-26 13:31:37.242][INFO ][20220526133136408] [rdid=20220526133136408] [04-save file success   ] LabTime=   725(ms) ElapsedTime=   833(ms) 
[2022-05-26 13:31:37.255][INFO ][20220526133136408] [rdid=20220526133136408] [05-export success      ] LabTime=    13(ms) ElapsedTime=   846(ms) 
[2022-05-26 13:31:37.255][INFO ][20220526133136408] [rdid=20220526133136408] [06-process finish      ] LabTime=     0(ms) ElapsedTime=   846(ms) 
[2022-05-26 13:31:57.640][INFO ][20220526133157639] [rdid=20220526133157639] [01-process start       ] LabTime=     0(ms) ElapsedTime=     0(ms) 
[2022-05-26 13:31:57.640][INFO ][20220526133157639] [rdid=20220526133157639] [02-export start        ] LabTime=     0(ms) ElapsedTime=     0(ms) 
[2022-05-26 13:31:57.784][INFO ][20220526133157639] [rdid=20220526133157639] [03-open file success   ] LabTime=   144(ms) ElapsedTime=   144(ms) 
[2022-05-26 13:31:58.466][INFO ][20220526133157639] [rdid=20220526133157639] [04-save file success   ] LabTime=   682(ms) ElapsedTime=   826(ms) 
[2022-05-26 13:31:58.479][INFO ][20220526133157639] [rdid=20220526133157639] [05-export success      ] LabTime=    13(ms) ElapsedTime=   839(ms) 
[2022-05-26 13:31:58.479][INFO ][20220526133157639] [rdid=20220526133157639] [06-process finish      ] LabTime=     0(ms) ElapsedTime=   839(ms) 
[2022-05-26 13:32:17.539][INFO ][20220526133217538] [rdid=20220526133217538] [01-process start       ] LabTime=     1(ms) ElapsedTime=     1(ms) 
[2022-05-26 13:32:17.541][INFO ][20220526133217538] [rdid=20220526133217538] [02-write mml start(J-S)] LabTime=     2(ms) ElapsedTime=     3(ms) 
[2022-05-26 13:32:17.726][INFO ][20220526133217538] [rdid=20220526133217538] [03-write mml success   ] LabTime=   185(ms) ElapsedTime=   188(ms) 
[2022-05-26 13:32:17.726][INFO ][20220526133217538] [rdid=20220526133217538] [04-process success     ] LabTime=     0(ms) ElapsedTime=   188(ms) 
[2022-05-26 13:32:18.549][INFO ][20220526133218548] [rdid=20220526133218548] [01-process start       ] LabTime=     0(ms) ElapsedTime=     0(ms) 
[2022-05-26 13:32:18.551][INFO ][20220526133218548] [rdid=20220526133218548] [02-write mml start(J-S)] LabTime=     2(ms) ElapsedTime=     2(ms) 
[2022-05-26 13:32:18.745][INFO ][20220526133218548] [rdid=20220526133218548] [03-write mml success   ] LabTime=   193(ms) ElapsedTime=   195(ms) 
[2022-05-26 13:32:18.745][INFO ][20220526133218548] [rdid=20220526133218548] [04-process success     ] LabTime=     1(ms) ElapsedTime=   196(ms) 
[2022-05-26 13:32:19.152][INFO ][20220526133219151] [rdid=20220526133219151] [01-process start       ] LabTime=     0(ms) ElapsedTime=     0(ms) 
[2022-05-26 13:32:19.152][INFO ][20220526133219151] [rdid=20220526133219151] [02-export start        ] LabTime=     0(ms) ElapsedTime=     0(ms) 
[2022-05-26 13:32:19.271][INFO ][20220526133219151] [rdid=20220526133219151] [03-open file success   ] LabTime=   119(ms) ElapsedTime=   119(ms) 
[2022-05-26 13:32:20.053][INFO ][20220526133219151] [rdid=20220526133219151] [04-save file success   ] LabTime=   781(ms) ElapsedTime=   900(ms) 
[2022-05-26 13:32:20.073][INFO ][20220526133219151] [rdid=20220526133219151] [05-export success      ] LabTime=    21(ms) ElapsedTime=   921(ms) 
[2022-05-26 13:32:20.073][INFO ][20220526133219151] [rdid=20220526133219151] [06-process finish      ] LabTime=     0(ms) ElapsedTime=   921(ms) 
[2022-05-26 13:32:35.903][INFO ][20220526133235902] [rdid=20220526133235902] [01-process start       ] LabTime=     0(ms) ElapsedTime=     0(ms) 
[2022-05-26 13:32:35.905][INFO ][20220526133235902] [rdid=20220526133235902] [02-write mml start(J-S)] LabTime=     2(ms) ElapsedTime=     2(ms) 
[2022-05-26 13:32:36.111][INFO ][20220526133235902] [rdid=20220526133235902] [03-write mml success   ] LabTime=   205(ms) ElapsedTime=   207(ms) 
[2022-05-26 13:32:36.111][INFO ][20220526133235902] [rdid=20220526133235902] [04-process success     ] LabTime=     1(ms) ElapsedTime=   208(ms) 
[2022-05-26 14:04:32.657][INFO ][20220526140432656] [rdid=20220526140432656] [01-process start       ] LabTime=     0(ms) ElapsedTime=     0(ms) 
[2022-05-26 14:04:32.661][INFO ][20220526140432656] [rdid=20220526140432656] [02-write mml start(J-S)] LabTime=     4(ms) ElapsedTime=     4(ms) 
[2022-05-26 14:04:32.883][INFO ][20220526140432656] [rdid=20220526140432656] [03-write mml success   ] LabTime=   222(ms) ElapsedTime=   226(ms) 
[2022-05-26 14:04:32.884][INFO ][20220526140432656] [rdid=20220526140432656] [04-process success     ] LabTime=     0(ms) ElapsedTime=   226(ms) 
[2022-05-26 14:04:35.047][INFO ][20220526140435046] [rdid=20220526140435046] [01-process start       ] LabTime=     0(ms) ElapsedTime=     0(ms) 
[2022-05-26 14:04:35.047][INFO ][20220526140435046] [rdid=20220526140435046] [02-export start        ] LabTime=     0(ms) ElapsedTime=     0(ms) 
[2022-05-26 14:04:35.204][INFO ][20220526140435046] [rdid=20220526140435046] [03-open file success   ] LabTime=   157(ms) ElapsedTime=   157(ms) 
[2022-05-26 14:04:35.893][INFO ][20220526140435046] [rdid=20220526140435046] [04-save file success   ] LabTime=   689(ms) ElapsedTime=   846(ms) 
[2022-05-26 14:04:35.908][INFO ][20220526140435046] [rdid=20220526140435046] [05-export success      ] LabTime=    15(ms) ElapsedTime=   861(ms) 
[2022-05-26 14:04:35.939][INFO ][20220526140435046] [rdid=20220526140435046] [06-process finish      ] LabTime=    31(ms) ElapsedTime=   892(ms) 
[2022-05-26 14:04:43.558][INFO ][20220526140443554] [rdid=20220526140443554] [01-process start       ] LabTime=     0(ms) ElapsedTime=     0(ms) 
[2022-05-26 14:04:43.559][INFO ][20220526140443554] [rdid=20220526140443554] [02-export start        ] LabTime=     0(ms) ElapsedTime=     0(ms) 
[2022-05-26 14:04:43.791][INFO ][20220526140443554] [rdid=20220526140443554] [03-open file success   ] LabTime=   233(ms) ElapsedTime=   233(ms) 
[2022-05-26 14:04:44.635][INFO ][20220526140443554] [rdid=20220526140443554] [04-save file success   ] LabTime=   843(ms) ElapsedTime=  1076(ms) 
[2022-05-26 14:04:44.654][INFO ][20220526140443554] [rdid=20220526140443554] [05-export success      ] LabTime=    20(ms) ElapsedTime=  1096(ms) 
[2022-05-26 14:04:44.665][INFO ][20220526140443554] [rdid=20220526140443554] [06-process finish      ] LabTime=    10(ms) ElapsedTime=  1106(ms) 
[2022-05-26 14:05:01.146][INFO ][20220526140501146] [rdid=20220526140501146] [01-process start       ] LabTime=     0(ms) ElapsedTime=     0(ms) 
[2022-05-26 14:05:01.147][INFO ][20220526140501146] [rdid=20220526140501146] [02-export start        ] LabTime=     1(ms) ElapsedTime=     1(ms) 
[2022-05-26 14:05:01.334][INFO ][20220526140501146] [rdid=20220526140501146] [03-open file success   ] LabTime=   187(ms) ElapsedTime=   188(ms) 
[2022-05-26 14:05:02.074][INFO ][20220526140501146] [rdid=20220526140501146] [04-save file success   ] LabTime=   740(ms) ElapsedTime=   928(ms) 
[2022-05-26 14:05:02.088][INFO ][20220526140501146] [rdid=20220526140501146] [05-export success      ] LabTime=    14(ms) ElapsedTime=   942(ms) 
[2022-05-26 14:05:02.099][INFO ][20220526140501146] [rdid=20220526140501146] [06-process finish      ] LabTime=    11(ms) ElapsedTime=   953(ms) 
[2022-05-26 14:14:03.886][INFO ][20220526141403885] [rdid=20220526141403885] [01-process start       ] LabTime=     0(ms) ElapsedTime=     0(ms) 
[2022-05-26 14:14:03.889][INFO ][20220526141403885] [rdid=20220526141403885] [02-write mml start(J-S)] LabTime=     3(ms) ElapsedTime=     3(ms) 
[2022-05-26 14:14:04.120][INFO ][20220526141403885] [rdid=20220526141403885] [03-write mml success   ] LabTime=   231(ms) ElapsedTime=   234(ms) 
[2022-05-26 14:14:04.120][INFO ][20220526141403885] [rdid=20220526141403885] [04-process success     ] LabTime=     0(ms) ElapsedTime=   234(ms) 
[2022-05-26 14:14:06.448][INFO ][20220526141406447] [rdid=20220526141406447] [01-process start       ] LabTime=     0(ms) ElapsedTime=     0(ms) 
[2022-05-26 14:14:06.448][INFO ][20220526141406447] [rdid=20220526141406447] [02-export start        ] LabTime=     0(ms) ElapsedTime=     0(ms) 
[2022-05-26 14:14:06.579][INFO ][20220526141406447] [rdid=20220526141406447] [03-open file success   ] LabTime=   131(ms) ElapsedTime=   131(ms) 
[2022-05-26 14:14:07.250][INFO ][20220526141406447] [rdid=20220526141406447] [04-save file success   ] LabTime=   671(ms) ElapsedTime=   802(ms) 
[2022-05-26 14:14:07.268][INFO ][20220526141406447] [rdid=20220526141406447] [05-export success      ] LabTime=    18(ms) ElapsedTime=   820(ms) 
[2022-05-26 14:14:07.269][INFO ][20220526141406447] [rdid=20220526141406447] [06-process finish      ] LabTime=     1(ms) ElapsedTime=   821(ms) 
[2022-05-26 14:14:23.475][INFO ][20220526141423474] [rdid=20220526141423474] [01-process start       ] LabTime=     1(ms) ElapsedTime=     1(ms) 
[2022-05-26 14:14:23.477][INFO ][20220526141423474] [rdid=20220526141423474] [02-write mml start(J-S)] LabTime=     2(ms) ElapsedTime=     3(ms) 
[2022-05-26 14:14:23.778][INFO ][20220526141423474] [rdid=20220526141423474] [03-write mml success   ] LabTime=   301(ms) ElapsedTime=   304(ms) 
[2022-05-26 14:14:23.778][INFO ][20220526141423474] [rdid=20220526141423474] [04-process success     ] LabTime=     0(ms) ElapsedTime=   304(ms) 
[2022-05-26 14:14:27.383][INFO ][20220526141427382] [rdid=20220526141427382] [01-process start       ] LabTime=     1(ms) ElapsedTime=     1(ms) 
[2022-05-26 14:14:27.383][INFO ][20220526141427382] [rdid=20220526141427382] [02-export start        ] LabTime=     0(ms) ElapsedTime=     1(ms) 
[2022-05-26 14:14:27.529][INFO ][20220526141427382] [rdid=20220526141427382] [03-open file success   ] LabTime=   146(ms) ElapsedTime=   147(ms) 
[2022-05-26 14:14:28.230][INFO ][20220526141427382] [rdid=20220526141427382] [04-save file success   ] LabTime=   701(ms) ElapsedTime=   848(ms) 
[2022-05-26 14:14:28.247][INFO ][20220526141427382] [rdid=20220526141427382] [05-export success      ] LabTime=    17(ms) ElapsedTime=   865(ms) 
[2022-05-26 14:14:28.248][INFO ][20220526141427382] [rdid=20220526141427382] [06-process finish      ] LabTime=     1(ms) ElapsedTime=   866(ms) 
[2022-05-26 14:17:44.623][INFO ][20220526141744621] [rdid=20220526141744621] [01-process start       ] LabTime=     0(ms) ElapsedTime=     0(ms) 
[2022-05-26 14:17:44.625][INFO ][20220526141744621] [rdid=20220526141744621] [02-write mml start(J-S)] LabTime=     3(ms) ElapsedTime=     3(ms) 
[2022-05-26 14:17:44.846][INFO ][20220526141744621] [rdid=20220526141744621] [03-write mml success   ] LabTime=   221(ms) ElapsedTime=   224(ms) 
[2022-05-26 14:17:44.846][INFO ][20220526141744621] [rdid=20220526141744621] [04-process success     ] LabTime=     0(ms) ElapsedTime=   224(ms) 
[2022-05-26 14:17:59.450][INFO ][20220526141759449] [rdid=20220526141759449] [01-process start       ] LabTime=     0(ms) ElapsedTime=     0(ms) 
[2022-05-26 14:17:59.453][INFO ][20220526141759449] [rdid=20220526141759449] [02-write mml start(J-S)] LabTime=     3(ms) ElapsedTime=     3(ms) 
[2022-05-26 14:17:59.680][INFO ][20220526141759449] [rdid=20220526141759449] [03-write mml success   ] LabTime=   227(ms) ElapsedTime=   230(ms) 
[2022-05-26 14:17:59.680][INFO ][20220526141759449] [rdid=20220526141759449] [04-process success     ] LabTime=     0(ms) ElapsedTime=   230(ms) 
[2022-05-26 14:18:00.215][INFO ][20220526141800215] [rdid=20220526141800215] [01-process start       ] LabTime=     0(ms) ElapsedTime=     0(ms) 
[2022-05-26 14:18:00.215][INFO ][20220526141800215] [rdid=20220526141800215] [02-export start        ] LabTime=     0(ms) ElapsedTime=     0(ms) 
[2022-05-26 14:18:00.361][INFO ][20220526141800215] [rdid=20220526141800215] [03-open file success   ] LabTime=   146(ms) ElapsedTime=   146(ms) 
[2022-05-26 14:18:01.076][INFO ][20220526141800215] [rdid=20220526141800215] [04-save file success   ] LabTime=   715(ms) ElapsedTime=   861(ms) 
[2022-05-26 14:18:01.092][INFO ][20220526141800215] [rdid=20220526141800215] [05-export success      ] LabTime=    16(ms) ElapsedTime=   877(ms) 
[2022-05-26 14:18:01.093][INFO ][20220526141800215] [rdid=20220526141800215] [06-process finish      ] LabTime=     1(ms) ElapsedTime=   878(ms) 
[2022-05-26 14:59:52.706][INFO ][20220526145952704] [rdid=20220526145952704] [01-process start       ] LabTime=     1(ms) ElapsedTime=     1(ms) 
[2022-05-26 14:59:52.706][INFO ][20220526145952704] [rdid=20220526145952704] [02-export start        ] LabTime=     0(ms) ElapsedTime=     1(ms) 
[2022-05-26 14:59:52.893][INFO ][20220526145952704] [rdid=20220526145952704] [03-open file success   ] LabTime=   187(ms) ElapsedTime=   188(ms) 
[2022-05-26 14:59:53.586][INFO ][20220526145952704] [rdid=20220526145952704] [04-save file success   ] LabTime=   693(ms) ElapsedTime=   881(ms) 
[2022-05-26 14:59:53.601][INFO ][20220526145952704] [rdid=20220526145952704] [05-export success      ] LabTime=    15(ms) ElapsedTime=   896(ms) 
[2022-05-26 14:59:53.601][INFO ][20220526145952704] [rdid=20220526145952704] [06-process finish      ] LabTime=     0(ms) ElapsedTime=   896(ms) 
[2022-05-26 15:01:11.862][INFO ][20220526150111861] [rdid=20220526150111861] [01-process start       ] LabTime=     0(ms) ElapsedTime=     0(ms) 
[2022-05-26 15:01:11.865][INFO ][20220526150111861] [rdid=20220526150111861] [02-write mml start(J-S)] LabTime=     3(ms) ElapsedTime=     3(ms) 
[2022-05-26 15:01:12.091][INFO ][20220526150111861] [rdid=20220526150111861] [03-write mml success   ] LabTime=   226(ms) ElapsedTime=   229(ms) 
[2022-05-26 15:01:12.091][INFO ][20220526150111861] [rdid=20220526150111861] [04-process success     ] LabTime=     0(ms) ElapsedTime=   229(ms) 
[2022-05-26 15:01:23.599][INFO ][20220526150123598] [rdid=20220526150123598] [01-process start       ] LabTime=     0(ms) ElapsedTime=     0(ms) 
[2022-05-26 15:01:23.601][INFO ][20220526150123598] [rdid=20220526150123598] [02-write mml start(J-S)] LabTime=     3(ms) ElapsedTime=     3(ms) 
[2022-05-26 15:01:23.855][INFO ][20220526150123598] [rdid=20220526150123598] [03-write mml success   ] LabTime=   253(ms) ElapsedTime=   256(ms) 
[2022-05-26 15:01:23.855][INFO ][20220526150123598] [rdid=20220526150123598] [04-process success     ] LabTime=     1(ms) ElapsedTime=   257(ms) 
[2022-05-26 15:01:24.135][INFO ][20220526150124134] [rdid=20220526150124134] [01-process start       ] LabTime=     0(ms) ElapsedTime=     0(ms) 
[2022-05-26 15:01:24.135][INFO ][20220526150124134] [rdid=20220526150124134] [02-export start        ] LabTime=     0(ms) ElapsedTime=     0(ms) 
[2022-05-26 15:01:24.291][INFO ][20220526150124134] [rdid=20220526150124134] [03-open file success   ] LabTime=   156(ms) ElapsedTime=   156(ms) 
[2022-05-26 15:01:25.037][INFO ][20220526150124134] [rdid=20220526150124134] [04-save file success   ] LabTime=   746(ms) ElapsedTime=   902(ms) 
[2022-05-26 15:01:25.049][INFO ][20220526150124134] [rdid=20220526150124134] [05-export success      ] LabTime=    12(ms) ElapsedTime=   914(ms) 
[2022-05-26 15:01:25.050][INFO ][20220526150124134] [rdid=20220526150124134] [06-process finish      ] LabTime=     1(ms) ElapsedTime=   915(ms) 
[2022-05-26 15:01:37.312][INFO ][20220526150137311] [rdid=20220526150137311] [01-process start       ] LabTime=     0(ms) ElapsedTime=     0(ms) 
[2022-05-26 15:01:37.316][INFO ][20220526150137311] [rdid=20220526150137311] [02-write mml start(J-S)] LabTime=     4(ms) ElapsedTime=     4(ms) 
[2022-05-26 15:01:37.546][INFO ][20220526150137311] [rdid=20220526150137311] [03-write mml success   ] LabTime=   230(ms) ElapsedTime=   234(ms) 
[2022-05-26 15:01:37.546][INFO ][20220526150137311] [rdid=20220526150137311] [04-process success     ] LabTime=     0(ms) ElapsedTime=   234(ms) 
[2022-05-26 15:01:39.792][INFO ][20220526150139791] [rdid=20220526150139791] [01-process start       ] LabTime=     0(ms) ElapsedTime=     0(ms) 
[2022-05-26 15:01:39.792][INFO ][20220526150139791] [rdid=20220526150139791] [02-export start        ] LabTime=     0(ms) ElapsedTime=     0(ms) 
[2022-05-26 15:01:39.970][INFO ][20220526150139791] [rdid=20220526150139791] [03-open file success   ] LabTime=   178(ms) ElapsedTime=   178(ms) 
[2022-05-26 15:01:40.684][INFO ][20220526150139791] [rdid=20220526150139791] [04-save file success   ] LabTime=   714(ms) ElapsedTime=   892(ms) 
[2022-05-26 15:01:40.702][INFO ][20220526150139791] [rdid=20220526150139791] [05-export success      ] LabTime=    18(ms) ElapsedTime=   910(ms) 
[2022-05-26 15:01:40.702][INFO ][20220526150139791] [rdid=20220526150139791] [06-process finish      ] LabTime=     0(ms) ElapsedTime=   910(ms) 
[2022-05-26 15:01:50.097][INFO ][20220526150150096] [rdid=20220526150150096] [01-process start       ] LabTime=     1(ms) ElapsedTime=     1(ms) 
[2022-05-26 15:01:50.099][INFO ][20220526150150096] [rdid=20220526150150096] [02-write mml start(J-S)] LabTime=     2(ms) ElapsedTime=     3(ms) 
[2022-05-26 15:01:50.326][INFO ][20220526150150096] [rdid=20220526150150096] [03-write mml success   ] LabTime=   227(ms) ElapsedTime=   230(ms) 
[2022-05-26 15:01:50.326][INFO ][20220526150150096] [rdid=20220526150150096] [04-process success     ] LabTime=     0(ms) ElapsedTime=   230(ms) 
[2022-05-26 15:01:52.888][INFO ][20220526150152887] [rdid=20220526150152887] [01-process start       ] LabTime=     0(ms) ElapsedTime=     0(ms) 
[2022-05-26 15:01:52.889][INFO ][20220526150152887] [rdid=20220526150152887] [02-export start        ] LabTime=     1(ms) ElapsedTime=     1(ms) 
[2022-05-26 15:01:53.077][INFO ][20220526150152887] [rdid=20220526150152887] [03-open file success   ] LabTime=   188(ms) ElapsedTime=   189(ms) 
[2022-05-26 15:01:53.812][INFO ][20220526150152887] [rdid=20220526150152887] [04-save file success   ] LabTime=   734(ms) ElapsedTime=   923(ms) 
[2022-05-26 15:01:53.827][INFO ][20220526150152887] [rdid=20220526150152887] [05-export success      ] LabTime=    16(ms) ElapsedTime=   939(ms) 
[2022-05-26 15:01:53.827][INFO ][20220526150152887] [rdid=20220526150152887] [06-process finish      ] LabTime=     0(ms) ElapsedTime=   939(ms) 
[2022-05-26 15:16:59.935][INFO ][20220526151659934] [rdid=20220526151659934] [01-process start       ] LabTime=     0(ms) ElapsedTime=     0(ms) 
[2022-05-26 15:16:59.935][INFO ][20220526151659934] [rdid=20220526151659934] [02-export start        ] LabTime=     0(ms) ElapsedTime=     0(ms) 
[2022-05-26 15:17:00.085][INFO ][20220526151659934] [rdid=20220526151659934] [03-open file success   ] LabTime=   150(ms) ElapsedTime=   150(ms) 
[2022-05-26 15:17:00.850][INFO ][20220526151659934] [rdid=20220526151659934] [04-save file success   ] LabTime=   765(ms) ElapsedTime=   915(ms) 
[2022-05-26 15:17:00.867][INFO ][20220526151659934] [rdid=20220526151659934] [05-export success      ] LabTime=    16(ms) ElapsedTime=   931(ms) 
[2022-05-26 15:17:00.883][INFO ][20220526151659934] [rdid=20220526151659934] [06-process finish      ] LabTime=    17(ms) ElapsedTime=   948(ms) 
[2022-05-26 15:17:38.979][INFO ][20220526151738978] [rdid=20220526151738978] [01-process start       ] LabTime=     0(ms) ElapsedTime=     0(ms) 
[2022-05-26 15:17:38.979][INFO ][20220526151738978] [rdid=20220526151738978] [02-export start        ] LabTime=     0(ms) ElapsedTime=     0(ms) 
[2022-05-26 15:17:39.121][INFO ][20220526151738978] [rdid=20220526151738978] [03-open file success   ] LabTime=   142(ms) ElapsedTime=   142(ms) 
[2022-05-26 15:17:39.835][INFO ][20220526151738978] [rdid=20220526151738978] [04-save file success   ] LabTime=   713(ms) ElapsedTime=   855(ms) 
[2022-05-26 15:17:39.848][INFO ][20220526151738978] [rdid=20220526151738978] [05-export success      ] LabTime=    14(ms) ElapsedTime=   869(ms) 
[2022-05-26 15:17:39.863][INFO ][20220526151738978] [rdid=20220526151738978] [06-process finish      ] LabTime=    15(ms) ElapsedTime=   884(ms) 
[2022-05-26 15:21:18.063][INFO ][20220526152118062] [rdid=20220526152118062] [01-process start       ] LabTime=     0(ms) ElapsedTime=     0(ms) 
[2022-05-26 15:21:18.066][INFO ][20220526152118062] [rdid=20220526152118062] [02-write mml start(J-S)] LabTime=     3(ms) ElapsedTime=     3(ms) 
[2022-05-26 15:21:18.296][INFO ][20220526152118062] [rdid=20220526152118062] [03-write mml success   ] LabTime=   229(ms) ElapsedTime=   232(ms) 
[2022-05-26 15:21:18.296][INFO ][20220526152118062] [rdid=20220526152118062] [04-process success     ] LabTime=     1(ms) ElapsedTime=   233(ms) 
[2022-05-26 15:21:23.223][INFO ][20220526152123222] [rdid=20220526152123222] [01-process start       ] LabTime=     1(ms) ElapsedTime=     1(ms) 
[2022-05-26 15:21:23.223][INFO ][20220526152123222] [rdid=20220526152123222] [02-export start        ] LabTime=     0(ms) ElapsedTime=     1(ms) 
[2022-05-26 15:21:23.431][INFO ][20220526152123222] [rdid=20220526152123222] [03-open file success   ] LabTime=   208(ms) ElapsedTime=   209(ms) 
[2022-05-26 15:21:24.187][INFO ][20220526152123222] [rdid=20220526152123222] [04-save file success   ] LabTime=   756(ms) ElapsedTime=   965(ms) 
[2022-05-26 15:21:24.203][INFO ][20220526152123222] [rdid=20220526152123222] [05-export success      ] LabTime=    16(ms) ElapsedTime=   981(ms) 
[2022-05-26 15:21:24.203][INFO ][20220526152123222] [rdid=20220526152123222] [06-process finish      ] LabTime=     0(ms) ElapsedTime=   981(ms) 
[2022-05-26 15:23:52.153][INFO ][20220526152352152] [rdid=20220526152352152] [01-process start       ] LabTime=     1(ms) ElapsedTime=     1(ms) 
[2022-05-26 15:23:52.153][INFO ][20220526152352152] [rdid=20220526152352152] [02-export start        ] LabTime=     0(ms) ElapsedTime=     1(ms) 
[2022-05-26 15:23:52.256][INFO ][20220526152352152] [rdid=20220526152352152] [03-open file success   ] LabTime=   103(ms) ElapsedTime=   104(ms) 
[2022-05-26 15:23:52.937][INFO ][20220526152352152] [rdid=20220526152352152] [04-save file success   ] LabTime=   681(ms) ElapsedTime=   785(ms) 
[2022-05-26 15:23:52.953][INFO ][20220526152352152] [rdid=20220526152352152] [05-export success      ] LabTime=    16(ms) ElapsedTime=   801(ms) 
[2022-05-26 15:23:52.953][INFO ][20220526152352152] [rdid=20220526152352152] [06-process finish      ] LabTime=     0(ms) ElapsedTime=   801(ms) 
[2022-05-26 15:31:36.827][INFO ][20220526153136827] [rdid=20220526153136827] [01-process start       ] LabTime=     0(ms) ElapsedTime=     0(ms) 
[2022-05-26 15:31:36.828][INFO ][20220526153136827] [rdid=20220526153136827] [02-export start        ] LabTime=     1(ms) ElapsedTime=     1(ms) 
[2022-05-26 15:31:36.939][INFO ][20220526153136827] [rdid=20220526153136827] [03-open file success   ] LabTime=   111(ms) ElapsedTime=   112(ms) 
[2022-05-26 15:31:37.616][INFO ][20220526153136827] [rdid=20220526153136827] [04-save file success   ] LabTime=   677(ms) ElapsedTime=   789(ms) 
[2022-05-26 15:31:37.631][INFO ][20220526153136827] [rdid=20220526153136827] [05-export success      ] LabTime=    15(ms) ElapsedTime=   804(ms) 
[2022-05-26 15:31:37.631][INFO ][20220526153136827] [rdid=20220526153136827] [06-process finish      ] LabTime=     0(ms) ElapsedTime=   804(ms) 
