[
log_version=6.0
server_name=ERS Reporting Server
server_version=6.4.5.430
jbre_version=5.5.14.1010
customer_name=¸ÞµðÁ¨ÈÞ¸ÕÄÉ¾î
user.dir=C:\WINDOWS\system32
os.name=Windows 10
os.version=10.0
java.version=1.8.0_275
java.vm.version=25.275-b01
java.vm.vendor=ojdkbuild
java.vm.name=OpenJDK 64-Bit Server VM
java.home=C:\Java\java-1.8.0-openjdk-1.8.0.275-1\jre
java.class.path=C:\Program Files\Apache Software Foundation\apache-tomcat-8.5.50\webapps\ReportingServer\bin\ers-daemon.jar;C:\Program Files\Apache Software Foundation\apache-tomcat-8.5.50\webapps\ReportingServer\bin\ers-common.jar;C:\Program Files\Apache Software Foundation\apache-tomcat-8.5.50\webapps\ReportingServer\bin\jetty\ant-1.6.5.jar;C:\Program Files\Apache Software Foundation\apache-tomcat-8.5.50\webapps\ReportingServer\bin\jetty\core-3.1.1.jar;C:\Program Files\Apache Software Foundation\apache-tomcat-8.5.50\webapps\ReportingServer\bin\jetty\jetty-6.1.26.jar;C:\Program Files\Apache Software Foundation\apache-tomcat-8.5.50\webapps\ReportingServer\bin\jetty\jetty-util-6.1.26.jar;C:\Program Files\Apache Software Foundation\apache-tomcat-8.5.50\webapps\ReportingServer\bin\jetty\jsp-2.1-glassfish-2.1.v20091210.jar;C:\Program Files\Apache Software Foundation\apache-tomcat-8.5.50\webapps\ReportingServer\bin\jetty\jsp-2.1-jetty-6.1.26.jar;C:\Program Files\Apache Software Foundation\apache-tomcat-8.5.50\webapps\ReportingServer\bin\jetty\jsp-api-2.1-glassfish-2.1.v20091210.jar;C:\Program Files\Apache Software Foundation\apache-tomcat-8.5.50\webapps\ReportingServer\bin\jetty\servlet-api-2.5-20081211.jar
file.encoding=EUC_KR
user.language=ko
]

[2022-08-04 10:26:13.960][INFO ][20220804102613867] [rdid=20220804102613867] [01-process start       ] LabTime=     9(ms) ElapsedTime=     9(ms) 
[2022-08-04 10:26:14.978][INFO ][20220804102613867] [rdid=20220804102613867] [02-write mml start(J-M)] LabTime=  1018(ms) ElapsedTime=  1027(ms) 
[2022-08-04 10:26:18.073][INFO ][20220804102613867] [rdid=20220804102613867] [03-write mml success   ] LabTime=  3096(ms) ElapsedTime=  4123(ms) 
[2022-08-04 10:26:18.075][INFO ][20220804102613867] [rdid=20220804102613867] [04-process success     ] LabTime=     1(ms) ElapsedTime=  4124(ms) 
[2022-08-04 10:26:31.593][INFO ][20220804102613867] [rdid=20220804102613867] [01-process start       ] LabTime=     1(ms) ElapsedTime=     1(ms) 
[2022-08-04 10:26:31.594][INFO ][20220804102613867] [rdid=20220804102613867] [02-export start        ] LabTime=     2(ms) ElapsedTime=     3(ms) 
[2022-08-04 10:26:43.244][INFO ][20220804102613867] [rdid=20220804102613867] [03-convert success     ] LabTime= 11650(ms) ElapsedTime= 11653(ms) 
[2022-08-04 10:26:43.245][INFO ][20220804102613867] [rdid=20220804102613867] [04-process finish      ] LabTime=     1(ms) ElapsedTime= 11654(ms) 
[2022-08-04 11:21:06.822][INFO ][20220804112106818] [rdid=20220804112106818] [01-process start       ] LabTime=     2(ms) ElapsedTime=     2(ms) 
[2022-08-04 11:21:06.829][INFO ][20220804112106818] [rdid=20220804112106818] [02-write mml start(J-M)] LabTime=     6(ms) ElapsedTime=     8(ms) 
[2022-08-04 11:21:07.683][INFO ][20220804112106818] [rdid=20220804112106818] [03-write mml success   ] LabTime=   855(ms) ElapsedTime=   863(ms) 
[2022-08-04 11:21:07.684][INFO ][20220804112106818] [rdid=20220804112106818] [04-process success     ] LabTime=     0(ms) ElapsedTime=   863(ms) 
[2022-08-04 11:21:53.016][INFO ][20220804112153013] [rdid=20220804112153013] [01-process start       ] LabTime=     1(ms) ElapsedTime=     1(ms) 
[2022-08-04 11:21:53.021][INFO ][20220804112153013] [rdid=20220804112153013] [02-write mml start(J-M)] LabTime=     5(ms) ElapsedTime=     6(ms) 
[2022-08-04 11:21:53.643][INFO ][20220804112153013] [rdid=20220804112153013] [03-write mml success   ] LabTime=   622(ms) ElapsedTime=   628(ms) 
[2022-08-04 11:21:53.644][INFO ][20220804112153013] [rdid=20220804112153013] [04-process success     ] LabTime=     0(ms) ElapsedTime=   628(ms) 
[2022-08-04 11:22:03.696][INFO ][20220804112203694] [rdid=20220804112203694] [01-process start       ] LabTime=     0(ms) ElapsedTime=     0(ms) 
[2022-08-04 11:22:03.700][INFO ][20220804112203694] [rdid=20220804112203694] [02-write mml start(J-M)] LabTime=     5(ms) ElapsedTime=     5(ms) 
[2022-08-04 11:22:04.112][INFO ][20220804112203694] [rdid=20220804112203694] [03-write mml success   ] LabTime=   411(ms) ElapsedTime=   416(ms) 
[2022-08-04 11:22:04.112][INFO ][20220804112203694] [rdid=20220804112203694] [04-process success     ] LabTime=     1(ms) ElapsedTime=   417(ms) 
[2022-08-04 16:27:18.818][INFO ][20220804162718817] [rdid=20220804162718817] [01-process start       ] LabTime=     1(ms) ElapsedTime=     1(ms) 
[2022-08-04 16:27:18.819][INFO ][20220804162718817] [rdid=20220804162718817] [02-export start        ] LabTime=     1(ms) ElapsedTime=     2(ms) 
[2022-08-04 16:27:19.175][INFO ][20220804162718817] [rdid=20220804162718817] [03-open file success   ] LabTime=   356(ms) ElapsedTime=   358(ms) 
[2022-08-04 16:27:19.450][INFO ][20220804162718817] [rdid=20220804162718817] [04-save file success   ] LabTime=   275(ms) ElapsedTime=   633(ms) 
[2022-08-04 16:27:19.451][INFO ][20220804162718817] [rdid=20220804162718817] [05-export success      ] LabTime=     1(ms) ElapsedTime=   634(ms) 
[2022-08-04 16:27:19.452][INFO ][20220804162718817] [rdid=20220804162718817] [06-process finish      ] LabTime=     1(ms) ElapsedTime=   635(ms) 
[2022-08-04 16:28:24.141][INFO ][20220804162824140] [rdid=20220804162824140] [01-process start       ] LabTime=     1(ms) ElapsedTime=     1(ms) 
[2022-08-04 16:28:24.142][INFO ][20220804162824140] [rdid=20220804162824140] [02-export start        ] LabTime=     1(ms) ElapsedTime=     2(ms) 
[2022-08-04 16:28:24.346][INFO ][20220804162824140] [rdid=20220804162824140] [03-open file success   ] LabTime=   204(ms) ElapsedTime=   206(ms) 
[2022-08-04 16:28:26.619][INFO ][20220804162824140] [rdid=20220804162824140] [04-save file success   ] LabTime=  2273(ms) ElapsedTime=  2479(ms) 
[2022-08-04 16:28:26.620][INFO ][20220804162824140] [rdid=20220804162824140] [05-export success      ] LabTime=     1(ms) ElapsedTime=  2480(ms) 
[2022-08-04 16:28:26.621][INFO ][20220804162824140] [rdid=20220804162824140] [06-process finish      ] LabTime=     1(ms) ElapsedTime=  2481(ms) 
[2022-08-04 16:28:33.911][INFO ][20220804162833910] [rdid=20220804162833910] [01-process start       ] LabTime=     0(ms) ElapsedTime=     0(ms) 
[2022-08-04 16:28:33.912][INFO ][20220804162833910] [rdid=20220804162833910] [02-export start        ] LabTime=     0(ms) ElapsedTime=     0(ms) 
[2022-08-04 16:28:34.054][INFO ][20220804162833910] [rdid=20220804162833910] [03-open file success   ] LabTime=   143(ms) ElapsedTime=   143(ms) 
[2022-08-04 16:28:35.693][INFO ][20220804162833910] [rdid=20220804162833910] [04-save file success   ] LabTime=  1639(ms) ElapsedTime=  1782(ms) 
[2022-08-04 16:28:35.694][INFO ][20220804162833910] [rdid=20220804162833910] [05-export success      ] LabTime=     1(ms) ElapsedTime=  1783(ms) 
[2022-08-04 16:28:35.695][INFO ][20220804162833910] [rdid=20220804162833910] [06-process finish      ] LabTime=     1(ms) ElapsedTime=  1784(ms) 
[2022-08-04 16:32:49.411][INFO ][20220804163249408] [rdid=20220804163249408] [01-process start       ] LabTime=     1(ms) ElapsedTime=     1(ms) 
[2022-08-04 16:32:49.411][INFO ][20220804163249408] [rdid=20220804163249408] [02-export start        ] LabTime=     0(ms) ElapsedTime=     1(ms) 
[2022-08-04 16:32:49.537][INFO ][20220804163249408] [rdid=20220804163249408] [03-open file success   ] LabTime=   126(ms) ElapsedTime=   127(ms) 
[2022-08-04 16:32:50.622][INFO ][20220804163249408] [rdid=20220804163249408] [04-save file success   ] LabTime=  1085(ms) ElapsedTime=  1212(ms) 
[2022-08-04 16:32:50.646][INFO ][20220804163249408] [rdid=20220804163249408] [05-export success      ] LabTime=    24(ms) ElapsedTime=  1236(ms) 
[2022-08-04 16:32:50.648][INFO ][20220804163249408] [rdid=20220804163249408] [06-process finish      ] LabTime=     2(ms) ElapsedTime=  1238(ms) 
[2022-08-04 16:35:17.124][INFO ][20220804163517123] [rdid=20220804163517123] [01-process start       ] LabTime=     1(ms) ElapsedTime=     1(ms) 
[2022-08-04 16:35:17.124][INFO ][20220804163517123] [rdid=20220804163517123] [02-export start        ] LabTime=     0(ms) ElapsedTime=     1(ms) 
[2022-08-04 16:35:17.230][INFO ][20220804163517123] [rdid=20220804163517123] [03-open file success   ] LabTime=   106(ms) ElapsedTime=   107(ms) 
[2022-08-04 16:35:18.143][INFO ][20220804163517123] [rdid=20220804163517123] [04-save file success   ] LabTime=   913(ms) ElapsedTime=  1020(ms) 
[2022-08-04 16:35:18.159][INFO ][20220804163517123] [rdid=20220804163517123] [05-export success      ] LabTime=    16(ms) ElapsedTime=  1036(ms) 
[2022-08-04 16:35:18.160][INFO ][20220804163517123] [rdid=20220804163517123] [06-process finish      ] LabTime=     1(ms) ElapsedTime=  1037(ms) 
[2022-08-04 16:36:57.643][INFO ][20220804163657638] [rdid=20220804163657638] [01-process start       ] LabTime=     5(ms) ElapsedTime=     5(ms) 
[2022-08-04 16:36:57.644][INFO ][20220804163657638] [rdid=20220804163657638] [02-export start        ] LabTime=     1(ms) ElapsedTime=     6(ms) 
[2022-08-04 16:36:57.778][INFO ][20220804163657638] [rdid=20220804163657638] [03-open file success   ] LabTime=   134(ms) ElapsedTime=   140(ms) 
[2022-08-04 16:36:58.763][INFO ][20220804163657638] [rdid=20220804163657638] [04-save file success   ] LabTime=   985(ms) ElapsedTime=  1125(ms) 
[2022-08-04 16:36:58.764][INFO ][20220804163657638] [rdid=20220804163657638] [05-export success      ] LabTime=     0(ms) ElapsedTime=  1125(ms) 
[2022-08-04 16:36:58.765][INFO ][20220804163657638] [rdid=20220804163657638] [06-process finish      ] LabTime=     2(ms) ElapsedTime=  1127(ms) 
[2022-08-04 16:42:50.278][INFO ][20220804164250276] [rdid=20220804164250276] [01-process start       ] LabTime=     1(ms) ElapsedTime=     1(ms) 
[2022-08-04 16:42:50.278][INFO ][20220804164250276] [rdid=20220804164250276] [02-export start        ] LabTime=     0(ms) ElapsedTime=     1(ms) 
[2022-08-04 16:42:50.417][INFO ][20220804164250276] [rdid=20220804164250276] [03-open file success   ] LabTime=   139(ms) ElapsedTime=   140(ms) 
[2022-08-04 16:42:51.411][INFO ][20220804164250276] [rdid=20220804164250276] [04-save file success   ] LabTime=   994(ms) ElapsedTime=  1134(ms) 
[2022-08-04 16:42:51.411][INFO ][20220804164250276] [rdid=20220804164250276] [05-export success      ] LabTime=     0(ms) ElapsedTime=  1134(ms) 
[2022-08-04 16:42:51.412][INFO ][20220804164250276] [rdid=20220804164250276] [06-process finish      ] LabTime=     1(ms) ElapsedTime=  1135(ms) 
[2022-08-04 16:43:09.484][INFO ][20220804164309483] [rdid=20220804164309483] [01-process start       ] LabTime=     0(ms) ElapsedTime=     0(ms) 
[2022-08-04 16:43:09.485][INFO ][20220804164309483] [rdid=20220804164309483] [02-export start        ] LabTime=     1(ms) ElapsedTime=     1(ms) 
[2022-08-04 16:43:09.637][INFO ][20220804164309483] [rdid=20220804164309483] [03-open file success   ] LabTime=   151(ms) ElapsedTime=   152(ms) 
[2022-08-04 16:43:10.630][INFO ][20220804164309483] [rdid=20220804164309483] [04-save file success   ] LabTime=   994(ms) ElapsedTime=  1146(ms) 
[2022-08-04 16:43:10.631][INFO ][20220804164309483] [rdid=20220804164309483] [05-export success      ] LabTime=     1(ms) ElapsedTime=  1147(ms) 
[2022-08-04 16:43:10.632][INFO ][20220804164309483] [rdid=20220804164309483] [06-process finish      ] LabTime=     1(ms) ElapsedTime=  1148(ms) 
[2022-08-04 16:43:14.487][INFO ][20220804164314486] [rdid=20220804164314486] [01-process start       ] LabTime=     1(ms) ElapsedTime=     1(ms) 
[2022-08-04 16:43:14.488][INFO ][20220804164314486] [rdid=20220804164314486] [02-export start        ] LabTime=     0(ms) ElapsedTime=     1(ms) 
[2022-08-04 16:43:14.631][INFO ][20220804164314486] [rdid=20220804164314486] [03-open file success   ] LabTime=   143(ms) ElapsedTime=   144(ms) 
[2022-08-04 16:43:15.678][INFO ][20220804164314486] [rdid=20220804164314486] [04-save file success   ] LabTime=  1047(ms) ElapsedTime=  1191(ms) 
[2022-08-04 16:43:15.679][INFO ][20220804164314486] [rdid=20220804164314486] [05-export success      ] LabTime=     1(ms) ElapsedTime=  1192(ms) 
[2022-08-04 16:43:15.680][INFO ][20220804164314486] [rdid=20220804164314486] [06-process finish      ] LabTime=     2(ms) ElapsedTime=  1194(ms) 
[2022-08-04 16:43:31.690][INFO ][20220804164331689] [rdid=20220804164331689] [01-process start       ] LabTime=     0(ms) ElapsedTime=     0(ms) 
[2022-08-04 16:43:31.691][INFO ][20220804164331689] [rdid=20220804164331689] [02-export start        ] LabTime=     1(ms) ElapsedTime=     1(ms) 
[2022-08-04 16:43:31.836][INFO ][20220804164331689] [rdid=20220804164331689] [03-open file success   ] LabTime=   144(ms) ElapsedTime=   145(ms) 
[2022-08-04 16:43:32.683][INFO ][20220804164331689] [rdid=20220804164331689] [04-save file success   ] LabTime=   848(ms) ElapsedTime=   993(ms) 
[2022-08-04 16:43:32.698][INFO ][20220804164331689] [rdid=20220804164331689] [05-export success      ] LabTime=    15(ms) ElapsedTime=  1008(ms) 
[2022-08-04 16:43:32.699][INFO ][20220804164331689] [rdid=20220804164331689] [06-process finish      ] LabTime=     1(ms) ElapsedTime=  1009(ms) 
[2022-08-04 16:44:32.517][INFO ][20220804164432516] [rdid=20220804164432516] [01-process start       ] LabTime=     0(ms) ElapsedTime=     0(ms) 
[2022-08-04 16:44:32.518][INFO ][20220804164432516] [rdid=20220804164432516] [02-export start        ] LabTime=     1(ms) ElapsedTime=     1(ms) 
[2022-08-04 16:44:32.670][INFO ][20220804164432516] [rdid=20220804164432516] [03-open file success   ] LabTime=   152(ms) ElapsedTime=   153(ms) 
[2022-08-04 16:44:33.927][INFO ][20220804164432516] [rdid=20220804164432516] [04-save file success   ] LabTime=  1256(ms) ElapsedTime=  1409(ms) 
[2022-08-04 16:44:33.950][INFO ][20220804164432516] [rdid=20220804164432516] [05-export success      ] LabTime=    24(ms) ElapsedTime=  1433(ms) 
[2022-08-04 16:44:33.951][INFO ][20220804164432516] [rdid=20220804164432516] [06-process finish      ] LabTime=     1(ms) ElapsedTime=  1434(ms) 
[2022-08-04 16:44:49.467][INFO ][20220804164449465] [rdid=20220804164449465] [01-process start       ] LabTime=     1(ms) ElapsedTime=     1(ms) 
[2022-08-04 16:44:49.467][INFO ][20220804164449465] [rdid=20220804164449465] [02-export start        ] LabTime=     0(ms) ElapsedTime=     1(ms) 
[2022-08-04 16:44:49.590][INFO ][20220804164449465] [rdid=20220804164449465] [03-open file success   ] LabTime=   123(ms) ElapsedTime=   124(ms) 
[2022-08-04 16:44:50.562][INFO ][20220804164449465] [rdid=20220804164449465] [04-save file success   ] LabTime=   971(ms) ElapsedTime=  1095(ms) 
[2022-08-04 16:44:50.562][INFO ][20220804164449465] [rdid=20220804164449465] [05-export success      ] LabTime=     1(ms) ElapsedTime=  1096(ms) 
[2022-08-04 16:44:50.563][INFO ][20220804164449465] [rdid=20220804164449465] [06-process finish      ] LabTime=     1(ms) ElapsedTime=  1097(ms) 
[2022-08-04 16:45:24.079][INFO ][20220804164524078] [rdid=20220804164524078] [01-process start       ] LabTime=     0(ms) ElapsedTime=     0(ms) 
[2022-08-04 16:45:24.080][INFO ][20220804164524078] [rdid=20220804164524078] [02-export start        ] LabTime=     1(ms) ElapsedTime=     1(ms) 
[2022-08-04 16:45:24.191][INFO ][20220804164524078] [rdid=20220804164524078] [03-open file success   ] LabTime=   111(ms) ElapsedTime=   112(ms) 
[2022-08-04 16:45:25.202][INFO ][20220804164524078] [rdid=20220804164524078] [04-save file success   ] LabTime=  1011(ms) ElapsedTime=  1123(ms) 
[2022-08-04 16:45:25.202][INFO ][20220804164524078] [rdid=20220804164524078] [05-export success      ] LabTime=     0(ms) ElapsedTime=  1123(ms) 
[2022-08-04 16:45:25.203][INFO ][20220804164524078] [rdid=20220804164524078] [06-process finish      ] LabTime=     1(ms) ElapsedTime=  1124(ms) 
[2022-08-04 16:45:45.652][INFO ][20220804164545651] [rdid=20220804164545651] [01-process start       ] LabTime=     1(ms) ElapsedTime=     1(ms) 
[2022-08-04 16:45:45.652][INFO ][20220804164545651] [rdid=20220804164545651] [02-export start        ] LabTime=     0(ms) ElapsedTime=     1(ms) 
[2022-08-04 16:45:45.775][INFO ][20220804164545651] [rdid=20220804164545651] [03-open file success   ] LabTime=   123(ms) ElapsedTime=   124(ms) 
[2022-08-04 16:45:46.958][INFO ][20220804164545651] [rdid=20220804164545651] [04-save file success   ] LabTime=  1183(ms) ElapsedTime=  1307(ms) 
[2022-08-04 16:45:46.981][INFO ][20220804164545651] [rdid=20220804164545651] [05-export success      ] LabTime=    23(ms) ElapsedTime=  1330(ms) 
[2022-08-04 16:45:46.981][INFO ][20220804164545651] [rdid=20220804164545651] [06-process finish      ] LabTime=     0(ms) ElapsedTime=  1330(ms) 
[2022-08-04 16:48:25.983][INFO ][20220804164825981] [rdid=20220804164825981] [01-process start       ] LabTime=     0(ms) ElapsedTime=     0(ms) 
[2022-08-04 16:48:25.986][INFO ][20220804164825981] [rdid=20220804164825981] [02-write mml start(J-M)] LabTime=     3(ms) ElapsedTime=     3(ms) 
[2022-08-04 16:48:26.264][INFO ][20220804164825981] [rdid=20220804164825981] [03-write mml success   ] LabTime=   278(ms) ElapsedTime=   281(ms) 
[2022-08-04 16:48:26.264][INFO ][20220804164825981] [rdid=20220804164825981] [04-process success     ] LabTime=     1(ms) ElapsedTime=   282(ms) 
[2022-08-04 17:19:43.463][INFO ][20220804171943435] [rdid=20220804171943435] [01-process start       ] LabTime=     1(ms) ElapsedTime=     1(ms) 
[2022-08-04 17:19:43.466][INFO ][20220804171943435] [rdid=20220804171943435] [02-write mml start(J-S)] LabTime=     3(ms) ElapsedTime=     4(ms) 
[2022-08-04 17:19:43.847][INFO ][20220804171943435] [rdid=20220804171943435] [03-write mml success   ] LabTime=   381(ms) ElapsedTime=   385(ms) 
[2022-08-04 17:19:43.847][INFO ][20220804171943435] [rdid=20220804171943435] [04-process success     ] LabTime=     0(ms) ElapsedTime=   385(ms) 
[2022-08-04 17:19:47.360][INFO ][20220804171947358] [rdid=20220804171947358] [01-process start       ] LabTime=     1(ms) ElapsedTime=     1(ms) 
[2022-08-04 17:19:47.360][INFO ][20220804171947358] [rdid=20220804171947358] [02-export start        ] LabTime=     0(ms) ElapsedTime=     1(ms) 
[2022-08-04 17:19:47.486][INFO ][20220804171947358] [rdid=20220804171947358] [03-open file success   ] LabTime=   126(ms) ElapsedTime=   127(ms) 
[2022-08-04 17:19:49.050][INFO ][20220804171947358] [rdid=20220804171947358] [04-save file success   ] LabTime=  1564(ms) ElapsedTime=  1691(ms) 
[2022-08-04 17:19:49.080][INFO ][20220804171947358] [rdid=20220804171947358] [05-export success      ] LabTime=    30(ms) ElapsedTime=  1721(ms) 
[2022-08-04 17:19:49.083][INFO ][20220804171947358] [rdid=20220804171947358] [06-process finish      ] LabTime=     3(ms) ElapsedTime=  1724(ms) 
[2022-08-04 17:20:00.465][INFO ][20220804172000463] [rdid=20220804172000463] [01-process start       ] LabTime=     1(ms) ElapsedTime=     1(ms) 
[2022-08-04 17:20:00.466][INFO ][20220804172000463] [rdid=20220804172000463] [02-export start        ] LabTime=     1(ms) ElapsedTime=     2(ms) 
[2022-08-04 17:20:00.593][INFO ][20220804172000463] [rdid=20220804172000463] [03-open file success   ] LabTime=   127(ms) ElapsedTime=   129(ms) 
[2022-08-04 17:20:06.956][INFO ][20220804172000463] [rdid=20220804172000463] [04-save file success   ] LabTime=  6362(ms) ElapsedTime=  6491(ms) 
[2022-08-04 17:20:06.974][INFO ][20220804172000463] [rdid=20220804172000463] [05-export success      ] LabTime=    19(ms) ElapsedTime=  6510(ms) 
[2022-08-04 17:20:06.974][INFO ][20220804172000463] [rdid=20220804172000463] [06-process finish      ] LabTime=     0(ms) ElapsedTime=  6510(ms) 
